[0.012s] Invoking command in '/root/nav2-ws/build/nav2_util': AMENT_PREFIX_PATH=/root/nav2-ws/install/nav2_msgs:/root/nav2-ws/install/nav2_common:${AMENT_PREFIX_PATH} CMAKE_PREFIX_PATH=/root/nav2-ws/install/nav2_msgs:/root/nav2-ws/install/nav2_common:/opt/ros/humble LD_LIBRARY_PATH=/root/nav2-ws/install/nav2_msgs/lib:${LD_LIBRARY_PATH} PYTHONPATH=/root/nav2-ws/install/nav2_msgs/local/lib/python3.10/dist-packages:/root/nav2-ws/install/nav2_common/local/lib/python3.10/dist-packages:${PYTHONPATH} /usr/bin/cmake /root/nav2-ws/src/navigation2/nav2_util -DAMENT_CMAKE_SYMLINK_INSTALL=1 -DCMAKE_INSTALL_PREFIX=/root/nav2-ws/install/nav2_util
[0.062s] -- The C compiler identification is GNU 11.4.0
[0.111s] -- The CXX compiler identification is GNU 11.4.0
[0.117s] -- Detecting C compiler ABI info
[0.175s] -- Detecting C compiler ABI info - done
[0.182s] -- Check for working C compiler: /usr/bin/cc - skipped
[0.183s] -- Detecting C compile features
[0.183s] -- Detecting C compile features - done
[0.186s] -- Detecting CXX compiler ABI info
[0.256s] -- Detecting CXX compiler ABI info - done
[0.264s] -- Check for working CXX compiler: /usr/bin/c++ - skipped
[0.264s] -- Detecting CXX compile features
[0.265s] -- Detecting CXX compile features - done
[0.268s] -- Found ament_cmake: 1.3.9 (/opt/ros/humble/share/ament_cmake/cmake)
[0.403s] -- Found Python3: /usr/bin/python3 (found version "3.10.12") found components: Interpreter 
[0.461s] -- Override CMake install command with custom implementation using symlinks instead of copying resources
[0.490s] -- Found nav2_common: 1.1.15 (/root/nav2-ws/install/nav2_common/share/nav2_common/cmake)
[0.491s] -- Found nav2_msgs: 1.1.15 (/root/nav2-ws/install/nav2_msgs/share/nav2_msgs/cmake)
[0.529s] -- Found rosidl_generator_c: 3.1.5 (/opt/ros/humble/share/rosidl_generator_c/cmake)
[0.536s] -- Found rosidl_adapter: 3.1.5 (/opt/ros/humble/share/rosidl_adapter/cmake)
[0.546s] -- Found rosidl_generator_cpp: 3.1.5 (/opt/ros/humble/share/rosidl_generator_cpp/cmake)
[0.559s] -- Using all available rosidl_typesupport_c: rosidl_typesupport_fastrtps_c;rosidl_typesupport_introspection_c
[0.578s] -- Using all available rosidl_typesupport_cpp: rosidl_typesupport_fastrtps_cpp;rosidl_typesupport_introspection_cpp
[1.014s] -- Found tf2_ros: 0.25.7 (/opt/ros/humble/share/tf2_ros/cmake)
[1.136s] -- Found rmw_implementation_cmake: 6.1.2 (/opt/ros/humble/share/rmw_implementation_cmake/cmake)
[1.140s] -- Found rmw_fastrtps_cpp: 6.2.6 (/opt/ros/humble/share/rmw_fastrtps_cpp/cmake)
[1.228s] -- Found OpenSSL: /usr/lib/x86_64-linux-gnu/libcrypto.so (found version "3.0.2")  
[1.256s] -- Found FastRTPS: /opt/ros/humble/include  
[1.309s] -- Using RMW implementation 'rmw_fastrtps_cpp' as default
[1.320s] -- Looking for pthread.h
[1.379s] -- Looking for pthread.h - found
[1.379s] -- Performing Test CMAKE_HAVE_LIBC_PTHREAD
[1.441s] -- Performing Test CMAKE_HAVE_LIBC_PTHREAD - Success
[1.443s] -- Found Threads: TRUE  
[1.766s] -- Found tf2_geometry_msgs: 0.25.7 (/opt/ros/humble/share/tf2_geometry_msgs/cmake)
[1.785s] -- Found eigen3_cmake_module: 0.1.1 (/opt/ros/humble/share/eigen3_cmake_module/cmake)
[1.786s] -- Found Eigen3: TRUE (found version "3.4.0") 
[1.786s] -- Ensuring Eigen3 include directory is part of orocos-kdl CMake target
[1.798s] -- Found lifecycle_msgs: 1.2.1 (/opt/ros/humble/share/lifecycle_msgs/cmake)
[1.818s] -- Found rclcpp_lifecycle: 16.0.9 (/opt/ros/humble/share/rclcpp_lifecycle/cmake)
[1.840s] -- Found bondcpp: 3.0.2 (/opt/ros/humble/share/bondcpp/cmake)
[1.909s] -- Setting build type to Release as none was specified.
[1.948s] -- Found Boost: /usr/lib/x86_64-linux-gnu/cmake/Boost-1.74.0/BoostConfig.cmake (found version "1.74.0") found components: program_options 
[1.951s] -- Found ament_lint_auto: 0.12.11 (/opt/ros/humble/share/ament_lint_auto/cmake)
[1.954s] -- Found ament_cmake_pytest: 1.3.9 (/opt/ros/humble/share/ament_cmake_pytest/cmake)
[1.956s] -- Found launch_testing_ament_cmake: 1.0.6 (/opt/ros/humble/share/launch_testing_ament_cmake/cmake)
[1.958s] -- Found python_cmake_module: 0.10.0 (/opt/ros/humble/share/python_cmake_module/cmake)
[1.977s] -- Found PythonInterp: /usr/bin/python3 (found suitable version "3.10.12", minimum required is "3.6") 
[1.980s] -- Found PythonLibs: /usr/lib/x86_64-linux-gnu/libpython3.10.so (found suitable version "3.10.12", minimum required is "3.5") 
[1.981s] -- Using PYTHON_EXECUTABLE: /usr/bin/python3
[1.981s] -- Using PYTHON_INCLUDE_DIRS: /usr/include/python3.10
[1.981s] -- Using PYTHON_LIBRARIES: /usr/lib/x86_64-linux-gnu/libpython3.10.so
[1.999s] -- Found PythonExtra: .so  
[2.186s] -- Found gtest sources under '/opt/ros/humble/src/gtest_vendor': C++ tests using 'Google Test' will be built
[2.214s] -- Added test 'copyright' to check source files copyright and LICENSE
[2.216s] -- Added test 'cppcheck' to perform static code analysis on C / C++ code
[2.216s] -- Configured cppcheck include dirs: /root/nav2-ws/src/navigation2/nav2_util/include
[2.216s] -- Configured cppcheck exclude dirs and/or files: 
[2.218s] -- Added test 'cpplint' to check C / C++ code against the Google style
[2.218s] -- Configured cpplint exclude dirs and/or files: 
[2.219s] -- Added test 'lint_cmake' to check CMake code style
[2.220s] -- Added test 'uncrustify' to check C / C++ code style
[2.220s] -- Configured uncrustify additional arguments: 
[2.221s] -- Added test 'xmllint' to check XML markup files
[2.224s] -- Configuring done
[2.355s] -- Generating done
[2.358s] -- Build files have been written to: /root/nav2-ws/build/nav2_util
[2.371s] Invoked command in '/root/nav2-ws/build/nav2_util' returned '0': AMENT_PREFIX_PATH=/root/nav2-ws/install/nav2_msgs:/root/nav2-ws/install/nav2_common:${AMENT_PREFIX_PATH} CMAKE_PREFIX_PATH=/root/nav2-ws/install/nav2_msgs:/root/nav2-ws/install/nav2_common:/opt/ros/humble LD_LIBRARY_PATH=/root/nav2-ws/install/nav2_msgs/lib:${LD_LIBRARY_PATH} PYTHONPATH=/root/nav2-ws/install/nav2_msgs/local/lib/python3.10/dist-packages:/root/nav2-ws/install/nav2_common/local/lib/python3.10/dist-packages:${PYTHONPATH} /usr/bin/cmake /root/nav2-ws/src/navigation2/nav2_util -DAMENT_CMAKE_SYMLINK_INSTALL=1 -DCMAKE_INSTALL_PREFIX=/root/nav2-ws/install/nav2_util
[2.373s] Invoking command in '/root/nav2-ws/build/nav2_util': AMENT_PREFIX_PATH=/root/nav2-ws/install/nav2_msgs:/root/nav2-ws/install/nav2_common:${AMENT_PREFIX_PATH} CMAKE_PREFIX_PATH=/root/nav2-ws/install/nav2_msgs:/root/nav2-ws/install/nav2_common:/opt/ros/humble LD_LIBRARY_PATH=/root/nav2-ws/install/nav2_msgs/lib:${LD_LIBRARY_PATH} PYTHONPATH=/root/nav2-ws/install/nav2_msgs/local/lib/python3.10/dist-packages:/root/nav2-ws/install/nav2_common/local/lib/python3.10/dist-packages:${PYTHONPATH} /usr/bin/cmake --build /root/nav2-ws/build/nav2_util -- -j8 -l8
[2.423s] [  5%] [32mBuilding CXX object src/CMakeFiles/nav2_util_core.dir/costmap.cpp.o[0m
[2.423s] [ 15%] [32mBuilding CXX object src/CMakeFiles/nav2_util_core.dir/lifecycle_service_client.cpp.o[0m
[2.424s] [ 15%] [32mBuilding CXX object src/CMakeFiles/nav2_util_core.dir/lifecycle_utils.cpp.o[0m
[2.424s] [ 17%] [32mBuilding CXX object src/CMakeFiles/nav2_util_core.dir/string_utils.cpp.o[0m
[2.425s] [ 17%] [32mBuilding CXX object src/CMakeFiles/nav2_util_core.dir/node_utils.cpp.o[0m
[2.425s] [ 17%] [32mBuilding CXX object gtest/CMakeFiles/gtest_main.dir/src/gtest_main.cc.o[0m
[2.425s] [ 17%] [32mBuilding CXX object gtest/CMakeFiles/gtest.dir/src/gtest-all.cc.o[0m
[2.430s] [ 20%] [32mBuilding CXX object src/CMakeFiles/nav2_util_core.dir/lifecycle_node.cpp.o[0m
[3.038s] [ 22%] [32mBuilding CXX object src/CMakeFiles/nav2_util_core.dir/robot_utils.cpp.o[0m
[3.998s] [ 25%] [32m[1mLinking CXX static library libgtest_main.a[0m
[4.052s] [ 25%] Built target gtest_main
[4.070s] [ 27%] [32mBuilding CXX object src/CMakeFiles/nav2_util_core.dir/node_thread.cpp.o[0m
[7.812s] [ 30%] [32mBuilding CXX object src/CMakeFiles/nav2_util_core.dir/odometry_utils.cpp.o[0m
[12.630s] [ 32%] [32m[1mLinking CXX static library libgtest.a[0m
[12.666s] [ 32%] Built target gtest
[12.686s] [ 35%] [32mBuilding CXX object test/CMakeFiles/test_execution_timer.dir/test_execution_timer.cpp.o[0m
[13.894s] [ 37%] [32m[1mLinking CXX executable test_execution_timer[0m
[13.980s] [ 37%] Built target test_execution_timer
[18.171s] [ 40%] [32m[1mLinking CXX shared library libnav2_util_core.so[0m
[18.358s] [ 40%] Built target nav2_util_core
[18.386s] [ 60%] [32mBuilding CXX object test/CMakeFiles/test_lifecycle_node.dir/test_lifecycle_node.cpp.o[0m
[18.386s] [ 60%] [32mBuilding CXX object test/CMakeFiles/test_service_client.dir/test_service_client.cpp.o[0m
[18.386s] [ 60%] [32mBuilding CXX object test/CMakeFiles/test_lifecycle_utils.dir/test_lifecycle_utils.cpp.o[0m
[18.386s] [ 60%] [32mBuilding CXX object test/CMakeFiles/test_actions.dir/test_actions.cpp.o[0m
[18.386s] [ 60%] [32mBuilding CXX object test/CMakeFiles/test_node_utils.dir/test_node_utils.cpp.o[0m
[18.387s] [ 60%] [32mBuilding CXX object test/CMakeFiles/test_lifecycle_cli_node.dir/test_lifecycle_cli_node.cpp.o[0m
[18.387s] [ 60%] [32mBuilding CXX object src/CMakeFiles/lifecycle_bringup.dir/lifecycle_bringup_commandline.cpp.o[0m
[18.388s] [ 60%] [32mBuilding CXX object test/CMakeFiles/test_string_utils.dir/test_string_utils.cpp.o[0m
[21.057s] [ 62%] [32m[1mLinking CXX executable test_string_utils[0m
[21.510s] [ 62%] Built target test_string_utils
[21.541s] [ 65%] [32mBuilding CXX object test/CMakeFiles/test_geometry_utils.dir/test_geometry_utils.cpp.o[0m
[23.953s] [ 67%] [32m[1mLinking CXX executable lifecycle_bringup[0m
[24.266s] [ 67%] Built target lifecycle_bringup
[24.312s] [ 70%] [32mBuilding CXX object test/CMakeFiles/test_odometry_utils.dir/test_odometry_utils.cpp.o[0m
[25.891s] [ 72%] [32m[1mLinking CXX executable test_lifecycle_utils[0m
[26.267s] [ 75%] [32m[1mLinking CXX executable test_lifecycle_cli_node[0m
[26.274s] [ 75%] Built target test_lifecycle_utils
[26.309s] [ 77%] [32mBuilding CXX object test/CMakeFiles/test_robot_utils.dir/test_robot_utils.cpp.o[0m
[26.548s] [ 80%] [32m[1mLinking CXX executable test_lifecycle_node[0m
[26.767s] [ 80%] Built target test_lifecycle_cli_node
[26.801s] [ 82%] [32mBuilding CXX object test/CMakeFiles/test_validation_messages.dir/test_validation_messages.cpp.o[0m
[27.024s] [ 82%] Built target test_lifecycle_node
[27.426s] [ 85%] [32m[1mLinking CXX executable test_node_utils[0m
[27.769s] [ 85%] Built target test_node_utils
[28.171s] [ 87%] [32m[1mLinking CXX executable test_geometry_utils[0m
[28.547s] [ 87%] Built target test_geometry_utils
[29.532s] [ 90%] [32m[1mLinking CXX executable test_validation_messages[0m
[29.852s] [ 90%] Built target test_validation_messages
[31.963s] [ 92%] [32m[1mLinking CXX executable test_robot_utils[0m
[32.179s] [ 92%] Built target test_robot_utils
[33.149s] [ 95%] [32m[1mLinking CXX executable test_odometry_utils[0m
[33.359s] [ 95%] Built target test_odometry_utils
[36.547s] [ 97%] [32m[1mLinking CXX executable test_service_client[0m
[36.751s] [ 97%] Built target test_service_client
[40.068s] [100%] [32m[1mLinking CXX executable test_actions[0m
[40.326s] [100%] Built target test_actions
[40.336s] Invoked command in '/root/nav2-ws/build/nav2_util' returned '0': AMENT_PREFIX_PATH=/root/nav2-ws/install/nav2_msgs:/root/nav2-ws/install/nav2_common:${AMENT_PREFIX_PATH} CMAKE_PREFIX_PATH=/root/nav2-ws/install/nav2_msgs:/root/nav2-ws/install/nav2_common:/opt/ros/humble LD_LIBRARY_PATH=/root/nav2-ws/install/nav2_msgs/lib:${LD_LIBRARY_PATH} PYTHONPATH=/root/nav2-ws/install/nav2_msgs/local/lib/python3.10/dist-packages:/root/nav2-ws/install/nav2_common/local/lib/python3.10/dist-packages:${PYTHONPATH} /usr/bin/cmake --build /root/nav2-ws/build/nav2_util -- -j8 -l8
[40.363s] Invoking command in '/root/nav2-ws/build/nav2_util': AMENT_PREFIX_PATH=/root/nav2-ws/install/nav2_msgs:/root/nav2-ws/install/nav2_common:${AMENT_PREFIX_PATH} CMAKE_PREFIX_PATH=/root/nav2-ws/install/nav2_msgs:/root/nav2-ws/install/nav2_common:/opt/ros/humble LD_LIBRARY_PATH=/root/nav2-ws/install/nav2_msgs/lib:${LD_LIBRARY_PATH} PYTHONPATH=/root/nav2-ws/install/nav2_msgs/local/lib/python3.10/dist-packages:/root/nav2-ws/install/nav2_common/local/lib/python3.10/dist-packages:${PYTHONPATH} /usr/bin/cmake --install /root/nav2-ws/build/nav2_util
[40.369s] -- Install configuration: "Release"
[40.370s] -- Execute custom install script
[40.370s] -- Symlinking: /root/nav2-ws/install/nav2_util/lib/libnav2_util_core.so
[40.379s] -- Symlinking: /root/nav2-ws/install/nav2_util/lib/nav2_util/lifecycle_bringup
[40.387s] -- Symlinking: /root/nav2-ws/install/nav2_util/include//nav2_util/clear_entirely_costmap_service_client.hpp
[40.394s] -- Symlinking: /root/nav2-ws/install/nav2_util/include//nav2_util/costmap.hpp
[40.401s] -- Symlinking: /root/nav2-ws/install/nav2_util/include//nav2_util/execution_timer.hpp
[40.408s] -- Symlinking: /root/nav2-ws/install/nav2_util/include//nav2_util/geometry_utils.hpp
[40.415s] -- Symlinking: /root/nav2-ws/install/nav2_util/include//nav2_util/lifecycle_node.hpp
[40.422s] -- Symlinking: /root/nav2-ws/install/nav2_util/include//nav2_util/lifecycle_service_client.hpp
[40.429s] -- Symlinking: /root/nav2-ws/install/nav2_util/include//nav2_util/lifecycle_utils.hpp
[40.437s] -- Symlinking: /root/nav2-ws/install/nav2_util/include//nav2_util/line_iterator.hpp
[40.444s] -- Symlinking: /root/nav2-ws/install/nav2_util/include//nav2_util/node_thread.hpp
[40.451s] -- Symlinking: /root/nav2-ws/install/nav2_util/include//nav2_util/node_utils.hpp
[40.458s] -- Symlinking: /root/nav2-ws/install/nav2_util/include//nav2_util/occ_grid_values.hpp
[40.465s] -- Symlinking: /root/nav2-ws/install/nav2_util/include//nav2_util/odometry_utils.hpp
[40.472s] -- Symlinking: /root/nav2-ws/install/nav2_util/include//nav2_util/robot_utils.hpp
[40.479s] -- Symlinking: /root/nav2-ws/install/nav2_util/include//nav2_util/service_client.hpp
[40.487s] -- Symlinking: /root/nav2-ws/install/nav2_util/include//nav2_util/simple_action_server.hpp
[40.494s] -- Symlinking: /root/nav2-ws/install/nav2_util/include//nav2_util/string_utils.hpp
[40.501s] -- Symlinking: /root/nav2-ws/install/nav2_util/include//nav2_util/validate_messages.hpp
[40.509s] -- Symlinking: /root/nav2-ws/install/nav2_util/share/nav2_util/environment/library_path.sh
[40.516s] -- Symlinking: /root/nav2-ws/install/nav2_util/share/nav2_util/environment/library_path.dsv
[40.524s] -- Symlinking: /root/nav2-ws/install/nav2_util/share/ament_index/resource_index/package_run_dependencies/nav2_util
[40.531s] -- Symlinking: /root/nav2-ws/install/nav2_util/share/ament_index/resource_index/parent_prefix_path/nav2_util
[40.538s] -- Symlinking: /root/nav2-ws/install/nav2_util/share/nav2_util/environment/ament_prefix_path.sh
[40.545s] -- Symlinking: /root/nav2-ws/install/nav2_util/share/nav2_util/environment/ament_prefix_path.dsv
[40.552s] -- Symlinking: /root/nav2-ws/install/nav2_util/share/nav2_util/environment/path.sh
[40.560s] -- Symlinking: /root/nav2-ws/install/nav2_util/share/nav2_util/environment/path.dsv
[40.567s] -- Symlinking: /root/nav2-ws/install/nav2_util/share/nav2_util/local_setup.bash
[40.574s] -- Symlinking: /root/nav2-ws/install/nav2_util/share/nav2_util/local_setup.sh
[40.581s] -- Symlinking: /root/nav2-ws/install/nav2_util/share/nav2_util/local_setup.zsh
[40.588s] -- Symlinking: /root/nav2-ws/install/nav2_util/share/nav2_util/local_setup.dsv
[40.596s] -- Symlinking: /root/nav2-ws/install/nav2_util/share/nav2_util/package.dsv
[40.603s] -- Symlinking: /root/nav2-ws/install/nav2_util/share/ament_index/resource_index/packages/nav2_util
[40.610s] -- Symlinking: /root/nav2-ws/install/nav2_util/share/nav2_util/cmake/ament_cmake_export_include_directories-extras.cmake
[40.617s] -- Symlinking: /root/nav2-ws/install/nav2_util/share/nav2_util/cmake/ament_cmake_export_libraries-extras.cmake
[40.624s] -- Symlinking: /root/nav2-ws/install/nav2_util/share/nav2_util/cmake/ament_cmake_export_dependencies-extras.cmake
[40.631s] -- Symlinking: /root/nav2-ws/install/nav2_util/share/nav2_util/cmake/nav2_utilConfig.cmake
[40.638s] -- Symlinking: /root/nav2-ws/install/nav2_util/share/nav2_util/cmake/nav2_utilConfig-version.cmake
[40.645s] -- Symlinking: /root/nav2-ws/install/nav2_util/share/nav2_util/package.xml
[40.655s] Invoked command in '/root/nav2-ws/build/nav2_util' returned '0': AMENT_PREFIX_PATH=/root/nav2-ws/install/nav2_msgs:/root/nav2-ws/install/nav2_common:${AMENT_PREFIX_PATH} CMAKE_PREFIX_PATH=/root/nav2-ws/install/nav2_msgs:/root/nav2-ws/install/nav2_common:/opt/ros/humble LD_LIBRARY_PATH=/root/nav2-ws/install/nav2_msgs/lib:${LD_LIBRARY_PATH} PYTHONPATH=/root/nav2-ws/install/nav2_msgs/local/lib/python3.10/dist-packages:/root/nav2-ws/install/nav2_common/local/lib/python3.10/dist-packages:${PYTHONPATH} /usr/bin/cmake --install /root/nav2-ws/build/nav2_util
