[0.349s] Invoking command in '/root/nav2-ws/build/nav2_constrained_smoother': AMENT_PREFIX_PATH=/root/nav2-ws/install/nav2_core:/root/nav2-ws/install/nav2_costmap_2d:/root/nav2-ws/install/nav2_map_server:/root/nav2-ws/install/nav2_lifecycle_manager:/root/nav2-ws/install/nav2_util:/root/nav2-ws/install/nav2_voxel_grid:/root/nav2-ws/install/nav2_msgs:/root/nav2-ws/install/nav2_common:${AMENT_PREFIX_PATH} CMAKE_PREFIX_PATH=/root/nav2-ws/install/nav2_core:/root/nav2-ws/install/nav2_costmap_2d:/root/nav2-ws/install/nav2_map_server:/root/nav2-ws/install/nav2_lifecycle_manager:/root/nav2-ws/install/nav2_util:/root/nav2-ws/install/nav2_voxel_grid:/root/nav2-ws/install/nav2_msgs:/root/nav2-ws/install/nav2_common:/opt/ros/humble LD_LIBRARY_PATH=/root/nav2-ws/install/nav2_costmap_2d/lib:/root/nav2-ws/install/nav2_map_server/lib:/root/nav2-ws/install/nav2_lifecycle_manager/lib:/root/nav2-ws/install/nav2_util/lib:/root/nav2-ws/install/nav2_voxel_grid/lib:/root/nav2-ws/install/nav2_msgs/lib:${LD_LIBRARY_PATH} PYTHONPATH=/root/nav2-ws/install/nav2_msgs/local/lib/python3.10/dist-packages:/root/nav2-ws/install/nav2_common/local/lib/python3.10/dist-packages:${PYTHONPATH} /usr/bin/cmake /root/nav2-ws/src/navigation2/nav2_constrained_smoother -DAMENT_CMAKE_SYMLINK_INSTALL=1 -DCMAKE_INSTALL_PREFIX=/root/nav2-ws/install/nav2_constrained_smoother
[0.658s] -- The C compiler identification is GNU 11.4.0
[0.912s] -- The CXX compiler identification is GNU 11.4.0
[0.937s] -- Detecting C compiler ABI info
[1.308s] -- Detecting C compiler ABI info - done
[1.320s] -- Check for working C compiler: /usr/bin/cc - skipped
[1.324s] -- Detecting C compile features
[1.324s] -- Detecting C compile features - done
[1.330s] -- Detecting CXX compiler ABI info
[1.748s] -- Detecting CXX compiler ABI info - done
[1.760s] -- Check for working CXX compiler: /usr/bin/c++ - skipped
[1.761s] -- Detecting CXX compile features
[1.762s] -- Detecting CXX compile features - done
[1.767s] -- Found ament_cmake: 1.3.9 (/opt/ros/humble/share/ament_cmake/cmake)
[2.212s] -- Found Python3: /usr/bin/python3 (found version "3.10.12") found components: Interpreter 
[2.468s] -- Override CMake install command with custom implementation using symlinks instead of copying resources
[2.618s] -- Found nav2_core: 1.1.15 (/root/nav2-ws/install/nav2_core/share/nav2_core/cmake)
[2.889s] -- Found rosidl_generator_c: 3.1.5 (/opt/ros/humble/share/rosidl_generator_c/cmake)
[2.926s] -- Found rosidl_adapter: 3.1.5 (/opt/ros/humble/share/rosidl_adapter/cmake)
[2.971s] -- Found rosidl_generator_cpp: 3.1.5 (/opt/ros/humble/share/rosidl_generator_cpp/cmake)
[3.055s] -- Using all available rosidl_typesupport_c: rosidl_typesupport_fastrtps_c;rosidl_typesupport_introspection_c
[3.155s] -- Using all available rosidl_typesupport_cpp: rosidl_typesupport_fastrtps_cpp;rosidl_typesupport_introspection_cpp
[3.411s] -- Found rmw_implementation_cmake: 6.1.2 (/opt/ros/humble/share/rmw_implementation_cmake/cmake)
[3.429s] -- Found rmw_fastrtps_cpp: 6.2.6 (/opt/ros/humble/share/rmw_fastrtps_cpp/cmake)
[3.969s] -- Found OpenSSL: /usr/lib/x86_64-linux-gnu/libcrypto.so (found version "3.0.2")  
[4.088s] -- Found FastRTPS: /opt/ros/humble/include  
[4.285s] -- Using RMW implementation 'rmw_fastrtps_cpp' as default
[4.332s] -- Looking for pthread.h
[4.684s] -- Looking for pthread.h - found
[4.684s] -- Performing Test CMAKE_HAVE_LIBC_PTHREAD
[4.878s] -- Performing Test CMAKE_HAVE_LIBC_PTHREAD - Success
[4.879s] -- Found Threads: TRUE  
[8.362s] -- Found Eigen3: TRUE (found version "3.4.0") 
[8.364s] -- Ensuring Eigen3 include directory is part of orocos-kdl CMake target
[11.893s] -- Found nav2_common: 1.1.15 (/root/nav2-ws/install/nav2_common/share/nav2_common/cmake)
[11.904s] -- Found required Ceres dependency: Eigen version 3.4.0 in /usr/include/eigen3
[11.917s] -- Found required Ceres dependency: glog
[11.919s] -- Found required Ceres dependency: gflags
[11.922s] -- Found Ceres version: 2.0.0 installed in: /usr with components: [EigenSparse, SparseLinearAlgebraLibrary, LAPACK, SuiteSparse, CXSparse, SchurSpecializations, Multithreading]
[15.947s] -- Found ament_lint_auto: 0.12.11 (/opt/ros/humble/share/ament_lint_auto/cmake)
[16.134s] -- Found gtest sources under '/opt/ros/humble/src/gtest_vendor': C++ tests using 'Google Test' will be built
[23.818s] -- Added test 'cppcheck' to perform static code analysis on C / C++ code
[23.820s] -- Configured cppcheck include dirs: /root/nav2-ws/src/navigation2/nav2_constrained_smoother/include
[23.820s] -- Configured cppcheck exclude dirs and/or files: 
[23.824s] -- Added test 'cpplint' to check C / C++ code against the Google style
[23.825s] -- Configured cpplint exclude dirs and/or files: 
[23.828s] -- Added test 'lint_cmake' to check CMake code style
[23.832s] -- Added test 'uncrustify' to check C / C++ code style
[23.832s] -- Configured uncrustify additional arguments: 
[23.836s] -- Added test 'xmllint' to check XML markup files
[23.870s] -- Configuring done
[24.251s] -- Generating done
[24.291s] -- Build files have been written to: /root/nav2-ws/build/nav2_constrained_smoother
[24.324s] Invoked command in '/root/nav2-ws/build/nav2_constrained_smoother' returned '0': AMENT_PREFIX_PATH=/root/nav2-ws/install/nav2_core:/root/nav2-ws/install/nav2_costmap_2d:/root/nav2-ws/install/nav2_map_server:/root/nav2-ws/install/nav2_lifecycle_manager:/root/nav2-ws/install/nav2_util:/root/nav2-ws/install/nav2_voxel_grid:/root/nav2-ws/install/nav2_msgs:/root/nav2-ws/install/nav2_common:${AMENT_PREFIX_PATH} CMAKE_PREFIX_PATH=/root/nav2-ws/install/nav2_core:/root/nav2-ws/install/nav2_costmap_2d:/root/nav2-ws/install/nav2_map_server:/root/nav2-ws/install/nav2_lifecycle_manager:/root/nav2-ws/install/nav2_util:/root/nav2-ws/install/nav2_voxel_grid:/root/nav2-ws/install/nav2_msgs:/root/nav2-ws/install/nav2_common:/opt/ros/humble LD_LIBRARY_PATH=/root/nav2-ws/install/nav2_costmap_2d/lib:/root/nav2-ws/install/nav2_map_server/lib:/root/nav2-ws/install/nav2_lifecycle_manager/lib:/root/nav2-ws/install/nav2_util/lib:/root/nav2-ws/install/nav2_voxel_grid/lib:/root/nav2-ws/install/nav2_msgs/lib:${LD_LIBRARY_PATH} PYTHONPATH=/root/nav2-ws/install/nav2_msgs/local/lib/python3.10/dist-packages:/root/nav2-ws/install/nav2_common/local/lib/python3.10/dist-packages:${PYTHONPATH} /usr/bin/cmake /root/nav2-ws/src/navigation2/nav2_constrained_smoother -DAMENT_CMAKE_SYMLINK_INSTALL=1 -DCMAKE_INSTALL_PREFIX=/root/nav2-ws/install/nav2_constrained_smoother
[24.325s] Invoking command in '/root/nav2-ws/build/nav2_constrained_smoother': AMENT_PREFIX_PATH=/root/nav2-ws/install/nav2_core:/root/nav2-ws/install/nav2_costmap_2d:/root/nav2-ws/install/nav2_map_server:/root/nav2-ws/install/nav2_lifecycle_manager:/root/nav2-ws/install/nav2_util:/root/nav2-ws/install/nav2_voxel_grid:/root/nav2-ws/install/nav2_msgs:/root/nav2-ws/install/nav2_common:${AMENT_PREFIX_PATH} CMAKE_PREFIX_PATH=/root/nav2-ws/install/nav2_core:/root/nav2-ws/install/nav2_costmap_2d:/root/nav2-ws/install/nav2_map_server:/root/nav2-ws/install/nav2_lifecycle_manager:/root/nav2-ws/install/nav2_util:/root/nav2-ws/install/nav2_voxel_grid:/root/nav2-ws/install/nav2_msgs:/root/nav2-ws/install/nav2_common:/opt/ros/humble LD_LIBRARY_PATH=/root/nav2-ws/install/nav2_costmap_2d/lib:/root/nav2-ws/install/nav2_map_server/lib:/root/nav2-ws/install/nav2_lifecycle_manager/lib:/root/nav2-ws/install/nav2_util/lib:/root/nav2-ws/install/nav2_voxel_grid/lib:/root/nav2-ws/install/nav2_msgs/lib:${LD_LIBRARY_PATH} PYTHONPATH=/root/nav2-ws/install/nav2_msgs/local/lib/python3.10/dist-packages:/root/nav2-ws/install/nav2_common/local/lib/python3.10/dist-packages:${PYTHONPATH} /usr/bin/cmake --build /root/nav2-ws/build/nav2_constrained_smoother -- -j8 -l8
[64.483s] [ 10%] [32mBuilding CXX object CMakeFiles/nav2_constrained_smoother.dir/src/constrained_smoother.cpp.o[0m
[64.483s] [ 20%] [32m[1mLinking CXX shared library libnav2_constrained_smoother.so[0m
[64.483s] [ 20%] Built target nav2_constrained_smoother
[64.484s] [ 30%] [32mBuilding CXX object gtest/CMakeFiles/gtest.dir/src/gtest-all.cc.o[0m
[64.484s] [ 40%] [32m[1mLinking CXX static library libgtest.a[0m
[64.484s] [ 40%] Built target gtest
[64.484s] [ 50%] [32mBuilding CXX object gtest/CMakeFiles/gtest_main.dir/src/gtest_main.cc.o[0m
[64.484s] [ 60%] [32m[1mLinking CXX static library libgtest_main.a[0m
[64.484s] [ 60%] Built target gtest_main
[64.484s] [ 70%] [32mBuilding CXX object test/CMakeFiles/test_constrained_smoother.dir/test_constrained_smoother.cpp.o[0m
[84.569s] [ 80%] [32m[1mLinking CXX executable test_constrained_smoother[0m
[85.575s] [ 80%] Built target test_constrained_smoother
[85.608s] [ 90%] [32mBuilding CXX object test/CMakeFiles/test_smoother_cost_function.dir/test_smoother_cost_function.cpp.o[0m
[97.911s] [100%] [32m[1mLinking CXX executable test_smoother_cost_function[0m
[98.822s] [100%] Built target test_smoother_cost_function
[98.937s] Invoked command in '/root/nav2-ws/build/nav2_constrained_smoother' returned '0': AMENT_PREFIX_PATH=/root/nav2-ws/install/nav2_core:/root/nav2-ws/install/nav2_costmap_2d:/root/nav2-ws/install/nav2_map_server:/root/nav2-ws/install/nav2_lifecycle_manager:/root/nav2-ws/install/nav2_util:/root/nav2-ws/install/nav2_voxel_grid:/root/nav2-ws/install/nav2_msgs:/root/nav2-ws/install/nav2_common:${AMENT_PREFIX_PATH} CMAKE_PREFIX_PATH=/root/nav2-ws/install/nav2_core:/root/nav2-ws/install/nav2_costmap_2d:/root/nav2-ws/install/nav2_map_server:/root/nav2-ws/install/nav2_lifecycle_manager:/root/nav2-ws/install/nav2_util:/root/nav2-ws/install/nav2_voxel_grid:/root/nav2-ws/install/nav2_msgs:/root/nav2-ws/install/nav2_common:/opt/ros/humble LD_LIBRARY_PATH=/root/nav2-ws/install/nav2_costmap_2d/lib:/root/nav2-ws/install/nav2_map_server/lib:/root/nav2-ws/install/nav2_lifecycle_manager/lib:/root/nav2-ws/install/nav2_util/lib:/root/nav2-ws/install/nav2_voxel_grid/lib:/root/nav2-ws/install/nav2_msgs/lib:${LD_LIBRARY_PATH} PYTHONPATH=/root/nav2-ws/install/nav2_msgs/local/lib/python3.10/dist-packages:/root/nav2-ws/install/nav2_common/local/lib/python3.10/dist-packages:${PYTHONPATH} /usr/bin/cmake --build /root/nav2-ws/build/nav2_constrained_smoother -- -j8 -l8
[98.977s] Invoking command in '/root/nav2-ws/build/nav2_constrained_smoother': AMENT_PREFIX_PATH=/root/nav2-ws/install/nav2_core:/root/nav2-ws/install/nav2_costmap_2d:/root/nav2-ws/install/nav2_map_server:/root/nav2-ws/install/nav2_lifecycle_manager:/root/nav2-ws/install/nav2_util:/root/nav2-ws/install/nav2_voxel_grid:/root/nav2-ws/install/nav2_msgs:/root/nav2-ws/install/nav2_common:${AMENT_PREFIX_PATH} CMAKE_PREFIX_PATH=/root/nav2-ws/install/nav2_core:/root/nav2-ws/install/nav2_costmap_2d:/root/nav2-ws/install/nav2_map_server:/root/nav2-ws/install/nav2_lifecycle_manager:/root/nav2-ws/install/nav2_util:/root/nav2-ws/install/nav2_voxel_grid:/root/nav2-ws/install/nav2_msgs:/root/nav2-ws/install/nav2_common:/opt/ros/humble LD_LIBRARY_PATH=/root/nav2-ws/install/nav2_costmap_2d/lib:/root/nav2-ws/install/nav2_map_server/lib:/root/nav2-ws/install/nav2_lifecycle_manager/lib:/root/nav2-ws/install/nav2_util/lib:/root/nav2-ws/install/nav2_voxel_grid/lib:/root/nav2-ws/install/nav2_msgs/lib:${LD_LIBRARY_PATH} PYTHONPATH=/root/nav2-ws/install/nav2_msgs/local/lib/python3.10/dist-packages:/root/nav2-ws/install/nav2_common/local/lib/python3.10/dist-packages:${PYTHONPATH} /usr/bin/cmake --install /root/nav2-ws/build/nav2_constrained_smoother
[107.893s] -- Install configuration: "Release"
[107.898s] -- Execute custom install script
[107.900s] -- Symlinking: /root/nav2-ws/install/nav2_constrained_smoother/lib/libnav2_constrained_smoother.so
[107.901s] -- Symlinking: /root/nav2-ws/install/nav2_constrained_smoother/include//nav2_constrained_smoother/constrained_smoother.hpp
[107.903s] -- Symlinking: /root/nav2-ws/install/nav2_constrained_smoother/include//nav2_constrained_smoother/options.hpp
[107.905s] -- Symlinking: /root/nav2-ws/install/nav2_constrained_smoother/include//nav2_constrained_smoother/smoother.hpp
[107.906s] -- Symlinking: /root/nav2-ws/install/nav2_constrained_smoother/include//nav2_constrained_smoother/smoother_cost_function.hpp
[107.907s] -- Symlinking: /root/nav2-ws/install/nav2_constrained_smoother/include//nav2_constrained_smoother/utils.hpp
[107.909s] -- Symlinking: /root/nav2-ws/install/nav2_constrained_smoother/share/nav2_constrained_smoother/environment/library_path.sh
[107.910s] -- Symlinking: /root/nav2-ws/install/nav2_constrained_smoother/share/nav2_constrained_smoother/environment/library_path.dsv
[107.912s] -- Symlinking: /root/nav2-ws/install/nav2_constrained_smoother/share/nav2_constrained_smoother//nav2_constrained_smoother.xml
[107.913s] -- Symlinking: /root/nav2-ws/install/nav2_constrained_smoother/share/ament_index/resource_index/package_run_dependencies/nav2_constrained_smoother
[107.915s] -- Symlinking: /root/nav2-ws/install/nav2_constrained_smoother/share/ament_index/resource_index/parent_prefix_path/nav2_constrained_smoother
[107.917s] -- Symlinking: /root/nav2-ws/install/nav2_constrained_smoother/share/nav2_constrained_smoother/environment/ament_prefix_path.sh
[107.918s] -- Symlinking: /root/nav2-ws/install/nav2_constrained_smoother/share/nav2_constrained_smoother/environment/ament_prefix_path.dsv
[107.920s] -- Symlinking: /root/nav2-ws/install/nav2_constrained_smoother/share/nav2_constrained_smoother/environment/path.sh
[107.922s] -- Symlinking: /root/nav2-ws/install/nav2_constrained_smoother/share/nav2_constrained_smoother/environment/path.dsv
[107.923s] -- Symlinking: /root/nav2-ws/install/nav2_constrained_smoother/share/nav2_constrained_smoother/local_setup.bash
[107.925s] -- Symlinking: /root/nav2-ws/install/nav2_constrained_smoother/share/nav2_constrained_smoother/local_setup.sh
[107.926s] -- Symlinking: /root/nav2-ws/install/nav2_constrained_smoother/share/nav2_constrained_smoother/local_setup.zsh
[107.928s] -- Symlinking: /root/nav2-ws/install/nav2_constrained_smoother/share/nav2_constrained_smoother/local_setup.dsv
[107.930s] -- Symlinking: /root/nav2-ws/install/nav2_constrained_smoother/share/nav2_constrained_smoother/package.dsv
[107.932s] -- Symlinking: /root/nav2-ws/install/nav2_constrained_smoother/share/ament_index/resource_index/packages/nav2_constrained_smoother
[107.933s] -- Symlinking: /root/nav2-ws/install/nav2_constrained_smoother/share/ament_index/resource_index/nav2_core__pluginlib__plugin/nav2_constrained_smoother
[107.937s] -- Symlinking: /root/nav2-ws/install/nav2_constrained_smoother/share/nav2_constrained_smoother/cmake/ament_cmake_export_include_directories-extras.cmake
[107.940s] -- Symlinking: /root/nav2-ws/install/nav2_constrained_smoother/share/nav2_constrained_smoother/cmake/ament_cmake_export_libraries-extras.cmake
[107.942s] -- Symlinking: /root/nav2-ws/install/nav2_constrained_smoother/share/nav2_constrained_smoother/cmake/ament_cmake_export_dependencies-extras.cmake
[107.944s] -- Symlinking: /root/nav2-ws/install/nav2_constrained_smoother/share/nav2_constrained_smoother/cmake/nav2_constrained_smootherConfig.cmake
[107.945s] -- Symlinking: /root/nav2-ws/install/nav2_constrained_smoother/share/nav2_constrained_smoother/cmake/nav2_constrained_smootherConfig-version.cmake
[107.947s] -- Symlinking: /root/nav2-ws/install/nav2_constrained_smoother/share/nav2_constrained_smoother/package.xml
[108.038s] Invoked command in '/root/nav2-ws/build/nav2_constrained_smoother' returned '0': AMENT_PREFIX_PATH=/root/nav2-ws/install/nav2_core:/root/nav2-ws/install/nav2_costmap_2d:/root/nav2-ws/install/nav2_map_server:/root/nav2-ws/install/nav2_lifecycle_manager:/root/nav2-ws/install/nav2_util:/root/nav2-ws/install/nav2_voxel_grid:/root/nav2-ws/install/nav2_msgs:/root/nav2-ws/install/nav2_common:${AMENT_PREFIX_PATH} CMAKE_PREFIX_PATH=/root/nav2-ws/install/nav2_core:/root/nav2-ws/install/nav2_costmap_2d:/root/nav2-ws/install/nav2_map_server:/root/nav2-ws/install/nav2_lifecycle_manager:/root/nav2-ws/install/nav2_util:/root/nav2-ws/install/nav2_voxel_grid:/root/nav2-ws/install/nav2_msgs:/root/nav2-ws/install/nav2_common:/opt/ros/humble LD_LIBRARY_PATH=/root/nav2-ws/install/nav2_costmap_2d/lib:/root/nav2-ws/install/nav2_map_server/lib:/root/nav2-ws/install/nav2_lifecycle_manager/lib:/root/nav2-ws/install/nav2_util/lib:/root/nav2-ws/install/nav2_voxel_grid/lib:/root/nav2-ws/install/nav2_msgs/lib:${LD_LIBRARY_PATH} PYTHONPATH=/root/nav2-ws/install/nav2_msgs/local/lib/python3.10/dist-packages:/root/nav2-ws/install/nav2_common/local/lib/python3.10/dist-packages:${PYTHONPATH} /usr/bin/cmake --install /root/nav2-ws/build/nav2_constrained_smoother
