[0.155s] Invoking command in '/root/nav2-ws/build/nav2_rotation_shim_controller': AMENT_PREFIX_PATH=/root/nav2-ws/install/nav2_regulated_pure_pursuit_controller:/root/nav2-ws/install/nav2_controller:/root/nav2-ws/install/nav2_core:/root/nav2-ws/install/nav2_costmap_2d:/root/nav2-ws/install/nav_2d_utils:/root/nav2-ws/install/nav2_map_server:/root/nav2-ws/install/nav2_lifecycle_manager:/root/nav2-ws/install/nav2_util:/root/nav2-ws/install/nav2_voxel_grid:/root/nav2-ws/install/nav2_msgs:/root/nav2-ws/install/nav_2d_msgs:/root/nav2-ws/install/nav2_common:${AMENT_PREFIX_PATH} CMAKE_PREFIX_PATH=/root/nav2-ws/install/nav2_regulated_pure_pursuit_controller:/root/nav2-ws/install/nav2_controller:/root/nav2-ws/install/nav2_core:/root/nav2-ws/install/nav2_costmap_2d:/root/nav2-ws/install/nav_2d_utils:/root/nav2-ws/install/nav2_map_server:/root/nav2-ws/install/nav2_lifecycle_manager:/root/nav2-ws/install/nav2_util:/root/nav2-ws/install/nav2_voxel_grid:/root/nav2-ws/install/nav2_msgs:/root/nav2-ws/install/nav_2d_msgs:/root/nav2-ws/install/nav2_common:/opt/ros/humble LD_LIBRARY_PATH=/root/nav2-ws/install/nav2_regulated_pure_pursuit_controller/lib:/root/nav2-ws/install/nav2_controller/lib:/root/nav2-ws/install/nav2_costmap_2d/lib:/root/nav2-ws/install/nav_2d_utils/lib:/root/nav2-ws/install/nav2_map_server/lib:/root/nav2-ws/install/nav2_lifecycle_manager/lib:/root/nav2-ws/install/nav2_util/lib:/root/nav2-ws/install/nav2_voxel_grid/lib:/root/nav2-ws/install/nav2_msgs/lib:/root/nav2-ws/install/nav_2d_msgs/lib:${LD_LIBRARY_PATH} PYTHONPATH=/root/nav2-ws/install/nav2_msgs/local/lib/python3.10/dist-packages:/root/nav2-ws/install/nav_2d_msgs/local/lib/python3.10/dist-packages:/root/nav2-ws/install/nav2_common/local/lib/python3.10/dist-packages:${PYTHONPATH} /usr/bin/cmake /root/nav2-ws/src/navigation2/nav2_rotation_shim_controller -DAMENT_CMAKE_SYMLINK_INSTALL=1 -DCMAKE_INSTALL_PREFIX=/root/nav2-ws/install/nav2_rotation_shim_controller
[45.377s] -- The C compiler identification is GNU 11.4.0
[45.377s] -- The CXX compiler identification is GNU 11.4.0
[45.377s] -- Detecting C compiler ABI info
[45.377s] -- Detecting C compiler ABI info - done
[45.378s] -- Check for working C compiler: /usr/bin/cc - skipped
[45.378s] -- Detecting C compile features
[45.378s] -- Detecting C compile features - done
[45.378s] -- Detecting CXX compiler ABI info
[45.378s] -- Detecting CXX compiler ABI info - done
[45.378s] -- Check for working CXX compiler: /usr/bin/c++ - skipped
[45.378s] -- Detecting CXX compile features
[45.378s] -- Detecting CXX compile features - done
[45.378s] -- Found ament_cmake: 1.3.9 (/opt/ros/humble/share/ament_cmake/cmake)
[45.379s] -- Found Python3: /usr/bin/python3 (found version "3.10.12") found components: Interpreter 
[45.379s] -- Override CMake install command with custom implementation using symlinks instead of copying resources
[45.379s] -- Found nav2_common: 1.1.15 (/root/nav2-ws/install/nav2_common/share/nav2_common/cmake)
[45.379s] -- Found nav2_core: 1.1.15 (/root/nav2-ws/install/nav2_core/share/nav2_core/cmake)
[45.379s] -- Found rosidl_generator_c: 3.1.5 (/opt/ros/humble/share/rosidl_generator_c/cmake)
[45.379s] -- Found rosidl_adapter: 3.1.5 (/opt/ros/humble/share/rosidl_adapter/cmake)
[45.379s] -- Found rosidl_generator_cpp: 3.1.5 (/opt/ros/humble/share/rosidl_generator_cpp/cmake)
[45.379s] -- Using all available rosidl_typesupport_c: rosidl_typesupport_fastrtps_c;rosidl_typesupport_introspection_c
[45.379s] -- Using all available rosidl_typesupport_cpp: rosidl_typesupport_fastrtps_cpp;rosidl_typesupport_introspection_cpp
[45.380s] -- Found rmw_implementation_cmake: 6.1.2 (/opt/ros/humble/share/rmw_implementation_cmake/cmake)
[45.380s] -- Found rmw_fastrtps_cpp: 6.2.6 (/opt/ros/humble/share/rmw_fastrtps_cpp/cmake)
[45.382s] -- Found OpenSSL: /usr/lib/x86_64-linux-gnu/libcrypto.so (found version "3.0.2")  
[45.382s] -- Found FastRTPS: /opt/ros/humble/include  
[45.382s] -- Using RMW implementation 'rmw_fastrtps_cpp' as default
[45.382s] -- Looking for pthread.h
[45.382s] -- Looking for pthread.h - found
[45.382s] -- Performing Test CMAKE_HAVE_LIBC_PTHREAD
[45.382s] -- Performing Test CMAKE_HAVE_LIBC_PTHREAD - Success
[45.383s] -- Found Threads: TRUE  
[45.383s] -- Found Eigen3: TRUE (found version "3.4.0") 
[45.383s] -- Ensuring Eigen3 include directory is part of orocos-kdl CMake target
[45.383s] -- Setting build type to Release as none was specified.
[45.383s] -- Found ament_lint_auto: 0.12.11 (/opt/ros/humble/share/ament_lint_auto/cmake)
[45.383s] -- Found gtest sources under '/opt/ros/humble/src/gtest_vendor': C++ tests using 'Google Test' will be built
[45.383s] -- Added test 'cppcheck' to perform static code analysis on C / C++ code
[45.383s] -- Configured cppcheck include dirs: /root/nav2-ws/src/navigation2/nav2_rotation_shim_controller/include
[45.383s] -- Configured cppcheck exclude dirs and/or files: 
[45.384s] -- Added test 'cpplint' to check C / C++ code against the Google style
[45.384s] -- Configured cpplint exclude dirs and/or files: 
[45.384s] -- Added test 'lint_cmake' to check CMake code style
[45.384s] -- Added test 'uncrustify' to check C / C++ code style
[45.384s] -- Configured uncrustify additional arguments: 
[45.384s] -- Added test 'xmllint' to check XML markup files
[45.384s] -- Configuring done
[45.384s] -- Generating done
[45.384s] -- Build files have been written to: /root/nav2-ws/build/nav2_rotation_shim_controller
[45.428s] Invoked command in '/root/nav2-ws/build/nav2_rotation_shim_controller' returned '0': AMENT_PREFIX_PATH=/root/nav2-ws/install/nav2_regulated_pure_pursuit_controller:/root/nav2-ws/install/nav2_controller:/root/nav2-ws/install/nav2_core:/root/nav2-ws/install/nav2_costmap_2d:/root/nav2-ws/install/nav_2d_utils:/root/nav2-ws/install/nav2_map_server:/root/nav2-ws/install/nav2_lifecycle_manager:/root/nav2-ws/install/nav2_util:/root/nav2-ws/install/nav2_voxel_grid:/root/nav2-ws/install/nav2_msgs:/root/nav2-ws/install/nav_2d_msgs:/root/nav2-ws/install/nav2_common:${AMENT_PREFIX_PATH} CMAKE_PREFIX_PATH=/root/nav2-ws/install/nav2_regulated_pure_pursuit_controller:/root/nav2-ws/install/nav2_controller:/root/nav2-ws/install/nav2_core:/root/nav2-ws/install/nav2_costmap_2d:/root/nav2-ws/install/nav_2d_utils:/root/nav2-ws/install/nav2_map_server:/root/nav2-ws/install/nav2_lifecycle_manager:/root/nav2-ws/install/nav2_util:/root/nav2-ws/install/nav2_voxel_grid:/root/nav2-ws/install/nav2_msgs:/root/nav2-ws/install/nav_2d_msgs:/root/nav2-ws/install/nav2_common:/opt/ros/humble LD_LIBRARY_PATH=/root/nav2-ws/install/nav2_regulated_pure_pursuit_controller/lib:/root/nav2-ws/install/nav2_controller/lib:/root/nav2-ws/install/nav2_costmap_2d/lib:/root/nav2-ws/install/nav_2d_utils/lib:/root/nav2-ws/install/nav2_map_server/lib:/root/nav2-ws/install/nav2_lifecycle_manager/lib:/root/nav2-ws/install/nav2_util/lib:/root/nav2-ws/install/nav2_voxel_grid/lib:/root/nav2-ws/install/nav2_msgs/lib:/root/nav2-ws/install/nav_2d_msgs/lib:${LD_LIBRARY_PATH} PYTHONPATH=/root/nav2-ws/install/nav2_msgs/local/lib/python3.10/dist-packages:/root/nav2-ws/install/nav_2d_msgs/local/lib/python3.10/dist-packages:/root/nav2-ws/install/nav2_common/local/lib/python3.10/dist-packages:${PYTHONPATH} /usr/bin/cmake /root/nav2-ws/src/navigation2/nav2_rotation_shim_controller -DAMENT_CMAKE_SYMLINK_INSTALL=1 -DCMAKE_INSTALL_PREFIX=/root/nav2-ws/install/nav2_rotation_shim_controller
[45.430s] Invoking command in '/root/nav2-ws/build/nav2_rotation_shim_controller': AMENT_PREFIX_PATH=/root/nav2-ws/install/nav2_regulated_pure_pursuit_controller:/root/nav2-ws/install/nav2_controller:/root/nav2-ws/install/nav2_core:/root/nav2-ws/install/nav2_costmap_2d:/root/nav2-ws/install/nav_2d_utils:/root/nav2-ws/install/nav2_map_server:/root/nav2-ws/install/nav2_lifecycle_manager:/root/nav2-ws/install/nav2_util:/root/nav2-ws/install/nav2_voxel_grid:/root/nav2-ws/install/nav2_msgs:/root/nav2-ws/install/nav_2d_msgs:/root/nav2-ws/install/nav2_common:${AMENT_PREFIX_PATH} CMAKE_PREFIX_PATH=/root/nav2-ws/install/nav2_regulated_pure_pursuit_controller:/root/nav2-ws/install/nav2_controller:/root/nav2-ws/install/nav2_core:/root/nav2-ws/install/nav2_costmap_2d:/root/nav2-ws/install/nav_2d_utils:/root/nav2-ws/install/nav2_map_server:/root/nav2-ws/install/nav2_lifecycle_manager:/root/nav2-ws/install/nav2_util:/root/nav2-ws/install/nav2_voxel_grid:/root/nav2-ws/install/nav2_msgs:/root/nav2-ws/install/nav_2d_msgs:/root/nav2-ws/install/nav2_common:/opt/ros/humble LD_LIBRARY_PATH=/root/nav2-ws/install/nav2_regulated_pure_pursuit_controller/lib:/root/nav2-ws/install/nav2_controller/lib:/root/nav2-ws/install/nav2_costmap_2d/lib:/root/nav2-ws/install/nav_2d_utils/lib:/root/nav2-ws/install/nav2_map_server/lib:/root/nav2-ws/install/nav2_lifecycle_manager/lib:/root/nav2-ws/install/nav2_util/lib:/root/nav2-ws/install/nav2_voxel_grid/lib:/root/nav2-ws/install/nav2_msgs/lib:/root/nav2-ws/install/nav_2d_msgs/lib:${LD_LIBRARY_PATH} PYTHONPATH=/root/nav2-ws/install/nav2_msgs/local/lib/python3.10/dist-packages:/root/nav2-ws/install/nav_2d_msgs/local/lib/python3.10/dist-packages:/root/nav2-ws/install/nav2_common/local/lib/python3.10/dist-packages:${PYTHONPATH} /usr/bin/cmake --build /root/nav2-ws/build/nav2_rotation_shim_controller -- -j8 -l8
[56.921s] [ 12%] [32mBuilding CXX object CMakeFiles/nav2_rotation_shim_controller.dir/src/nav2_rotation_shim_controller.cpp.o[0m
[67.122s] [ 25%] [32m[1mLinking CXX shared library libnav2_rotation_shim_controller.so[0m
[68.105s] [ 25%] Built target nav2_rotation_shim_controller
[68.148s] [ 37%] [32mBuilding CXX object gtest/CMakeFiles/gtest.dir/src/gtest-all.cc.o[0m
[82.738s] [ 50%] [32m[1mLinking CXX static library libgtest.a[0m
[82.952s] [ 50%] Built target gtest
[82.996s] [ 62%] [32mBuilding CXX object gtest/CMakeFiles/gtest_main.dir/src/gtest_main.cc.o[0m
[84.873s] [ 75%] [32m[1mLinking CXX static library libgtest_main.a[0m
[84.946s] [ 75%] Built target gtest_main
[84.995s] [ 87%] [32mBuilding CXX object test/CMakeFiles/test_shim_controller.dir/test_shim_controller.cpp.o[0m
[128.431s] [100%] [32m[1mLinking CXX executable test_shim_controller[0m
[131.609s] [100%] Built target test_shim_controller
[131.691s] Invoked command in '/root/nav2-ws/build/nav2_rotation_shim_controller' returned '0': AMENT_PREFIX_PATH=/root/nav2-ws/install/nav2_regulated_pure_pursuit_controller:/root/nav2-ws/install/nav2_controller:/root/nav2-ws/install/nav2_core:/root/nav2-ws/install/nav2_costmap_2d:/root/nav2-ws/install/nav_2d_utils:/root/nav2-ws/install/nav2_map_server:/root/nav2-ws/install/nav2_lifecycle_manager:/root/nav2-ws/install/nav2_util:/root/nav2-ws/install/nav2_voxel_grid:/root/nav2-ws/install/nav2_msgs:/root/nav2-ws/install/nav_2d_msgs:/root/nav2-ws/install/nav2_common:${AMENT_PREFIX_PATH} CMAKE_PREFIX_PATH=/root/nav2-ws/install/nav2_regulated_pure_pursuit_controller:/root/nav2-ws/install/nav2_controller:/root/nav2-ws/install/nav2_core:/root/nav2-ws/install/nav2_costmap_2d:/root/nav2-ws/install/nav_2d_utils:/root/nav2-ws/install/nav2_map_server:/root/nav2-ws/install/nav2_lifecycle_manager:/root/nav2-ws/install/nav2_util:/root/nav2-ws/install/nav2_voxel_grid:/root/nav2-ws/install/nav2_msgs:/root/nav2-ws/install/nav_2d_msgs:/root/nav2-ws/install/nav2_common:/opt/ros/humble LD_LIBRARY_PATH=/root/nav2-ws/install/nav2_regulated_pure_pursuit_controller/lib:/root/nav2-ws/install/nav2_controller/lib:/root/nav2-ws/install/nav2_costmap_2d/lib:/root/nav2-ws/install/nav_2d_utils/lib:/root/nav2-ws/install/nav2_map_server/lib:/root/nav2-ws/install/nav2_lifecycle_manager/lib:/root/nav2-ws/install/nav2_util/lib:/root/nav2-ws/install/nav2_voxel_grid/lib:/root/nav2-ws/install/nav2_msgs/lib:/root/nav2-ws/install/nav_2d_msgs/lib:${LD_LIBRARY_PATH} PYTHONPATH=/root/nav2-ws/install/nav2_msgs/local/lib/python3.10/dist-packages:/root/nav2-ws/install/nav_2d_msgs/local/lib/python3.10/dist-packages:/root/nav2-ws/install/nav2_common/local/lib/python3.10/dist-packages:${PYTHONPATH} /usr/bin/cmake --build /root/nav2-ws/build/nav2_rotation_shim_controller -- -j8 -l8
[132.178s] Invoking command in '/root/nav2-ws/build/nav2_rotation_shim_controller': AMENT_PREFIX_PATH=/root/nav2-ws/install/nav2_regulated_pure_pursuit_controller:/root/nav2-ws/install/nav2_controller:/root/nav2-ws/install/nav2_core:/root/nav2-ws/install/nav2_costmap_2d:/root/nav2-ws/install/nav_2d_utils:/root/nav2-ws/install/nav2_map_server:/root/nav2-ws/install/nav2_lifecycle_manager:/root/nav2-ws/install/nav2_util:/root/nav2-ws/install/nav2_voxel_grid:/root/nav2-ws/install/nav2_msgs:/root/nav2-ws/install/nav_2d_msgs:/root/nav2-ws/install/nav2_common:${AMENT_PREFIX_PATH} CMAKE_PREFIX_PATH=/root/nav2-ws/install/nav2_regulated_pure_pursuit_controller:/root/nav2-ws/install/nav2_controller:/root/nav2-ws/install/nav2_core:/root/nav2-ws/install/nav2_costmap_2d:/root/nav2-ws/install/nav_2d_utils:/root/nav2-ws/install/nav2_map_server:/root/nav2-ws/install/nav2_lifecycle_manager:/root/nav2-ws/install/nav2_util:/root/nav2-ws/install/nav2_voxel_grid:/root/nav2-ws/install/nav2_msgs:/root/nav2-ws/install/nav_2d_msgs:/root/nav2-ws/install/nav2_common:/opt/ros/humble LD_LIBRARY_PATH=/root/nav2-ws/install/nav2_regulated_pure_pursuit_controller/lib:/root/nav2-ws/install/nav2_controller/lib:/root/nav2-ws/install/nav2_costmap_2d/lib:/root/nav2-ws/install/nav_2d_utils/lib:/root/nav2-ws/install/nav2_map_server/lib:/root/nav2-ws/install/nav2_lifecycle_manager/lib:/root/nav2-ws/install/nav2_util/lib:/root/nav2-ws/install/nav2_voxel_grid/lib:/root/nav2-ws/install/nav2_msgs/lib:/root/nav2-ws/install/nav_2d_msgs/lib:${LD_LIBRARY_PATH} PYTHONPATH=/root/nav2-ws/install/nav2_msgs/local/lib/python3.10/dist-packages:/root/nav2-ws/install/nav_2d_msgs/local/lib/python3.10/dist-packages:/root/nav2-ws/install/nav2_common/local/lib/python3.10/dist-packages:${PYTHONPATH} /usr/bin/cmake --install /root/nav2-ws/build/nav2_rotation_shim_controller
[132.225s] -- Install configuration: "Release"
[132.228s] -- Execute custom install script
[132.232s] -- Symlinking: /root/nav2-ws/install/nav2_rotation_shim_controller/lib/libnav2_rotation_shim_controller.so
[132.285s] -- Symlinking: /root/nav2-ws/install/nav2_rotation_shim_controller/include//nav2_rotation_shim_controller/nav2_rotation_shim_controller.hpp
[132.342s] -- Symlinking: /root/nav2-ws/install/nav2_rotation_shim_controller/share/nav2_rotation_shim_controller/environment/library_path.sh
[132.407s] -- Symlinking: /root/nav2-ws/install/nav2_rotation_shim_controller/share/nav2_rotation_shim_controller/environment/library_path.dsv
[132.470s] -- Symlinking: /root/nav2-ws/install/nav2_rotation_shim_controller/share/nav2_rotation_shim_controller//nav2_rotation_shim_controller.xml
[132.512s] -- Symlinking: /root/nav2-ws/install/nav2_rotation_shim_controller/share/ament_index/resource_index/package_run_dependencies/nav2_rotation_shim_controller
[132.573s] -- Symlinking: /root/nav2-ws/install/nav2_rotation_shim_controller/share/ament_index/resource_index/parent_prefix_path/nav2_rotation_shim_controller
[132.633s] -- Symlinking: /root/nav2-ws/install/nav2_rotation_shim_controller/share/nav2_rotation_shim_controller/environment/ament_prefix_path.sh
[132.736s] -- Symlinking: /root/nav2-ws/install/nav2_rotation_shim_controller/share/nav2_rotation_shim_controller/environment/ament_prefix_path.dsv
[132.778s] -- Symlinking: /root/nav2-ws/install/nav2_rotation_shim_controller/share/nav2_rotation_shim_controller/environment/path.sh
[132.814s] -- Symlinking: /root/nav2-ws/install/nav2_rotation_shim_controller/share/nav2_rotation_shim_controller/environment/path.dsv
[132.907s] -- Symlinking: /root/nav2-ws/install/nav2_rotation_shim_controller/share/nav2_rotation_shim_controller/local_setup.bash
[132.969s] -- Symlinking: /root/nav2-ws/install/nav2_rotation_shim_controller/share/nav2_rotation_shim_controller/local_setup.sh
[133.074s] -- Symlinking: /root/nav2-ws/install/nav2_rotation_shim_controller/share/nav2_rotation_shim_controller/local_setup.zsh
[133.133s] -- Symlinking: /root/nav2-ws/install/nav2_rotation_shim_controller/share/nav2_rotation_shim_controller/local_setup.dsv
[133.195s] -- Symlinking: /root/nav2-ws/install/nav2_rotation_shim_controller/share/nav2_rotation_shim_controller/package.dsv
[133.245s] -- Symlinking: /root/nav2-ws/install/nav2_rotation_shim_controller/share/ament_index/resource_index/packages/nav2_rotation_shim_controller
[133.297s] -- Symlinking: /root/nav2-ws/install/nav2_rotation_shim_controller/share/ament_index/resource_index/nav2_core__pluginlib__plugin/nav2_rotation_shim_controller
[133.350s] -- Symlinking: /root/nav2-ws/install/nav2_rotation_shim_controller/share/nav2_rotation_shim_controller/cmake/ament_cmake_export_include_directories-extras.cmake
[133.400s] -- Symlinking: /root/nav2-ws/install/nav2_rotation_shim_controller/share/nav2_rotation_shim_controller/cmake/ament_cmake_export_libraries-extras.cmake
[133.469s] -- Symlinking: /root/nav2-ws/install/nav2_rotation_shim_controller/share/nav2_rotation_shim_controller/cmake/ament_cmake_export_dependencies-extras.cmake
[133.514s] -- Symlinking: /root/nav2-ws/install/nav2_rotation_shim_controller/share/nav2_rotation_shim_controller/cmake/nav2_rotation_shim_controllerConfig.cmake
[133.562s] -- Symlinking: /root/nav2-ws/install/nav2_rotation_shim_controller/share/nav2_rotation_shim_controller/cmake/nav2_rotation_shim_controllerConfig-version.cmake
[133.690s] -- Symlinking: /root/nav2-ws/install/nav2_rotation_shim_controller/share/nav2_rotation_shim_controller/package.xml
[133.772s] Invoked command in '/root/nav2-ws/build/nav2_rotation_shim_controller' returned '0': AMENT_PREFIX_PATH=/root/nav2-ws/install/nav2_regulated_pure_pursuit_controller:/root/nav2-ws/install/nav2_controller:/root/nav2-ws/install/nav2_core:/root/nav2-ws/install/nav2_costmap_2d:/root/nav2-ws/install/nav_2d_utils:/root/nav2-ws/install/nav2_map_server:/root/nav2-ws/install/nav2_lifecycle_manager:/root/nav2-ws/install/nav2_util:/root/nav2-ws/install/nav2_voxel_grid:/root/nav2-ws/install/nav2_msgs:/root/nav2-ws/install/nav_2d_msgs:/root/nav2-ws/install/nav2_common:${AMENT_PREFIX_PATH} CMAKE_PREFIX_PATH=/root/nav2-ws/install/nav2_regulated_pure_pursuit_controller:/root/nav2-ws/install/nav2_controller:/root/nav2-ws/install/nav2_core:/root/nav2-ws/install/nav2_costmap_2d:/root/nav2-ws/install/nav_2d_utils:/root/nav2-ws/install/nav2_map_server:/root/nav2-ws/install/nav2_lifecycle_manager:/root/nav2-ws/install/nav2_util:/root/nav2-ws/install/nav2_voxel_grid:/root/nav2-ws/install/nav2_msgs:/root/nav2-ws/install/nav_2d_msgs:/root/nav2-ws/install/nav2_common:/opt/ros/humble LD_LIBRARY_PATH=/root/nav2-ws/install/nav2_regulated_pure_pursuit_controller/lib:/root/nav2-ws/install/nav2_controller/lib:/root/nav2-ws/install/nav2_costmap_2d/lib:/root/nav2-ws/install/nav_2d_utils/lib:/root/nav2-ws/install/nav2_map_server/lib:/root/nav2-ws/install/nav2_lifecycle_manager/lib:/root/nav2-ws/install/nav2_util/lib:/root/nav2-ws/install/nav2_voxel_grid/lib:/root/nav2-ws/install/nav2_msgs/lib:/root/nav2-ws/install/nav_2d_msgs/lib:${LD_LIBRARY_PATH} PYTHONPATH=/root/nav2-ws/install/nav2_msgs/local/lib/python3.10/dist-packages:/root/nav2-ws/install/nav_2d_msgs/local/lib/python3.10/dist-packages:/root/nav2-ws/install/nav2_common/local/lib/python3.10/dist-packages:${PYTHONPATH} /usr/bin/cmake --install /root/nav2-ws/build/nav2_rotation_shim_controller
