-- The C compiler identification is GNU 11.4.0
-- The CXX compiler identification is GNU 11.4.0
-- Detecting C compiler ABI info
-- Detecting C compiler ABI info - done
-- Check for working C compiler: /usr/bin/cc - skipped
-- Detecting C compile features
-- Detecting C compile features - done
-- Detecting CXX compiler ABI info
-- Detecting CXX compiler ABI info - done
-- Check for working CXX compiler: /usr/bin/c++ - skipped
-- Detecting CXX compile features
-- Detecting CXX compile features - done
-- Found ament_cmake: 1.3.9 (/opt/ros/humble/share/ament_cmake/cmake)
-- Found Python3: /usr/bin/python3 (found version "3.10.12") found components: Interpreter 
-- Override CMake install command with custom implementation using symlinks instead of copying resources
-- Found nav2_common: 1.1.15 (/root/nav2-ws/install/nav2_common/share/nav2_common/cmake)
-- Found rclcpp: 16.0.9 (/opt/ros/humble/share/rclcpp/cmake)
-- Found rosidl_generator_c: 3.1.5 (/opt/ros/humble/share/rosidl_generator_c/cmake)
-- Found rosidl_adapter: 3.1.5 (/opt/ros/humble/share/rosidl_adapter/cmake)
-- Found rosidl_generator_cpp: 3.1.5 (/opt/ros/humble/share/rosidl_generator_cpp/cmake)
-- Using all available rosidl_typesupport_c: rosidl_typesupport_fastrtps_c;rosidl_typesupport_introspection_c
-- Using all available rosidl_typesupport_cpp: rosidl_typesupport_fastrtps_cpp;rosidl_typesupport_introspection_cpp
-- Found rmw_implementation_cmake: 6.1.2 (/opt/ros/humble/share/rmw_implementation_cmake/cmake)
-- Found rmw_fastrtps_cpp: 6.2.6 (/opt/ros/humble/share/rmw_fastrtps_cpp/cmake)
-- Found OpenSSL: /usr/lib/x86_64-linux-gnu/libcrypto.so (found version "3.0.2")  
-- Found FastRTPS: /opt/ros/humble/include  
-- Using RMW implementation 'rmw_fastrtps_cpp' as default
-- Looking for pthread.h
-- Looking for pthread.h - found
-- Performing Test CMAKE_HAVE_LIBC_PTHREAD
-- Performing Test CMAKE_HAVE_LIBC_PTHREAD - Success
-- Found Threads: TRUE  
-- Found rclcpp_lifecycle: 16.0.9 (/opt/ros/humble/share/rclcpp_lifecycle/cmake)
-- Found geometry_msgs: 4.2.4 (/opt/ros/humble/share/geometry_msgs/cmake)
-- Found nav2_costmap_2d: 1.1.15 (/root/nav2-ws/install/nav2_costmap_2d/share/nav2_costmap_2d/cmake)
-- Found Eigen3: TRUE (found version "3.4.0") 
-- Ensuring Eigen3 include directory is part of orocos-kdl CMake target
-- Setting build type to Release as none was specified.
-- Found ament_lint_auto: 0.12.11 (/opt/ros/humble/share/ament_lint_auto/cmake)
-- Added test 'cppcheck' to perform static code analysis on C / C++ code
-- Configured cppcheck include dirs: 
-- Configured cppcheck exclude dirs and/or files: 
-- Added test 'cpplint' to check C / C++ code against the Google style
-- Configured cpplint exclude dirs and/or files: 
-- Added test 'lint_cmake' to check CMake code style
-- Added test 'uncrustify' to check C / C++ code style
-- Configured uncrustify additional arguments: 
-- Added test 'xmllint' to check XML markup files
-- Configuring done
-- Generating done
-- Build files have been written to: /root/nav2-ws/build/nav2_core
-- Install configuration: "Release"
-- Execute custom install script
-- Symlinking: /root/nav2-ws/install/nav2_core/include//nav2_core/behavior.hpp
-- Symlinking: /root/nav2-ws/install/nav2_core/include//nav2_core/controller.hpp
-- Symlinking: /root/nav2-ws/install/nav2_core/include//nav2_core/exceptions.hpp
-- Symlinking: /root/nav2-ws/install/nav2_core/include//nav2_core/global_planner.hpp
-- Symlinking: /root/nav2-ws/install/nav2_core/include//nav2_core/goal_checker.hpp
-- Symlinking: /root/nav2-ws/install/nav2_core/include//nav2_core/progress_checker.hpp
-- Symlinking: /root/nav2-ws/install/nav2_core/include//nav2_core/smoother.hpp
-- Symlinking: /root/nav2-ws/install/nav2_core/include//nav2_core/waypoint_task_executor.hpp
-- Symlinking: /root/nav2-ws/install/nav2_core/share/ament_index/resource_index/package_run_dependencies/nav2_core
-- Symlinking: /root/nav2-ws/install/nav2_core/share/ament_index/resource_index/parent_prefix_path/nav2_core
-- Symlinking: /root/nav2-ws/install/nav2_core/share/nav2_core/environment/ament_prefix_path.sh
-- Symlinking: /root/nav2-ws/install/nav2_core/share/nav2_core/environment/ament_prefix_path.dsv
-- Symlinking: /root/nav2-ws/install/nav2_core/share/nav2_core/environment/path.sh
-- Symlinking: /root/nav2-ws/install/nav2_core/share/nav2_core/environment/path.dsv
-- Symlinking: /root/nav2-ws/install/nav2_core/share/nav2_core/local_setup.bash
-- Symlinking: /root/nav2-ws/install/nav2_core/share/nav2_core/local_setup.sh
-- Symlinking: /root/nav2-ws/install/nav2_core/share/nav2_core/local_setup.zsh
-- Symlinking: /root/nav2-ws/install/nav2_core/share/nav2_core/local_setup.dsv
-- Symlinking: /root/nav2-ws/install/nav2_core/share/nav2_core/package.dsv
-- Symlinking: /root/nav2-ws/install/nav2_core/share/ament_index/resource_index/packages/nav2_core
-- Symlinking: /root/nav2-ws/install/nav2_core/share/nav2_core/cmake/ament_cmake_export_include_directories-extras.cmake
-- Symlinking: /root/nav2-ws/install/nav2_core/share/nav2_core/cmake/ament_cmake_export_dependencies-extras.cmake
-- Symlinking: /root/nav2-ws/install/nav2_core/share/nav2_core/cmake/nav2_coreConfig.cmake
-- Symlinking: /root/nav2-ws/install/nav2_core/share/nav2_core/cmake/nav2_coreConfig-version.cmake
-- Symlinking: /root/nav2-ws/install/nav2_core/share/nav2_core/package.xml
