[0.019s] Invoking command in '/root/nav2-ws/build/nav2_rviz_plugins': AMENT_PREFIX_PATH=/root/nav2-ws/install/nav2_lifecycle_manager:/root/nav2-ws/install/nav2_util:/root/nav2-ws/install/nav2_msgs:/root/nav2-ws/install/nav2_common:${AMENT_PREFIX_PATH} CMAKE_PREFIX_PATH=/root/nav2-ws/install/nav2_lifecycle_manager:/root/nav2-ws/install/nav2_util:/root/nav2-ws/install/nav2_msgs:/root/nav2-ws/install/nav2_common:/opt/ros/humble LD_LIBRARY_PATH=/root/nav2-ws/install/nav2_lifecycle_manager/lib:/root/nav2-ws/install/nav2_util/lib:/root/nav2-ws/install/nav2_msgs/lib:${LD_LIBRARY_PATH} PYTHONPATH=/root/nav2-ws/install/nav2_msgs/local/lib/python3.10/dist-packages:/root/nav2-ws/install/nav2_common/local/lib/python3.10/dist-packages:${PYTHONPATH} /usr/bin/cmake /root/nav2-ws/src/navigation2/nav2_rviz_plugins -DAMENT_CMAKE_SYMLINK_INSTALL=1 -DCMAKE_INSTALL_PREFIX=/root/nav2-ws/install/nav2_rviz_plugins
[0.082s] -- The C compiler identification is GNU 11.4.0
[0.155s] -- The CXX compiler identification is GNU 11.4.0
[0.165s] -- Detecting C compiler ABI info
[0.245s] -- Detecting C compiler ABI info - done
[0.255s] -- Check for working C compiler: /usr/bin/cc - skipped
[0.256s] -- Detecting C compile features
[0.256s] -- Detecting C compile features - done
[0.260s] -- Detecting CXX compiler ABI info
[0.362s] -- Detecting CXX compiler ABI info - done
[0.366s] -- Check for working CXX compiler: /usr/bin/c++ - skipped
[0.367s] -- Detecting CXX compile features
[0.368s] -- Detecting CXX compile features - done
[0.374s] -- Found ament_cmake: 1.3.9 (/opt/ros/humble/share/ament_cmake/cmake)
[0.558s] -- Found Python3: /usr/bin/python3 (found version "3.10.12") found components: Interpreter 
[0.651s] -- Override CMake install command with custom implementation using symlinks instead of copying resources
[0.702s] -- Found geometry_msgs: 4.2.4 (/opt/ros/humble/share/geometry_msgs/cmake)
[0.757s] -- Found rosidl_generator_c: 3.1.5 (/opt/ros/humble/share/rosidl_generator_c/cmake)
[0.765s] -- Found rosidl_adapter: 3.1.5 (/opt/ros/humble/share/rosidl_adapter/cmake)
[0.777s] -- Found rosidl_generator_cpp: 3.1.5 (/opt/ros/humble/share/rosidl_generator_cpp/cmake)
[0.797s] -- Using all available rosidl_typesupport_c: rosidl_typesupport_fastrtps_c;rosidl_typesupport_introspection_c
[0.825s] -- Using all available rosidl_typesupport_cpp: rosidl_typesupport_fastrtps_cpp;rosidl_typesupport_introspection_cpp
[0.975s] -- Found nav2_util: 1.1.15 (/root/nav2-ws/install/nav2_util/share/nav2_util/cmake)
[1.599s] -- Found rmw_implementation_cmake: 6.1.2 (/opt/ros/humble/share/rmw_implementation_cmake/cmake)
[1.603s] -- Found rmw_fastrtps_cpp: 6.2.6 (/opt/ros/humble/share/rmw_fastrtps_cpp/cmake)
[1.746s] -- Found OpenSSL: /usr/lib/x86_64-linux-gnu/libcrypto.so (found version "3.0.2")  
[1.786s] -- Found FastRTPS: /opt/ros/humble/include  
[1.859s] -- Using RMW implementation 'rmw_fastrtps_cpp' as default
[1.876s] -- Looking for pthread.h
[1.979s] -- Looking for pthread.h - found
[1.979s] -- Performing Test CMAKE_HAVE_LIBC_PTHREAD
[2.075s] -- Performing Test CMAKE_HAVE_LIBC_PTHREAD - Success
[2.077s] -- Found Threads: TRUE  
[2.589s] -- Found eigen3_cmake_module: 0.1.1 (/opt/ros/humble/share/eigen3_cmake_module/cmake)
[2.592s] -- Found Eigen3: TRUE (found version "3.4.0") 
[2.592s] -- Ensuring Eigen3 include directory is part of orocos-kdl CMake target
[2.876s] -- Found nav2_lifecycle_manager: 1.1.15 (/root/nav2-ws/install/nav2_lifecycle_manager/share/nav2_lifecycle_manager/cmake)
[3.754s] -- Found pluginlib: 5.1.0 (/opt/ros/humble/share/pluginlib/cmake)
[3.804s] -- Found rviz_common: 11.2.12 (/opt/ros/humble/share/rviz_common/cmake)
[3.837s] -- Setting OGRE_DIR to: '/opt/ros/humble/share/rviz_ogre_vendor/cmake/../../../opt/rviz_ogre_vendor/lib/OGRE/cmake'
[3.838s] -- Found OGRE
[3.838s] --   static     : OFF
[3.838s] --   components : HLMS;MeshLodGenerator;Overlay;Paging;Property;RTShaderSystem;Terrain;Volume
[3.838s] --   plugins    : Plugin_BSPSceneManager;Plugin_OctreeSceneManager;Plugin_PCZSceneManager;Plugin_ParticleFX;RenderSystem_GL;RenderSystem_GL3Plus;Codec_STBI
[3.838s] --   media      : /opt/ros/humble/opt/rviz_ogre_vendor/share/OGRE/Media
[3.838s] -- OGRE_LIBRARIES: OgreHLMS;OgreMeshLodGenerator;OgreOverlay;OgrePaging;OgreProperty;OgreRTShaderSystem;OgreTerrain;OgreVolume;OgreMain
[3.838s] -- OGRE_LIBRARY_DIRS: /opt/ros/humble/opt/rviz_ogre_vendor/lib
[3.839s] -- OGRE_PLUGINS: Plugin_BSPSceneManager;Plugin_OctreeSceneManager;Plugin_PCZSceneManager;Plugin_ParticleFX;RenderSystem_GL;RenderSystem_GL3Plus;Codec_STBI
[3.839s] -- OGRE_PLUGIN_DIR: /opt/ros/humble/opt/rviz_ogre_vendor/lib/OGRE
[3.839s] -- rviz_ogre_vendor::OgreOverlay for IMPORTED_LOCATION_RELEASE: /opt/ros/humble/opt/rviz_ogre_vendor/lib/libOgreOverlay.so
[3.839s] -- rviz_ogre_vendor::OgreOverlay for IMPORTED_LOCATION_DEBUG: /opt/ros/humble/opt/rviz_ogre_vendor/lib/libOgreOverlay.so
[3.839s] -- rviz_ogre_vendor::OgreMain for IMPORTED_LOCATION_RELEASE: /opt/ros/humble/opt/rviz_ogre_vendor/lib/libOgreMain.so
[3.840s] -- rviz_ogre_vendor::OgreMain for IMPORTED_LOCATION_DEBUG: /opt/ros/humble/opt/rviz_ogre_vendor/lib/libOgreMain.so
[3.888s] -- Found ZLIB: /usr/lib/x86_64-linux-gnu/libz.so (found version "1.2.11") 
[3.895s] -- Found OpenGL: /usr/lib/x86_64-linux-gnu/libOpenGL.so   
[3.999s] -- Found X11: /usr/include   
[4.000s] -- Looking for XOpenDisplay in /usr/lib/x86_64-linux-gnu/libX11.so;/usr/lib/x86_64-linux-gnu/libXext.so
[4.092s] -- Looking for XOpenDisplay in /usr/lib/x86_64-linux-gnu/libX11.so;/usr/lib/x86_64-linux-gnu/libXext.so - found
[4.092s] -- Looking for gethostbyname
[4.176s] -- Looking for gethostbyname - found
[4.176s] -- Looking for connect
[4.257s] -- Looking for connect - found
[4.260s] -- Looking for remove
[4.340s] -- Looking for remove - found
[4.340s] -- Looking for shmat
[4.437s] -- Looking for shmat - found
[4.438s] -- Looking for IceConnectionNumber in ICE
[4.523s] -- Looking for IceConnectionNumber in ICE - found
[4.523s] -- rviz_ogre_vendor::RenderSystem_GL for IMPORTED_LOCATION_RELEASE: _render_system_gl_static_library_abs-NOTFOUND
[4.523s] -- rviz_ogre_vendor::RenderSystem_GL for IMPORTED_LOCATION_DEBUG: _render_system_gl_static_library_abs-NOTFOUND
[4.633s] -- library: /usr/lib/x86_64-linux-gnu/libcurl.so
[4.847s] -- Found rviz_default_plugins: 11.2.12 (/opt/ros/humble/share/rviz_default_plugins/cmake)
[8.049s] -- Found ament_lint_auto: 0.12.11 (/opt/ros/humble/share/ament_lint_auto/cmake)
[8.177s] -- Added test 'copyright' to check source files copyright and LICENSE
[8.178s] -- Added test 'cppcheck' to perform static code analysis on C / C++ code
[8.179s] -- Configured cppcheck include dirs: /root/nav2-ws/src/navigation2/nav2_rviz_plugins/include
[8.179s] -- Configured cppcheck exclude dirs and/or files: 
[8.180s] -- Added test 'cpplint' to check C / C++ code against the Google style
[8.181s] -- Configured cpplint exclude dirs and/or files: 
[8.182s] -- Added test 'lint_cmake' to check CMake code style
[8.184s] -- Added test 'uncrustify' to check C / C++ code style
[8.184s] -- Configured uncrustify additional arguments: 
[8.185s] -- Added test 'xmllint' to check XML markup files
[8.190s] -- Configuring done
[8.265s] -- Generating done
[8.268s] -- Build files have been written to: /root/nav2-ws/build/nav2_rviz_plugins
[8.288s] Invoked command in '/root/nav2-ws/build/nav2_rviz_plugins' returned '0': AMENT_PREFIX_PATH=/root/nav2-ws/install/nav2_lifecycle_manager:/root/nav2-ws/install/nav2_util:/root/nav2-ws/install/nav2_msgs:/root/nav2-ws/install/nav2_common:${AMENT_PREFIX_PATH} CMAKE_PREFIX_PATH=/root/nav2-ws/install/nav2_lifecycle_manager:/root/nav2-ws/install/nav2_util:/root/nav2-ws/install/nav2_msgs:/root/nav2-ws/install/nav2_common:/opt/ros/humble LD_LIBRARY_PATH=/root/nav2-ws/install/nav2_lifecycle_manager/lib:/root/nav2-ws/install/nav2_util/lib:/root/nav2-ws/install/nav2_msgs/lib:${LD_LIBRARY_PATH} PYTHONPATH=/root/nav2-ws/install/nav2_msgs/local/lib/python3.10/dist-packages:/root/nav2-ws/install/nav2_common/local/lib/python3.10/dist-packages:${PYTHONPATH} /usr/bin/cmake /root/nav2-ws/src/navigation2/nav2_rviz_plugins -DAMENT_CMAKE_SYMLINK_INSTALL=1 -DCMAKE_INSTALL_PREFIX=/root/nav2-ws/install/nav2_rviz_plugins
[8.291s] Invoking command in '/root/nav2-ws/build/nav2_rviz_plugins': AMENT_PREFIX_PATH=/root/nav2-ws/install/nav2_lifecycle_manager:/root/nav2-ws/install/nav2_util:/root/nav2-ws/install/nav2_msgs:/root/nav2-ws/install/nav2_common:${AMENT_PREFIX_PATH} CMAKE_PREFIX_PATH=/root/nav2-ws/install/nav2_lifecycle_manager:/root/nav2-ws/install/nav2_util:/root/nav2-ws/install/nav2_msgs:/root/nav2-ws/install/nav2_common:/opt/ros/humble LD_LIBRARY_PATH=/root/nav2-ws/install/nav2_lifecycle_manager/lib:/root/nav2-ws/install/nav2_util/lib:/root/nav2-ws/install/nav2_msgs/lib:${LD_LIBRARY_PATH} PYTHONPATH=/root/nav2-ws/install/nav2_msgs/local/lib/python3.10/dist-packages:/root/nav2-ws/install/nav2_common/local/lib/python3.10/dist-packages:${PYTHONPATH} /usr/bin/cmake --build /root/nav2-ws/build/nav2_rviz_plugins -- -j8 -l8
[8.354s] [ 14%] [34m[1mAutomatic MOC for target nav2_rviz_plugins[0m
[9.295s] [ 14%] Built target nav2_rviz_plugins_autogen
[9.320s] [ 28%] [32mBuilding CXX object CMakeFiles/nav2_rviz_plugins.dir/nav2_rviz_plugins_autogen/mocs_compilation.cpp.o[0m
[28.608s] [ 57%] [32mBuilding CXX object CMakeFiles/nav2_rviz_plugins.dir/src/particle_cloud_display/particle_cloud_display.cpp.o[0m
[28.608s] [ 57%] [32mBuilding CXX object CMakeFiles/nav2_rviz_plugins.dir/src/particle_cloud_display/flat_weighted_arrows_array.cpp.o[0m
[28.611s] [ 71%] [32mBuilding CXX object CMakeFiles/nav2_rviz_plugins.dir/src/nav2_panel.cpp.o[0m
[36.266s] [ 85%] [32mBuilding CXX object CMakeFiles/nav2_rviz_plugins.dir/src/goal_tool.cpp.o[0m
[58.724s] [100%] [32m[1mLinking CXX shared library libnav2_rviz_plugins.so[0m
[75.179s] [100%] Built target nav2_rviz_plugins
[75.234s] Invoked command in '/root/nav2-ws/build/nav2_rviz_plugins' returned '0': AMENT_PREFIX_PATH=/root/nav2-ws/install/nav2_lifecycle_manager:/root/nav2-ws/install/nav2_util:/root/nav2-ws/install/nav2_msgs:/root/nav2-ws/install/nav2_common:${AMENT_PREFIX_PATH} CMAKE_PREFIX_PATH=/root/nav2-ws/install/nav2_lifecycle_manager:/root/nav2-ws/install/nav2_util:/root/nav2-ws/install/nav2_msgs:/root/nav2-ws/install/nav2_common:/opt/ros/humble LD_LIBRARY_PATH=/root/nav2-ws/install/nav2_lifecycle_manager/lib:/root/nav2-ws/install/nav2_util/lib:/root/nav2-ws/install/nav2_msgs/lib:${LD_LIBRARY_PATH} PYTHONPATH=/root/nav2-ws/install/nav2_msgs/local/lib/python3.10/dist-packages:/root/nav2-ws/install/nav2_common/local/lib/python3.10/dist-packages:${PYTHONPATH} /usr/bin/cmake --build /root/nav2-ws/build/nav2_rviz_plugins -- -j8 -l8
[75.819s] Invoking command in '/root/nav2-ws/build/nav2_rviz_plugins': AMENT_PREFIX_PATH=/root/nav2-ws/install/nav2_lifecycle_manager:/root/nav2-ws/install/nav2_util:/root/nav2-ws/install/nav2_msgs:/root/nav2-ws/install/nav2_common:${AMENT_PREFIX_PATH} CMAKE_PREFIX_PATH=/root/nav2-ws/install/nav2_lifecycle_manager:/root/nav2-ws/install/nav2_util:/root/nav2-ws/install/nav2_msgs:/root/nav2-ws/install/nav2_common:/opt/ros/humble LD_LIBRARY_PATH=/root/nav2-ws/install/nav2_lifecycle_manager/lib:/root/nav2-ws/install/nav2_util/lib:/root/nav2-ws/install/nav2_msgs/lib:${LD_LIBRARY_PATH} PYTHONPATH=/root/nav2-ws/install/nav2_msgs/local/lib/python3.10/dist-packages:/root/nav2-ws/install/nav2_common/local/lib/python3.10/dist-packages:${PYTHONPATH} /usr/bin/cmake --install /root/nav2-ws/build/nav2_rviz_plugins
[75.835s] -- Install configuration: ""
[75.837s] -- Execute custom install script
[75.840s] -- Symlinking: /root/nav2-ws/install/nav2_rviz_plugins/share/nav2_rviz_plugins//plugins_description.xml
[75.873s] -- Symlinking: /root/nav2-ws/install/nav2_rviz_plugins/include//nav2_rviz_plugins/goal_common.hpp
[75.907s] -- Symlinking: /root/nav2-ws/install/nav2_rviz_plugins/include//nav2_rviz_plugins/goal_pose_updater.hpp
[75.944s] -- Symlinking: /root/nav2-ws/install/nav2_rviz_plugins/include//nav2_rviz_plugins/goal_tool.hpp
[75.983s] -- Symlinking: /root/nav2-ws/install/nav2_rviz_plugins/include//nav2_rviz_plugins/nav2_panel.hpp
[76.022s] -- Symlinking: /root/nav2-ws/install/nav2_rviz_plugins/include//nav2_rviz_plugins/particle_cloud_display/flat_weighted_arrows_array.hpp
[76.052s] -- Symlinking: /root/nav2-ws/install/nav2_rviz_plugins/include//nav2_rviz_plugins/particle_cloud_display/particle_cloud_display.hpp
[76.094s] -- Symlinking: /root/nav2-ws/install/nav2_rviz_plugins/include//nav2_rviz_plugins/ros_action_qevent.hpp
[76.120s] -- Symlinking: /root/nav2-ws/install/nav2_rviz_plugins/share/nav2_rviz_plugins/environment/library_path.sh
[76.150s] -- Symlinking: /root/nav2-ws/install/nav2_rviz_plugins/share/nav2_rviz_plugins/environment/library_path.dsv
[76.166s] -- Symlinking: /root/nav2-ws/install/nav2_rviz_plugins/share/ament_index/resource_index/package_run_dependencies/nav2_rviz_plugins
[76.183s] -- Symlinking: /root/nav2-ws/install/nav2_rviz_plugins/share/ament_index/resource_index/parent_prefix_path/nav2_rviz_plugins
[76.198s] -- Symlinking: /root/nav2-ws/install/nav2_rviz_plugins/share/nav2_rviz_plugins/environment/ament_prefix_path.sh
[76.214s] -- Symlinking: /root/nav2-ws/install/nav2_rviz_plugins/share/nav2_rviz_plugins/environment/ament_prefix_path.dsv
[76.231s] -- Symlinking: /root/nav2-ws/install/nav2_rviz_plugins/share/nav2_rviz_plugins/environment/path.sh
[76.247s] -- Symlinking: /root/nav2-ws/install/nav2_rviz_plugins/share/nav2_rviz_plugins/environment/path.dsv
[76.265s] -- Symlinking: /root/nav2-ws/install/nav2_rviz_plugins/share/nav2_rviz_plugins/local_setup.bash
[76.285s] -- Symlinking: /root/nav2-ws/install/nav2_rviz_plugins/share/nav2_rviz_plugins/local_setup.sh
[76.303s] -- Symlinking: /root/nav2-ws/install/nav2_rviz_plugins/share/nav2_rviz_plugins/local_setup.zsh
[76.319s] -- Symlinking: /root/nav2-ws/install/nav2_rviz_plugins/share/nav2_rviz_plugins/local_setup.dsv
[76.347s] -- Symlinking: /root/nav2-ws/install/nav2_rviz_plugins/share/nav2_rviz_plugins/package.dsv
[76.391s] -- Symlinking: /root/nav2-ws/install/nav2_rviz_plugins/share/ament_index/resource_index/packages/nav2_rviz_plugins
[76.418s] -- Symlinking: /root/nav2-ws/install/nav2_rviz_plugins/share/ament_index/resource_index/rviz_common__pluginlib__plugin/nav2_rviz_plugins
[76.457s] -- Symlinking: /root/nav2-ws/install/nav2_rviz_plugins/share/nav2_rviz_plugins/cmake/ament_cmake_export_include_directories-extras.cmake
[76.503s] -- Symlinking: /root/nav2-ws/install/nav2_rviz_plugins/share/nav2_rviz_plugins/cmake/ament_cmake_export_targets-extras.cmake
[76.543s] -- Symlinking: /root/nav2-ws/install/nav2_rviz_plugins/share/nav2_rviz_plugins/cmake/ament_cmake_export_dependencies-extras.cmake
[76.584s] -- Symlinking: /root/nav2-ws/install/nav2_rviz_plugins/share/nav2_rviz_plugins/cmake/nav2_rviz_pluginsConfig.cmake
[76.609s] -- Symlinking: /root/nav2-ws/install/nav2_rviz_plugins/share/nav2_rviz_plugins/cmake/nav2_rviz_pluginsConfig-version.cmake
[76.652s] -- Symlinking: /root/nav2-ws/install/nav2_rviz_plugins/share/nav2_rviz_plugins/package.xml
[76.684s] -- Installing: /root/nav2-ws/install/nav2_rviz_plugins/lib/libnav2_rviz_plugins.so
[76.925s] -- Set runtime path of "/root/nav2-ws/install/nav2_rviz_plugins/lib/libnav2_rviz_plugins.so" to ""
[76.927s] -- Installing: /root/nav2-ws/install/nav2_rviz_plugins/share/nav2_rviz_plugins/cmake/nav2_rviz_pluginsExport.cmake
[76.928s] -- Installing: /root/nav2-ws/install/nav2_rviz_plugins/share/nav2_rviz_plugins/cmake/nav2_rviz_pluginsExport-noconfig.cmake
[76.937s] Invoked command in '/root/nav2-ws/build/nav2_rviz_plugins' returned '0': AMENT_PREFIX_PATH=/root/nav2-ws/install/nav2_lifecycle_manager:/root/nav2-ws/install/nav2_util:/root/nav2-ws/install/nav2_msgs:/root/nav2-ws/install/nav2_common:${AMENT_PREFIX_PATH} CMAKE_PREFIX_PATH=/root/nav2-ws/install/nav2_lifecycle_manager:/root/nav2-ws/install/nav2_util:/root/nav2-ws/install/nav2_msgs:/root/nav2-ws/install/nav2_common:/opt/ros/humble LD_LIBRARY_PATH=/root/nav2-ws/install/nav2_lifecycle_manager/lib:/root/nav2-ws/install/nav2_util/lib:/root/nav2-ws/install/nav2_msgs/lib:${LD_LIBRARY_PATH} PYTHONPATH=/root/nav2-ws/install/nav2_msgs/local/lib/python3.10/dist-packages:/root/nav2-ws/install/nav2_common/local/lib/python3.10/dist-packages:${PYTHONPATH} /usr/bin/cmake --install /root/nav2-ws/build/nav2_rviz_plugins
