-- The C compiler identification is GNU 11.4.0
-- The CXX compiler identification is GNU 11.4.0
-- Detecting C compiler ABI info
-- Detecting C compiler ABI info - done
-- Check for working C compiler: /usr/bin/cc - skipped
-- Detecting C compile features
-- Detecting C compile features - done
-- Detecting CXX compiler ABI info
-- Detecting CXX compiler ABI info - done
-- Check for working CXX compiler: /usr/bin/c++ - skipped
-- Detecting CXX compile features
-- Detecting CXX compile features - done
-- Found ament_cmake: 1.3.9 (/opt/ros/humble/share/ament_cmake/cmake)
-- Found Python3: /usr/bin/python3 (found version "3.10.12") found components: Interpreter 
-- Override CMake install command with custom implementation using symlinks instead of copying resources
-- Found rclcpp: 16.0.9 (/opt/ros/humble/share/rclcpp/cmake)
-- Found rosidl_generator_c: 3.1.5 (/opt/ros/humble/share/rosidl_generator_c/cmake)
-- Found rosidl_adapter: 3.1.5 (/opt/ros/humble/share/rosidl_adapter/cmake)
-- Found rosidl_generator_cpp: 3.1.5 (/opt/ros/humble/share/rosidl_generator_cpp/cmake)
-- Using all available rosidl_typesupport_c: rosidl_typesupport_fastrtps_c;rosidl_typesupport_introspection_c
-- Using all available rosidl_typesupport_cpp: rosidl_typesupport_fastrtps_cpp;rosidl_typesupport_introspection_cpp
-- Found rmw_implementation_cmake: 6.1.2 (/opt/ros/humble/share/rmw_implementation_cmake/cmake)
-- Found rmw_fastrtps_cpp: 6.2.6 (/opt/ros/humble/share/rmw_fastrtps_cpp/cmake)
-- Found OpenSSL: /usr/lib/x86_64-linux-gnu/libcrypto.so (found version "3.0.2")  
-- Found FastRTPS: /opt/ros/humble/include  
-- Using RMW implementation 'rmw_fastrtps_cpp' as default
-- Looking for pthread.h
-- Looking for pthread.h - found
-- Performing Test CMAKE_HAVE_LIBC_PTHREAD
-- Performing Test CMAKE_HAVE_LIBC_PTHREAD - Success
-- Found Threads: TRUE  
-- Found rclcpp_components: 16.0.9 (/opt/ros/humble/share/rclcpp_components/cmake)
-- Found sensor_msgs: 4.2.4 (/opt/ros/humble/share/sensor_msgs/cmake)
-- Found tf2: 0.25.7 (/opt/ros/humble/share/tf2/cmake)
-- Found tf2_ros: 0.25.7 (/opt/ros/humble/share/tf2_ros/cmake)
-- Found tf2_geometry_msgs: 0.25.7 (/opt/ros/humble/share/tf2_geometry_msgs/cmake)
-- Found eigen3_cmake_module: 0.1.1 (/opt/ros/humble/share/eigen3_cmake_module/cmake)
-- Found Eigen3: TRUE (found version "3.4.0") 
-- Ensuring Eigen3 include directory is part of orocos-kdl CMake target
-- Found nav2_common: 1.1.15 (/root/nav2-ws/install/nav2_common/share/nav2_common/cmake)
-- Found nav2_util: 1.1.15 (/root/nav2-ws/install/nav2_util/share/nav2_util/cmake)
-- Found nav2_costmap_2d: 1.1.15 (/root/nav2-ws/install/nav2_costmap_2d/share/nav2_costmap_2d/cmake)
-- Setting build type to Release as none was specified.
-- Found ament_lint_auto: 0.12.11 (/opt/ros/humble/share/ament_lint_auto/cmake)
-- Found gtest sources under '/opt/ros/humble/src/gtest_vendor': C++ tests using 'Google Test' will be built
-- Added test 'cppcheck' to perform static code analysis on C / C++ code
-- Configured cppcheck include dirs: /root/nav2-ws/src/navigation2/nav2_collision_monitor/include
-- Configured cppcheck exclude dirs and/or files: 
-- Added test 'flake8' to check Python code syntax and style conventions
-- Added test 'lint_cmake' to check CMake code style
-- Added test 'pep257' to check Python code against some of the docstring style conventions in PEP 257
-- Added test 'uncrustify' to check C / C++ code style
-- Configured uncrustify additional arguments: 
-- Added test 'xmllint' to check XML markup files
-- Configuring done
-- Generating done
-- Build files have been written to: /root/nav2-ws/build/nav2_collision_monitor
[  4%] [32mBuilding CXX object CMakeFiles/collision_monitor_core.dir/src/collision_monitor_node.cpp.o[0m
[  8%] [32mBuilding CXX object CMakeFiles/collision_monitor_core.dir/src/pointcloud.cpp.o[0m
[ 13%] [32mBuilding CXX object CMakeFiles/collision_monitor_core.dir/src/range.cpp.o[0m
[ 17%] [32mBuilding CXX object CMakeFiles/collision_monitor_core.dir/src/kinematics.cpp.o[0m
[ 21%] [32mBuilding CXX object CMakeFiles/collision_monitor_core.dir/src/scan.cpp.o[0m
[ 26%] [32mBuilding CXX object CMakeFiles/collision_monitor_core.dir/src/source.cpp.o[0m
[ 30%] [32mBuilding CXX object CMakeFiles/collision_monitor_core.dir/src/circle.cpp.o[0m
[ 34%] [32mBuilding CXX object CMakeFiles/collision_monitor_core.dir/src/polygon.cpp.o[0m
[ 39%] [32m[1mLinking CXX shared library libcollision_monitor_core.so[0m
[ 39%] Built target collision_monitor_core
[ 43%] [32mBuilding CXX object gtest/CMakeFiles/gtest.dir/src/gtest-all.cc.o[0m
[ 47%] [32m[1mLinking CXX static library libgtest.a[0m
[ 47%] Built target gtest
[ 52%] [32mBuilding CXX object CMakeFiles/collision_monitor.dir/src/main.cpp.o[0m
[ 56%] [32m[1mLinking CXX executable collision_monitor[0m
[ 56%] Built target collision_monitor
[ 60%] [32mBuilding CXX object gtest/CMakeFiles/gtest_main.dir/src/gtest_main.cc.o[0m
[ 65%] [32m[1mLinking CXX static library libgtest_main.a[0m
[ 65%] Built target gtest_main
[ 69%] [32mBuilding CXX object test/CMakeFiles/kinematics_test.dir/kinematics_test.cpp.o[0m
[ 73%] [32m[1mLinking CXX executable kinematics_test[0m
[ 73%] Built target kinematics_test
[ 78%] [32mBuilding CXX object test/CMakeFiles/collision_monitor_node_test.dir/collision_monitor_node_test.cpp.o[0m
[ 82%] [32m[1mLinking CXX executable collision_monitor_node_test[0m
[ 82%] Built target collision_monitor_node_test
[ 86%] [32mBuilding CXX object test/CMakeFiles/polygons_test.dir/polygons_test.cpp.o[0m
[ 91%] [32m[1mLinking CXX executable polygons_test[0m
[ 91%] Built target polygons_test
[ 95%] [32mBuilding CXX object test/CMakeFiles/sources_test.dir/sources_test.cpp.o[0m
[100%] [32m[1mLinking CXX executable sources_test[0m
[100%] Built target sources_test
-- Install configuration: "Release"
-- Execute custom install script
-- Symlinking: /root/nav2-ws/install/nav2_collision_monitor/lib/libcollision_monitor_core.so
-- Symlinking: /root/nav2-ws/install/nav2_collision_monitor/lib/nav2_collision_monitor/collision_monitor
-- Symlinking: /root/nav2-ws/install/nav2_collision_monitor/include//nav2_collision_monitor/circle.hpp
-- Symlinking: /root/nav2-ws/install/nav2_collision_monitor/include//nav2_collision_monitor/collision_monitor_node.hpp
-- Symlinking: /root/nav2-ws/install/nav2_collision_monitor/include//nav2_collision_monitor/kinematics.hpp
-- Symlinking: /root/nav2-ws/install/nav2_collision_monitor/include//nav2_collision_monitor/pointcloud.hpp
-- Symlinking: /root/nav2-ws/install/nav2_collision_monitor/include//nav2_collision_monitor/polygon.hpp
-- Symlinking: /root/nav2-ws/install/nav2_collision_monitor/include//nav2_collision_monitor/range.hpp
-- Symlinking: /root/nav2-ws/install/nav2_collision_monitor/include//nav2_collision_monitor/scan.hpp
-- Symlinking: /root/nav2-ws/install/nav2_collision_monitor/include//nav2_collision_monitor/source.hpp
-- Symlinking: /root/nav2-ws/install/nav2_collision_monitor/include//nav2_collision_monitor/types.hpp
-- Symlinking: /root/nav2-ws/install/nav2_collision_monitor/share/nav2_collision_monitor/launch/collision_monitor_node.launch.py
-- Symlinking: /root/nav2-ws/install/nav2_collision_monitor/share/nav2_collision_monitor/params/collision_monitor_params.yaml
-- Symlinking: /root/nav2-ws/install/nav2_collision_monitor/share/nav2_collision_monitor/environment/library_path.sh
-- Symlinking: /root/nav2-ws/install/nav2_collision_monitor/share/nav2_collision_monitor/environment/library_path.dsv
-- Symlinking: /root/nav2-ws/install/nav2_collision_monitor/share/ament_index/resource_index/package_run_dependencies/nav2_collision_monitor
-- Symlinking: /root/nav2-ws/install/nav2_collision_monitor/share/ament_index/resource_index/parent_prefix_path/nav2_collision_monitor
-- Symlinking: /root/nav2-ws/install/nav2_collision_monitor/share/nav2_collision_monitor/environment/ament_prefix_path.sh
-- Symlinking: /root/nav2-ws/install/nav2_collision_monitor/share/nav2_collision_monitor/environment/ament_prefix_path.dsv
-- Symlinking: /root/nav2-ws/install/nav2_collision_monitor/share/nav2_collision_monitor/environment/path.sh
-- Symlinking: /root/nav2-ws/install/nav2_collision_monitor/share/nav2_collision_monitor/environment/path.dsv
-- Symlinking: /root/nav2-ws/install/nav2_collision_monitor/share/nav2_collision_monitor/local_setup.bash
-- Symlinking: /root/nav2-ws/install/nav2_collision_monitor/share/nav2_collision_monitor/local_setup.sh
-- Symlinking: /root/nav2-ws/install/nav2_collision_monitor/share/nav2_collision_monitor/local_setup.zsh
-- Symlinking: /root/nav2-ws/install/nav2_collision_monitor/share/nav2_collision_monitor/local_setup.dsv
-- Symlinking: /root/nav2-ws/install/nav2_collision_monitor/share/nav2_collision_monitor/package.dsv
-- Symlinking: /root/nav2-ws/install/nav2_collision_monitor/share/ament_index/resource_index/packages/nav2_collision_monitor
-- Symlinking: /root/nav2-ws/install/nav2_collision_monitor/share/ament_index/resource_index/rclcpp_components/nav2_collision_monitor
-- Symlinking: /root/nav2-ws/install/nav2_collision_monitor/share/nav2_collision_monitor/cmake/ament_cmake_export_include_directories-extras.cmake
-- Symlinking: /root/nav2-ws/install/nav2_collision_monitor/share/nav2_collision_monitor/cmake/ament_cmake_export_libraries-extras.cmake
-- Symlinking: /root/nav2-ws/install/nav2_collision_monitor/share/nav2_collision_monitor/cmake/ament_cmake_export_dependencies-extras.cmake
-- Symlinking: /root/nav2-ws/install/nav2_collision_monitor/share/nav2_collision_monitor/cmake/nav2_collision_monitorConfig.cmake
-- Symlinking: /root/nav2-ws/install/nav2_collision_monitor/share/nav2_collision_monitor/cmake/nav2_collision_monitorConfig-version.cmake
-- Symlinking: /root/nav2-ws/install/nav2_collision_monitor/share/nav2_collision_monitor/package.xml
