[0.035s] Invoking command in '/root/nav2-ws/build/nav2_behaviors': AMENT_PREFIX_PATH=/root/nav2-ws/install/nav2_core:/root/nav2-ws/install/nav2_costmap_2d:/root/nav2-ws/install/nav2_map_server:/root/nav2-ws/install/nav2_lifecycle_manager:/root/nav2-ws/install/nav2_behavior_tree:/root/nav2-ws/install/nav2_util:/root/nav2-ws/install/nav2_voxel_grid:/root/nav2-ws/install/nav2_msgs:/root/nav2-ws/install/nav2_common:${AMENT_PREFIX_PATH} CMAKE_PREFIX_PATH=/root/nav2-ws/install/nav2_core:/root/nav2-ws/install/nav2_costmap_2d:/root/nav2-ws/install/nav2_map_server:/root/nav2-ws/install/nav2_lifecycle_manager:/root/nav2-ws/install/nav2_behavior_tree:/root/nav2-ws/install/nav2_util:/root/nav2-ws/install/nav2_voxel_grid:/root/nav2-ws/install/nav2_msgs:/root/nav2-ws/install/nav2_common:/opt/ros/humble LD_LIBRARY_PATH=/root/nav2-ws/install/nav2_costmap_2d/lib:/root/nav2-ws/install/nav2_map_server/lib:/root/nav2-ws/install/nav2_lifecycle_manager/lib:/root/nav2-ws/install/nav2_behavior_tree/lib:/root/nav2-ws/install/nav2_util/lib:/root/nav2-ws/install/nav2_voxel_grid/lib:/root/nav2-ws/install/nav2_msgs/lib:${LD_LIBRARY_PATH} PYTHONPATH=/root/nav2-ws/install/nav2_msgs/local/lib/python3.10/dist-packages:/root/nav2-ws/install/nav2_common/local/lib/python3.10/dist-packages:${PYTHONPATH} /usr/bin/cmake /root/nav2-ws/src/navigation2/nav2_behaviors -DAMENT_CMAKE_SYMLINK_INSTALL=1 -DCMAKE_INSTALL_PREFIX=/root/nav2-ws/install/nav2_behaviors
[0.105s] -- The C compiler identification is GNU 11.4.0
[0.195s] -- The CXX compiler identification is GNU 11.4.0
[0.209s] -- Detecting C compiler ABI info
[0.310s] -- Detecting C compiler ABI info - done
[0.320s] -- Check for working C compiler: /usr/bin/cc - skipped
[0.321s] -- Detecting C compile features
[0.321s] -- Detecting C compile features - done
[0.326s] -- Detecting CXX compiler ABI info
[0.441s] -- Detecting CXX compiler ABI info - done
[0.452s] -- Check for working CXX compiler: /usr/bin/c++ - skipped
[0.453s] -- Detecting CXX compile features
[0.453s] -- Detecting CXX compile features - done
[0.459s] -- Found ament_cmake: 1.3.9 (/opt/ros/humble/share/ament_cmake/cmake)
[0.691s] -- Found Python3: /usr/bin/python3 (found version "3.10.12") found components: Interpreter 
[0.786s] -- Override CMake install command with custom implementation using symlinks instead of copying resources
[0.845s] -- Found nav2_common: 1.1.15 (/root/nav2-ws/install/nav2_common/share/nav2_common/cmake)
[0.849s] -- Found rclcpp: 16.0.9 (/opt/ros/humble/share/rclcpp/cmake)
[0.926s] -- Found rosidl_generator_c: 3.1.5 (/opt/ros/humble/share/rosidl_generator_c/cmake)
[0.937s] -- Found rosidl_adapter: 3.1.5 (/opt/ros/humble/share/rosidl_adapter/cmake)
[0.956s] -- Found rosidl_generator_cpp: 3.1.5 (/opt/ros/humble/share/rosidl_generator_cpp/cmake)
[0.980s] -- Using all available rosidl_typesupport_c: rosidl_typesupport_fastrtps_c;rosidl_typesupport_introspection_c
[1.014s] -- Using all available rosidl_typesupport_cpp: rosidl_typesupport_fastrtps_cpp;rosidl_typesupport_introspection_cpp
[1.124s] -- Found rmw_implementation_cmake: 6.1.2 (/opt/ros/humble/share/rmw_implementation_cmake/cmake)
[1.130s] -- Found rmw_fastrtps_cpp: 6.2.6 (/opt/ros/humble/share/rmw_fastrtps_cpp/cmake)
[1.282s] -- Found OpenSSL: /usr/lib/x86_64-linux-gnu/libcrypto.so (found version "3.0.2")  
[1.327s] -- Found FastRTPS: /opt/ros/humble/include  
[1.401s] -- Using RMW implementation 'rmw_fastrtps_cpp' as default
[1.419s] -- Looking for pthread.h
[1.523s] -- Looking for pthread.h - found
[1.524s] -- Performing Test CMAKE_HAVE_LIBC_PTHREAD
[1.632s] -- Performing Test CMAKE_HAVE_LIBC_PTHREAD - Success
[1.634s] -- Found Threads: TRUE  
[1.927s] -- Found rclcpp_action: 16.0.9 (/opt/ros/humble/share/rclcpp_action/cmake)
[2.086s] -- Found rclcpp_lifecycle: 16.0.9 (/opt/ros/humble/share/rclcpp_lifecycle/cmake)
[2.165s] -- Found rclcpp_components: 16.0.9 (/opt/ros/humble/share/rclcpp_components/cmake)
[2.296s] -- Found nav2_behavior_tree: 1.1.15 (/root/nav2-ws/install/nav2_behavior_tree/share/nav2_behavior_tree/cmake)
[3.512s] -- Found eigen3_cmake_module: 0.1.1 (/opt/ros/humble/share/eigen3_cmake_module/cmake)
[3.516s] -- Found Eigen3: TRUE (found version "3.4.0") 
[3.518s] -- Ensuring Eigen3 include directory is part of orocos-kdl CMake target
[5.136s] -- Found nav2_costmap_2d: 1.1.15 (/root/nav2-ws/install/nav2_costmap_2d/share/nav2_costmap_2d/cmake)
[7.104s] -- Found nav2_core: 1.1.15 (/root/nav2-ws/install/nav2_core/share/nav2_core/cmake)
[8.220s] -- Setting build type to Release as none was specified.
[51.816s] -- Found ament_lint_auto: 0.12.11 (/opt/ros/humble/share/ament_lint_auto/cmake)
[51.912s] -- Found gtest sources under '/opt/ros/humble/src/gtest_vendor': C++ tests using 'Google Test' will be built
[56.904s] -- Added test 'copyright' to check source files copyright and LICENSE
[56.906s] -- Added test 'cppcheck' to perform static code analysis on C / C++ code
[56.909s] -- Configured cppcheck include dirs: /root/nav2-ws/src/navigation2/nav2_behaviors/include
[56.909s] -- Configured cppcheck exclude dirs and/or files: 
[56.911s] -- Added test 'cpplint' to check C / C++ code against the Google style
[56.911s] -- Configured cpplint exclude dirs and/or files: 
[56.912s] -- Added test 'lint_cmake' to check CMake code style
[56.914s] -- Added test 'uncrustify' to check C / C++ code style
[56.914s] -- Configured uncrustify additional arguments: 
[56.914s] -- Added test 'xmllint' to check XML markup files
[56.919s] -- Configuring done
[57.441s] -- Generating done
[57.445s] -- Build files have been written to: /root/nav2-ws/build/nav2_behaviors
[57.460s] Invoked command in '/root/nav2-ws/build/nav2_behaviors' returned '0': AMENT_PREFIX_PATH=/root/nav2-ws/install/nav2_core:/root/nav2-ws/install/nav2_costmap_2d:/root/nav2-ws/install/nav2_map_server:/root/nav2-ws/install/nav2_lifecycle_manager:/root/nav2-ws/install/nav2_behavior_tree:/root/nav2-ws/install/nav2_util:/root/nav2-ws/install/nav2_voxel_grid:/root/nav2-ws/install/nav2_msgs:/root/nav2-ws/install/nav2_common:${AMENT_PREFIX_PATH} CMAKE_PREFIX_PATH=/root/nav2-ws/install/nav2_core:/root/nav2-ws/install/nav2_costmap_2d:/root/nav2-ws/install/nav2_map_server:/root/nav2-ws/install/nav2_lifecycle_manager:/root/nav2-ws/install/nav2_behavior_tree:/root/nav2-ws/install/nav2_util:/root/nav2-ws/install/nav2_voxel_grid:/root/nav2-ws/install/nav2_msgs:/root/nav2-ws/install/nav2_common:/opt/ros/humble LD_LIBRARY_PATH=/root/nav2-ws/install/nav2_costmap_2d/lib:/root/nav2-ws/install/nav2_map_server/lib:/root/nav2-ws/install/nav2_lifecycle_manager/lib:/root/nav2-ws/install/nav2_behavior_tree/lib:/root/nav2-ws/install/nav2_util/lib:/root/nav2-ws/install/nav2_voxel_grid/lib:/root/nav2-ws/install/nav2_msgs/lib:${LD_LIBRARY_PATH} PYTHONPATH=/root/nav2-ws/install/nav2_msgs/local/lib/python3.10/dist-packages:/root/nav2-ws/install/nav2_common/local/lib/python3.10/dist-packages:${PYTHONPATH} /usr/bin/cmake /root/nav2-ws/src/navigation2/nav2_behaviors -DAMENT_CMAKE_SYMLINK_INSTALL=1 -DCMAKE_INSTALL_PREFIX=/root/nav2-ws/install/nav2_behaviors
[57.462s] Invoking command in '/root/nav2-ws/build/nav2_behaviors': AMENT_PREFIX_PATH=/root/nav2-ws/install/nav2_core:/root/nav2-ws/install/nav2_costmap_2d:/root/nav2-ws/install/nav2_map_server:/root/nav2-ws/install/nav2_lifecycle_manager:/root/nav2-ws/install/nav2_behavior_tree:/root/nav2-ws/install/nav2_util:/root/nav2-ws/install/nav2_voxel_grid:/root/nav2-ws/install/nav2_msgs:/root/nav2-ws/install/nav2_common:${AMENT_PREFIX_PATH} CMAKE_PREFIX_PATH=/root/nav2-ws/install/nav2_core:/root/nav2-ws/install/nav2_costmap_2d:/root/nav2-ws/install/nav2_map_server:/root/nav2-ws/install/nav2_lifecycle_manager:/root/nav2-ws/install/nav2_behavior_tree:/root/nav2-ws/install/nav2_util:/root/nav2-ws/install/nav2_voxel_grid:/root/nav2-ws/install/nav2_msgs:/root/nav2-ws/install/nav2_common:/opt/ros/humble LD_LIBRARY_PATH=/root/nav2-ws/install/nav2_costmap_2d/lib:/root/nav2-ws/install/nav2_map_server/lib:/root/nav2-ws/install/nav2_lifecycle_manager/lib:/root/nav2-ws/install/nav2_behavior_tree/lib:/root/nav2-ws/install/nav2_util/lib:/root/nav2-ws/install/nav2_voxel_grid/lib:/root/nav2-ws/install/nav2_msgs/lib:${LD_LIBRARY_PATH} PYTHONPATH=/root/nav2-ws/install/nav2_msgs/local/lib/python3.10/dist-packages:/root/nav2-ws/install/nav2_common/local/lib/python3.10/dist-packages:${PYTHONPATH} /usr/bin/cmake --build /root/nav2-ws/build/nav2_behaviors -- -j8 -l8
[57.527s] [ 10%] [32mBuilding CXX object CMakeFiles/nav2_assisted_teleop_behavior.dir/plugins/assisted_teleop.cpp.o[0m
[57.529s] [ 10%] [32mBuilding CXX object CMakeFiles/nav2_drive_on_heading_behavior.dir/plugins/drive_on_heading.cpp.o[0m
[57.531s] [ 15%] [32mBuilding CXX object CMakeFiles/nav2_wait_behavior.dir/plugins/wait.cpp.o[0m
[57.533s] [ 25%] [32mBuilding CXX object gtest/CMakeFiles/gtest.dir/src/gtest-all.cc.o[0m
[57.533s] [ 25%] [32mBuilding CXX object CMakeFiles/nav2_spin_behavior.dir/plugins/spin.cpp.o[0m
[57.536s] [ 30%] [32mBuilding CXX object CMakeFiles/behavior_server_core.dir/src/behavior_server.cpp.o[0m
[57.542s] [ 35%] [32mBuilding CXX object gtest/CMakeFiles/gtest_main.dir/src/gtest_main.cc.o[0m
[57.544s] [ 40%] [32mBuilding CXX object CMakeFiles/nav2_back_up_behavior.dir/plugins/back_up.cpp.o[0m
[59.280s] [ 45%] [32m[1mLinking CXX static library libgtest_main.a[0m
[59.454s] [ 45%] Built target gtest_main
[70.334s] [ 50%] [32m[1mLinking CXX static library libgtest.a[0m
[70.396s] [ 50%] Built target gtest
[70.441s] [ 55%] [32mBuilding CXX object test/CMakeFiles/test_behaviors.dir/test_behaviors.cpp.o[0m
[72.881s] [ 60%] [32m[1mLinking CXX shared library libnav2_wait_behavior.so[0m
[72.948s] [ 65%] [32m[1mLinking CXX shared library libnav2_drive_on_heading_behavior.so[0m
[73.155s] [ 70%] [32m[1mLinking CXX shared library libnav2_back_up_behavior.so[0m
[73.190s] [ 75%] [32m[1mLinking CXX shared library libnav2_spin_behavior.so[0m
[73.808s] [ 75%] Built target nav2_wait_behavior
[73.956s] [ 75%] Built target nav2_drive_on_heading_behavior
[74.154s] [ 75%] Built target nav2_spin_behavior
[74.160s] [ 75%] Built target nav2_back_up_behavior
[74.686s] [ 80%] [32m[1mLinking CXX shared library libbehavior_server_core.so[0m
[75.152s] [ 80%] Built target behavior_server_core
[75.175s] [ 85%] [32mBuilding CXX object CMakeFiles/behavior_server.dir/src/main.cpp.o[0m
[80.550s] [ 90%] [32m[1mLinking CXX executable behavior_server[0m
[80.944s] [ 90%] Built target behavior_server
[83.636s] [ 95%] [32m[1mLinking CXX shared library libnav2_assisted_teleop_behavior.so[0m
[84.176s] [ 95%] Built target nav2_assisted_teleop_behavior
[84.736s] [100%] [32m[1mLinking CXX executable test_behaviors[0m
[85.254s] [100%] Built target test_behaviors
[85.264s] Invoked command in '/root/nav2-ws/build/nav2_behaviors' returned '0': AMENT_PREFIX_PATH=/root/nav2-ws/install/nav2_core:/root/nav2-ws/install/nav2_costmap_2d:/root/nav2-ws/install/nav2_map_server:/root/nav2-ws/install/nav2_lifecycle_manager:/root/nav2-ws/install/nav2_behavior_tree:/root/nav2-ws/install/nav2_util:/root/nav2-ws/install/nav2_voxel_grid:/root/nav2-ws/install/nav2_msgs:/root/nav2-ws/install/nav2_common:${AMENT_PREFIX_PATH} CMAKE_PREFIX_PATH=/root/nav2-ws/install/nav2_core:/root/nav2-ws/install/nav2_costmap_2d:/root/nav2-ws/install/nav2_map_server:/root/nav2-ws/install/nav2_lifecycle_manager:/root/nav2-ws/install/nav2_behavior_tree:/root/nav2-ws/install/nav2_util:/root/nav2-ws/install/nav2_voxel_grid:/root/nav2-ws/install/nav2_msgs:/root/nav2-ws/install/nav2_common:/opt/ros/humble LD_LIBRARY_PATH=/root/nav2-ws/install/nav2_costmap_2d/lib:/root/nav2-ws/install/nav2_map_server/lib:/root/nav2-ws/install/nav2_lifecycle_manager/lib:/root/nav2-ws/install/nav2_behavior_tree/lib:/root/nav2-ws/install/nav2_util/lib:/root/nav2-ws/install/nav2_voxel_grid/lib:/root/nav2-ws/install/nav2_msgs/lib:${LD_LIBRARY_PATH} PYTHONPATH=/root/nav2-ws/install/nav2_msgs/local/lib/python3.10/dist-packages:/root/nav2-ws/install/nav2_common/local/lib/python3.10/dist-packages:${PYTHONPATH} /usr/bin/cmake --build /root/nav2-ws/build/nav2_behaviors -- -j8 -l8
[85.299s] Invoking command in '/root/nav2-ws/build/nav2_behaviors': AMENT_PREFIX_PATH=/root/nav2-ws/install/nav2_core:/root/nav2-ws/install/nav2_costmap_2d:/root/nav2-ws/install/nav2_map_server:/root/nav2-ws/install/nav2_lifecycle_manager:/root/nav2-ws/install/nav2_behavior_tree:/root/nav2-ws/install/nav2_util:/root/nav2-ws/install/nav2_voxel_grid:/root/nav2-ws/install/nav2_msgs:/root/nav2-ws/install/nav2_common:${AMENT_PREFIX_PATH} CMAKE_PREFIX_PATH=/root/nav2-ws/install/nav2_core:/root/nav2-ws/install/nav2_costmap_2d:/root/nav2-ws/install/nav2_map_server:/root/nav2-ws/install/nav2_lifecycle_manager:/root/nav2-ws/install/nav2_behavior_tree:/root/nav2-ws/install/nav2_util:/root/nav2-ws/install/nav2_voxel_grid:/root/nav2-ws/install/nav2_msgs:/root/nav2-ws/install/nav2_common:/opt/ros/humble LD_LIBRARY_PATH=/root/nav2-ws/install/nav2_costmap_2d/lib:/root/nav2-ws/install/nav2_map_server/lib:/root/nav2-ws/install/nav2_lifecycle_manager/lib:/root/nav2-ws/install/nav2_behavior_tree/lib:/root/nav2-ws/install/nav2_util/lib:/root/nav2-ws/install/nav2_voxel_grid/lib:/root/nav2-ws/install/nav2_msgs/lib:${LD_LIBRARY_PATH} PYTHONPATH=/root/nav2-ws/install/nav2_msgs/local/lib/python3.10/dist-packages:/root/nav2-ws/install/nav2_common/local/lib/python3.10/dist-packages:${PYTHONPATH} /usr/bin/cmake --install /root/nav2-ws/build/nav2_behaviors
[85.305s] -- Install configuration: "Release"
[85.306s] -- Execute custom install script
[85.306s] -- Symlinking: /root/nav2-ws/install/nav2_behaviors/share/nav2_behaviors//behavior_plugin.xml
[85.314s] -- Symlinking: /root/nav2-ws/install/nav2_behaviors/lib/libbehavior_server_core.so
[85.321s] -- Symlinking: /root/nav2-ws/install/nav2_behaviors/lib/libnav2_spin_behavior.so
[85.329s] -- Symlinking: /root/nav2-ws/install/nav2_behaviors/lib/libnav2_wait_behavior.so
[85.337s] -- Symlinking: /root/nav2-ws/install/nav2_behaviors/lib/libnav2_assisted_teleop_behavior.so
[85.346s] -- Symlinking: /root/nav2-ws/install/nav2_behaviors/lib/libnav2_drive_on_heading_behavior.so
[85.354s] -- Symlinking: /root/nav2-ws/install/nav2_behaviors/lib/libnav2_back_up_behavior.so
[85.362s] -- Symlinking: /root/nav2-ws/install/nav2_behaviors/lib/nav2_behaviors/behavior_server
[85.371s] -- Symlinking: /root/nav2-ws/install/nav2_behaviors/include//nav2_behaviors/behavior_server.hpp
[85.378s] -- Symlinking: /root/nav2-ws/install/nav2_behaviors/include//nav2_behaviors/plugins/assisted_teleop.hpp
[85.385s] -- Symlinking: /root/nav2-ws/install/nav2_behaviors/include//nav2_behaviors/plugins/back_up.hpp
[85.393s] -- Symlinking: /root/nav2-ws/install/nav2_behaviors/include//nav2_behaviors/plugins/drive_on_heading.hpp
[85.400s] -- Symlinking: /root/nav2-ws/install/nav2_behaviors/include//nav2_behaviors/plugins/spin.hpp
[85.408s] -- Symlinking: /root/nav2-ws/install/nav2_behaviors/include//nav2_behaviors/plugins/wait.hpp
[85.415s] -- Symlinking: /root/nav2-ws/install/nav2_behaviors/include//nav2_behaviors/timed_behavior.hpp
[85.424s] -- Up-to-date symlink: /root/nav2-ws/install/nav2_behaviors/share/nav2_behaviors/behavior_plugin.xml
[85.424s] -- Symlinking: /root/nav2-ws/install/nav2_behaviors/share/nav2_behaviors/plugins//assisted_teleop.cpp
[85.432s] -- Symlinking: /root/nav2-ws/install/nav2_behaviors/share/nav2_behaviors/plugins//back_up.cpp
[85.439s] -- Symlinking: /root/nav2-ws/install/nav2_behaviors/share/nav2_behaviors/plugins//drive_on_heading.cpp
[85.447s] -- Symlinking: /root/nav2-ws/install/nav2_behaviors/share/nav2_behaviors/plugins//spin.cpp
[85.454s] -- Symlinking: /root/nav2-ws/install/nav2_behaviors/share/nav2_behaviors/plugins//wait.cpp
[85.463s] -- Symlinking: /root/nav2-ws/install/nav2_behaviors/share/nav2_behaviors/environment/library_path.sh
[85.471s] -- Symlinking: /root/nav2-ws/install/nav2_behaviors/share/nav2_behaviors/environment/library_path.dsv
[85.480s] -- Symlinking: /root/nav2-ws/install/nav2_behaviors/share/ament_index/resource_index/package_run_dependencies/nav2_behaviors
[85.489s] -- Symlinking: /root/nav2-ws/install/nav2_behaviors/share/ament_index/resource_index/parent_prefix_path/nav2_behaviors
[85.498s] -- Symlinking: /root/nav2-ws/install/nav2_behaviors/share/nav2_behaviors/environment/ament_prefix_path.sh
[85.507s] -- Symlinking: /root/nav2-ws/install/nav2_behaviors/share/nav2_behaviors/environment/ament_prefix_path.dsv
[85.517s] -- Symlinking: /root/nav2-ws/install/nav2_behaviors/share/nav2_behaviors/environment/path.sh
[85.526s] -- Symlinking: /root/nav2-ws/install/nav2_behaviors/share/nav2_behaviors/environment/path.dsv
[85.534s] -- Symlinking: /root/nav2-ws/install/nav2_behaviors/share/nav2_behaviors/local_setup.bash
[85.542s] -- Symlinking: /root/nav2-ws/install/nav2_behaviors/share/nav2_behaviors/local_setup.sh
[85.550s] -- Symlinking: /root/nav2-ws/install/nav2_behaviors/share/nav2_behaviors/local_setup.zsh
[85.558s] -- Symlinking: /root/nav2-ws/install/nav2_behaviors/share/nav2_behaviors/local_setup.dsv
[85.566s] -- Symlinking: /root/nav2-ws/install/nav2_behaviors/share/nav2_behaviors/package.dsv
[85.574s] -- Symlinking: /root/nav2-ws/install/nav2_behaviors/share/ament_index/resource_index/packages/nav2_behaviors
[85.582s] -- Symlinking: /root/nav2-ws/install/nav2_behaviors/share/ament_index/resource_index/nav2_core__pluginlib__plugin/nav2_behaviors
[85.590s] -- Symlinking: /root/nav2-ws/install/nav2_behaviors/share/ament_index/resource_index/rclcpp_components/nav2_behaviors
[85.598s] -- Symlinking: /root/nav2-ws/install/nav2_behaviors/share/nav2_behaviors/cmake/ament_cmake_export_include_directories-extras.cmake
[85.606s] -- Symlinking: /root/nav2-ws/install/nav2_behaviors/share/nav2_behaviors/cmake/ament_cmake_export_libraries-extras.cmake
[85.614s] -- Symlinking: /root/nav2-ws/install/nav2_behaviors/share/nav2_behaviors/cmake/ament_cmake_export_dependencies-extras.cmake
[85.621s] -- Symlinking: /root/nav2-ws/install/nav2_behaviors/share/nav2_behaviors/cmake/nav2_behaviorsConfig.cmake
[85.631s] -- Symlinking: /root/nav2-ws/install/nav2_behaviors/share/nav2_behaviors/cmake/nav2_behaviorsConfig-version.cmake
[85.641s] -- Symlinking: /root/nav2-ws/install/nav2_behaviors/share/nav2_behaviors/package.xml
[85.650s] Invoked command in '/root/nav2-ws/build/nav2_behaviors' returned '0': AMENT_PREFIX_PATH=/root/nav2-ws/install/nav2_core:/root/nav2-ws/install/nav2_costmap_2d:/root/nav2-ws/install/nav2_map_server:/root/nav2-ws/install/nav2_lifecycle_manager:/root/nav2-ws/install/nav2_behavior_tree:/root/nav2-ws/install/nav2_util:/root/nav2-ws/install/nav2_voxel_grid:/root/nav2-ws/install/nav2_msgs:/root/nav2-ws/install/nav2_common:${AMENT_PREFIX_PATH} CMAKE_PREFIX_PATH=/root/nav2-ws/install/nav2_core:/root/nav2-ws/install/nav2_costmap_2d:/root/nav2-ws/install/nav2_map_server:/root/nav2-ws/install/nav2_lifecycle_manager:/root/nav2-ws/install/nav2_behavior_tree:/root/nav2-ws/install/nav2_util:/root/nav2-ws/install/nav2_voxel_grid:/root/nav2-ws/install/nav2_msgs:/root/nav2-ws/install/nav2_common:/opt/ros/humble LD_LIBRARY_PATH=/root/nav2-ws/install/nav2_costmap_2d/lib:/root/nav2-ws/install/nav2_map_server/lib:/root/nav2-ws/install/nav2_lifecycle_manager/lib:/root/nav2-ws/install/nav2_behavior_tree/lib:/root/nav2-ws/install/nav2_util/lib:/root/nav2-ws/install/nav2_voxel_grid/lib:/root/nav2-ws/install/nav2_msgs/lib:${LD_LIBRARY_PATH} PYTHONPATH=/root/nav2-ws/install/nav2_msgs/local/lib/python3.10/dist-packages:/root/nav2-ws/install/nav2_common/local/lib/python3.10/dist-packages:${PYTHONPATH} /usr/bin/cmake --install /root/nav2-ws/build/nav2_behaviors
