-- The C compiler identification is GNU 11.4.0
-- The CXX compiler identification is GNU 11.4.0
-- Detecting C compiler ABI info
-- Detecting C compiler ABI info - done
-- Check for working C compiler: /usr/bin/cc - skipped
-- Detecting C compile features
-- Detecting C compile features - done
-- Detecting CXX compiler ABI info
-- Detecting CXX compiler ABI info - done
-- Check for working CXX compiler: /usr/bin/c++ - skipped
-- Detecting CXX compile features
-- Detecting CXX compile features - done
-- Found ament_cmake: 1.3.9 (/opt/ros/humble/share/ament_cmake/cmake)
-- Found Python3: /usr/bin/python3 (found version "3.10.12") found components: Interpreter 
-- Override CMake install command with custom implementation using symlinks instead of copying resources
-- Found nav2_common: 1.1.15 (/root/nav2-ws/install/nav2_common/share/nav2_common/cmake)
-- Found angles: 1.15.0 (/opt/ros/humble/share/angles/cmake)
-- Found dwb_core: 1.1.15 (/root/nav2-ws/install/dwb_core/share/dwb_core/cmake)
-- Found rosidl_generator_c: 3.1.5 (/opt/ros/humble/share/rosidl_generator_c/cmake)
-- Found rosidl_adapter: 3.1.5 (/opt/ros/humble/share/rosidl_adapter/cmake)
-- Found rosidl_generator_cpp: 3.1.5 (/opt/ros/humble/share/rosidl_generator_cpp/cmake)
-- Using all available rosidl_typesupport_c: rosidl_typesupport_fastrtps_c;rosidl_typesupport_introspection_c
-- Using all available rosidl_typesupport_cpp: rosidl_typesupport_fastrtps_cpp;rosidl_typesupport_introspection_cpp
-- Found rmw_implementation_cmake: 6.1.2 (/opt/ros/humble/share/rmw_implementation_cmake/cmake)
-- Found rmw_fastrtps_cpp: 6.2.6 (/opt/ros/humble/share/rmw_fastrtps_cpp/cmake)
-- Found OpenSSL: /usr/lib/x86_64-linux-gnu/libcrypto.so (found version "3.0.2")  
-- Found FastRTPS: /opt/ros/humble/include  
-- Using RMW implementation 'rmw_fastrtps_cpp' as default
-- Looking for pthread.h
-- Looking for pthread.h - found
-- Performing Test CMAKE_HAVE_LIBC_PTHREAD
-- Performing Test CMAKE_HAVE_LIBC_PTHREAD - Success
-- Found Threads: TRUE  
-- Found Eigen3: TRUE (found version "3.4.0") 
-- Ensuring Eigen3 include directory is part of orocos-kdl CMake target
-- Setting build type to Release as none was specified.
-- Found ament_lint_auto: 0.12.11 (/opt/ros/humble/share/ament_lint_auto/cmake)
-- Found gtest sources under '/opt/ros/humble/src/gtest_vendor': C++ tests using 'Google Test' will be built
-- Added test 'cppcheck' to perform static code analysis on C / C++ code
-- Configured cppcheck include dirs: /root/nav2-ws/src/navigation2/nav2_dwb_controller/dwb_plugins/include
-- Configured cppcheck exclude dirs and/or files: 
-- Added test 'cpplint' to check C / C++ code against the Google style
-- Configured cpplint exclude dirs and/or files: 
-- Added test 'lint_cmake' to check CMake code style
-- Added test 'uncrustify' to check C / C++ code style
-- Configured uncrustify additional arguments: 
-- Added test 'xmllint' to check XML markup files
-- Configuring done
-- Generating done
-- Build files have been written to: /root/nav2-ws/build/dwb_plugins
[  5%] [32mBuilding CXX object CMakeFiles/standard_traj_generator.dir/src/standard_traj_generator.cpp.o[0m
[ 11%] [32mBuilding CXX object CMakeFiles/standard_traj_generator.dir/src/xy_theta_iterator.cpp.o[0m
[ 17%] [32mBuilding CXX object CMakeFiles/standard_traj_generator.dir/src/kinematic_parameters.cpp.o[0m
[ 23%] [32mBuilding CXX object CMakeFiles/standard_traj_generator.dir/src/limited_accel_generator.cpp.o[0m
[ 29%] [32m[1mLinking CXX shared library libstandard_traj_generator.so[0m
[ 29%] Built target standard_traj_generator
[ 35%] [32mBuilding CXX object gtest/CMakeFiles/gtest.dir/src/gtest-all.cc.o[0m
[ 41%] [32m[1mLinking CXX static library libgtest.a[0m
[ 41%] Built target gtest
[ 47%] [32mBuilding CXX object gtest/CMakeFiles/gtest_main.dir/src/gtest_main.cc.o[0m
[ 52%] [32m[1mLinking CXX static library libgtest_main.a[0m
[ 52%] Built target gtest_main
[ 58%] [32mBuilding CXX object test/CMakeFiles/vtest.dir/velocity_iterator_test.cpp.o[0m
[ 64%] [32m[1mLinking CXX executable vtest[0m
[ 64%] Built target vtest
[ 70%] [32mBuilding CXX object test/CMakeFiles/speed_limit_test.dir/speed_limit_test.cpp.o[0m
[ 76%] [32m[1mLinking CXX executable speed_limit_test[0m
[ 76%] Built target speed_limit_test
[ 82%] [32mBuilding CXX object test/CMakeFiles/kinematic_parameters_test.dir/kinematic_parameters_test.cpp.o[0m
[ 88%] [32m[1mLinking CXX executable kinematic_parameters_test[0m
[ 88%] Built target kinematic_parameters_test
[ 94%] [32mBuilding CXX object test/CMakeFiles/twist_gen_test.dir/twist_gen.cpp.o[0m
[100%] [32m[1mLinking CXX executable twist_gen_test[0m
[100%] Built target twist_gen_test
-- Install configuration: "Release"
-- Execute custom install script
-- Symlinking: /root/nav2-ws/install/dwb_plugins/lib/libstandard_traj_generator.so
-- Symlinking: /root/nav2-ws/install/dwb_plugins/include//dwb_plugins/kinematic_parameters.hpp
-- Symlinking: /root/nav2-ws/install/dwb_plugins/include//dwb_plugins/limited_accel_generator.hpp
-- Symlinking: /root/nav2-ws/install/dwb_plugins/include//dwb_plugins/one_d_velocity_iterator.hpp
-- Symlinking: /root/nav2-ws/install/dwb_plugins/include//dwb_plugins/standard_traj_generator.hpp
-- Symlinking: /root/nav2-ws/install/dwb_plugins/include//dwb_plugins/velocity_iterator.hpp
-- Symlinking: /root/nav2-ws/install/dwb_plugins/include//dwb_plugins/xy_theta_iterator.hpp
-- Symlinking: /root/nav2-ws/install/dwb_plugins/share/dwb_plugins/plugins.xml
-- Symlinking: /root/nav2-ws/install/dwb_plugins/share/dwb_plugins/environment/library_path.sh
-- Symlinking: /root/nav2-ws/install/dwb_plugins/share/dwb_plugins/environment/library_path.dsv
-- Up-to-date symlink: /root/nav2-ws/install/dwb_plugins/share/dwb_plugins//plugins.xml
-- Symlinking: /root/nav2-ws/install/dwb_plugins/share/ament_index/resource_index/package_run_dependencies/dwb_plugins
-- Symlinking: /root/nav2-ws/install/dwb_plugins/share/ament_index/resource_index/parent_prefix_path/dwb_plugins
-- Symlinking: /root/nav2-ws/install/dwb_plugins/share/dwb_plugins/environment/ament_prefix_path.sh
-- Symlinking: /root/nav2-ws/install/dwb_plugins/share/dwb_plugins/environment/ament_prefix_path.dsv
-- Symlinking: /root/nav2-ws/install/dwb_plugins/share/dwb_plugins/environment/path.sh
-- Symlinking: /root/nav2-ws/install/dwb_plugins/share/dwb_plugins/environment/path.dsv
-- Symlinking: /root/nav2-ws/install/dwb_plugins/share/dwb_plugins/local_setup.bash
-- Symlinking: /root/nav2-ws/install/dwb_plugins/share/dwb_plugins/local_setup.sh
-- Symlinking: /root/nav2-ws/install/dwb_plugins/share/dwb_plugins/local_setup.zsh
-- Symlinking: /root/nav2-ws/install/dwb_plugins/share/dwb_plugins/local_setup.dsv
-- Symlinking: /root/nav2-ws/install/dwb_plugins/share/dwb_plugins/package.dsv
-- Symlinking: /root/nav2-ws/install/dwb_plugins/share/ament_index/resource_index/packages/dwb_plugins
-- Symlinking: /root/nav2-ws/install/dwb_plugins/share/ament_index/resource_index/dwb_core__pluginlib__plugin/dwb_plugins
-- Symlinking: /root/nav2-ws/install/dwb_plugins/share/dwb_plugins/cmake/ament_cmake_export_include_directories-extras.cmake
-- Symlinking: /root/nav2-ws/install/dwb_plugins/share/dwb_plugins/cmake/ament_cmake_export_libraries-extras.cmake
-- Symlinking: /root/nav2-ws/install/dwb_plugins/share/dwb_plugins/cmake/dwb_pluginsConfig.cmake
-- Symlinking: /root/nav2-ws/install/dwb_plugins/share/dwb_plugins/cmake/dwb_pluginsConfig-version.cmake
-- Symlinking: /root/nav2-ws/install/dwb_plugins/share/dwb_plugins/package.xml
