[0.059s] Invoking command in '/root/nav2-ws/build/dwb_plugins': AMENT_PREFIX_PATH=/root/nav2-ws/install/dwb_core:/root/nav2-ws/install/nav2_core:/root/nav2-ws/install/nav2_costmap_2d:/root/nav2-ws/install/nav_2d_utils:/root/nav2-ws/install/nav2_map_server:/root/nav2-ws/install/nav2_lifecycle_manager:/root/nav2-ws/install/nav2_util:/root/nav2-ws/install/nav2_voxel_grid:/root/nav2-ws/install/nav2_msgs:/root/nav2-ws/install/dwb_msgs:/root/nav2-ws/install/nav_2d_msgs:/root/nav2-ws/install/nav2_common:${AMENT_PREFIX_PATH} CMAKE_PREFIX_PATH=/root/nav2-ws/install/dwb_core:/root/nav2-ws/install/nav2_core:/root/nav2-ws/install/nav2_costmap_2d:/root/nav2-ws/install/nav_2d_utils:/root/nav2-ws/install/nav2_map_server:/root/nav2-ws/install/nav2_lifecycle_manager:/root/nav2-ws/install/nav2_util:/root/nav2-ws/install/nav2_voxel_grid:/root/nav2-ws/install/nav2_msgs:/root/nav2-ws/install/dwb_msgs:/root/nav2-ws/install/nav_2d_msgs:/root/nav2-ws/install/nav2_common:/opt/ros/humble LD_LIBRARY_PATH=/root/nav2-ws/install/dwb_core/lib:/root/nav2-ws/install/nav2_costmap_2d/lib:/root/nav2-ws/install/nav_2d_utils/lib:/root/nav2-ws/install/nav2_map_server/lib:/root/nav2-ws/install/nav2_lifecycle_manager/lib:/root/nav2-ws/install/nav2_util/lib:/root/nav2-ws/install/nav2_voxel_grid/lib:/root/nav2-ws/install/nav2_msgs/lib:/root/nav2-ws/install/dwb_msgs/lib:/root/nav2-ws/install/nav_2d_msgs/lib:${LD_LIBRARY_PATH} PYTHONPATH=/root/nav2-ws/install/nav2_msgs/local/lib/python3.10/dist-packages:/root/nav2-ws/install/dwb_msgs/local/lib/python3.10/dist-packages:/root/nav2-ws/install/nav_2d_msgs/local/lib/python3.10/dist-packages:/root/nav2-ws/install/nav2_common/local/lib/python3.10/dist-packages:${PYTHONPATH} /usr/bin/cmake /root/nav2-ws/src/navigation2/nav2_dwb_controller/dwb_plugins -DAMENT_CMAKE_SYMLINK_INSTALL=1 -DCMAKE_INSTALL_PREFIX=/root/nav2-ws/install/dwb_plugins
[30.913s] -- The C compiler identification is GNU 11.4.0
[30.914s] -- The CXX compiler identification is GNU 11.4.0
[30.914s] -- Detecting C compiler ABI info
[30.914s] -- Detecting C compiler ABI info - done
[30.914s] -- Check for working C compiler: /usr/bin/cc - skipped
[30.914s] -- Detecting C compile features
[30.914s] -- Detecting C compile features - done
[30.914s] -- Detecting CXX compiler ABI info
[30.915s] -- Detecting CXX compiler ABI info - done
[30.915s] -- Check for working CXX compiler: /usr/bin/c++ - skipped
[30.915s] -- Detecting CXX compile features
[30.915s] -- Detecting CXX compile features - done
[30.915s] -- Found ament_cmake: 1.3.9 (/opt/ros/humble/share/ament_cmake/cmake)
[30.915s] -- Found Python3: /usr/bin/python3 (found version "3.10.12") found components: Interpreter 
[30.915s] -- Override CMake install command with custom implementation using symlinks instead of copying resources
[30.915s] -- Found nav2_common: 1.1.15 (/root/nav2-ws/install/nav2_common/share/nav2_common/cmake)
[30.915s] -- Found angles: 1.15.0 (/opt/ros/humble/share/angles/cmake)
[30.915s] -- Found dwb_core: 1.1.15 (/root/nav2-ws/install/dwb_core/share/dwb_core/cmake)
[30.916s] -- Found rosidl_generator_c: 3.1.5 (/opt/ros/humble/share/rosidl_generator_c/cmake)
[30.916s] -- Found rosidl_adapter: 3.1.5 (/opt/ros/humble/share/rosidl_adapter/cmake)
[30.916s] -- Found rosidl_generator_cpp: 3.1.5 (/opt/ros/humble/share/rosidl_generator_cpp/cmake)
[30.916s] -- Using all available rosidl_typesupport_c: rosidl_typesupport_fastrtps_c;rosidl_typesupport_introspection_c
[30.916s] -- Using all available rosidl_typesupport_cpp: rosidl_typesupport_fastrtps_cpp;rosidl_typesupport_introspection_cpp
[30.916s] -- Found rmw_implementation_cmake: 6.1.2 (/opt/ros/humble/share/rmw_implementation_cmake/cmake)
[30.916s] -- Found rmw_fastrtps_cpp: 6.2.6 (/opt/ros/humble/share/rmw_fastrtps_cpp/cmake)
[30.916s] -- Found OpenSSL: /usr/lib/x86_64-linux-gnu/libcrypto.so (found version "3.0.2")  
[30.917s] -- Found FastRTPS: /opt/ros/humble/include  
[30.917s] -- Using RMW implementation 'rmw_fastrtps_cpp' as default
[30.917s] -- Looking for pthread.h
[30.917s] -- Looking for pthread.h - found
[30.917s] -- Performing Test CMAKE_HAVE_LIBC_PTHREAD
[30.917s] -- Performing Test CMAKE_HAVE_LIBC_PTHREAD - Success
[30.917s] -- Found Threads: TRUE  
[30.925s] -- Found Eigen3: TRUE (found version "3.4.0") 
[30.926s] -- Ensuring Eigen3 include directory is part of orocos-kdl CMake target
[30.926s] -- Setting build type to Release as none was specified.
[30.926s] -- Found ament_lint_auto: 0.12.11 (/opt/ros/humble/share/ament_lint_auto/cmake)
[30.926s] -- Found gtest sources under '/opt/ros/humble/src/gtest_vendor': C++ tests using 'Google Test' will be built
[30.926s] -- Added test 'cppcheck' to perform static code analysis on C / C++ code
[30.926s] -- Configured cppcheck include dirs: /root/nav2-ws/src/navigation2/nav2_dwb_controller/dwb_plugins/include
[30.926s] -- Configured cppcheck exclude dirs and/or files: 
[30.926s] -- Added test 'cpplint' to check C / C++ code against the Google style
[30.926s] -- Configured cpplint exclude dirs and/or files: 
[30.927s] -- Added test 'lint_cmake' to check CMake code style
[30.927s] -- Added test 'uncrustify' to check C / C++ code style
[30.927s] -- Configured uncrustify additional arguments: 
[30.927s] -- Added test 'xmllint' to check XML markup files
[30.927s] -- Configuring done
[30.927s] -- Generating done
[30.927s] -- Build files have been written to: /root/nav2-ws/build/dwb_plugins
[30.931s] Invoked command in '/root/nav2-ws/build/dwb_plugins' returned '0': AMENT_PREFIX_PATH=/root/nav2-ws/install/dwb_core:/root/nav2-ws/install/nav2_core:/root/nav2-ws/install/nav2_costmap_2d:/root/nav2-ws/install/nav_2d_utils:/root/nav2-ws/install/nav2_map_server:/root/nav2-ws/install/nav2_lifecycle_manager:/root/nav2-ws/install/nav2_util:/root/nav2-ws/install/nav2_voxel_grid:/root/nav2-ws/install/nav2_msgs:/root/nav2-ws/install/dwb_msgs:/root/nav2-ws/install/nav_2d_msgs:/root/nav2-ws/install/nav2_common:${AMENT_PREFIX_PATH} CMAKE_PREFIX_PATH=/root/nav2-ws/install/dwb_core:/root/nav2-ws/install/nav2_core:/root/nav2-ws/install/nav2_costmap_2d:/root/nav2-ws/install/nav_2d_utils:/root/nav2-ws/install/nav2_map_server:/root/nav2-ws/install/nav2_lifecycle_manager:/root/nav2-ws/install/nav2_util:/root/nav2-ws/install/nav2_voxel_grid:/root/nav2-ws/install/nav2_msgs:/root/nav2-ws/install/dwb_msgs:/root/nav2-ws/install/nav_2d_msgs:/root/nav2-ws/install/nav2_common:/opt/ros/humble LD_LIBRARY_PATH=/root/nav2-ws/install/dwb_core/lib:/root/nav2-ws/install/nav2_costmap_2d/lib:/root/nav2-ws/install/nav_2d_utils/lib:/root/nav2-ws/install/nav2_map_server/lib:/root/nav2-ws/install/nav2_lifecycle_manager/lib:/root/nav2-ws/install/nav2_util/lib:/root/nav2-ws/install/nav2_voxel_grid/lib:/root/nav2-ws/install/nav2_msgs/lib:/root/nav2-ws/install/dwb_msgs/lib:/root/nav2-ws/install/nav_2d_msgs/lib:${LD_LIBRARY_PATH} PYTHONPATH=/root/nav2-ws/install/nav2_msgs/local/lib/python3.10/dist-packages:/root/nav2-ws/install/dwb_msgs/local/lib/python3.10/dist-packages:/root/nav2-ws/install/nav_2d_msgs/local/lib/python3.10/dist-packages:/root/nav2-ws/install/nav2_common/local/lib/python3.10/dist-packages:${PYTHONPATH} /usr/bin/cmake /root/nav2-ws/src/navigation2/nav2_dwb_controller/dwb_plugins -DAMENT_CMAKE_SYMLINK_INSTALL=1 -DCMAKE_INSTALL_PREFIX=/root/nav2-ws/install/dwb_plugins
[30.931s] Invoking command in '/root/nav2-ws/build/dwb_plugins': AMENT_PREFIX_PATH=/root/nav2-ws/install/dwb_core:/root/nav2-ws/install/nav2_core:/root/nav2-ws/install/nav2_costmap_2d:/root/nav2-ws/install/nav_2d_utils:/root/nav2-ws/install/nav2_map_server:/root/nav2-ws/install/nav2_lifecycle_manager:/root/nav2-ws/install/nav2_util:/root/nav2-ws/install/nav2_voxel_grid:/root/nav2-ws/install/nav2_msgs:/root/nav2-ws/install/dwb_msgs:/root/nav2-ws/install/nav_2d_msgs:/root/nav2-ws/install/nav2_common:${AMENT_PREFIX_PATH} CMAKE_PREFIX_PATH=/root/nav2-ws/install/dwb_core:/root/nav2-ws/install/nav2_core:/root/nav2-ws/install/nav2_costmap_2d:/root/nav2-ws/install/nav_2d_utils:/root/nav2-ws/install/nav2_map_server:/root/nav2-ws/install/nav2_lifecycle_manager:/root/nav2-ws/install/nav2_util:/root/nav2-ws/install/nav2_voxel_grid:/root/nav2-ws/install/nav2_msgs:/root/nav2-ws/install/dwb_msgs:/root/nav2-ws/install/nav_2d_msgs:/root/nav2-ws/install/nav2_common:/opt/ros/humble LD_LIBRARY_PATH=/root/nav2-ws/install/dwb_core/lib:/root/nav2-ws/install/nav2_costmap_2d/lib:/root/nav2-ws/install/nav_2d_utils/lib:/root/nav2-ws/install/nav2_map_server/lib:/root/nav2-ws/install/nav2_lifecycle_manager/lib:/root/nav2-ws/install/nav2_util/lib:/root/nav2-ws/install/nav2_voxel_grid/lib:/root/nav2-ws/install/nav2_msgs/lib:/root/nav2-ws/install/dwb_msgs/lib:/root/nav2-ws/install/nav_2d_msgs/lib:${LD_LIBRARY_PATH} PYTHONPATH=/root/nav2-ws/install/nav2_msgs/local/lib/python3.10/dist-packages:/root/nav2-ws/install/dwb_msgs/local/lib/python3.10/dist-packages:/root/nav2-ws/install/nav_2d_msgs/local/lib/python3.10/dist-packages:/root/nav2-ws/install/nav2_common/local/lib/python3.10/dist-packages:${PYTHONPATH} /usr/bin/cmake --build /root/nav2-ws/build/dwb_plugins -- -j8 -l8
[83.145s] [  5%] [32mBuilding CXX object CMakeFiles/standard_traj_generator.dir/src/standard_traj_generator.cpp.o[0m
[83.146s] [ 11%] [32mBuilding CXX object CMakeFiles/standard_traj_generator.dir/src/xy_theta_iterator.cpp.o[0m
[83.148s] [ 17%] [32mBuilding CXX object CMakeFiles/standard_traj_generator.dir/src/kinematic_parameters.cpp.o[0m
[83.149s] [ 23%] [32mBuilding CXX object CMakeFiles/standard_traj_generator.dir/src/limited_accel_generator.cpp.o[0m
[83.151s] [ 29%] [32m[1mLinking CXX shared library libstandard_traj_generator.so[0m
[83.152s] [ 29%] Built target standard_traj_generator
[83.154s] [ 35%] [32mBuilding CXX object gtest/CMakeFiles/gtest.dir/src/gtest-all.cc.o[0m
[83.155s] [ 41%] [32m[1mLinking CXX static library libgtest.a[0m
[83.157s] [ 41%] Built target gtest
[83.158s] [ 47%] [32mBuilding CXX object gtest/CMakeFiles/gtest_main.dir/src/gtest_main.cc.o[0m
[83.160s] [ 52%] [32m[1mLinking CXX static library libgtest_main.a[0m
[83.161s] [ 52%] Built target gtest_main
[83.163s] [ 58%] [32mBuilding CXX object test/CMakeFiles/vtest.dir/velocity_iterator_test.cpp.o[0m
[84.690s] [ 64%] [32m[1mLinking CXX executable vtest[0m
[84.891s] [ 64%] Built target vtest
[84.928s] [ 70%] [32mBuilding CXX object test/CMakeFiles/speed_limit_test.dir/speed_limit_test.cpp.o[0m
[92.884s] [ 76%] [32m[1mLinking CXX executable speed_limit_test[0m
[93.363s] [ 76%] Built target speed_limit_test
[93.400s] [ 82%] [32mBuilding CXX object test/CMakeFiles/kinematic_parameters_test.dir/kinematic_parameters_test.cpp.o[0m
[101.725s] [ 88%] [32m[1mLinking CXX executable kinematic_parameters_test[0m
[102.252s] [ 88%] Built target kinematic_parameters_test
[102.290s] [ 94%] [32mBuilding CXX object test/CMakeFiles/twist_gen_test.dir/twist_gen.cpp.o[0m
[113.561s] [100%] [32m[1mLinking CXX executable twist_gen_test[0m
[114.136s] [100%] Built target twist_gen_test
[114.215s] Invoked command in '/root/nav2-ws/build/dwb_plugins' returned '0': AMENT_PREFIX_PATH=/root/nav2-ws/install/dwb_core:/root/nav2-ws/install/nav2_core:/root/nav2-ws/install/nav2_costmap_2d:/root/nav2-ws/install/nav_2d_utils:/root/nav2-ws/install/nav2_map_server:/root/nav2-ws/install/nav2_lifecycle_manager:/root/nav2-ws/install/nav2_util:/root/nav2-ws/install/nav2_voxel_grid:/root/nav2-ws/install/nav2_msgs:/root/nav2-ws/install/dwb_msgs:/root/nav2-ws/install/nav_2d_msgs:/root/nav2-ws/install/nav2_common:${AMENT_PREFIX_PATH} CMAKE_PREFIX_PATH=/root/nav2-ws/install/dwb_core:/root/nav2-ws/install/nav2_core:/root/nav2-ws/install/nav2_costmap_2d:/root/nav2-ws/install/nav_2d_utils:/root/nav2-ws/install/nav2_map_server:/root/nav2-ws/install/nav2_lifecycle_manager:/root/nav2-ws/install/nav2_util:/root/nav2-ws/install/nav2_voxel_grid:/root/nav2-ws/install/nav2_msgs:/root/nav2-ws/install/dwb_msgs:/root/nav2-ws/install/nav_2d_msgs:/root/nav2-ws/install/nav2_common:/opt/ros/humble LD_LIBRARY_PATH=/root/nav2-ws/install/dwb_core/lib:/root/nav2-ws/install/nav2_costmap_2d/lib:/root/nav2-ws/install/nav_2d_utils/lib:/root/nav2-ws/install/nav2_map_server/lib:/root/nav2-ws/install/nav2_lifecycle_manager/lib:/root/nav2-ws/install/nav2_util/lib:/root/nav2-ws/install/nav2_voxel_grid/lib:/root/nav2-ws/install/nav2_msgs/lib:/root/nav2-ws/install/dwb_msgs/lib:/root/nav2-ws/install/nav_2d_msgs/lib:${LD_LIBRARY_PATH} PYTHONPATH=/root/nav2-ws/install/nav2_msgs/local/lib/python3.10/dist-packages:/root/nav2-ws/install/dwb_msgs/local/lib/python3.10/dist-packages:/root/nav2-ws/install/nav_2d_msgs/local/lib/python3.10/dist-packages:/root/nav2-ws/install/nav2_common/local/lib/python3.10/dist-packages:${PYTHONPATH} /usr/bin/cmake --build /root/nav2-ws/build/dwb_plugins -- -j8 -l8
[114.309s] Invoking command in '/root/nav2-ws/build/dwb_plugins': AMENT_PREFIX_PATH=/root/nav2-ws/install/dwb_core:/root/nav2-ws/install/nav2_core:/root/nav2-ws/install/nav2_costmap_2d:/root/nav2-ws/install/nav_2d_utils:/root/nav2-ws/install/nav2_map_server:/root/nav2-ws/install/nav2_lifecycle_manager:/root/nav2-ws/install/nav2_util:/root/nav2-ws/install/nav2_voxel_grid:/root/nav2-ws/install/nav2_msgs:/root/nav2-ws/install/dwb_msgs:/root/nav2-ws/install/nav_2d_msgs:/root/nav2-ws/install/nav2_common:${AMENT_PREFIX_PATH} CMAKE_PREFIX_PATH=/root/nav2-ws/install/dwb_core:/root/nav2-ws/install/nav2_core:/root/nav2-ws/install/nav2_costmap_2d:/root/nav2-ws/install/nav_2d_utils:/root/nav2-ws/install/nav2_map_server:/root/nav2-ws/install/nav2_lifecycle_manager:/root/nav2-ws/install/nav2_util:/root/nav2-ws/install/nav2_voxel_grid:/root/nav2-ws/install/nav2_msgs:/root/nav2-ws/install/dwb_msgs:/root/nav2-ws/install/nav_2d_msgs:/root/nav2-ws/install/nav2_common:/opt/ros/humble LD_LIBRARY_PATH=/root/nav2-ws/install/dwb_core/lib:/root/nav2-ws/install/nav2_costmap_2d/lib:/root/nav2-ws/install/nav_2d_utils/lib:/root/nav2-ws/install/nav2_map_server/lib:/root/nav2-ws/install/nav2_lifecycle_manager/lib:/root/nav2-ws/install/nav2_util/lib:/root/nav2-ws/install/nav2_voxel_grid/lib:/root/nav2-ws/install/nav2_msgs/lib:/root/nav2-ws/install/dwb_msgs/lib:/root/nav2-ws/install/nav_2d_msgs/lib:${LD_LIBRARY_PATH} PYTHONPATH=/root/nav2-ws/install/nav2_msgs/local/lib/python3.10/dist-packages:/root/nav2-ws/install/dwb_msgs/local/lib/python3.10/dist-packages:/root/nav2-ws/install/nav_2d_msgs/local/lib/python3.10/dist-packages:/root/nav2-ws/install/nav2_common/local/lib/python3.10/dist-packages:${PYTHONPATH} /usr/bin/cmake --install /root/nav2-ws/build/dwb_plugins
[114.326s] -- Install configuration: "Release"
[114.327s] -- Execute custom install script
[114.328s] -- Symlinking: /root/nav2-ws/install/dwb_plugins/lib/libstandard_traj_generator.so
[114.347s] -- Symlinking: /root/nav2-ws/install/dwb_plugins/include//dwb_plugins/kinematic_parameters.hpp
[114.371s] -- Symlinking: /root/nav2-ws/install/dwb_plugins/include//dwb_plugins/limited_accel_generator.hpp
[114.394s] -- Symlinking: /root/nav2-ws/install/dwb_plugins/include//dwb_plugins/one_d_velocity_iterator.hpp
[114.426s] -- Symlinking: /root/nav2-ws/install/dwb_plugins/include//dwb_plugins/standard_traj_generator.hpp
[114.444s] -- Symlinking: /root/nav2-ws/install/dwb_plugins/include//dwb_plugins/velocity_iterator.hpp
[114.463s] -- Symlinking: /root/nav2-ws/install/dwb_plugins/include//dwb_plugins/xy_theta_iterator.hpp
[114.491s] -- Symlinking: /root/nav2-ws/install/dwb_plugins/share/dwb_plugins/plugins.xml
[114.509s] -- Symlinking: /root/nav2-ws/install/dwb_plugins/share/dwb_plugins/environment/library_path.sh
[114.527s] -- Symlinking: /root/nav2-ws/install/dwb_plugins/share/dwb_plugins/environment/library_path.dsv
[114.551s] -- Up-to-date symlink: /root/nav2-ws/install/dwb_plugins/share/dwb_plugins//plugins.xml
[114.555s] -- Symlinking: /root/nav2-ws/install/dwb_plugins/share/ament_index/resource_index/package_run_dependencies/dwb_plugins
[114.576s] -- Symlinking: /root/nav2-ws/install/dwb_plugins/share/ament_index/resource_index/parent_prefix_path/dwb_plugins
[114.600s] -- Symlinking: /root/nav2-ws/install/dwb_plugins/share/dwb_plugins/environment/ament_prefix_path.sh
[114.633s] -- Symlinking: /root/nav2-ws/install/dwb_plugins/share/dwb_plugins/environment/ament_prefix_path.dsv
[114.663s] -- Symlinking: /root/nav2-ws/install/dwb_plugins/share/dwb_plugins/environment/path.sh
[114.699s] -- Symlinking: /root/nav2-ws/install/dwb_plugins/share/dwb_plugins/environment/path.dsv
[114.717s] -- Symlinking: /root/nav2-ws/install/dwb_plugins/share/dwb_plugins/local_setup.bash
[114.741s] -- Symlinking: /root/nav2-ws/install/dwb_plugins/share/dwb_plugins/local_setup.sh
[114.766s] -- Symlinking: /root/nav2-ws/install/dwb_plugins/share/dwb_plugins/local_setup.zsh
[114.797s] -- Symlinking: /root/nav2-ws/install/dwb_plugins/share/dwb_plugins/local_setup.dsv
[114.822s] -- Symlinking: /root/nav2-ws/install/dwb_plugins/share/dwb_plugins/package.dsv
[114.846s] -- Symlinking: /root/nav2-ws/install/dwb_plugins/share/ament_index/resource_index/packages/dwb_plugins
[114.862s] -- Symlinking: /root/nav2-ws/install/dwb_plugins/share/ament_index/resource_index/dwb_core__pluginlib__plugin/dwb_plugins
[114.881s] -- Symlinking: /root/nav2-ws/install/dwb_plugins/share/dwb_plugins/cmake/ament_cmake_export_include_directories-extras.cmake
[114.901s] -- Symlinking: /root/nav2-ws/install/dwb_plugins/share/dwb_plugins/cmake/ament_cmake_export_libraries-extras.cmake
[114.926s] -- Symlinking: /root/nav2-ws/install/dwb_plugins/share/dwb_plugins/cmake/dwb_pluginsConfig.cmake
[114.944s] -- Symlinking: /root/nav2-ws/install/dwb_plugins/share/dwb_plugins/cmake/dwb_pluginsConfig-version.cmake
[114.968s] -- Symlinking: /root/nav2-ws/install/dwb_plugins/share/dwb_plugins/package.xml
[114.994s] Invoked command in '/root/nav2-ws/build/dwb_plugins' returned '0': AMENT_PREFIX_PATH=/root/nav2-ws/install/dwb_core:/root/nav2-ws/install/nav2_core:/root/nav2-ws/install/nav2_costmap_2d:/root/nav2-ws/install/nav_2d_utils:/root/nav2-ws/install/nav2_map_server:/root/nav2-ws/install/nav2_lifecycle_manager:/root/nav2-ws/install/nav2_util:/root/nav2-ws/install/nav2_voxel_grid:/root/nav2-ws/install/nav2_msgs:/root/nav2-ws/install/dwb_msgs:/root/nav2-ws/install/nav_2d_msgs:/root/nav2-ws/install/nav2_common:${AMENT_PREFIX_PATH} CMAKE_PREFIX_PATH=/root/nav2-ws/install/dwb_core:/root/nav2-ws/install/nav2_core:/root/nav2-ws/install/nav2_costmap_2d:/root/nav2-ws/install/nav_2d_utils:/root/nav2-ws/install/nav2_map_server:/root/nav2-ws/install/nav2_lifecycle_manager:/root/nav2-ws/install/nav2_util:/root/nav2-ws/install/nav2_voxel_grid:/root/nav2-ws/install/nav2_msgs:/root/nav2-ws/install/dwb_msgs:/root/nav2-ws/install/nav_2d_msgs:/root/nav2-ws/install/nav2_common:/opt/ros/humble LD_LIBRARY_PATH=/root/nav2-ws/install/dwb_core/lib:/root/nav2-ws/install/nav2_costmap_2d/lib:/root/nav2-ws/install/nav_2d_utils/lib:/root/nav2-ws/install/nav2_map_server/lib:/root/nav2-ws/install/nav2_lifecycle_manager/lib:/root/nav2-ws/install/nav2_util/lib:/root/nav2-ws/install/nav2_voxel_grid/lib:/root/nav2-ws/install/nav2_msgs/lib:/root/nav2-ws/install/dwb_msgs/lib:/root/nav2-ws/install/nav_2d_msgs/lib:${LD_LIBRARY_PATH} PYTHONPATH=/root/nav2-ws/install/nav2_msgs/local/lib/python3.10/dist-packages:/root/nav2-ws/install/dwb_msgs/local/lib/python3.10/dist-packages:/root/nav2-ws/install/nav_2d_msgs/local/lib/python3.10/dist-packages:/root/nav2-ws/install/nav2_common/local/lib/python3.10/dist-packages:${PYTHONPATH} /usr/bin/cmake --install /root/nav2-ws/build/dwb_plugins
