[0.042s] Invoking command in '/root/nav2-ws/build/nav2_planner': AMENT_PREFIX_PATH=/root/nav2-ws/install/nav2_core:/root/nav2-ws/install/nav2_costmap_2d:/root/nav2-ws/install/nav2_map_server:/root/nav2-ws/install/nav2_lifecycle_manager:/root/nav2-ws/install/nav2_util:/root/nav2-ws/install/nav2_voxel_grid:/root/nav2-ws/install/nav2_msgs:/root/nav2-ws/install/nav2_common:${AMENT_PREFIX_PATH} CMAKE_PREFIX_PATH=/root/nav2-ws/install/nav2_core:/root/nav2-ws/install/nav2_costmap_2d:/root/nav2-ws/install/nav2_map_server:/root/nav2-ws/install/nav2_lifecycle_manager:/root/nav2-ws/install/nav2_util:/root/nav2-ws/install/nav2_voxel_grid:/root/nav2-ws/install/nav2_msgs:/root/nav2-ws/install/nav2_common:/opt/ros/humble LD_LIBRARY_PATH=/root/nav2-ws/install/nav2_costmap_2d/lib:/root/nav2-ws/install/nav2_map_server/lib:/root/nav2-ws/install/nav2_lifecycle_manager/lib:/root/nav2-ws/install/nav2_util/lib:/root/nav2-ws/install/nav2_voxel_grid/lib:/root/nav2-ws/install/nav2_msgs/lib:${LD_LIBRARY_PATH} PYTHONPATH=/root/nav2-ws/install/nav2_msgs/local/lib/python3.10/dist-packages:/root/nav2-ws/install/nav2_common/local/lib/python3.10/dist-packages:${PYTHONPATH} /usr/bin/cmake /root/nav2-ws/src/navigation2/nav2_planner -DAMENT_CMAKE_SYMLINK_INSTALL=1 -DCMAKE_INSTALL_PREFIX=/root/nav2-ws/install/nav2_planner
[9.876s] -- The C compiler identification is GNU 11.4.0
[9.877s] -- The CXX compiler identification is GNU 11.4.0
[9.878s] -- Detecting C compiler ABI info
[9.880s] -- Detecting C compiler ABI info - done
[9.881s] -- Check for working C compiler: /usr/bin/cc - skipped
[9.883s] -- Detecting C compile features
[9.898s] -- Detecting C compile features - done
[9.898s] -- Detecting CXX compiler ABI info
[9.899s] -- Detecting CXX compiler ABI info - done
[9.899s] -- Check for working CXX compiler: /usr/bin/c++ - skipped
[9.899s] -- Detecting CXX compile features
[9.899s] -- Detecting CXX compile features - done
[9.899s] -- Found ament_cmake: 1.3.9 (/opt/ros/humble/share/ament_cmake/cmake)
[9.899s] -- Found Python3: /usr/bin/python3 (found version "3.10.12") found components: Interpreter 
[9.899s] -- Override CMake install command with custom implementation using symlinks instead of copying resources
[9.899s] -- Found nav2_common: 1.1.15 (/root/nav2-ws/install/nav2_common/share/nav2_common/cmake)
[9.899s] -- Found rclcpp: 16.0.9 (/opt/ros/humble/share/rclcpp/cmake)
[9.899s] -- Found rosidl_generator_c: 3.1.5 (/opt/ros/humble/share/rosidl_generator_c/cmake)
[9.900s] -- Found rosidl_adapter: 3.1.5 (/opt/ros/humble/share/rosidl_adapter/cmake)
[9.900s] -- Found rosidl_generator_cpp: 3.1.5 (/opt/ros/humble/share/rosidl_generator_cpp/cmake)
[9.900s] -- Using all available rosidl_typesupport_c: rosidl_typesupport_fastrtps_c;rosidl_typesupport_introspection_c
[9.900s] -- Using all available rosidl_typesupport_cpp: rosidl_typesupport_fastrtps_cpp;rosidl_typesupport_introspection_cpp
[9.900s] -- Found rmw_implementation_cmake: 6.1.2 (/opt/ros/humble/share/rmw_implementation_cmake/cmake)
[9.900s] -- Found rmw_fastrtps_cpp: 6.2.6 (/opt/ros/humble/share/rmw_fastrtps_cpp/cmake)
[9.900s] -- Found OpenSSL: /usr/lib/x86_64-linux-gnu/libcrypto.so (found version "3.0.2")  
[9.900s] -- Found FastRTPS: /opt/ros/humble/include  
[9.900s] -- Using RMW implementation 'rmw_fastrtps_cpp' as default
[9.901s] -- Looking for pthread.h
[9.901s] -- Looking for pthread.h - found
[9.901s] -- Performing Test CMAKE_HAVE_LIBC_PTHREAD
[9.901s] -- Performing Test CMAKE_HAVE_LIBC_PTHREAD - Success
[9.901s] -- Found Threads: TRUE  
[9.901s] -- Found rclcpp_action: 16.0.9 (/opt/ros/humble/share/rclcpp_action/cmake)
[9.901s] -- Found rclcpp_lifecycle: 16.0.9 (/opt/ros/humble/share/rclcpp_lifecycle/cmake)
[9.901s] -- Found rclcpp_components: 16.0.9 (/opt/ros/humble/share/rclcpp_components/cmake)
[9.902s] -- Found visualization_msgs: 4.2.4 (/opt/ros/humble/share/visualization_msgs/cmake)
[9.902s] -- Found nav2_util: 1.1.15 (/root/nav2-ws/install/nav2_util/share/nav2_util/cmake)
[9.902s] -- Found eigen3_cmake_module: 0.1.1 (/opt/ros/humble/share/eigen3_cmake_module/cmake)
[9.902s] -- Found Eigen3: TRUE (found version "3.4.0") 
[9.902s] -- Ensuring Eigen3 include directory is part of orocos-kdl CMake target
[9.902s] -- Found nav2_costmap_2d: 1.1.15 (/root/nav2-ws/install/nav2_costmap_2d/share/nav2_costmap_2d/cmake)
[9.902s] -- Found nav2_core: 1.1.15 (/root/nav2-ws/install/nav2_core/share/nav2_core/cmake)
[9.902s] -- Setting build type to Release as none was specified.
[14.538s] -- Found ament_lint_auto: 0.12.11 (/opt/ros/humble/share/ament_lint_auto/cmake)
[14.554s] -- Found ament_cmake_gtest: 1.3.9 (/opt/ros/humble/share/ament_cmake_gtest/cmake)
[14.741s] -- Found gtest sources under '/opt/ros/humble/src/gtest_vendor': C++ tests using 'Google Test' will be built
[18.452s] -- Added test 'copyright' to check source files copyright and LICENSE
[18.453s] -- Added test 'cppcheck' to perform static code analysis on C / C++ code
[18.455s] -- Configured cppcheck include dirs: /root/nav2-ws/src/navigation2/nav2_planner/include
[18.455s] -- Configured cppcheck exclude dirs and/or files: 
[18.456s] -- Added test 'cpplint' to check C / C++ code against the Google style
[18.457s] -- Configured cpplint exclude dirs and/or files: 
[18.458s] -- Added test 'lint_cmake' to check CMake code style
[18.460s] -- Added test 'uncrustify' to check C / C++ code style
[18.460s] -- Configured uncrustify additional arguments: 
[18.461s] -- Added test 'xmllint' to check XML markup files
[18.467s] -- Configuring done
[18.822s] -- Generating done
[18.833s] -- Build files have been written to: /root/nav2-ws/build/nav2_planner
[18.999s] Invoked command in '/root/nav2-ws/build/nav2_planner' returned '0': AMENT_PREFIX_PATH=/root/nav2-ws/install/nav2_core:/root/nav2-ws/install/nav2_costmap_2d:/root/nav2-ws/install/nav2_map_server:/root/nav2-ws/install/nav2_lifecycle_manager:/root/nav2-ws/install/nav2_util:/root/nav2-ws/install/nav2_voxel_grid:/root/nav2-ws/install/nav2_msgs:/root/nav2-ws/install/nav2_common:${AMENT_PREFIX_PATH} CMAKE_PREFIX_PATH=/root/nav2-ws/install/nav2_core:/root/nav2-ws/install/nav2_costmap_2d:/root/nav2-ws/install/nav2_map_server:/root/nav2-ws/install/nav2_lifecycle_manager:/root/nav2-ws/install/nav2_util:/root/nav2-ws/install/nav2_voxel_grid:/root/nav2-ws/install/nav2_msgs:/root/nav2-ws/install/nav2_common:/opt/ros/humble LD_LIBRARY_PATH=/root/nav2-ws/install/nav2_costmap_2d/lib:/root/nav2-ws/install/nav2_map_server/lib:/root/nav2-ws/install/nav2_lifecycle_manager/lib:/root/nav2-ws/install/nav2_util/lib:/root/nav2-ws/install/nav2_voxel_grid/lib:/root/nav2-ws/install/nav2_msgs/lib:${LD_LIBRARY_PATH} PYTHONPATH=/root/nav2-ws/install/nav2_msgs/local/lib/python3.10/dist-packages:/root/nav2-ws/install/nav2_common/local/lib/python3.10/dist-packages:${PYTHONPATH} /usr/bin/cmake /root/nav2-ws/src/navigation2/nav2_planner -DAMENT_CMAKE_SYMLINK_INSTALL=1 -DCMAKE_INSTALL_PREFIX=/root/nav2-ws/install/nav2_planner
[19.002s] Invoking command in '/root/nav2-ws/build/nav2_planner': AMENT_PREFIX_PATH=/root/nav2-ws/install/nav2_core:/root/nav2-ws/install/nav2_costmap_2d:/root/nav2-ws/install/nav2_map_server:/root/nav2-ws/install/nav2_lifecycle_manager:/root/nav2-ws/install/nav2_util:/root/nav2-ws/install/nav2_voxel_grid:/root/nav2-ws/install/nav2_msgs:/root/nav2-ws/install/nav2_common:${AMENT_PREFIX_PATH} CMAKE_PREFIX_PATH=/root/nav2-ws/install/nav2_core:/root/nav2-ws/install/nav2_costmap_2d:/root/nav2-ws/install/nav2_map_server:/root/nav2-ws/install/nav2_lifecycle_manager:/root/nav2-ws/install/nav2_util:/root/nav2-ws/install/nav2_voxel_grid:/root/nav2-ws/install/nav2_msgs:/root/nav2-ws/install/nav2_common:/opt/ros/humble LD_LIBRARY_PATH=/root/nav2-ws/install/nav2_costmap_2d/lib:/root/nav2-ws/install/nav2_map_server/lib:/root/nav2-ws/install/nav2_lifecycle_manager/lib:/root/nav2-ws/install/nav2_util/lib:/root/nav2-ws/install/nav2_voxel_grid/lib:/root/nav2-ws/install/nav2_msgs/lib:${LD_LIBRARY_PATH} PYTHONPATH=/root/nav2-ws/install/nav2_msgs/local/lib/python3.10/dist-packages:/root/nav2-ws/install/nav2_common/local/lib/python3.10/dist-packages:${PYTHONPATH} /usr/bin/cmake --build /root/nav2-ws/build/nav2_planner -- -j8 -l8
[34.954s] [ 10%] [32mBuilding CXX object CMakeFiles/planner_server_core.dir/src/planner_server.cpp.o[0m
[55.140s] [ 20%] [32m[1mLinking CXX shared library libplanner_server_core.so[0m
[56.513s] [ 20%] Built target planner_server_core
[56.551s] [ 30%] [32mBuilding CXX object gtest/CMakeFiles/gtest.dir/src/gtest-all.cc.o[0m
[71.541s] [ 40%] [32m[1mLinking CXX static library libgtest.a[0m
[71.694s] [ 40%] Built target gtest
[71.739s] [ 50%] [32mBuilding CXX object CMakeFiles/planner_server.dir/src/main.cpp.o[0m
[83.408s] [ 60%] [32m[1mLinking CXX executable planner_server[0m
[84.280s] [ 60%] Built target planner_server
[84.319s] [ 70%] [32mBuilding CXX object gtest/CMakeFiles/gtest_main.dir/src/gtest_main.cc.o[0m
[86.341s] [ 80%] [32m[1mLinking CXX static library libgtest_main.a[0m
[86.415s] [ 80%] Built target gtest_main
[86.463s] [ 90%] [32mBuilding CXX object test/CMakeFiles/test_dynamic_parameters.dir/test_dynamic_parameters.cpp.o[0m
[101.215s] [100%] [32m[1mLinking CXX executable test_dynamic_parameters[0m
[102.193s] [100%] Built target test_dynamic_parameters
[102.224s] Invoked command in '/root/nav2-ws/build/nav2_planner' returned '0': AMENT_PREFIX_PATH=/root/nav2-ws/install/nav2_core:/root/nav2-ws/install/nav2_costmap_2d:/root/nav2-ws/install/nav2_map_server:/root/nav2-ws/install/nav2_lifecycle_manager:/root/nav2-ws/install/nav2_util:/root/nav2-ws/install/nav2_voxel_grid:/root/nav2-ws/install/nav2_msgs:/root/nav2-ws/install/nav2_common:${AMENT_PREFIX_PATH} CMAKE_PREFIX_PATH=/root/nav2-ws/install/nav2_core:/root/nav2-ws/install/nav2_costmap_2d:/root/nav2-ws/install/nav2_map_server:/root/nav2-ws/install/nav2_lifecycle_manager:/root/nav2-ws/install/nav2_util:/root/nav2-ws/install/nav2_voxel_grid:/root/nav2-ws/install/nav2_msgs:/root/nav2-ws/install/nav2_common:/opt/ros/humble LD_LIBRARY_PATH=/root/nav2-ws/install/nav2_costmap_2d/lib:/root/nav2-ws/install/nav2_map_server/lib:/root/nav2-ws/install/nav2_lifecycle_manager/lib:/root/nav2-ws/install/nav2_util/lib:/root/nav2-ws/install/nav2_voxel_grid/lib:/root/nav2-ws/install/nav2_msgs/lib:${LD_LIBRARY_PATH} PYTHONPATH=/root/nav2-ws/install/nav2_msgs/local/lib/python3.10/dist-packages:/root/nav2-ws/install/nav2_common/local/lib/python3.10/dist-packages:${PYTHONPATH} /usr/bin/cmake --build /root/nav2-ws/build/nav2_planner -- -j8 -l8
[102.304s] Invoking command in '/root/nav2-ws/build/nav2_planner': AMENT_PREFIX_PATH=/root/nav2-ws/install/nav2_core:/root/nav2-ws/install/nav2_costmap_2d:/root/nav2-ws/install/nav2_map_server:/root/nav2-ws/install/nav2_lifecycle_manager:/root/nav2-ws/install/nav2_util:/root/nav2-ws/install/nav2_voxel_grid:/root/nav2-ws/install/nav2_msgs:/root/nav2-ws/install/nav2_common:${AMENT_PREFIX_PATH} CMAKE_PREFIX_PATH=/root/nav2-ws/install/nav2_core:/root/nav2-ws/install/nav2_costmap_2d:/root/nav2-ws/install/nav2_map_server:/root/nav2-ws/install/nav2_lifecycle_manager:/root/nav2-ws/install/nav2_util:/root/nav2-ws/install/nav2_voxel_grid:/root/nav2-ws/install/nav2_msgs:/root/nav2-ws/install/nav2_common:/opt/ros/humble LD_LIBRARY_PATH=/root/nav2-ws/install/nav2_costmap_2d/lib:/root/nav2-ws/install/nav2_map_server/lib:/root/nav2-ws/install/nav2_lifecycle_manager/lib:/root/nav2-ws/install/nav2_util/lib:/root/nav2-ws/install/nav2_voxel_grid/lib:/root/nav2-ws/install/nav2_msgs/lib:${LD_LIBRARY_PATH} PYTHONPATH=/root/nav2-ws/install/nav2_msgs/local/lib/python3.10/dist-packages:/root/nav2-ws/install/nav2_common/local/lib/python3.10/dist-packages:${PYTHONPATH} /usr/bin/cmake --install /root/nav2-ws/build/nav2_planner
[133.308s] -- Install configuration: "Release"
[133.308s] -- Execute custom install script
[133.308s] -- Symlinking: /root/nav2-ws/install/nav2_planner/lib/libplanner_server_core.so
[133.308s] -- Symlinking: /root/nav2-ws/install/nav2_planner/lib/nav2_planner/planner_server
[133.308s] -- Symlinking: /root/nav2-ws/install/nav2_planner/include//nav2_planner/planner_server.hpp
[133.308s] -- Symlinking: /root/nav2-ws/install/nav2_planner/share/nav2_planner/environment/library_path.sh
[133.308s] -- Symlinking: /root/nav2-ws/install/nav2_planner/share/nav2_planner/environment/library_path.dsv
[133.308s] -- Symlinking: /root/nav2-ws/install/nav2_planner/share/ament_index/resource_index/package_run_dependencies/nav2_planner
[133.309s] -- Symlinking: /root/nav2-ws/install/nav2_planner/share/ament_index/resource_index/parent_prefix_path/nav2_planner
[133.309s] -- Symlinking: /root/nav2-ws/install/nav2_planner/share/nav2_planner/environment/ament_prefix_path.sh
[133.309s] -- Symlinking: /root/nav2-ws/install/nav2_planner/share/nav2_planner/environment/ament_prefix_path.dsv
[133.309s] -- Symlinking: /root/nav2-ws/install/nav2_planner/share/nav2_planner/environment/path.sh
[133.309s] -- Symlinking: /root/nav2-ws/install/nav2_planner/share/nav2_planner/environment/path.dsv
[133.309s] -- Symlinking: /root/nav2-ws/install/nav2_planner/share/nav2_planner/local_setup.bash
[133.309s] -- Symlinking: /root/nav2-ws/install/nav2_planner/share/nav2_planner/local_setup.sh
[133.309s] -- Symlinking: /root/nav2-ws/install/nav2_planner/share/nav2_planner/local_setup.zsh
[133.310s] -- Symlinking: /root/nav2-ws/install/nav2_planner/share/nav2_planner/local_setup.dsv
[133.310s] -- Symlinking: /root/nav2-ws/install/nav2_planner/share/nav2_planner/package.dsv
[133.310s] -- Symlinking: /root/nav2-ws/install/nav2_planner/share/ament_index/resource_index/packages/nav2_planner
[133.310s] -- Symlinking: /root/nav2-ws/install/nav2_planner/share/ament_index/resource_index/rclcpp_components/nav2_planner
[133.310s] -- Symlinking: /root/nav2-ws/install/nav2_planner/share/nav2_planner/cmake/ament_cmake_export_include_directories-extras.cmake
[133.310s] -- Symlinking: /root/nav2-ws/install/nav2_planner/share/nav2_planner/cmake/ament_cmake_export_libraries-extras.cmake
[133.310s] -- Symlinking: /root/nav2-ws/install/nav2_planner/share/nav2_planner/cmake/ament_cmake_export_dependencies-extras.cmake
[133.310s] -- Symlinking: /root/nav2-ws/install/nav2_planner/share/nav2_planner/cmake/nav2_plannerConfig.cmake
[133.310s] -- Symlinking: /root/nav2-ws/install/nav2_planner/share/nav2_planner/cmake/nav2_plannerConfig-version.cmake
[133.311s] -- Symlinking: /root/nav2-ws/install/nav2_planner/share/nav2_planner/package.xml
[133.337s] Invoked command in '/root/nav2-ws/build/nav2_planner' returned '0': AMENT_PREFIX_PATH=/root/nav2-ws/install/nav2_core:/root/nav2-ws/install/nav2_costmap_2d:/root/nav2-ws/install/nav2_map_server:/root/nav2-ws/install/nav2_lifecycle_manager:/root/nav2-ws/install/nav2_util:/root/nav2-ws/install/nav2_voxel_grid:/root/nav2-ws/install/nav2_msgs:/root/nav2-ws/install/nav2_common:${AMENT_PREFIX_PATH} CMAKE_PREFIX_PATH=/root/nav2-ws/install/nav2_core:/root/nav2-ws/install/nav2_costmap_2d:/root/nav2-ws/install/nav2_map_server:/root/nav2-ws/install/nav2_lifecycle_manager:/root/nav2-ws/install/nav2_util:/root/nav2-ws/install/nav2_voxel_grid:/root/nav2-ws/install/nav2_msgs:/root/nav2-ws/install/nav2_common:/opt/ros/humble LD_LIBRARY_PATH=/root/nav2-ws/install/nav2_costmap_2d/lib:/root/nav2-ws/install/nav2_map_server/lib:/root/nav2-ws/install/nav2_lifecycle_manager/lib:/root/nav2-ws/install/nav2_util/lib:/root/nav2-ws/install/nav2_voxel_grid/lib:/root/nav2-ws/install/nav2_msgs/lib:${LD_LIBRARY_PATH} PYTHONPATH=/root/nav2-ws/install/nav2_msgs/local/lib/python3.10/dist-packages:/root/nav2-ws/install/nav2_common/local/lib/python3.10/dist-packages:${PYTHONPATH} /usr/bin/cmake --install /root/nav2-ws/build/nav2_planner
