[0.028s] Invoking command in '/root/nav2-ws/build/nav2_behavior_tree': AMENT_PREFIX_PATH=/root/nav2-ws/install/nav2_util:/root/nav2-ws/install/nav2_msgs:/root/nav2-ws/install/nav2_common:${AMENT_PREFIX_PATH} CMAKE_PREFIX_PATH=/root/nav2-ws/install/nav2_util:/root/nav2-ws/install/nav2_msgs:/root/nav2-ws/install/nav2_common:/opt/ros/humble LD_LIBRARY_PATH=/root/nav2-ws/install/nav2_util/lib:/root/nav2-ws/install/nav2_msgs/lib:${LD_LIBRARY_PATH} PYTHONPATH=/root/nav2-ws/install/nav2_msgs/local/lib/python3.10/dist-packages:/root/nav2-ws/install/nav2_common/local/lib/python3.10/dist-packages:${PYTHONPATH} /usr/bin/cmake /root/nav2-ws/src/navigation2/nav2_behavior_tree -DAMENT_CMAKE_SYMLINK_INSTALL=1 -DCMAKE_INSTALL_PREFIX=/root/nav2-ws/install/nav2_behavior_tree
[0.120s] -- The CXX compiler identification is GNU 11.4.0
[0.130s] -- Detecting CXX compiler ABI info
[0.241s] -- Detecting CXX compiler ABI info - done
[0.252s] -- Check for working CXX compiler: /usr/bin/c++ - skipped
[0.254s] -- Detecting CXX compile features
[0.255s] -- Detecting CXX compile features - done
[0.258s] -- Found ament_cmake: 1.3.9 (/opt/ros/humble/share/ament_cmake/cmake)
[0.471s] -- Found Python3: /usr/bin/python3 (found version "3.10.12") found components: Interpreter 
[0.564s] -- Override CMake install command with custom implementation using symlinks instead of copying resources
[0.617s] -- Found nav2_common: 1.1.15 (/root/nav2-ws/install/nav2_common/share/nav2_common/cmake)
[0.620s] -- Found rclcpp: 16.0.9 (/opt/ros/humble/share/rclcpp/cmake)
[0.688s] -- Found rosidl_generator_c: 3.1.5 (/opt/ros/humble/share/rosidl_generator_c/cmake)
[0.697s] -- Found rosidl_adapter: 3.1.5 (/opt/ros/humble/share/rosidl_adapter/cmake)
[0.712s] -- Found rosidl_generator_cpp: 3.1.5 (/opt/ros/humble/share/rosidl_generator_cpp/cmake)
[0.735s] -- Using all available rosidl_typesupport_c: rosidl_typesupport_fastrtps_c;rosidl_typesupport_introspection_c
[0.765s] -- Using all available rosidl_typesupport_cpp: rosidl_typesupport_fastrtps_cpp;rosidl_typesupport_introspection_cpp
[0.863s] -- Found rmw_implementation_cmake: 6.1.2 (/opt/ros/humble/share/rmw_implementation_cmake/cmake)
[0.870s] -- Found rmw_fastrtps_cpp: 6.2.6 (/opt/ros/humble/share/rmw_fastrtps_cpp/cmake)
[0.990s] -- Found OpenSSL: /usr/lib/x86_64-linux-gnu/libcrypto.so (found version "3.0.2")  
[1.029s] -- Found FastRTPS: /opt/ros/humble/include  
[1.101s] -- Using RMW implementation 'rmw_fastrtps_cpp' as default
[1.123s] -- Looking for C++ include pthread.h
[1.236s] -- Looking for C++ include pthread.h - found
[1.236s] -- Performing Test CMAKE_HAVE_LIBC_PTHREAD
[1.359s] -- Performing Test CMAKE_HAVE_LIBC_PTHREAD - Success
[1.360s] -- Found Threads: TRUE  
[1.587s] -- Found rclcpp_action: 16.0.9 (/opt/ros/humble/share/rclcpp_action/cmake)
[1.718s] -- Found rclcpp_lifecycle: 16.0.9 (/opt/ros/humble/share/rclcpp_lifecycle/cmake)
[1.779s] -- Found geometry_msgs: 4.2.4 (/opt/ros/humble/share/geometry_msgs/cmake)
[1.839s] -- Found sensor_msgs: 4.2.4 (/opt/ros/humble/share/sensor_msgs/cmake)
[1.955s] -- Found nav2_msgs: 1.1.15 (/root/nav2-ws/install/nav2_msgs/share/nav2_msgs/cmake)
[2.308s] -- Found tf2_ros: 0.25.7 (/opt/ros/humble/share/tf2_ros/cmake)
[2.629s] -- Found tf2_geometry_msgs: 0.25.7 (/opt/ros/humble/share/tf2_geometry_msgs/cmake)
[2.653s] -- Found eigen3_cmake_module: 0.1.1 (/opt/ros/humble/share/eigen3_cmake_module/cmake)
[2.654s] -- Found Eigen3: TRUE (found version "3.4.0") 
[2.655s] -- Ensuring Eigen3 include directory is part of orocos-kdl CMake target
[2.668s] -- Found std_srvs: 4.2.4 (/opt/ros/humble/share/std_srvs/cmake)
[2.688s] -- Found nav2_util: 1.1.15 (/root/nav2-ws/install/nav2_util/share/nav2_util/cmake)
[2.965s] -- Setting build type to Release as none was specified.
[61.722s] -- Found ament_lint_auto: 0.12.11 (/opt/ros/humble/share/ament_lint_auto/cmake)
[61.947s] -- Found gtest sources under '/opt/ros/humble/src/gtest_vendor': C++ tests using 'Google Test' will be built
[61.995s] -- The C compiler identification is GNU 11.4.0
[62.005s] -- Detecting C compiler ABI info
[62.086s] -- Detecting C compiler ABI info - done
[62.097s] -- Check for working C compiler: /usr/bin/cc - skipped
[62.097s] -- Detecting C compile features
[62.098s] -- Detecting C compile features - done
[100.764s] -- Added test 'copyright' to check source files copyright and LICENSE
[100.770s] -- Added test 'cppcheck' to perform static code analysis on C / C++ code
[100.782s] -- Configured cppcheck include dirs: /root/nav2-ws/src/navigation2/nav2_behavior_tree/include
[100.782s] -- Configured cppcheck exclude dirs and/or files: 
[100.790s] -- Added test 'cpplint' to check C / C++ code against the Google style
[100.790s] -- Configured cpplint exclude dirs and/or files: 
[100.793s] -- Added test 'lint_cmake' to check CMake code style
[100.800s] -- Added test 'uncrustify' to check C / C++ code style
[100.800s] -- Configured uncrustify additional arguments: 
[100.802s] -- Added test 'xmllint' to check XML markup files
[100.807s] -- Configuring done
[105.378s] -- Generating done
[105.491s] -- Build files have been written to: /root/nav2-ws/build/nav2_behavior_tree
[105.538s] Invoked command in '/root/nav2-ws/build/nav2_behavior_tree' returned '0': AMENT_PREFIX_PATH=/root/nav2-ws/install/nav2_util:/root/nav2-ws/install/nav2_msgs:/root/nav2-ws/install/nav2_common:${AMENT_PREFIX_PATH} CMAKE_PREFIX_PATH=/root/nav2-ws/install/nav2_util:/root/nav2-ws/install/nav2_msgs:/root/nav2-ws/install/nav2_common:/opt/ros/humble LD_LIBRARY_PATH=/root/nav2-ws/install/nav2_util/lib:/root/nav2-ws/install/nav2_msgs/lib:${LD_LIBRARY_PATH} PYTHONPATH=/root/nav2-ws/install/nav2_msgs/local/lib/python3.10/dist-packages:/root/nav2-ws/install/nav2_common/local/lib/python3.10/dist-packages:${PYTHONPATH} /usr/bin/cmake /root/nav2-ws/src/navigation2/nav2_behavior_tree -DAMENT_CMAKE_SYMLINK_INSTALL=1 -DCMAKE_INSTALL_PREFIX=/root/nav2-ws/install/nav2_behavior_tree
[105.562s] Invoking command in '/root/nav2-ws/build/nav2_behavior_tree': AMENT_PREFIX_PATH=/root/nav2-ws/install/nav2_util:/root/nav2-ws/install/nav2_msgs:/root/nav2-ws/install/nav2_common:${AMENT_PREFIX_PATH} CMAKE_PREFIX_PATH=/root/nav2-ws/install/nav2_util:/root/nav2-ws/install/nav2_msgs:/root/nav2-ws/install/nav2_common:/opt/ros/humble LD_LIBRARY_PATH=/root/nav2-ws/install/nav2_util/lib:/root/nav2-ws/install/nav2_msgs/lib:${LD_LIBRARY_PATH} PYTHONPATH=/root/nav2-ws/install/nav2_msgs/local/lib/python3.10/dist-packages:/root/nav2-ws/install/nav2_common/local/lib/python3.10/dist-packages:${PYTHONPATH} /usr/bin/cmake --build /root/nav2-ws/build/nav2_behavior_tree -- -j8 -l8
[105.883s] [  1%] [32mBuilding CXX object CMakeFiles/nav2_behavior_tree.dir/src/behavior_tree_engine.cpp.o[0m
[105.893s] [  2%] [32mBuilding CXX object CMakeFiles/nav2_compute_path_to_pose_action_bt_node.dir/plugins/action/compute_path_to_pose_action.cpp.o[0m
[105.908s] [  3%] [32mBuilding CXX object CMakeFiles/nav2_compute_path_through_poses_action_bt_node.dir/plugins/action/compute_path_through_poses_action.cpp.o[0m
[105.928s] [  4%] [32mBuilding CXX object CMakeFiles/nav2_controller_cancel_bt_node.dir/plugins/action/controller_cancel_node.cpp.o[0m
[105.963s] [  6%] [32mBuilding CXX object CMakeFiles/nav2_wait_cancel_bt_node.dir/plugins/action/wait_cancel_node.cpp.o[0m
[105.966s] [  6%] [32mBuilding CXX object CMakeFiles/nav2_spin_cancel_bt_node.dir/plugins/action/spin_cancel_node.cpp.o[0m
[107.083s] [  7%] [32mBuilding CXX object CMakeFiles/nav2_assisted_teleop_cancel_bt_node.dir/plugins/action/assisted_teleop_cancel_node.cpp.o[0m
[107.130s] [  8%] [32mBuilding CXX object CMakeFiles/nav2_back_up_cancel_bt_node.dir/plugins/action/back_up_cancel_node.cpp.o[0m
[119.799s] [  8%] [32m[1mLinking CXX shared library libnav2_behavior_tree.so[0m
[120.746s] [  8%] Built target nav2_behavior_tree
[125.670s] [  8%] [32m[1mLinking CXX shared library libnav2_controller_cancel_bt_node.so[0m
[126.131s] [  8%] [32m[1mLinking CXX shared library libnav2_spin_cancel_bt_node.so[0m
[126.187s] [  8%] Built target nav2_controller_cancel_bt_node
[126.398s] [  8%] [32m[1mLinking CXX shared library libnav2_assisted_teleop_cancel_bt_node.so[0m
[126.413s] [  8%] [32m[1mLinking CXX shared library libnav2_back_up_cancel_bt_node.so[0m
[126.424s] [  8%] [32m[1mLinking CXX shared library libnav2_wait_cancel_bt_node.so[0m
[126.498s] [  8%] Built target nav2_spin_cancel_bt_node
[126.816s] [  8%] Built target nav2_back_up_cancel_bt_node
[126.819s] [  8%] Built target nav2_assisted_teleop_cancel_bt_node
[126.829s] [  8%] Built target nav2_wait_cancel_bt_node
[127.882s] [  8%] [32m[1mLinking CXX shared library libnav2_compute_path_through_poses_action_bt_node.so[0m
[128.104s] [  8%] Built target nav2_compute_path_through_poses_action_bt_node
[128.380s] [  8%] [32m[1mLinking CXX shared library libnav2_compute_path_to_pose_action_bt_node.so[0m
[128.588s] [  8%] Built target nav2_compute_path_to_pose_action_bt_node
[128.609s] [  9%] [32mBuilding CXX object CMakeFiles/nav2_wait_action_bt_node.dir/plugins/action/wait_action.cpp.o[0m
[135.409s] [  9%] [32m[1mLinking CXX shared library libnav2_wait_action_bt_node.so[0m
[135.586s] [  9%] Built target nav2_wait_action_bt_node
[135.605s] [ 10%] [32mBuilding CXX object CMakeFiles/nav2_assisted_teleop_action_bt_node.dir/plugins/action/assisted_teleop_action.cpp.o[0m
[142.549s] [ 10%] [32m[1mLinking CXX shared library libnav2_assisted_teleop_action_bt_node.so[0m
[142.743s] [ 10%] Built target nav2_assisted_teleop_action_bt_node
[142.761s] [ 11%] [32mBuilding CXX object CMakeFiles/nav2_clear_costmap_service_bt_node.dir/plugins/action/clear_costmap_service.cpp.o[0m
[149.782s] [ 12%] [32mBuilding CXX object CMakeFiles/nav2_spin_action_bt_node.dir/plugins/action/spin_action.cpp.o[0m
[149.782s] [ 12%] [32mBuilding CXX object CMakeFiles/nav2_is_stuck_condition_bt_node.dir/plugins/condition/is_stuck_condition.cpp.o[0m
[150.467s] [ 12%] [32m[1mLinking CXX shared library libnav2_clear_costmap_service_bt_node.so[0m
[150.726s] [ 12%] Built target nav2_clear_costmap_service_bt_node
[150.759s] [ 13%] [32mBuilding CXX object CMakeFiles/nav2_drive_on_heading_bt_node.dir/plugins/action/drive_on_heading_action.cpp.o[0m
[150.763s] [ 14%] [32mBuilding CXX object CMakeFiles/nav2_back_up_action_bt_node.dir/plugins/action/back_up_action.cpp.o[0m
[150.770s] [ 15%] [32mBuilding CXX object CMakeFiles/nav2_follow_path_action_bt_node.dir/plugins/action/follow_path_action.cpp.o[0m
[151.879s] [ 16%] [32mBuilding CXX object CMakeFiles/nav2_transform_available_condition_bt_node.dir/plugins/condition/transform_available_condition.cpp.o[0m
[151.898s] [ 17%] [32mBuilding CXX object CMakeFiles/nav2_smooth_path_action_bt_node.dir/plugins/action/smooth_path_action.cpp.o[0m
[152.987s] [ 18%] [32mBuilding CXX object CMakeFiles/nav2_drive_on_heading_cancel_bt_node.dir/plugins/action/drive_on_heading_cancel_node.cpp.o[0m
[166.161s] [ 18%] [32m[1mLinking CXX shared library libnav2_transform_available_condition_bt_node.so[0m
[166.842s] [ 18%] Built target nav2_transform_available_condition_bt_node
[170.247s] [ 18%] [32m[1mLinking CXX shared library libnav2_drive_on_heading_bt_node.so[0m
[170.298s] [ 18%] [32m[1mLinking CXX shared library libnav2_spin_action_bt_node.so[0m
[171.000s] [ 18%] Built target nav2_spin_action_bt_node
[171.002s] [ 18%] Built target nav2_drive_on_heading_bt_node
[171.309s] [ 18%] [32m[1mLinking CXX shared library libnav2_drive_on_heading_cancel_bt_node.so[0m
[171.967s] [ 18%] Built target nav2_drive_on_heading_cancel_bt_node
[172.661s] [ 18%] [32m[1mLinking CXX shared library libnav2_back_up_action_bt_node.so[0m
[172.724s] [ 18%] [32m[1mLinking CXX shared library libnav2_follow_path_action_bt_node.so[0m
[172.901s] [ 18%] [32m[1mLinking CXX shared library libnav2_smooth_path_action_bt_node.so[0m
[173.219s] [ 18%] Built target nav2_follow_path_action_bt_node
[173.288s] [ 18%] Built target nav2_back_up_action_bt_node
[173.466s] [ 18%] Built target nav2_smooth_path_action_bt_node
[177.188s] [ 19%] [32m[1mLinking CXX shared library libnav2_is_stuck_condition_bt_node.so[0m
[177.494s] [ 19%] Built target nav2_is_stuck_condition_bt_node
[177.522s] [ 20%] [32mBuilding CXX object CMakeFiles/nav2_distance_traveled_condition_bt_node.dir/plugins/condition/distance_traveled_condition.cpp.o[0m
[184.046s] [ 20%] [32m[1mLinking CXX shared library libnav2_distance_traveled_condition_bt_node.so[0m
[184.294s] [ 20%] Built target nav2_distance_traveled_condition_bt_node
[184.320s] [ 20%] [32mBuilding CXX object CMakeFiles/nav2_initial_pose_received_condition_bt_node.dir/plugins/condition/initial_pose_received_condition.cpp.o[0m
[186.006s] [ 21%] [32m[1mLinking CXX shared library libnav2_initial_pose_received_condition_bt_node.so[0m
[186.177s] [ 21%] Built target nav2_initial_pose_received_condition_bt_node
[186.199s] [ 21%] [32mBuilding CXX object CMakeFiles/nav2_is_battery_charging_condition_bt_node.dir/plugins/condition/is_battery_charging_condition.cpp.o[0m
[200.021s] [ 22%] [32m[1mLinking CXX shared library libnav2_is_battery_charging_condition_bt_node.so[0m
[200.224s] [ 22%] [32mBuilding CXX object CMakeFiles/nav2_is_battery_low_condition_bt_node.dir/plugins/condition/is_battery_low_condition.cpp.o[0m
[200.276s] [ 22%] Built target nav2_is_battery_charging_condition_bt_node
[200.299s] [ 22%] [32mBuilding CXX object CMakeFiles/nav2_path_expiring_timer_condition.dir/plugins/condition/path_expiring_timer_condition.cpp.o[0m
[201.321s] [ 23%] [32mBuilding CXX object CMakeFiles/nav2_reinitialize_global_localization_service_bt_node.dir/plugins/action/reinitialize_global_localization_service.cpp.o[0m
[202.427s] [ 24%] [32mBuilding CXX object CMakeFiles/nav2_time_expired_condition_bt_node.dir/plugins/condition/time_expired_condition.cpp.o[0m
[203.498s] [ 24%] [32mBuilding CXX object CMakeFiles/nav2_is_path_valid_condition_bt_node.dir/plugins/condition/is_path_valid_condition.cpp.o[0m
[212.671s] [ 25%] [32m[1mLinking CXX shared library libnav2_path_expiring_timer_condition.so[0m
[213.446s] [ 25%] Built target nav2_path_expiring_timer_condition
[214.364s] [ 25%] [32m[1mLinking CXX shared library libnav2_time_expired_condition_bt_node.so[0m
[214.804s] [ 25%] Built target nav2_time_expired_condition_bt_node
[215.121s] [ 25%] [32m[1mLinking CXX shared library libnav2_reinitialize_global_localization_service_bt_node.so[0m
[215.465s] [ 25%] Built target nav2_reinitialize_global_localization_service_bt_node
[216.437s] [ 26%] [32m[1mLinking CXX shared library libnav2_is_path_valid_condition_bt_node.so[0m
[216.652s] [ 26%] Built target nav2_is_path_valid_condition_bt_node
[221.371s] [ 27%] [32m[1mLinking CXX shared library libnav2_is_battery_low_condition_bt_node.so[0m
[221.644s] [ 27%] Built target nav2_is_battery_low_condition_bt_node
[221.666s] [ 28%] [32mBuilding CXX object CMakeFiles/nav2_truncate_path_action_bt_node.dir/plugins/action/truncate_path_action.cpp.o[0m
[227.326s] [ 28%] [32m[1mLinking CXX shared library libnav2_truncate_path_action_bt_node.so[0m
[227.552s] [ 28%] Built target nav2_truncate_path_action_bt_node
[227.575s] [ 29%] [32mBuilding CXX object CMakeFiles/nav2_truncate_path_local_action_bt_node.dir/plugins/action/truncate_path_local_action.cpp.o[0m
[229.589s] [ 29%] [32mBuilding CXX object CMakeFiles/nav2_goal_updater_node_bt_node.dir/plugins/decorator/goal_updater_node.cpp.o[0m
[230.602s] [ 30%] [32mBuilding CXX object CMakeFiles/nav2_speed_controller_bt_node.dir/plugins/decorator/speed_controller.cpp.o[0m
[231.616s] [ 31%] [32mBuilding CXX object CMakeFiles/nav2_distance_controller_bt_node.dir/plugins/decorator/distance_controller.cpp.o[0m
[232.635s] [ 32%] [32mBuilding CXX object CMakeFiles/nav2_rate_controller_bt_node.dir/plugins/decorator/rate_controller.cpp.o[0m
[233.659s] [ 32%] [32mBuilding CXX object CMakeFiles/nav2_goal_updated_condition_bt_node.dir/plugins/condition/goal_updated_condition.cpp.o[0m
[234.612s] [ 32%] [32m[1mLinking CXX shared library libnav2_truncate_path_local_action_bt_node.so[0m
[234.677s] [ 32%] [32mBuilding CXX object CMakeFiles/nav2_globally_updated_goal_condition_bt_node.dir/plugins/condition/globally_updated_goal_condition.cpp.o[0m
[235.074s] [ 32%] Built target nav2_truncate_path_local_action_bt_node
[235.106s] [ 32%] [32mBuilding CXX object CMakeFiles/nav2_goal_reached_condition_bt_node.dir/plugins/condition/goal_reached_condition.cpp.o[0m
[235.638s] [ 32%] [32m[1mLinking CXX shared library libnav2_rate_controller_bt_node.so[0m
[235.922s] [ 32%] Built target nav2_rate_controller_bt_node
[235.968s] [ 32%] [32mBuilding CXX object CMakeFiles/nav2_path_longer_on_approach_bt_node.dir/plugins/decorator/path_longer_on_approach.cpp.o[0m
[235.982s] [ 33%] [32mBuilding CXX object CMakeFiles/nav2_recovery_node_bt_node.dir/plugins/control/recovery_node.cpp.o[0m
[236.743s] [ 34%] [32m[1mLinking CXX shared library libnav2_goal_updated_condition_bt_node.so[0m
[237.043s] [ 34%] Built target nav2_goal_updated_condition_bt_node
[237.074s] [ 34%] [32mBuilding CXX object CMakeFiles/nav2_navigate_to_pose_action_bt_node.dir/plugins/action/navigate_to_pose_action.cpp.o[0m
[239.129s] [ 34%] [32m[1mLinking CXX shared library libnav2_speed_controller_bt_node.so[0m
[239.557s] [ 34%] Built target nav2_speed_controller_bt_node
[239.591s] [ 34%] [32mBuilding CXX object CMakeFiles/nav2_navigate_through_poses_action_bt_node.dir/plugins/action/navigate_through_poses_action.cpp.o[0m
[240.021s] [ 34%] [32m[1mLinking CXX shared library libnav2_recovery_node_bt_node.so[0m
[240.400s] [ 34%] Built target nav2_recovery_node_bt_node
[240.412s] [ 34%] [32m[1mLinking CXX shared library libnav2_distance_controller_bt_node.so[0m
[240.561s] [ 35%] [32mBuilding CXX object CMakeFiles/nav2_remove_passed_goals_action_bt_node.dir/plugins/action/remove_passed_goals_action.cpp.o[0m
[240.873s] [ 35%] Built target nav2_distance_controller_bt_node
[241.003s] [ 35%] [32mBuilding CXX object CMakeFiles/nav2_pipeline_sequence_bt_node.dir/plugins/control/pipeline_sequence.cpp.o[0m
[242.675s] [ 36%] [32m[1mLinking CXX shared library libnav2_globally_updated_goal_condition_bt_node.so[0m
[243.158s] [ 36%] Built target nav2_globally_updated_goal_condition_bt_node
[243.288s] [ 37%] [32mBuilding CXX object CMakeFiles/nav2_round_robin_node_bt_node.dir/plugins/control/round_robin_node.cpp.o[0m
[243.839s] [ 38%] [32m[1mLinking CXX shared library libnav2_pipeline_sequence_bt_node.so[0m
[244.366s] [ 38%] Built target nav2_pipeline_sequence_bt_node
[244.507s] [ 39%] [32mBuilding CXX object CMakeFiles/nav2_single_trigger_bt_node.dir/plugins/decorator/single_trigger_node.cpp.o[0m
[244.884s] [ 40%] [32m[1mLinking CXX shared library libnav2_goal_reached_condition_bt_node.so[0m
[245.500s] [ 41%] [32m[1mLinking CXX shared library libnav2_path_longer_on_approach_bt_node.so[0m
[245.603s] [ 41%] Built target nav2_goal_reached_condition_bt_node
[245.949s] [ 41%] Built target nav2_path_longer_on_approach_bt_node
[246.388s] [ 41%] [32m[1mLinking CXX shared library libnav2_round_robin_node_bt_node.so[0m
[246.746s] [ 41%] Built target nav2_round_robin_node_bt_node
[247.346s] [ 41%] [32m[1mLinking CXX shared library libnav2_single_trigger_bt_node.so[0m
[247.589s] [ 41%] Built target nav2_single_trigger_bt_node
[248.830s] [ 42%] [32m[1mLinking CXX shared library libnav2_goal_updater_node_bt_node.so[0m
[249.168s] [ 42%] Built target nav2_goal_updater_node_bt_node
[249.698s] [ 43%] [32m[1mLinking CXX shared library libnav2_navigate_to_pose_action_bt_node.so[0m
[249.963s] [ 43%] Built target nav2_navigate_to_pose_action_bt_node
[250.422s] [ 43%] [32m[1mLinking CXX shared library libnav2_remove_passed_goals_action_bt_node.so[0m
[250.659s] [ 43%] Built target nav2_remove_passed_goals_action_bt_node
[251.657s] [ 44%] [32m[1mLinking CXX shared library libnav2_navigate_through_poses_action_bt_node.so[0m
[251.849s] [ 44%] Built target nav2_navigate_through_poses_action_bt_node
[251.869s] [ 45%] [32mBuilding CXX object gtest/CMakeFiles/gtest_main.dir/src/gtest_main.cc.o[0m
[252.880s] [ 45%] [32m[1mLinking CXX static library libgtest_main.a[0m
[252.917s] [ 45%] Built target gtest_main
[252.940s] [ 45%] [32mBuilding CXX object gtest/CMakeFiles/gtest.dir/src/gtest-all.cc.o[0m
[264.922s] [ 45%] [32m[1mLinking CXX static library libgtest.a[0m
[265.018s] [ 45%] Built target gtest
[265.165s] [ 45%] [32mBuilding CXX object CMakeFiles/nav2_goal_updated_controller_bt_node.dir/plugins/decorator/goal_updated_controller.cpp.o[0m
[270.153s] [ 46%] [32mBuilding CXX object test/plugins/condition/CMakeFiles/test_condition_distance_traveled.dir/test_distance_traveled.cpp.o[0m
[270.179s] [ 47%] [32mBuilding CXX object test/CMakeFiles/test_bt_conversions.dir/test_bt_conversions.cpp.o[0m
[271.282s] [ 47%] [32mBuilding CXX object CMakeFiles/nav2_progress_checker_selector_bt_node.dir/plugins/action/progress_checker_selector_node.cpp.o[0m
[272.351s] [ 47%] [32mBuilding CXX object CMakeFiles/nav2_goal_checker_selector_bt_node.dir/plugins/action/goal_checker_selector_node.cpp.o[0m
[272.599s] [ 48%] [32m[1mLinking CXX shared library libnav2_goal_updated_controller_bt_node.so[0m
[273.177s] [ 48%] Built target nav2_goal_updated_controller_bt_node
[273.266s] [ 49%] [32mBuilding CXX object CMakeFiles/nav2_smoother_selector_bt_node.dir/plugins/action/smoother_selector_node.cpp.o[0m
[273.331s] [ 50%] [32mBuilding CXX object CMakeFiles/nav2_controller_selector_bt_node.dir/plugins/action/controller_selector_node.cpp.o[0m
[274.411s] [ 51%] [32mBuilding CXX object test/plugins/condition/CMakeFiles/test_condition_time_expired.dir/test_time_expired.cpp.o[0m
[279.661s] [ 51%] [32m[1mLinking CXX executable test_bt_conversions[0m
[280.644s] [ 51%] Built target test_bt_conversions
[288.530s] [ 51%] [32m[1mLinking CXX executable test_condition_distance_traveled[0m
[289.041s] [ 51%] Built target test_condition_distance_traveled
[291.145s] [ 51%] [32m[1mLinking CXX executable test_condition_time_expired[0m
[291.626s] [ 51%] Built target test_condition_time_expired
[295.360s] [ 51%] [32m[1mLinking CXX shared library libnav2_progress_checker_selector_bt_node.so[0m
[295.664s] [ 51%] Built target nav2_progress_checker_selector_bt_node
[295.739s] [ 52%] [32m[1mLinking CXX shared library libnav2_goal_checker_selector_bt_node.so[0m
[295.802s] [ 52%] [32m[1mLinking CXX shared library libnav2_smoother_selector_bt_node.so[0m
[296.036s] [ 52%] Built target nav2_goal_checker_selector_bt_node
[296.109s] [ 52%] Built target nav2_smoother_selector_bt_node
[296.185s] [ 52%] [32m[1mLinking CXX shared library libnav2_controller_selector_bt_node.so[0m
[296.421s] [ 52%] Built target nav2_controller_selector_bt_node
[296.440s] [ 53%] [32mBuilding CXX object test/plugins/condition/CMakeFiles/test_condition_transform_available.dir/test_transform_available.cpp.o[0m
[303.933s] [ 53%] [32m[1mLinking CXX executable test_condition_transform_available[0m
[304.204s] [ 53%] Built target test_condition_transform_available
[304.224s] [ 54%] [32mBuilding CXX object test/plugins/condition/CMakeFiles/test_condition_is_stuck.dir/test_is_stuck.cpp.o[0m
[305.239s] [ 55%] [32mBuilding CXX object test/plugins/condition/CMakeFiles/test_condition_is_battery_charging.dir/test_is_battery_charging.cpp.o[0m
[306.269s] [ 56%] [32mBuilding CXX object test/plugins/condition/CMakeFiles/test_condition_initial_pose_received.dir/test_initial_pose_received.cpp.o[0m
[307.276s] [ 57%] [32mBuilding CXX object test/plugins/condition/CMakeFiles/test_condition_globally_updated_goal.dir/test_globally_updated_goal.cpp.o[0m
[308.295s] [ 58%] [32mBuilding CXX object test/plugins/condition/CMakeFiles/test_condition_goal_updated.dir/test_goal_updated.cpp.o[0m
[309.410s] [ 59%] [32mBuilding CXX object test/plugins/condition/CMakeFiles/test_condition_goal_reached.dir/test_goal_reached.cpp.o[0m
[319.619s] [ 59%] [32m[1mLinking CXX executable test_condition_is_stuck[0m
[320.015s] [ 59%] [32m[1mLinking CXX executable test_condition_is_battery_charging[0m
[320.328s] [ 59%] Built target test_condition_is_stuck
[320.721s] [ 59%] Built target test_condition_is_battery_charging
[322.076s] [ 59%] [32m[1mLinking CXX executable test_condition_initial_pose_received[0m
[322.864s] [ 59%] Built target test_condition_initial_pose_received
[323.488s] [ 59%] [32m[1mLinking CXX executable test_condition_globally_updated_goal[0m
[324.261s] [ 59%] Built target test_condition_globally_updated_goal
[325.004s] [ 59%] [32m[1mLinking CXX executable test_condition_goal_updated[0m
[325.650s] [ 59%] Built target test_condition_goal_updated
[326.257s] [ 59%] [32m[1mLinking CXX executable test_condition_goal_reached[0m
[326.728s] [ 59%] Built target test_condition_goal_reached
[326.758s] [ 59%] [32mBuilding CXX object test/plugins/decorator/CMakeFiles/test_decorator_rate_controller.dir/test_rate_controller.cpp.o[0m
[339.420s] [ 60%] [32m[1mLinking CXX executable test_decorator_rate_controller[0m
[340.286s] [ 60%] Built target test_decorator_rate_controller
[340.321s] [ 60%] [32mBuilding CXX object test/plugins/decorator/CMakeFiles/test_goal_updater_node.dir/test_goal_updater_node.cpp.o[0m
[353.784s] [ 61%] [32m[1mLinking CXX executable test_goal_updater_node[0m
[354.257s] [ 61%] Built target test_goal_updater_node
[354.289s] [ 61%] [32mBuilding CXX object test/plugins/decorator/CMakeFiles/test_single_trigger_node.dir/test_single_trigger_node.cpp.o[0m
[366.608s] [ 62%] [32m[1mLinking CXX executable test_single_trigger_node[0m
[367.104s] [ 62%] Built target test_single_trigger_node
[367.142s] [ 62%] [32mBuilding CXX object test/plugins/decorator/CMakeFiles/test_goal_updated_controller.dir/test_goal_updated_controller.cpp.o[0m
[380.264s] [ 63%] [32m[1mLinking CXX executable test_goal_updated_controller[0m
[380.846s] [ 63%] Built target test_goal_updated_controller
[380.879s] [ 63%] [32mBuilding CXX object test/plugins/decorator/CMakeFiles/test_decorator_path_longer_on_approach.dir/test_path_longer_on_approach.cpp.o[0m
[393.275s] [ 64%] [32m[1mLinking CXX executable test_decorator_path_longer_on_approach[0m
[393.902s] [ 64%] Built target test_decorator_path_longer_on_approach
[393.957s] [ 64%] [32mBuilding CXX object test/plugins/control/CMakeFiles/test_control_recovery_node.dir/test_recovery_node.cpp.o[0m
[408.045s] [ 65%] [32m[1mLinking CXX executable test_control_recovery_node[0m
[408.608s] [ 65%] Built target test_control_recovery_node
[408.645s] [ 66%] [32mBuilding CXX object test/plugins/control/CMakeFiles/test_control_pipeline_sequence.dir/test_pipeline_sequence.cpp.o[0m
[422.602s] [ 66%] [32m[1mLinking CXX executable test_control_pipeline_sequence[0m
[423.430s] [ 66%] Built target test_control_pipeline_sequence
[423.490s] [ 66%] [32mBuilding CXX object test/plugins/control/CMakeFiles/test_control_round_robin_node.dir/test_round_robin_node.cpp.o[0m
[439.267s] [ 67%] [32m[1mLinking CXX executable test_control_round_robin_node[0m
[440.035s] [ 67%] Built target test_control_round_robin_node
[440.078s] [ 68%] [32mBuilding CXX object test/plugins/action/CMakeFiles/test_bt_action_node.dir/test_bt_action_node.cpp.o[0m
[461.437s] [ 68%] [32m[1mLinking CXX executable test_bt_action_node[0m
[462.091s] [ 68%] Built target test_bt_action_node
[462.144s] [ 68%] [32mBuilding CXX object test/plugins/action/CMakeFiles/test_action_spin_action.dir/test_spin_action.cpp.o[0m
[478.570s] [ 69%] [32m[1mLinking CXX executable test_action_spin_action[0m
[479.569s] [ 69%] Built target test_action_spin_action
[479.608s] [ 69%] [32mBuilding CXX object test/plugins/action/CMakeFiles/test_action_back_up_action.dir/test_back_up_action.cpp.o[0m
[497.379s] [ 70%] [32m[1mLinking CXX executable test_action_back_up_action[0m
[498.001s] [ 70%] Built target test_action_back_up_action
[498.041s] [ 70%] [32mBuilding CXX object test/plugins/action/CMakeFiles/test_action_drive_on_heading.dir/test_drive_on_heading_action.cpp.o[0m
[513.180s] [ 71%] [32m[1mLinking CXX executable test_action_drive_on_heading[0m
[513.690s] [ 71%] Built target test_action_drive_on_heading
[513.723s] [ 72%] [32mBuilding CXX object test/plugins/action/CMakeFiles/test_action_wait_action.dir/test_wait_action.cpp.o[0m
[528.057s] [ 72%] [32m[1mLinking CXX executable test_action_wait_action[0m
[528.552s] [ 72%] Built target test_action_wait_action
[528.587s] [ 72%] [32mBuilding CXX object test/plugins/action/CMakeFiles/test_action_assisted_teleop_action.dir/test_assisted_teleop_action.cpp.o[0m
[544.270s] [ 73%] [32m[1mLinking CXX executable test_action_assisted_teleop_action[0m
[544.801s] [ 73%] Built target test_action_assisted_teleop_action
[544.839s] [ 73%] [32mBuilding CXX object test/plugins/action/CMakeFiles/test_action_controller_cancel_action.dir/test_controller_cancel_node.cpp.o[0m
[561.924s] [ 74%] [32m[1mLinking CXX executable test_action_controller_cancel_action[0m
[562.612s] [ 74%] Built target test_action_controller_cancel_action
[562.676s] [ 75%] [32mBuilding CXX object test/plugins/action/CMakeFiles/test_action_wait_cancel_action.dir/test_wait_cancel_node.cpp.o[0m
[579.677s] [ 75%] [32m[1mLinking CXX executable test_action_wait_cancel_action[0m
[580.554s] [ 75%] Built target test_action_wait_cancel_action
[580.597s] [ 75%] [32mBuilding CXX object test/plugins/action/CMakeFiles/test_action_spin_cancel_action.dir/test_spin_cancel_node.cpp.o[0m
[596.053s] [ 75%] [32m[1mLinking CXX executable test_action_spin_cancel_action[0m
[596.576s] [ 75%] Built target test_action_spin_cancel_action
[596.613s] [ 75%] [32mBuilding CXX object test/plugins/action/CMakeFiles/test_action_back_up_cancel_action.dir/test_back_up_cancel_node.cpp.o[0m
[614.381s] [ 76%] [32m[1mLinking CXX executable test_action_back_up_cancel_action[0m
[615.112s] [ 76%] Built target test_action_back_up_cancel_action
[615.154s] [ 76%] [32mBuilding CXX object test/plugins/action/CMakeFiles/test_action_assisted_teleop_cancel_action.dir/test_assisted_teleop_cancel_node.cpp.o[0m
[631.827s] [ 77%] [32m[1mLinking CXX executable test_action_assisted_teleop_cancel_action[0m
[632.467s] [ 77%] Built target test_action_assisted_teleop_cancel_action
[632.505s] [ 77%] [32mBuilding CXX object test/plugins/action/CMakeFiles/test_action_drive_on_heading_cancel_action.dir/test_drive_on_heading_cancel_node.cpp.o[0m
[648.422s] [ 78%] [32m[1mLinking CXX executable test_action_drive_on_heading_cancel_action[0m
[648.855s] [ 78%] Built target test_action_drive_on_heading_cancel_action
[648.889s] [ 78%] [32mBuilding CXX object test/plugins/action/CMakeFiles/test_action_clear_costmap_service.dir/test_clear_costmap_service.cpp.o[0m
[663.729s] [ 79%] [32m[1mLinking CXX executable test_action_clear_costmap_service[0m
[664.228s] [ 79%] Built target test_action_clear_costmap_service
[664.267s] [ 79%] [32mBuilding CXX object test/plugins/action/CMakeFiles/test_action_reinitialize_global_localization_service.dir/test_reinitialize_global_localization_service.cpp.o[0m
[666.371s] [ 79%] [32mBuilding CXX object test/plugins/action/CMakeFiles/test_action_compute_path_to_pose_action.dir/test_compute_path_to_pose_action.cpp.o[0m
[668.500s] [ 79%] [32mBuilding CXX object test/plugins/decorator/CMakeFiles/test_decorator_speed_controller.dir/test_speed_controller.cpp.o[0m
[687.798s] [ 80%] [32m[1mLinking CXX executable test_action_reinitialize_global_localization_service[0m
[689.108s] [ 80%] Built target test_action_reinitialize_global_localization_service
[700.056s] [ 81%] [32m[1mLinking CXX executable test_action_compute_path_to_pose_action[0m
[701.211s] [ 81%] Built target test_action_compute_path_to_pose_action
[704.847s] [ 82%] [32m[1mLinking CXX executable test_decorator_speed_controller[0m
[705.712s] [ 82%] Built target test_decorator_speed_controller
[705.754s] [ 82%] [32mBuilding CXX object test/plugins/action/CMakeFiles/test_action_smooth_path_action.dir/test_smooth_path_action.cpp.o[0m
[724.232s] [ 83%] [32m[1mLinking CXX executable test_action_smooth_path_action[0m
[725.011s] [ 83%] Built target test_action_smooth_path_action
[725.056s] [ 83%] [32mBuilding CXX object test/plugins/action/CMakeFiles/test_action_follow_path_action.dir/test_follow_path_action.cpp.o[0m
[742.846s] [ 84%] [32m[1mLinking CXX executable test_action_follow_path_action[0m
[743.376s] [ 84%] Built target test_action_follow_path_action
[743.424s] [ 84%] [32mBuilding CXX object test/plugins/action/CMakeFiles/test_action_navigate_to_pose_action.dir/test_navigate_to_pose_action.cpp.o[0m
[757.511s] [ 85%] [32m[1mLinking CXX executable test_action_navigate_to_pose_action[0m
[757.922s] [ 85%] Built target test_action_navigate_to_pose_action
[757.954s] [ 85%] [32mBuilding CXX object test/plugins/action/CMakeFiles/test_action_navigate_through_poses_action.dir/test_navigate_through_poses_action.cpp.o[0m
[769.354s] [ 86%] [32m[1mLinking CXX executable test_action_navigate_through_poses_action[0m
[769.699s] [ 86%] Built target test_action_navigate_through_poses_action
[769.727s] [ 86%] [32mBuilding CXX object test/plugins/action/CMakeFiles/test_truncate_path_action.dir/test_truncate_path_action.cpp.o[0m
[770.744s] [ 86%] [32mBuilding CXX object test/plugins/action/CMakeFiles/test_truncate_path_local_action.dir/test_truncate_path_local_action.cpp.o[0m
[771.857s] [ 86%] [32mBuilding CXX object test/plugins/action/CMakeFiles/test_action_compute_path_through_poses_action.dir/test_compute_path_through_poses_action.cpp.o[0m
[772.956s] [ 86%] [32mBuilding CXX object test/plugins/decorator/CMakeFiles/test_decorator_distance_controller.dir/test_distance_controller.cpp.o[0m
[774.097s] [ 87%] [32mBuilding CXX object test/plugins/condition/CMakeFiles/test_condition_is_path_valid.dir/test_is_path_valid.cpp.o[0m
[798.910s] [ 88%] [32m[1mLinking CXX executable test_truncate_path_action[0m
[800.079s] [ 88%] Built target test_truncate_path_action
[815.094s] [ 89%] [32m[1mLinking CXX executable test_truncate_path_local_action[0m
[815.510s] [ 90%] [32m[1mLinking CXX executable test_decorator_distance_controller[0m
[817.601s] [ 90%] Built target test_decorator_distance_controller
[817.653s] [ 90%] Built target test_truncate_path_local_action
[818.474s] [ 90%] [32m[1mLinking CXX executable test_condition_is_path_valid[0m
[819.440s] [ 90%] Built target test_condition_is_path_valid
[822.635s] [ 91%] [32m[1mLinking CXX executable test_action_compute_path_through_poses_action[0m
[823.495s] [ 91%] Built target test_action_compute_path_through_poses_action
[823.539s] [ 91%] [32mBuilding CXX object test/plugins/action/CMakeFiles/test_goal_checker_selector_node.dir/test_goal_checker_selector_node.cpp.o[0m
[837.613s] [ 92%] [32m[1mLinking CXX executable test_goal_checker_selector_node[0m
[838.006s] [ 92%] Built target test_goal_checker_selector_node
[838.033s] [ 92%] [32mBuilding CXX object test/plugins/action/CMakeFiles/test_progress_checker_selector_node.dir/test_progress_checker_selector_node.cpp.o[0m
[848.847s] [ 93%] [32m[1mLinking CXX executable test_progress_checker_selector_node[0m
[849.213s] [ 93%] Built target test_progress_checker_selector_node
[849.239s] [ 93%] [32mBuilding CXX object test/plugins/action/CMakeFiles/test_smoother_selector_node.dir/test_smoother_selector_node.cpp.o[0m
[859.730s] [ 94%] [32m[1mLinking CXX executable test_smoother_selector_node[0m
[860.051s] [ 94%] Built target test_smoother_selector_node
[860.073s] [ 94%] [32mBuilding CXX object test/plugins/action/CMakeFiles/test_controller_selector_node.dir/test_controller_selector_node.cpp.o[0m
[869.586s] [ 95%] [32m[1mLinking CXX executable test_controller_selector_node[0m
[869.896s] [ 95%] Built target test_controller_selector_node
[869.921s] [ 95%] [32mBuilding CXX object test/plugins/action/CMakeFiles/test_remove_passed_goals_action.dir/test_remove_passed_goals_action.cpp.o[0m
[879.649s] [ 96%] [32m[1mLinking CXX executable test_remove_passed_goals_action[0m
[879.960s] [ 96%] Built target test_remove_passed_goals_action
[879.983s] [ 97%] [32mBuilding CXX object test/plugins/condition/CMakeFiles/test_condition_is_battery_low.dir/test_is_battery_low.cpp.o[0m
[889.628s] [ 97%] [32m[1mLinking CXX executable test_condition_is_battery_low[0m
[889.958s] [ 97%] Built target test_condition_is_battery_low
[889.989s] [ 98%] [32mBuilding CXX object CMakeFiles/nav2_planner_selector_bt_node.dir/plugins/action/planner_selector_node.cpp.o[0m
[889.989s] [ 98%] [32mBuilding CXX object test/plugins/condition/CMakeFiles/test_condition_path_expiring_timer.dir/test_path_expiring_timer.cpp.o[0m
[902.730s] [ 98%] [32m[1mLinking CXX executable test_condition_path_expiring_timer[0m
[903.630s] [ 98%] Built target test_condition_path_expiring_timer
[914.666s] [ 99%] [32m[1mLinking CXX shared library libnav2_planner_selector_bt_node.so[0m
[915.336s] [ 99%] Built target nav2_planner_selector_bt_node
[915.475s] [ 99%] [32mBuilding CXX object test/plugins/action/CMakeFiles/test_planner_selector_node.dir/test_planner_selector_node.cpp.o[0m
[929.294s] [100%] [32m[1mLinking CXX executable test_planner_selector_node[0m
[929.621s] [100%] Built target test_planner_selector_node
[929.637s] Invoked command in '/root/nav2-ws/build/nav2_behavior_tree' returned '0': AMENT_PREFIX_PATH=/root/nav2-ws/install/nav2_util:/root/nav2-ws/install/nav2_msgs:/root/nav2-ws/install/nav2_common:${AMENT_PREFIX_PATH} CMAKE_PREFIX_PATH=/root/nav2-ws/install/nav2_util:/root/nav2-ws/install/nav2_msgs:/root/nav2-ws/install/nav2_common:/opt/ros/humble LD_LIBRARY_PATH=/root/nav2-ws/install/nav2_util/lib:/root/nav2-ws/install/nav2_msgs/lib:${LD_LIBRARY_PATH} PYTHONPATH=/root/nav2-ws/install/nav2_msgs/local/lib/python3.10/dist-packages:/root/nav2-ws/install/nav2_common/local/lib/python3.10/dist-packages:${PYTHONPATH} /usr/bin/cmake --build /root/nav2-ws/build/nav2_behavior_tree -- -j8 -l8
[929.892s] Invoking command in '/root/nav2-ws/build/nav2_behavior_tree': AMENT_PREFIX_PATH=/root/nav2-ws/install/nav2_util:/root/nav2-ws/install/nav2_msgs:/root/nav2-ws/install/nav2_common:${AMENT_PREFIX_PATH} CMAKE_PREFIX_PATH=/root/nav2-ws/install/nav2_util:/root/nav2-ws/install/nav2_msgs:/root/nav2-ws/install/nav2_common:/opt/ros/humble LD_LIBRARY_PATH=/root/nav2-ws/install/nav2_util/lib:/root/nav2-ws/install/nav2_msgs/lib:${LD_LIBRARY_PATH} PYTHONPATH=/root/nav2-ws/install/nav2_msgs/local/lib/python3.10/dist-packages:/root/nav2-ws/install/nav2_common/local/lib/python3.10/dist-packages:${PYTHONPATH} /usr/bin/cmake --install /root/nav2-ws/build/nav2_behavior_tree
[929.901s] -- Install configuration: "Release"
[929.901s] -- Execute custom install script
[929.902s] -- Symlinking: /root/nav2-ws/install/nav2_behavior_tree/lib/libnav2_behavior_tree.so
[929.912s] -- Symlinking: /root/nav2-ws/install/nav2_behavior_tree/lib/libnav2_compute_path_to_pose_action_bt_node.so
[929.922s] -- Symlinking: /root/nav2-ws/install/nav2_behavior_tree/lib/libnav2_compute_path_through_poses_action_bt_node.so
[929.934s] -- Symlinking: /root/nav2-ws/install/nav2_behavior_tree/lib/libnav2_controller_cancel_bt_node.so
[929.944s] -- Symlinking: /root/nav2-ws/install/nav2_behavior_tree/lib/libnav2_wait_cancel_bt_node.so
[929.955s] -- Symlinking: /root/nav2-ws/install/nav2_behavior_tree/lib/libnav2_spin_cancel_bt_node.so
[929.966s] -- Symlinking: /root/nav2-ws/install/nav2_behavior_tree/lib/libnav2_back_up_cancel_bt_node.so
[929.976s] -- Symlinking: /root/nav2-ws/install/nav2_behavior_tree/lib/libnav2_assisted_teleop_cancel_bt_node.so
[929.986s] -- Symlinking: /root/nav2-ws/install/nav2_behavior_tree/lib/libnav2_drive_on_heading_cancel_bt_node.so
[929.996s] -- Symlinking: /root/nav2-ws/install/nav2_behavior_tree/lib/libnav2_smooth_path_action_bt_node.so
[930.007s] -- Symlinking: /root/nav2-ws/install/nav2_behavior_tree/lib/libnav2_follow_path_action_bt_node.so
[930.017s] -- Symlinking: /root/nav2-ws/install/nav2_behavior_tree/lib/libnav2_back_up_action_bt_node.so
[930.027s] -- Symlinking: /root/nav2-ws/install/nav2_behavior_tree/lib/libnav2_drive_on_heading_bt_node.so
[930.036s] -- Symlinking: /root/nav2-ws/install/nav2_behavior_tree/lib/libnav2_spin_action_bt_node.so
[930.047s] -- Symlinking: /root/nav2-ws/install/nav2_behavior_tree/lib/libnav2_wait_action_bt_node.so
[930.057s] -- Symlinking: /root/nav2-ws/install/nav2_behavior_tree/lib/libnav2_assisted_teleop_action_bt_node.so
[930.068s] -- Symlinking: /root/nav2-ws/install/nav2_behavior_tree/lib/libnav2_clear_costmap_service_bt_node.so
[930.079s] -- Symlinking: /root/nav2-ws/install/nav2_behavior_tree/lib/libnav2_is_stuck_condition_bt_node.so
[930.089s] -- Symlinking: /root/nav2-ws/install/nav2_behavior_tree/lib/libnav2_transform_available_condition_bt_node.so
[930.098s] -- Symlinking: /root/nav2-ws/install/nav2_behavior_tree/lib/libnav2_goal_reached_condition_bt_node.so
[930.107s] -- Symlinking: /root/nav2-ws/install/nav2_behavior_tree/lib/libnav2_globally_updated_goal_condition_bt_node.so
[930.119s] -- Symlinking: /root/nav2-ws/install/nav2_behavior_tree/lib/libnav2_goal_updated_condition_bt_node.so
[930.129s] -- Symlinking: /root/nav2-ws/install/nav2_behavior_tree/lib/libnav2_is_path_valid_condition_bt_node.so
[930.140s] -- Symlinking: /root/nav2-ws/install/nav2_behavior_tree/lib/libnav2_time_expired_condition_bt_node.so
[930.150s] -- Symlinking: /root/nav2-ws/install/nav2_behavior_tree/lib/libnav2_path_expiring_timer_condition.so
[930.161s] -- Symlinking: /root/nav2-ws/install/nav2_behavior_tree/lib/libnav2_distance_traveled_condition_bt_node.so
[930.170s] -- Symlinking: /root/nav2-ws/install/nav2_behavior_tree/lib/libnav2_initial_pose_received_condition_bt_node.so
[930.179s] -- Symlinking: /root/nav2-ws/install/nav2_behavior_tree/lib/libnav2_is_battery_charging_condition_bt_node.so
[930.189s] -- Symlinking: /root/nav2-ws/install/nav2_behavior_tree/lib/libnav2_is_battery_low_condition_bt_node.so
[930.199s] -- Symlinking: /root/nav2-ws/install/nav2_behavior_tree/lib/libnav2_reinitialize_global_localization_service_bt_node.so
[930.208s] -- Symlinking: /root/nav2-ws/install/nav2_behavior_tree/lib/libnav2_rate_controller_bt_node.so
[930.218s] -- Symlinking: /root/nav2-ws/install/nav2_behavior_tree/lib/libnav2_distance_controller_bt_node.so
[930.228s] -- Symlinking: /root/nav2-ws/install/nav2_behavior_tree/lib/libnav2_speed_controller_bt_node.so
[930.238s] -- Symlinking: /root/nav2-ws/install/nav2_behavior_tree/lib/libnav2_truncate_path_action_bt_node.so
[930.247s] -- Symlinking: /root/nav2-ws/install/nav2_behavior_tree/lib/libnav2_truncate_path_local_action_bt_node.so
[930.257s] -- Symlinking: /root/nav2-ws/install/nav2_behavior_tree/lib/libnav2_goal_updater_node_bt_node.so
[930.268s] -- Symlinking: /root/nav2-ws/install/nav2_behavior_tree/lib/libnav2_path_longer_on_approach_bt_node.so
[930.278s] -- Symlinking: /root/nav2-ws/install/nav2_behavior_tree/lib/libnav2_recovery_node_bt_node.so
[930.288s] -- Symlinking: /root/nav2-ws/install/nav2_behavior_tree/lib/libnav2_navigate_to_pose_action_bt_node.so
[930.297s] -- Symlinking: /root/nav2-ws/install/nav2_behavior_tree/lib/libnav2_navigate_through_poses_action_bt_node.so
[930.309s] -- Symlinking: /root/nav2-ws/install/nav2_behavior_tree/lib/libnav2_remove_passed_goals_action_bt_node.so
[930.320s] -- Symlinking: /root/nav2-ws/install/nav2_behavior_tree/lib/libnav2_pipeline_sequence_bt_node.so
[930.331s] -- Symlinking: /root/nav2-ws/install/nav2_behavior_tree/lib/libnav2_round_robin_node_bt_node.so
[930.344s] -- Symlinking: /root/nav2-ws/install/nav2_behavior_tree/lib/libnav2_single_trigger_bt_node.so
[930.356s] -- Symlinking: /root/nav2-ws/install/nav2_behavior_tree/lib/libnav2_planner_selector_bt_node.so
[930.367s] -- Symlinking: /root/nav2-ws/install/nav2_behavior_tree/lib/libnav2_controller_selector_bt_node.so
[930.378s] -- Symlinking: /root/nav2-ws/install/nav2_behavior_tree/lib/libnav2_smoother_selector_bt_node.so
[930.388s] -- Symlinking: /root/nav2-ws/install/nav2_behavior_tree/lib/libnav2_goal_checker_selector_bt_node.so
[930.398s] -- Symlinking: /root/nav2-ws/install/nav2_behavior_tree/lib/libnav2_progress_checker_selector_bt_node.so
[930.408s] -- Symlinking: /root/nav2-ws/install/nav2_behavior_tree/lib/libnav2_goal_updated_controller_bt_node.so
[930.419s] -- Symlinking: /root/nav2-ws/install/nav2_behavior_tree/include//nav2_behavior_tree/behavior_tree_engine.hpp
[930.430s] -- Symlinking: /root/nav2-ws/install/nav2_behavior_tree/include//nav2_behavior_tree/bt_action_node.hpp
[930.439s] -- Symlinking: /root/nav2-ws/install/nav2_behavior_tree/include//nav2_behavior_tree/bt_action_server.hpp
[930.449s] -- Symlinking: /root/nav2-ws/install/nav2_behavior_tree/include//nav2_behavior_tree/bt_action_server_impl.hpp
[930.460s] -- Symlinking: /root/nav2-ws/install/nav2_behavior_tree/include//nav2_behavior_tree/bt_cancel_action_node.hpp
[930.471s] -- Symlinking: /root/nav2-ws/install/nav2_behavior_tree/include//nav2_behavior_tree/bt_conversions.hpp
[930.481s] -- Symlinking: /root/nav2-ws/install/nav2_behavior_tree/include//nav2_behavior_tree/bt_service_node.hpp
[930.491s] -- Symlinking: /root/nav2-ws/install/nav2_behavior_tree/include//nav2_behavior_tree/plugins/action/assisted_teleop_action.hpp
[930.501s] -- Symlinking: /root/nav2-ws/install/nav2_behavior_tree/include//nav2_behavior_tree/plugins/action/assisted_teleop_cancel_node.hpp
[930.511s] -- Symlinking: /root/nav2-ws/install/nav2_behavior_tree/include//nav2_behavior_tree/plugins/action/back_up_action.hpp
[930.521s] -- Symlinking: /root/nav2-ws/install/nav2_behavior_tree/include//nav2_behavior_tree/plugins/action/back_up_cancel_node.hpp
[930.531s] -- Symlinking: /root/nav2-ws/install/nav2_behavior_tree/include//nav2_behavior_tree/plugins/action/clear_costmap_service.hpp
[930.541s] -- Symlinking: /root/nav2-ws/install/nav2_behavior_tree/include//nav2_behavior_tree/plugins/action/compute_path_through_poses_action.hpp
[930.551s] -- Symlinking: /root/nav2-ws/install/nav2_behavior_tree/include//nav2_behavior_tree/plugins/action/compute_path_to_pose_action.hpp
[930.562s] -- Symlinking: /root/nav2-ws/install/nav2_behavior_tree/include//nav2_behavior_tree/plugins/action/controller_cancel_node.hpp
[930.572s] -- Symlinking: /root/nav2-ws/install/nav2_behavior_tree/include//nav2_behavior_tree/plugins/action/controller_selector_node.hpp
[930.582s] -- Symlinking: /root/nav2-ws/install/nav2_behavior_tree/include//nav2_behavior_tree/plugins/action/drive_on_heading_action.hpp
[930.591s] -- Symlinking: /root/nav2-ws/install/nav2_behavior_tree/include//nav2_behavior_tree/plugins/action/drive_on_heading_cancel_node.hpp
[930.602s] -- Symlinking: /root/nav2-ws/install/nav2_behavior_tree/include//nav2_behavior_tree/plugins/action/follow_path_action.hpp
[930.612s] -- Symlinking: /root/nav2-ws/install/nav2_behavior_tree/include//nav2_behavior_tree/plugins/action/goal_checker_selector_node.hpp
[930.622s] -- Symlinking: /root/nav2-ws/install/nav2_behavior_tree/include//nav2_behavior_tree/plugins/action/navigate_through_poses_action.hpp
[930.632s] -- Symlinking: /root/nav2-ws/install/nav2_behavior_tree/include//nav2_behavior_tree/plugins/action/navigate_to_pose_action.hpp
[930.643s] -- Symlinking: /root/nav2-ws/install/nav2_behavior_tree/include//nav2_behavior_tree/plugins/action/planner_selector_node.hpp
[930.652s] -- Symlinking: /root/nav2-ws/install/nav2_behavior_tree/include//nav2_behavior_tree/plugins/action/progress_checker_selector_node.hpp
[930.664s] -- Symlinking: /root/nav2-ws/install/nav2_behavior_tree/include//nav2_behavior_tree/plugins/action/reinitialize_global_localization_service.hpp
[930.673s] -- Symlinking: /root/nav2-ws/install/nav2_behavior_tree/include//nav2_behavior_tree/plugins/action/remove_passed_goals_action.hpp
[930.683s] -- Symlinking: /root/nav2-ws/install/nav2_behavior_tree/include//nav2_behavior_tree/plugins/action/smooth_path_action.hpp
[930.692s] -- Symlinking: /root/nav2-ws/install/nav2_behavior_tree/include//nav2_behavior_tree/plugins/action/smoother_selector_node.hpp
[930.702s] -- Symlinking: /root/nav2-ws/install/nav2_behavior_tree/include//nav2_behavior_tree/plugins/action/spin_action.hpp
[930.715s] -- Symlinking: /root/nav2-ws/install/nav2_behavior_tree/include//nav2_behavior_tree/plugins/action/spin_cancel_node.hpp
[930.728s] -- Symlinking: /root/nav2-ws/install/nav2_behavior_tree/include//nav2_behavior_tree/plugins/action/truncate_path_action.hpp
[930.738s] -- Symlinking: /root/nav2-ws/install/nav2_behavior_tree/include//nav2_behavior_tree/plugins/action/truncate_path_local_action.hpp
[930.748s] -- Symlinking: /root/nav2-ws/install/nav2_behavior_tree/include//nav2_behavior_tree/plugins/action/wait_action.hpp
[930.758s] -- Symlinking: /root/nav2-ws/install/nav2_behavior_tree/include//nav2_behavior_tree/plugins/action/wait_cancel_node.hpp
[930.767s] -- Symlinking: /root/nav2-ws/install/nav2_behavior_tree/include//nav2_behavior_tree/plugins/condition/distance_traveled_condition.hpp
[930.777s] -- Symlinking: /root/nav2-ws/install/nav2_behavior_tree/include//nav2_behavior_tree/plugins/condition/globally_updated_goal_condition.hpp
[930.787s] -- Symlinking: /root/nav2-ws/install/nav2_behavior_tree/include//nav2_behavior_tree/plugins/condition/goal_reached_condition.hpp
[930.797s] -- Symlinking: /root/nav2-ws/install/nav2_behavior_tree/include//nav2_behavior_tree/plugins/condition/goal_updated_condition.hpp
[930.809s] -- Symlinking: /root/nav2-ws/install/nav2_behavior_tree/include//nav2_behavior_tree/plugins/condition/initial_pose_received_condition.hpp
[930.820s] -- Symlinking: /root/nav2-ws/install/nav2_behavior_tree/include//nav2_behavior_tree/plugins/condition/is_battery_charging_condition.hpp
[930.829s] -- Symlinking: /root/nav2-ws/install/nav2_behavior_tree/include//nav2_behavior_tree/plugins/condition/is_battery_low_condition.hpp
[930.839s] -- Symlinking: /root/nav2-ws/install/nav2_behavior_tree/include//nav2_behavior_tree/plugins/condition/is_path_valid_condition.hpp
[930.849s] -- Symlinking: /root/nav2-ws/install/nav2_behavior_tree/include//nav2_behavior_tree/plugins/condition/is_stuck_condition.hpp
[930.859s] -- Symlinking: /root/nav2-ws/install/nav2_behavior_tree/include//nav2_behavior_tree/plugins/condition/path_expiring_timer_condition.hpp
[930.869s] -- Symlinking: /root/nav2-ws/install/nav2_behavior_tree/include//nav2_behavior_tree/plugins/condition/time_expired_condition.hpp
[930.879s] -- Symlinking: /root/nav2-ws/install/nav2_behavior_tree/include//nav2_behavior_tree/plugins/condition/transform_available_condition.hpp
[930.889s] -- Symlinking: /root/nav2-ws/install/nav2_behavior_tree/include//nav2_behavior_tree/plugins/control/pipeline_sequence.hpp
[930.899s] -- Symlinking: /root/nav2-ws/install/nav2_behavior_tree/include//nav2_behavior_tree/plugins/control/recovery_node.hpp
[930.910s] -- Symlinking: /root/nav2-ws/install/nav2_behavior_tree/include//nav2_behavior_tree/plugins/control/round_robin_node.hpp
[930.920s] -- Symlinking: /root/nav2-ws/install/nav2_behavior_tree/include//nav2_behavior_tree/plugins/decorator/distance_controller.hpp
[930.930s] -- Symlinking: /root/nav2-ws/install/nav2_behavior_tree/include//nav2_behavior_tree/plugins/decorator/goal_updated_controller.hpp
[930.940s] -- Symlinking: /root/nav2-ws/install/nav2_behavior_tree/include//nav2_behavior_tree/plugins/decorator/goal_updater_node.hpp
[930.951s] -- Symlinking: /root/nav2-ws/install/nav2_behavior_tree/include//nav2_behavior_tree/plugins/decorator/path_longer_on_approach.hpp
[930.962s] -- Symlinking: /root/nav2-ws/install/nav2_behavior_tree/include//nav2_behavior_tree/plugins/decorator/rate_controller.hpp
[930.973s] -- Symlinking: /root/nav2-ws/install/nav2_behavior_tree/include//nav2_behavior_tree/plugins/decorator/single_trigger_node.hpp
[930.983s] -- Symlinking: /root/nav2-ws/install/nav2_behavior_tree/include//nav2_behavior_tree/plugins/decorator/speed_controller.hpp
[930.993s] -- Symlinking: /root/nav2-ws/install/nav2_behavior_tree/include//nav2_behavior_tree/ros_topic_logger.hpp
[931.003s] -- Symlinking: /root/nav2-ws/install/nav2_behavior_tree/share/nav2_behavior_tree/nav2_tree_nodes.xml
[931.014s] -- Symlinking: /root/nav2-ws/install/nav2_behavior_tree/share/nav2_behavior_tree/environment/library_path.sh
[931.024s] -- Symlinking: /root/nav2-ws/install/nav2_behavior_tree/share/nav2_behavior_tree/environment/library_path.dsv
[931.034s] -- Symlinking: /root/nav2-ws/install/nav2_behavior_tree/share/ament_index/resource_index/package_run_dependencies/nav2_behavior_tree
[931.044s] -- Symlinking: /root/nav2-ws/install/nav2_behavior_tree/share/ament_index/resource_index/parent_prefix_path/nav2_behavior_tree
[931.055s] -- Symlinking: /root/nav2-ws/install/nav2_behavior_tree/share/nav2_behavior_tree/environment/ament_prefix_path.sh
[931.067s] -- Symlinking: /root/nav2-ws/install/nav2_behavior_tree/share/nav2_behavior_tree/environment/ament_prefix_path.dsv
[931.077s] -- Symlinking: /root/nav2-ws/install/nav2_behavior_tree/share/nav2_behavior_tree/environment/path.sh
[931.088s] -- Symlinking: /root/nav2-ws/install/nav2_behavior_tree/share/nav2_behavior_tree/environment/path.dsv
[931.099s] -- Symlinking: /root/nav2-ws/install/nav2_behavior_tree/share/nav2_behavior_tree/local_setup.bash
[931.109s] -- Symlinking: /root/nav2-ws/install/nav2_behavior_tree/share/nav2_behavior_tree/local_setup.sh
[931.119s] -- Symlinking: /root/nav2-ws/install/nav2_behavior_tree/share/nav2_behavior_tree/local_setup.zsh
[931.130s] -- Symlinking: /root/nav2-ws/install/nav2_behavior_tree/share/nav2_behavior_tree/local_setup.dsv
[931.140s] -- Symlinking: /root/nav2-ws/install/nav2_behavior_tree/share/nav2_behavior_tree/package.dsv
[931.150s] -- Symlinking: /root/nav2-ws/install/nav2_behavior_tree/share/ament_index/resource_index/packages/nav2_behavior_tree
[931.159s] -- Symlinking: /root/nav2-ws/install/nav2_behavior_tree/share/nav2_behavior_tree/cmake/ament_cmake_export_include_directories-extras.cmake
[931.169s] -- Symlinking: /root/nav2-ws/install/nav2_behavior_tree/share/nav2_behavior_tree/cmake/ament_cmake_export_libraries-extras.cmake
[931.179s] -- Symlinking: /root/nav2-ws/install/nav2_behavior_tree/share/nav2_behavior_tree/cmake/ament_cmake_export_dependencies-extras.cmake
[931.189s] -- Symlinking: /root/nav2-ws/install/nav2_behavior_tree/share/nav2_behavior_tree/cmake/nav2_behavior_treeConfig.cmake
[931.199s] -- Symlinking: /root/nav2-ws/install/nav2_behavior_tree/share/nav2_behavior_tree/cmake/nav2_behavior_treeConfig-version.cmake
[931.209s] -- Symlinking: /root/nav2-ws/install/nav2_behavior_tree/share/nav2_behavior_tree/package.xml
[931.223s] Invoked command in '/root/nav2-ws/build/nav2_behavior_tree' returned '0': AMENT_PREFIX_PATH=/root/nav2-ws/install/nav2_util:/root/nav2-ws/install/nav2_msgs:/root/nav2-ws/install/nav2_common:${AMENT_PREFIX_PATH} CMAKE_PREFIX_PATH=/root/nav2-ws/install/nav2_util:/root/nav2-ws/install/nav2_msgs:/root/nav2-ws/install/nav2_common:/opt/ros/humble LD_LIBRARY_PATH=/root/nav2-ws/install/nav2_util/lib:/root/nav2-ws/install/nav2_msgs/lib:${LD_LIBRARY_PATH} PYTHONPATH=/root/nav2-ws/install/nav2_msgs/local/lib/python3.10/dist-packages:/root/nav2-ws/install/nav2_common/local/lib/python3.10/dist-packages:${PYTHONPATH} /usr/bin/cmake --install /root/nav2-ws/build/nav2_behavior_tree
