-- The C compiler identification is GNU 11.4.0
-- The CXX compiler identification is GNU 11.4.0
-- Detecting C compiler ABI info
-- Detecting C compiler ABI info - done
-- Check for working C compiler: /usr/bin/cc - skipped
-- Detecting C compile features
-- Detecting C compile features - done
-- Detecting CXX compiler ABI info
-- Detecting CXX compiler ABI info - done
-- Check for working CXX compiler: /usr/bin/c++ - skipped
-- Detecting CXX compile features
-- Detecting CXX compile features - done
-- Found ament_cmake: 1.3.9 (/opt/ros/humble/share/ament_cmake/cmake)
-- Found Python3: /usr/bin/python3 (found version "3.10.12") found components: Interpreter 
-- Override CMake install command with custom implementation using symlinks instead of copying resources
-- Found nav2_common: 1.1.15 (/root/nav2-ws/install/nav2_common/share/nav2_common/cmake)
-- Found geometry_msgs: 4.2.4 (/opt/ros/humble/share/geometry_msgs/cmake)
-- Found rosidl_generator_c: 3.1.5 (/opt/ros/humble/share/rosidl_generator_c/cmake)
-- Found rosidl_adapter: 3.1.5 (/opt/ros/humble/share/rosidl_adapter/cmake)
-- Found rosidl_generator_cpp: 3.1.5 (/opt/ros/humble/share/rosidl_generator_cpp/cmake)
-- Using all available rosidl_typesupport_c: rosidl_typesupport_fastrtps_c;rosidl_typesupport_introspection_c
-- Using all available rosidl_typesupport_cpp: rosidl_typesupport_fastrtps_cpp;rosidl_typesupport_introspection_cpp
-- Found nav_2d_msgs: 1.1.15 (/root/nav2-ws/install/nav_2d_msgs/share/nav_2d_msgs/cmake)
-- Found nav_msgs: 4.2.4 (/opt/ros/humble/share/nav_msgs/cmake)
-- Found rclcpp: 16.0.9 (/opt/ros/humble/share/rclcpp/cmake)
-- Found rmw_implementation_cmake: 6.1.2 (/opt/ros/humble/share/rmw_implementation_cmake/cmake)
-- Found rmw_fastrtps_cpp: 6.2.6 (/opt/ros/humble/share/rmw_fastrtps_cpp/cmake)
-- Found OpenSSL: /usr/lib/x86_64-linux-gnu/libcrypto.so (found version "3.0.2")  
-- Found FastRTPS: /opt/ros/humble/include  
-- Using RMW implementation 'rmw_fastrtps_cpp' as default
-- Looking for pthread.h
-- Looking for pthread.h - found
-- Performing Test CMAKE_HAVE_LIBC_PTHREAD
-- Performing Test CMAKE_HAVE_LIBC_PTHREAD - Success
-- Found Threads: TRUE  
-- Found tf2: 0.25.7 (/opt/ros/humble/share/tf2/cmake)
-- Found tf2_geometry_msgs: 0.25.7 (/opt/ros/humble/share/tf2_geometry_msgs/cmake)
-- Found eigen3_cmake_module: 0.1.1 (/opt/ros/humble/share/eigen3_cmake_module/cmake)
-- Found Eigen3: TRUE (found version "3.4.0") 
-- Ensuring Eigen3 include directory is part of orocos-kdl CMake target
-- Found nav2_msgs: 1.1.15 (/root/nav2-ws/install/nav2_msgs/share/nav2_msgs/cmake)
-- Found nav2_util: 1.1.15 (/root/nav2-ws/install/nav2_util/share/nav2_util/cmake)
-- Setting build type to Release as none was specified.
-- Found ament_lint_auto: 0.12.11 (/opt/ros/humble/share/ament_lint_auto/cmake)
-- Found gtest sources under '/opt/ros/humble/src/gtest_vendor': C++ tests using 'Google Test' will be built
-- Added test 'cppcheck' to perform static code analysis on C / C++ code
-- Configured cppcheck include dirs: /root/nav2-ws/src/navigation2/nav2_dwb_controller/nav_2d_utils/include
-- Configured cppcheck exclude dirs and/or files: 
-- Added test 'cpplint' to check C / C++ code against the Google style
-- Configured cpplint exclude dirs and/or files: 
-- Added test 'lint_cmake' to check CMake code style
-- Added test 'uncrustify' to check C / C++ code style
-- Configured uncrustify additional arguments: 
-- Added test 'xmllint' to check XML markup files
-- Configuring done
-- Generating done
-- Build files have been written to: /root/nav2-ws/build/nav_2d_utils
[  6%] [32mBuilding CXX object gtest/CMakeFiles/gtest_main.dir/src/gtest_main.cc.o[0m
[ 12%] [32mBuilding CXX object CMakeFiles/conversions.dir/src/conversions.cpp.o[0m
[ 18%] [32mBuilding CXX object CMakeFiles/path_ops.dir/src/path_ops.cpp.o[0m
[ 25%] [32mBuilding CXX object gtest/CMakeFiles/gtest.dir/src/gtest-all.cc.o[0m
[ 31%] [32m[1mLinking CXX shared library libpath_ops.so[0m
[ 37%] [32m[1mLinking CXX static library libgtest_main.a[0m
[ 37%] Built target gtest_main
[ 37%] Built target path_ops
[ 43%] [32m[1mLinking CXX shared library libconversions.so[0m
[ 43%] Built target conversions
[ 50%] [32mBuilding CXX object CMakeFiles/tf_help.dir/src/tf_help.cpp.o[0m
[ 56%] [32m[1mLinking CXX static library libgtest.a[0m
[ 56%] Built target gtest
[ 62%] [32mBuilding CXX object test/CMakeFiles/2d_utils_tests.dir/2d_utils_test.cpp.o[0m
[ 68%] [32mBuilding CXX object test/CMakeFiles/path_ops_tests.dir/path_ops_test.cpp.o[0m
[ 75%] [32m[1mLinking CXX shared library libtf_help.so[0m
[ 75%] Built target tf_help
[ 81%] [32mBuilding CXX object test/CMakeFiles/tf_help_tests.dir/tf_help_test.cpp.o[0m
[ 87%] [32m[1mLinking CXX executable path_ops_tests[0m
[ 87%] Built target path_ops_tests
[ 93%] [32m[1mLinking CXX executable 2d_utils_tests[0m
[100%] [32m[1mLinking CXX executable tf_help_tests[0m
[100%] Built target 2d_utils_tests
[100%] Built target tf_help_tests
-- Install configuration: "Release"
-- Execute custom install script
-- Symlinking: /root/nav2-ws/install/nav_2d_utils/lib/libconversions.so
-- Symlinking: /root/nav2-ws/install/nav_2d_utils/lib/libpath_ops.so
-- Symlinking: /root/nav2-ws/install/nav_2d_utils/lib/libtf_help.so
-- Symlinking: /root/nav2-ws/install/nav_2d_utils/include//nav_2d_utils/conversions.hpp
-- Symlinking: /root/nav2-ws/install/nav_2d_utils/include//nav_2d_utils/odom_subscriber.hpp
-- Symlinking: /root/nav2-ws/install/nav_2d_utils/include//nav_2d_utils/parameters.hpp
-- Symlinking: /root/nav2-ws/install/nav_2d_utils/include//nav_2d_utils/path_ops.hpp
-- Symlinking: /root/nav2-ws/install/nav_2d_utils/include//nav_2d_utils/tf_help.hpp
-- Symlinking: /root/nav2-ws/install/nav_2d_utils/share/nav_2d_utils/environment/library_path.sh
-- Symlinking: /root/nav2-ws/install/nav_2d_utils/share/nav_2d_utils/environment/library_path.dsv
-- Symlinking: /root/nav2-ws/install/nav_2d_utils/share/ament_index/resource_index/package_run_dependencies/nav_2d_utils
-- Symlinking: /root/nav2-ws/install/nav_2d_utils/share/ament_index/resource_index/parent_prefix_path/nav_2d_utils
-- Symlinking: /root/nav2-ws/install/nav_2d_utils/share/nav_2d_utils/environment/ament_prefix_path.sh
-- Symlinking: /root/nav2-ws/install/nav_2d_utils/share/nav_2d_utils/environment/ament_prefix_path.dsv
-- Symlinking: /root/nav2-ws/install/nav_2d_utils/share/nav_2d_utils/environment/path.sh
-- Symlinking: /root/nav2-ws/install/nav_2d_utils/share/nav_2d_utils/environment/path.dsv
-- Symlinking: /root/nav2-ws/install/nav_2d_utils/share/nav_2d_utils/local_setup.bash
-- Symlinking: /root/nav2-ws/install/nav_2d_utils/share/nav_2d_utils/local_setup.sh
-- Symlinking: /root/nav2-ws/install/nav_2d_utils/share/nav_2d_utils/local_setup.zsh
-- Symlinking: /root/nav2-ws/install/nav_2d_utils/share/nav_2d_utils/local_setup.dsv
-- Symlinking: /root/nav2-ws/install/nav_2d_utils/share/nav_2d_utils/package.dsv
-- Symlinking: /root/nav2-ws/install/nav_2d_utils/share/ament_index/resource_index/packages/nav_2d_utils
-- Symlinking: /root/nav2-ws/install/nav_2d_utils/share/nav_2d_utils/cmake/ament_cmake_export_include_directories-extras.cmake
-- Symlinking: /root/nav2-ws/install/nav_2d_utils/share/nav_2d_utils/cmake/ament_cmake_export_libraries-extras.cmake
-- Symlinking: /root/nav2-ws/install/nav_2d_utils/share/nav_2d_utils/cmake/ament_cmake_export_dependencies-extras.cmake
-- Symlinking: /root/nav2-ws/install/nav_2d_utils/share/nav_2d_utils/cmake/nav_2d_utilsConfig.cmake
-- Symlinking: /root/nav2-ws/install/nav_2d_utils/share/nav_2d_utils/cmake/nav_2d_utilsConfig-version.cmake
-- Symlinking: /root/nav2-ws/install/nav_2d_utils/share/nav_2d_utils/package.xml
