[0.028s] Invoking command in '/root/nav2-ws/build/nav_2d_utils': AMENT_PREFIX_PATH=/root/nav2-ws/install/nav2_util:/root/nav2-ws/install/nav2_msgs:/root/nav2-ws/install/nav_2d_msgs:/root/nav2-ws/install/nav2_common:${AMENT_PREFIX_PATH} CMAKE_PREFIX_PATH=/root/nav2-ws/install/nav2_util:/root/nav2-ws/install/nav2_msgs:/root/nav2-ws/install/nav_2d_msgs:/root/nav2-ws/install/nav2_common:/opt/ros/humble LD_LIBRARY_PATH=/root/nav2-ws/install/nav2_util/lib:/root/nav2-ws/install/nav2_msgs/lib:/root/nav2-ws/install/nav_2d_msgs/lib:${LD_LIBRARY_PATH} PYTHONPATH=/root/nav2-ws/install/nav2_msgs/local/lib/python3.10/dist-packages:/root/nav2-ws/install/nav_2d_msgs/local/lib/python3.10/dist-packages:/root/nav2-ws/install/nav2_common/local/lib/python3.10/dist-packages:${PYTHONPATH} /usr/bin/cmake /root/nav2-ws/src/navigation2/nav2_dwb_controller/nav_2d_utils -DAMENT_CMAKE_SYMLINK_INSTALL=1 -DCMAKE_INSTALL_PREFIX=/root/nav2-ws/install/nav_2d_utils
[0.105s] -- The C compiler identification is GNU 11.4.0
[0.177s] -- The CXX compiler identification is GNU 11.4.0
[0.189s] -- Detecting C compiler ABI info
[0.278s] -- Detecting C compiler ABI info - done
[0.289s] -- Check for working C compiler: /usr/bin/cc - skipped
[0.289s] -- Detecting C compile features
[0.290s] -- Detecting C compile features - done
[0.295s] -- Detecting CXX compiler ABI info
[0.408s] -- Detecting CXX compiler ABI info - done
[0.415s] -- Check for working CXX compiler: /usr/bin/c++ - skipped
[0.415s] -- Detecting CXX compile features
[0.416s] -- Detecting CXX compile features - done
[0.421s] -- Found ament_cmake: 1.3.9 (/opt/ros/humble/share/ament_cmake/cmake)
[0.636s] -- Found Python3: /usr/bin/python3 (found version "3.10.12") found components: Interpreter 
[0.727s] -- Override CMake install command with custom implementation using symlinks instead of copying resources
[0.775s] -- Found nav2_common: 1.1.15 (/root/nav2-ws/install/nav2_common/share/nav2_common/cmake)
[0.779s] -- Found geometry_msgs: 4.2.4 (/opt/ros/humble/share/geometry_msgs/cmake)
[0.831s] -- Found rosidl_generator_c: 3.1.5 (/opt/ros/humble/share/rosidl_generator_c/cmake)
[0.839s] -- Found rosidl_adapter: 3.1.5 (/opt/ros/humble/share/rosidl_adapter/cmake)
[0.852s] -- Found rosidl_generator_cpp: 3.1.5 (/opt/ros/humble/share/rosidl_generator_cpp/cmake)
[0.873s] -- Using all available rosidl_typesupport_c: rosidl_typesupport_fastrtps_c;rosidl_typesupport_introspection_c
[0.900s] -- Using all available rosidl_typesupport_cpp: rosidl_typesupport_fastrtps_cpp;rosidl_typesupport_introspection_cpp
[1.051s] -- Found nav_2d_msgs: 1.1.15 (/root/nav2-ws/install/nav_2d_msgs/share/nav_2d_msgs/cmake)
[1.147s] -- Found nav_msgs: 4.2.4 (/opt/ros/humble/share/nav_msgs/cmake)
[1.266s] -- Found rclcpp: 16.0.9 (/opt/ros/humble/share/rclcpp/cmake)
[1.358s] -- Found rmw_implementation_cmake: 6.1.2 (/opt/ros/humble/share/rmw_implementation_cmake/cmake)
[1.363s] -- Found rmw_fastrtps_cpp: 6.2.6 (/opt/ros/humble/share/rmw_fastrtps_cpp/cmake)
[1.514s] -- Found OpenSSL: /usr/lib/x86_64-linux-gnu/libcrypto.so (found version "3.0.2")  
[1.554s] -- Found FastRTPS: /opt/ros/humble/include  
[1.622s] -- Using RMW implementation 'rmw_fastrtps_cpp' as default
[1.640s] -- Looking for pthread.h
[1.728s] -- Looking for pthread.h - found
[1.729s] -- Performing Test CMAKE_HAVE_LIBC_PTHREAD
[1.817s] -- Performing Test CMAKE_HAVE_LIBC_PTHREAD - Success
[1.819s] -- Found Threads: TRUE  
[1.996s] -- Found tf2: 0.25.7 (/opt/ros/humble/share/tf2/cmake)
[2.019s] -- Found tf2_geometry_msgs: 0.25.7 (/opt/ros/humble/share/tf2_geometry_msgs/cmake)
[2.043s] -- Found eigen3_cmake_module: 0.1.1 (/opt/ros/humble/share/eigen3_cmake_module/cmake)
[2.045s] -- Found Eigen3: TRUE (found version "3.4.0") 
[2.045s] -- Ensuring Eigen3 include directory is part of orocos-kdl CMake target
[2.502s] -- Found nav2_msgs: 1.1.15 (/root/nav2-ws/install/nav2_msgs/share/nav2_msgs/cmake)
[2.718s] -- Found nav2_util: 1.1.15 (/root/nav2-ws/install/nav2_util/share/nav2_util/cmake)
[3.005s] -- Setting build type to Release as none was specified.
[4.473s] -- Found ament_lint_auto: 0.12.11 (/opt/ros/humble/share/ament_lint_auto/cmake)
[4.590s] -- Found gtest sources under '/opt/ros/humble/src/gtest_vendor': C++ tests using 'Google Test' will be built
[4.626s] -- Added test 'cppcheck' to perform static code analysis on C / C++ code
[4.627s] -- Configured cppcheck include dirs: /root/nav2-ws/src/navigation2/nav2_dwb_controller/nav_2d_utils/include
[4.627s] -- Configured cppcheck exclude dirs and/or files: 
[4.628s] -- Added test 'cpplint' to check C / C++ code against the Google style
[4.629s] -- Configured cpplint exclude dirs and/or files: 
[4.630s] -- Added test 'lint_cmake' to check CMake code style
[4.631s] -- Added test 'uncrustify' to check C / C++ code style
[4.635s] -- Configured uncrustify additional arguments: 
[4.636s] -- Added test 'xmllint' to check XML markup files
[4.637s] -- Configuring done
[4.844s] -- Generating done
[4.857s] -- Build files have been written to: /root/nav2-ws/build/nav_2d_utils
[4.878s] Invoked command in '/root/nav2-ws/build/nav_2d_utils' returned '0': AMENT_PREFIX_PATH=/root/nav2-ws/install/nav2_util:/root/nav2-ws/install/nav2_msgs:/root/nav2-ws/install/nav_2d_msgs:/root/nav2-ws/install/nav2_common:${AMENT_PREFIX_PATH} CMAKE_PREFIX_PATH=/root/nav2-ws/install/nav2_util:/root/nav2-ws/install/nav2_msgs:/root/nav2-ws/install/nav_2d_msgs:/root/nav2-ws/install/nav2_common:/opt/ros/humble LD_LIBRARY_PATH=/root/nav2-ws/install/nav2_util/lib:/root/nav2-ws/install/nav2_msgs/lib:/root/nav2-ws/install/nav_2d_msgs/lib:${LD_LIBRARY_PATH} PYTHONPATH=/root/nav2-ws/install/nav2_msgs/local/lib/python3.10/dist-packages:/root/nav2-ws/install/nav_2d_msgs/local/lib/python3.10/dist-packages:/root/nav2-ws/install/nav2_common/local/lib/python3.10/dist-packages:${PYTHONPATH} /usr/bin/cmake /root/nav2-ws/src/navigation2/nav2_dwb_controller/nav_2d_utils -DAMENT_CMAKE_SYMLINK_INSTALL=1 -DCMAKE_INSTALL_PREFIX=/root/nav2-ws/install/nav_2d_utils
[4.880s] Invoking command in '/root/nav2-ws/build/nav_2d_utils': AMENT_PREFIX_PATH=/root/nav2-ws/install/nav2_util:/root/nav2-ws/install/nav2_msgs:/root/nav2-ws/install/nav_2d_msgs:/root/nav2-ws/install/nav2_common:${AMENT_PREFIX_PATH} CMAKE_PREFIX_PATH=/root/nav2-ws/install/nav2_util:/root/nav2-ws/install/nav2_msgs:/root/nav2-ws/install/nav_2d_msgs:/root/nav2-ws/install/nav2_common:/opt/ros/humble LD_LIBRARY_PATH=/root/nav2-ws/install/nav2_util/lib:/root/nav2-ws/install/nav2_msgs/lib:/root/nav2-ws/install/nav_2d_msgs/lib:${LD_LIBRARY_PATH} PYTHONPATH=/root/nav2-ws/install/nav2_msgs/local/lib/python3.10/dist-packages:/root/nav2-ws/install/nav_2d_msgs/local/lib/python3.10/dist-packages:/root/nav2-ws/install/nav2_common/local/lib/python3.10/dist-packages:${PYTHONPATH} /usr/bin/cmake --build /root/nav2-ws/build/nav_2d_utils -- -j8 -l8
[5.084s] [  6%] [32mBuilding CXX object gtest/CMakeFiles/gtest_main.dir/src/gtest_main.cc.o[0m
[5.100s] [ 12%] [32mBuilding CXX object CMakeFiles/conversions.dir/src/conversions.cpp.o[0m
[5.108s] [ 18%] [32mBuilding CXX object CMakeFiles/path_ops.dir/src/path_ops.cpp.o[0m
[5.115s] [ 25%] [32mBuilding CXX object gtest/CMakeFiles/gtest.dir/src/gtest-all.cc.o[0m
[6.731s] [ 31%] [32m[1mLinking CXX shared library libpath_ops.so[0m
[6.831s] [ 37%] [32m[1mLinking CXX static library libgtest_main.a[0m
[7.047s] [ 37%] Built target gtest_main
[13.201s] [ 37%] Built target path_ops
[13.964s] [ 43%] [32m[1mLinking CXX shared library libconversions.so[0m
[14.770s] [ 43%] Built target conversions
[14.910s] [ 50%] [32mBuilding CXX object CMakeFiles/tf_help.dir/src/tf_help.cpp.o[0m
[22.778s] [ 56%] [32m[1mLinking CXX static library libgtest.a[0m
[23.100s] [ 56%] Built target gtest
[23.239s] [ 62%] [32mBuilding CXX object test/CMakeFiles/2d_utils_tests.dir/2d_utils_test.cpp.o[0m
[23.274s] [ 68%] [32mBuilding CXX object test/CMakeFiles/path_ops_tests.dir/path_ops_test.cpp.o[0m
[24.368s] [ 75%] [32m[1mLinking CXX shared library libtf_help.so[0m
[25.128s] [ 75%] Built target tf_help
[25.246s] [ 81%] [32mBuilding CXX object test/CMakeFiles/tf_help_tests.dir/tf_help_test.cpp.o[0m
[27.525s] [ 87%] [32m[1mLinking CXX executable path_ops_tests[0m
[28.930s] [ 87%] Built target path_ops_tests
[37.566s] [ 93%] [32m[1mLinking CXX executable 2d_utils_tests[0m
[38.458s] [100%] [32m[1mLinking CXX executable tf_help_tests[0m
[38.503s] [100%] Built target 2d_utils_tests
[39.278s] [100%] Built target tf_help_tests
[39.335s] Invoked command in '/root/nav2-ws/build/nav_2d_utils' returned '0': AMENT_PREFIX_PATH=/root/nav2-ws/install/nav2_util:/root/nav2-ws/install/nav2_msgs:/root/nav2-ws/install/nav_2d_msgs:/root/nav2-ws/install/nav2_common:${AMENT_PREFIX_PATH} CMAKE_PREFIX_PATH=/root/nav2-ws/install/nav2_util:/root/nav2-ws/install/nav2_msgs:/root/nav2-ws/install/nav_2d_msgs:/root/nav2-ws/install/nav2_common:/opt/ros/humble LD_LIBRARY_PATH=/root/nav2-ws/install/nav2_util/lib:/root/nav2-ws/install/nav2_msgs/lib:/root/nav2-ws/install/nav_2d_msgs/lib:${LD_LIBRARY_PATH} PYTHONPATH=/root/nav2-ws/install/nav2_msgs/local/lib/python3.10/dist-packages:/root/nav2-ws/install/nav_2d_msgs/local/lib/python3.10/dist-packages:/root/nav2-ws/install/nav2_common/local/lib/python3.10/dist-packages:${PYTHONPATH} /usr/bin/cmake --build /root/nav2-ws/build/nav_2d_utils -- -j8 -l8
[39.848s] Invoking command in '/root/nav2-ws/build/nav_2d_utils': AMENT_PREFIX_PATH=/root/nav2-ws/install/nav2_util:/root/nav2-ws/install/nav2_msgs:/root/nav2-ws/install/nav_2d_msgs:/root/nav2-ws/install/nav2_common:${AMENT_PREFIX_PATH} CMAKE_PREFIX_PATH=/root/nav2-ws/install/nav2_util:/root/nav2-ws/install/nav2_msgs:/root/nav2-ws/install/nav_2d_msgs:/root/nav2-ws/install/nav2_common:/opt/ros/humble LD_LIBRARY_PATH=/root/nav2-ws/install/nav2_util/lib:/root/nav2-ws/install/nav2_msgs/lib:/root/nav2-ws/install/nav_2d_msgs/lib:${LD_LIBRARY_PATH} PYTHONPATH=/root/nav2-ws/install/nav2_msgs/local/lib/python3.10/dist-packages:/root/nav2-ws/install/nav_2d_msgs/local/lib/python3.10/dist-packages:/root/nav2-ws/install/nav2_common/local/lib/python3.10/dist-packages:${PYTHONPATH} /usr/bin/cmake --install /root/nav2-ws/build/nav_2d_utils
[39.874s] -- Install configuration: "Release"
[39.875s] -- Execute custom install script
[39.876s] -- Symlinking: /root/nav2-ws/install/nav_2d_utils/lib/libconversions.so
[39.915s] -- Symlinking: /root/nav2-ws/install/nav_2d_utils/lib/libpath_ops.so
[39.951s] -- Symlinking: /root/nav2-ws/install/nav_2d_utils/lib/libtf_help.so
[39.993s] -- Symlinking: /root/nav2-ws/install/nav_2d_utils/include//nav_2d_utils/conversions.hpp
[40.037s] -- Symlinking: /root/nav2-ws/install/nav_2d_utils/include//nav_2d_utils/odom_subscriber.hpp
[40.079s] -- Symlinking: /root/nav2-ws/install/nav_2d_utils/include//nav_2d_utils/parameters.hpp
[40.116s] -- Symlinking: /root/nav2-ws/install/nav_2d_utils/include//nav_2d_utils/path_ops.hpp
[40.150s] -- Symlinking: /root/nav2-ws/install/nav_2d_utils/include//nav_2d_utils/tf_help.hpp
[40.187s] -- Symlinking: /root/nav2-ws/install/nav_2d_utils/share/nav_2d_utils/environment/library_path.sh
[40.226s] -- Symlinking: /root/nav2-ws/install/nav_2d_utils/share/nav_2d_utils/environment/library_path.dsv
[40.281s] -- Symlinking: /root/nav2-ws/install/nav_2d_utils/share/ament_index/resource_index/package_run_dependencies/nav_2d_utils
[40.311s] -- Symlinking: /root/nav2-ws/install/nav_2d_utils/share/ament_index/resource_index/parent_prefix_path/nav_2d_utils
[40.354s] -- Symlinking: /root/nav2-ws/install/nav_2d_utils/share/nav_2d_utils/environment/ament_prefix_path.sh
[40.382s] -- Symlinking: /root/nav2-ws/install/nav_2d_utils/share/nav_2d_utils/environment/ament_prefix_path.dsv
[40.425s] -- Symlinking: /root/nav2-ws/install/nav_2d_utils/share/nav_2d_utils/environment/path.sh
[40.443s] -- Symlinking: /root/nav2-ws/install/nav_2d_utils/share/nav_2d_utils/environment/path.dsv
[40.479s] -- Symlinking: /root/nav2-ws/install/nav_2d_utils/share/nav_2d_utils/local_setup.bash
[40.528s] -- Symlinking: /root/nav2-ws/install/nav_2d_utils/share/nav_2d_utils/local_setup.sh
[40.573s] -- Symlinking: /root/nav2-ws/install/nav_2d_utils/share/nav_2d_utils/local_setup.zsh
[40.592s] -- Symlinking: /root/nav2-ws/install/nav_2d_utils/share/nav_2d_utils/local_setup.dsv
[40.611s] -- Symlinking: /root/nav2-ws/install/nav_2d_utils/share/nav_2d_utils/package.dsv
[40.647s] -- Symlinking: /root/nav2-ws/install/nav_2d_utils/share/ament_index/resource_index/packages/nav_2d_utils
[40.679s] -- Symlinking: /root/nav2-ws/install/nav_2d_utils/share/nav_2d_utils/cmake/ament_cmake_export_include_directories-extras.cmake
[40.700s] -- Symlinking: /root/nav2-ws/install/nav_2d_utils/share/nav_2d_utils/cmake/ament_cmake_export_libraries-extras.cmake
[40.719s] -- Symlinking: /root/nav2-ws/install/nav_2d_utils/share/nav_2d_utils/cmake/ament_cmake_export_dependencies-extras.cmake
[40.735s] -- Symlinking: /root/nav2-ws/install/nav_2d_utils/share/nav_2d_utils/cmake/nav_2d_utilsConfig.cmake
[40.752s] -- Symlinking: /root/nav2-ws/install/nav_2d_utils/share/nav_2d_utils/cmake/nav_2d_utilsConfig-version.cmake
[40.767s] -- Symlinking: /root/nav2-ws/install/nav_2d_utils/share/nav_2d_utils/package.xml
[40.787s] Invoked command in '/root/nav2-ws/build/nav_2d_utils' returned '0': AMENT_PREFIX_PATH=/root/nav2-ws/install/nav2_util:/root/nav2-ws/install/nav2_msgs:/root/nav2-ws/install/nav_2d_msgs:/root/nav2-ws/install/nav2_common:${AMENT_PREFIX_PATH} CMAKE_PREFIX_PATH=/root/nav2-ws/install/nav2_util:/root/nav2-ws/install/nav2_msgs:/root/nav2-ws/install/nav_2d_msgs:/root/nav2-ws/install/nav2_common:/opt/ros/humble LD_LIBRARY_PATH=/root/nav2-ws/install/nav2_util/lib:/root/nav2-ws/install/nav2_msgs/lib:/root/nav2-ws/install/nav_2d_msgs/lib:${LD_LIBRARY_PATH} PYTHONPATH=/root/nav2-ws/install/nav2_msgs/local/lib/python3.10/dist-packages:/root/nav2-ws/install/nav_2d_msgs/local/lib/python3.10/dist-packages:/root/nav2-ws/install/nav2_common/local/lib/python3.10/dist-packages:${PYTHONPATH} /usr/bin/cmake --install /root/nav2-ws/build/nav_2d_utils
