running develop
/usr/lib/python3/dist-packages/setuptools/command/easy_install.py:158: EasyInstallDeprecationWarning: easy_install command is deprecated. Use build and pip and other standards-based tools.
  warnings.warn(
running egg_info
creating nav2_simple_commander.egg-info
writing nav2_simple_commander.egg-info/PKG-INFO
writing dependency_links to nav2_simple_commander.egg-info/dependency_links.txt
writing entry points to nav2_simple_commander.egg-info/entry_points.txt
writing requirements to nav2_simple_commander.egg-info/requires.txt
writing top-level names to nav2_simple_commander.egg-info/top_level.txt
writing manifest file 'nav2_simple_commander.egg-info/SOURCES.txt'
reading manifest file 'nav2_simple_commander.egg-info/SOURCES.txt'
writing manifest file 'nav2_simple_commander.egg-info/SOURCES.txt'
running build_ext
Creating /root/nav2-ws/install/nav2_simple_commander/lib/python3.10/site-packages/nav2-simple-commander.egg-link (link to .)
Installing demo_inspection script to /root/nav2-ws/install/nav2_simple_commander/lib/nav2_simple_commander
Installing demo_picking script to /root/nav2-ws/install/nav2_simple_commander/lib/nav2_simple_commander
Installing demo_recoveries script to /root/nav2-ws/install/nav2_simple_commander/lib/nav2_simple_commander
Installing demo_security script to /root/nav2-ws/install/nav2_simple_commander/lib/nav2_simple_commander
Installing example_assisted_teleop script to /root/nav2-ws/install/nav2_simple_commander/lib/nav2_simple_commander
Installing example_follow_path script to /root/nav2-ws/install/nav2_simple_commander/lib/nav2_simple_commander
Installing example_nav_through_poses script to /root/nav2-ws/install/nav2_simple_commander/lib/nav2_simple_commander
Installing example_nav_to_pose script to /root/nav2-ws/install/nav2_simple_commander/lib/nav2_simple_commander
Installing example_waypoint_follower script to /root/nav2-ws/install/nav2_simple_commander/lib/nav2_simple_commander

Installed /root/nav2-ws/build/nav2_simple_commander
running symlink_data
creating /root/nav2-ws/install/nav2_simple_commander/share/ament_index
creating /root/nav2-ws/install/nav2_simple_commander/share/ament_index/resource_index
creating /root/nav2-ws/install/nav2_simple_commander/share/ament_index/resource_index/packages
symbolically linking /root/nav2-ws/build/nav2_simple_commander/resource/nav2_simple_commander -> /root/nav2-ws/install/nav2_simple_commander/share/ament_index/resource_index/packages
symbolically linking /root/nav2-ws/build/nav2_simple_commander/package.xml -> /root/nav2-ws/install/nav2_simple_commander/share/nav2_simple_commander
symbolically linking /root/nav2-ws/build/nav2_simple_commander/launch/security_demo_launch.py -> /root/nav2-ws/install/nav2_simple_commander/share/nav2_simple_commander
symbolically linking /root/nav2-ws/build/nav2_simple_commander/launch/nav_to_pose_example_launch.py -> /root/nav2-ws/install/nav2_simple_commander/share/nav2_simple_commander
symbolically linking /root/nav2-ws/build/nav2_simple_commander/launch/follow_path_example_launch.py -> /root/nav2-ws/install/nav2_simple_commander/share/nav2_simple_commander
symbolically linking /root/nav2-ws/build/nav2_simple_commander/launch/waypoint_follower_example_launch.py -> /root/nav2-ws/install/nav2_simple_commander/share/nav2_simple_commander
symbolically linking /root/nav2-ws/build/nav2_simple_commander/launch/picking_demo_launch.py -> /root/nav2-ws/install/nav2_simple_commander/share/nav2_simple_commander
symbolically linking /root/nav2-ws/build/nav2_simple_commander/launch/assisted_teleop_example_launch.py -> /root/nav2-ws/install/nav2_simple_commander/share/nav2_simple_commander
symbolically linking /root/nav2-ws/build/nav2_simple_commander/launch/warehouse.world -> /root/nav2-ws/install/nav2_simple_commander/share/nav2_simple_commander
symbolically linking /root/nav2-ws/build/nav2_simple_commander/launch/inspection_demo_launch.py -> /root/nav2-ws/install/nav2_simple_commander/share/nav2_simple_commander
symbolically linking /root/nav2-ws/build/nav2_simple_commander/launch/nav_through_poses_example_launch.py -> /root/nav2-ws/install/nav2_simple_commander/share/nav2_simple_commander
symbolically linking /root/nav2-ws/build/nav2_simple_commander/launch/recoveries_example_launch.py -> /root/nav2-ws/install/nav2_simple_commander/share/nav2_simple_commander
