[0.516s] Invoking command in '/root/nav2-ws/build/nav2_simple_commander': AMENT_PREFIX_PATH=/root/nav2-ws/install/nav2_msgs:/root/nav2-ws/install/nav2_common:${AMENT_PREFIX_PATH} CMAKE_PREFIX_PATH=/root/nav2-ws/install/nav2_msgs:/root/nav2-ws/install/nav2_common LD_LIBRARY_PATH=/root/nav2-ws/install/nav2_msgs/lib:${LD_LIBRARY_PATH} PYTHONPATH=/root/nav2-ws/build/nav2_simple_commander/prefix_override:/usr/lib/python3/dist-packages/colcon_core/task/python/colcon_distutils_commands:/root/nav2-ws/install/nav2_simple_commander/lib/python3.10/site-packages:/root/nav2-ws/install/nav2_msgs/local/lib/python3.10/dist-packages:/root/nav2-ws/install/nav2_common/local/lib/python3.10/dist-packages:${PYTHONPATH} /usr/bin/python3 -W ignore:setup.py install is deprecated setup.py develop --editable --build-directory /root/nav2-ws/build/nav2_simple_commander/build --no-deps symlink_data
[0.731s] running develop
[0.731s] /usr/lib/python3/dist-packages/setuptools/command/easy_install.py:158: EasyInstallDeprecationWarning: easy_install command is deprecated. Use build and pip and other standards-based tools.
[0.731s]   warnings.warn(
[0.839s] running egg_info
[0.839s] creating nav2_simple_commander.egg-info
[0.839s] writing nav2_simple_commander.egg-info/PKG-INFO
[0.839s] writing dependency_links to nav2_simple_commander.egg-info/dependency_links.txt
[0.839s] writing entry points to nav2_simple_commander.egg-info/entry_points.txt
[0.840s] writing requirements to nav2_simple_commander.egg-info/requires.txt
[0.840s] writing top-level names to nav2_simple_commander.egg-info/top_level.txt
[0.840s] writing manifest file 'nav2_simple_commander.egg-info/SOURCES.txt'
[0.842s] reading manifest file 'nav2_simple_commander.egg-info/SOURCES.txt'
[0.843s] writing manifest file 'nav2_simple_commander.egg-info/SOURCES.txt'
[0.844s] running build_ext
[0.844s] Creating /root/nav2-ws/install/nav2_simple_commander/lib/python3.10/site-packages/nav2-simple-commander.egg-link (link to .)
[0.845s] Installing demo_inspection script to /root/nav2-ws/install/nav2_simple_commander/lib/nav2_simple_commander
[0.846s] Installing demo_picking script to /root/nav2-ws/install/nav2_simple_commander/lib/nav2_simple_commander
[0.846s] Installing demo_recoveries script to /root/nav2-ws/install/nav2_simple_commander/lib/nav2_simple_commander
[0.846s] Installing demo_security script to /root/nav2-ws/install/nav2_simple_commander/lib/nav2_simple_commander
[0.846s] Installing example_assisted_teleop script to /root/nav2-ws/install/nav2_simple_commander/lib/nav2_simple_commander
[0.846s] Installing example_follow_path script to /root/nav2-ws/install/nav2_simple_commander/lib/nav2_simple_commander
[0.846s] Installing example_nav_through_poses script to /root/nav2-ws/install/nav2_simple_commander/lib/nav2_simple_commander
[0.846s] Installing example_nav_to_pose script to /root/nav2-ws/install/nav2_simple_commander/lib/nav2_simple_commander
[0.846s] Installing example_waypoint_follower script to /root/nav2-ws/install/nav2_simple_commander/lib/nav2_simple_commander
[0.847s] 
[0.847s] Installed /root/nav2-ws/build/nav2_simple_commander
[0.847s] running symlink_data
[0.847s] creating /root/nav2-ws/install/nav2_simple_commander/share/ament_index
[0.847s] creating /root/nav2-ws/install/nav2_simple_commander/share/ament_index/resource_index
[0.847s] creating /root/nav2-ws/install/nav2_simple_commander/share/ament_index/resource_index/packages
[0.848s] symbolically linking /root/nav2-ws/build/nav2_simple_commander/resource/nav2_simple_commander -> /root/nav2-ws/install/nav2_simple_commander/share/ament_index/resource_index/packages
[0.848s] symbolically linking /root/nav2-ws/build/nav2_simple_commander/package.xml -> /root/nav2-ws/install/nav2_simple_commander/share/nav2_simple_commander
[0.848s] symbolically linking /root/nav2-ws/build/nav2_simple_commander/launch/security_demo_launch.py -> /root/nav2-ws/install/nav2_simple_commander/share/nav2_simple_commander
[0.848s] symbolically linking /root/nav2-ws/build/nav2_simple_commander/launch/nav_to_pose_example_launch.py -> /root/nav2-ws/install/nav2_simple_commander/share/nav2_simple_commander
[0.848s] symbolically linking /root/nav2-ws/build/nav2_simple_commander/launch/follow_path_example_launch.py -> /root/nav2-ws/install/nav2_simple_commander/share/nav2_simple_commander
[0.848s] symbolically linking /root/nav2-ws/build/nav2_simple_commander/launch/waypoint_follower_example_launch.py -> /root/nav2-ws/install/nav2_simple_commander/share/nav2_simple_commander
[0.848s] symbolically linking /root/nav2-ws/build/nav2_simple_commander/launch/picking_demo_launch.py -> /root/nav2-ws/install/nav2_simple_commander/share/nav2_simple_commander
[0.848s] symbolically linking /root/nav2-ws/build/nav2_simple_commander/launch/assisted_teleop_example_launch.py -> /root/nav2-ws/install/nav2_simple_commander/share/nav2_simple_commander
[0.848s] symbolically linking /root/nav2-ws/build/nav2_simple_commander/launch/warehouse.world -> /root/nav2-ws/install/nav2_simple_commander/share/nav2_simple_commander
[0.849s] symbolically linking /root/nav2-ws/build/nav2_simple_commander/launch/inspection_demo_launch.py -> /root/nav2-ws/install/nav2_simple_commander/share/nav2_simple_commander
[0.849s] symbolically linking /root/nav2-ws/build/nav2_simple_commander/launch/nav_through_poses_example_launch.py -> /root/nav2-ws/install/nav2_simple_commander/share/nav2_simple_commander
[0.849s] symbolically linking /root/nav2-ws/build/nav2_simple_commander/launch/recoveries_example_launch.py -> /root/nav2-ws/install/nav2_simple_commander/share/nav2_simple_commander
[0.875s] Invoked command in '/root/nav2-ws/build/nav2_simple_commander' returned '0': AMENT_PREFIX_PATH=/root/nav2-ws/install/nav2_msgs:/root/nav2-ws/install/nav2_common:${AMENT_PREFIX_PATH} CMAKE_PREFIX_PATH=/root/nav2-ws/install/nav2_msgs:/root/nav2-ws/install/nav2_common LD_LIBRARY_PATH=/root/nav2-ws/install/nav2_msgs/lib:${LD_LIBRARY_PATH} PYTHONPATH=/root/nav2-ws/build/nav2_simple_commander/prefix_override:/usr/lib/python3/dist-packages/colcon_core/task/python/colcon_distutils_commands:/root/nav2-ws/install/nav2_simple_commander/lib/python3.10/site-packages:/root/nav2-ws/install/nav2_msgs/local/lib/python3.10/dist-packages:/root/nav2-ws/install/nav2_common/local/lib/python3.10/dist-packages:${PYTHONPATH} /usr/bin/python3 -W ignore:setup.py install is deprecated setup.py develop --editable --build-directory /root/nav2-ws/build/nav2_simple_commander/build --no-deps symlink_data
