[0.010s] Invoking command in '/root/nav2-ws/build/dwb_msgs': AMENT_PREFIX_PATH=/root/nav2-ws/install/nav_2d_msgs:${AMENT_PREFIX_PATH} CMAKE_PREFIX_PATH=/root/nav2-ws/install/nav_2d_msgs:/opt/ros/humble LD_LIBRARY_PATH=/root/nav2-ws/install/nav_2d_msgs/lib:${LD_LIBRARY_PATH} PYTHONPATH=/root/nav2-ws/install/nav_2d_msgs/local/lib/python3.10/dist-packages:${PYTHONPATH} /usr/bin/cmake /root/nav2-ws/src/navigation2/nav2_dwb_controller/dwb_msgs -DAMENT_CMAKE_SYMLINK_INSTALL=1 -DCMAKE_INSTALL_PREFIX=/root/nav2-ws/install/dwb_msgs
[0.065s] -- The C compiler identification is GNU 11.4.0
[0.123s] -- The CXX compiler identification is GNU 11.4.0
[0.131s] -- Detecting C compiler ABI info
[0.202s] -- Detecting C compiler ABI info - done
[0.206s] -- Check for working C compiler: /usr/bin/cc - skipped
[0.206s] -- Detecting C compile features
[0.206s] -- Detecting C compile features - done
[0.210s] -- Detecting CXX compiler ABI info
[0.288s] -- Detecting CXX compiler ABI info - done
[0.297s] -- Check for working CXX compiler: /usr/bin/c++ - skipped
[0.297s] -- Detecting CXX compile features
[0.298s] -- Detecting CXX compile features - done
[0.301s] -- Found builtin_interfaces: 1.2.1 (/opt/ros/humble/share/builtin_interfaces/cmake)
[0.456s] -- Found Python3: /usr/bin/python3 (found version "3.10.12") found components: Interpreter 
[0.526s] -- Override CMake install command with custom implementation using symlinks instead of copying resources
[0.609s] -- Found rosidl_generator_c: 3.1.5 (/opt/ros/humble/share/rosidl_generator_c/cmake)
[0.616s] -- Found rosidl_adapter: 3.1.5 (/opt/ros/humble/share/rosidl_adapter/cmake)
[0.627s] -- Found rosidl_generator_cpp: 3.1.5 (/opt/ros/humble/share/rosidl_generator_cpp/cmake)
[0.645s] -- Using all available rosidl_typesupport_c: rosidl_typesupport_fastrtps_c;rosidl_typesupport_introspection_c
[0.668s] -- Using all available rosidl_typesupport_cpp: rosidl_typesupport_fastrtps_cpp;rosidl_typesupport_introspection_cpp
[0.689s] -- Found geometry_msgs: 4.2.4 (/opt/ros/humble/share/geometry_msgs/cmake)
[0.807s] -- Found nav_2d_msgs: 1.1.15 (/root/nav2-ws/install/nav_2d_msgs/share/nav_2d_msgs/cmake)
[0.889s] -- Found nav_msgs: 4.2.4 (/opt/ros/humble/share/nav_msgs/cmake)
[0.985s] -- Found rosidl_default_generators: 1.2.0 (/opt/ros/humble/share/rosidl_default_generators/cmake)
[1.373s] -- Found ament_cmake_ros: 0.10.0 (/opt/ros/humble/share/ament_cmake_ros/cmake)
[2.055s] -- Using all available rosidl_typesupport_c: rosidl_typesupport_fastrtps_c;rosidl_typesupport_introspection_c
[2.433s] -- Using all available rosidl_typesupport_cpp: rosidl_typesupport_fastrtps_cpp;rosidl_typesupport_introspection_cpp
[2.472s] -- Found PythonInterp: /usr/bin/python3 (found suitable version "3.10.12", minimum required is "3.6") 
[2.474s] -- Found python_cmake_module: 0.10.0 (/opt/ros/humble/share/python_cmake_module/cmake)
[2.513s] -- Found PythonLibs: /usr/lib/x86_64-linux-gnu/libpython3.10.so (found suitable version "3.10.12", minimum required is "3.5") 
[2.513s] -- Using PYTHON_EXECUTABLE: /usr/bin/python3
[2.514s] -- Using PYTHON_INCLUDE_DIRS: /usr/include/python3.10
[2.514s] -- Using PYTHON_LIBRARIES: /usr/lib/x86_64-linux-gnu/libpython3.10.so
[2.557s] -- Found PythonExtra: .so  
[2.697s] -- Configuring done
[2.783s] -- Generating done
[2.783s] -- Build files have been written to: /root/nav2-ws/build/dwb_msgs
[2.801s] Invoked command in '/root/nav2-ws/build/dwb_msgs' returned '0': AMENT_PREFIX_PATH=/root/nav2-ws/install/nav_2d_msgs:${AMENT_PREFIX_PATH} CMAKE_PREFIX_PATH=/root/nav2-ws/install/nav_2d_msgs:/opt/ros/humble LD_LIBRARY_PATH=/root/nav2-ws/install/nav_2d_msgs/lib:${LD_LIBRARY_PATH} PYTHONPATH=/root/nav2-ws/install/nav_2d_msgs/local/lib/python3.10/dist-packages:${PYTHONPATH} /usr/bin/cmake /root/nav2-ws/src/navigation2/nav2_dwb_controller/dwb_msgs -DAMENT_CMAKE_SYMLINK_INSTALL=1 -DCMAKE_INSTALL_PREFIX=/root/nav2-ws/install/dwb_msgs
[2.802s] Invoking command in '/root/nav2-ws/build/dwb_msgs': AMENT_PREFIX_PATH=/root/nav2-ws/install/nav_2d_msgs:${AMENT_PREFIX_PATH} CMAKE_PREFIX_PATH=/root/nav2-ws/install/nav_2d_msgs:/opt/ros/humble LD_LIBRARY_PATH=/root/nav2-ws/install/nav_2d_msgs/lib:${LD_LIBRARY_PATH} PYTHONPATH=/root/nav2-ws/install/nav_2d_msgs/local/lib/python3.10/dist-packages:${PYTHONPATH} /usr/bin/cmake --build /root/nav2-ws/build/dwb_msgs -- -j8 -l8
[2.998s] [  1%] [34m[1mGenerating C code for ROS interfaces[0m
[3.023s] [  2%] [34m[1mGenerating C++ code for ROS interfaces[0m
[3.101s] [  2%] Built target ament_cmake_python_symlink_dwb_msgs
[3.831s] running egg_info
[3.849s] creating dwb_msgs.egg-info
[3.850s] writing dwb_msgs.egg-info/PKG-INFO
[3.852s] writing dependency_links to dwb_msgs.egg-info/dependency_links.txt
[3.853s] writing top-level names to dwb_msgs.egg-info/top_level.txt
[3.854s] writing manifest file 'dwb_msgs.egg-info/SOURCES.txt'
[3.855s] reading manifest file 'dwb_msgs.egg-info/SOURCES.txt'
[3.857s] writing manifest file 'dwb_msgs.egg-info/SOURCES.txt'
[3.952s] [  2%] Built target ament_cmake_python_build_dwb_msgs_egg
[5.053s] [  2%] Built target dwb_msgs__cpp
[5.065s] [  3%] [34m[1mGenerating C++ type support dispatch for ROS interfaces[0m
[5.072s] [  4%] [34m[1mGenerating C++ type support for eProsima Fast-RTPS[0m
[5.124s] [  5%] [34m[1mGenerating C++ introspection for ROS interfaces[0m
[5.215s] [  6%] [32mBuilding C object CMakeFiles/dwb_msgs__rosidl_generator_c.dir/rosidl_generator_c/dwb_msgs/msg/detail/critic_score__functions.c.o[0m
[5.217s] [  7%] [32mBuilding C object CMakeFiles/dwb_msgs__rosidl_generator_c.dir/rosidl_generator_c/dwb_msgs/msg/detail/local_plan_evaluation__functions.c.o[0m
[5.248s] [  9%] [32mBuilding C object CMakeFiles/dwb_msgs__rosidl_generator_c.dir/rosidl_generator_c/dwb_msgs/msg/detail/trajectory2_d__functions.c.o[0m
[5.250s] [  9%] [32mBuilding C object CMakeFiles/dwb_msgs__rosidl_generator_c.dir/rosidl_generator_c/dwb_msgs/msg/detail/trajectory_score__functions.c.o[0m
[5.344s] [ 10%] [32mBuilding C object CMakeFiles/dwb_msgs__rosidl_generator_c.dir/rosidl_generator_c/dwb_msgs/srv/detail/debug_local_plan__functions.c.o[0m
[5.397s] [ 11%] [32mBuilding C object CMakeFiles/dwb_msgs__rosidl_generator_c.dir/rosidl_generator_c/dwb_msgs/srv/detail/generate_trajectory__functions.c.o[0m
[5.437s] [ 12%] [32mBuilding C object CMakeFiles/dwb_msgs__rosidl_generator_c.dir/rosidl_generator_c/dwb_msgs/srv/detail/generate_twists__functions.c.o[0m
[5.469s] [ 13%] [32mBuilding C object CMakeFiles/dwb_msgs__rosidl_generator_c.dir/rosidl_generator_c/dwb_msgs/srv/detail/get_critic_score__functions.c.o[0m
[5.501s] [ 14%] [32mBuilding C object CMakeFiles/dwb_msgs__rosidl_generator_c.dir/rosidl_generator_c/dwb_msgs/srv/detail/score_trajectory__functions.c.o[0m
[5.740s] [ 15%] [32m[1mLinking C shared library libdwb_msgs__rosidl_generator_c.so[0m
[5.827s] [ 15%] Built target dwb_msgs__rosidl_generator_c
[5.868s] [ 16%] [34m[1mGenerating C introspection for ROS interfaces[0m
[5.876s] [ 17%] [34m[1mGenerating C type support dispatch for ROS interfaces[0m
[5.878s] [ 18%] [34m[1mGenerating C type support for eProsima Fast-RTPS[0m
[6.984s] [ 20%] [32mBuilding CXX object CMakeFiles/dwb_msgs__rosidl_typesupport_fastrtps_cpp.dir/rosidl_typesupport_fastrtps_cpp/dwb_msgs/msg/detail/dds_fastrtps/critic_score__type_support.cpp.o[0m
[6.989s] [ 22%] [32mBuilding CXX object CMakeFiles/dwb_msgs__rosidl_typesupport_cpp.dir/rosidl_typesupport_cpp/dwb_msgs/msg/critic_score__type_support.cpp.o[0m
[6.989s] [ 22%] [32mBuilding CXX object CMakeFiles/dwb_msgs__rosidl_typesupport_fastrtps_cpp.dir/rosidl_typesupport_fastrtps_cpp/dwb_msgs/msg/detail/dds_fastrtps/local_plan_evaluation__type_support.cpp.o[0m
[7.245s] [ 23%] [32mBuilding CXX object CMakeFiles/dwb_msgs__rosidl_typesupport_cpp.dir/rosidl_typesupport_cpp/dwb_msgs/msg/local_plan_evaluation__type_support.cpp.o[0m
[7.318s] [ 24%] [32mBuilding CXX object CMakeFiles/dwb_msgs__rosidl_typesupport_introspection_cpp.dir/rosidl_typesupport_introspection_cpp/dwb_msgs/msg/detail/critic_score__type_support.cpp.o[0m
[7.852s] [ 25%] [32mBuilding CXX object CMakeFiles/dwb_msgs__rosidl_typesupport_c.dir/rosidl_typesupport_c/dwb_msgs/msg/critic_score__type_support.cpp.o[0m
[7.942s] [ 26%] [32mBuilding CXX object CMakeFiles/dwb_msgs__rosidl_typesupport_introspection_cpp.dir/rosidl_typesupport_introspection_cpp/dwb_msgs/msg/detail/local_plan_evaluation__type_support.cpp.o[0m
[7.962s] [ 27%] [32mBuilding C object CMakeFiles/dwb_msgs__rosidl_typesupport_introspection_c.dir/rosidl_typesupport_introspection_c/dwb_msgs/msg/detail/critic_score__type_support.c.o[0m
[8.044s] [ 28%] [32mBuilding CXX object CMakeFiles/dwb_msgs__rosidl_typesupport_c.dir/rosidl_typesupport_c/dwb_msgs/msg/local_plan_evaluation__type_support.cpp.o[0m
[8.097s] [ 29%] [32mBuilding C object CMakeFiles/dwb_msgs__rosidl_typesupport_introspection_c.dir/rosidl_typesupport_introspection_c/dwb_msgs/msg/detail/local_plan_evaluation__type_support.c.o[0m
[8.141s] [ 30%] [32mBuilding CXX object CMakeFiles/dwb_msgs__rosidl_typesupport_cpp.dir/rosidl_typesupport_cpp/dwb_msgs/msg/trajectory2_d__type_support.cpp.o[0m
[8.183s] [ 31%] [32mBuilding CXX object CMakeFiles/dwb_msgs__rosidl_typesupport_c.dir/rosidl_typesupport_c/dwb_msgs/msg/trajectory2_d__type_support.cpp.o[0m
[8.198s] [ 32%] [32mBuilding CXX object CMakeFiles/dwb_msgs__rosidl_typesupport_fastrtps_c.dir/rosidl_typesupport_fastrtps_c/dwb_msgs/msg/detail/critic_score__type_support_c.cpp.o[0m
[8.234s] [ 33%] [32mBuilding C object CMakeFiles/dwb_msgs__rosidl_typesupport_introspection_c.dir/rosidl_typesupport_introspection_c/dwb_msgs/msg/detail/trajectory2_d__type_support.c.o[0m
[8.289s] [ 34%] [32mBuilding CXX object CMakeFiles/dwb_msgs__rosidl_typesupport_c.dir/rosidl_typesupport_c/dwb_msgs/msg/trajectory_score__type_support.cpp.o[0m
[8.325s] [ 35%] [32mBuilding CXX object CMakeFiles/dwb_msgs__rosidl_typesupport_introspection_cpp.dir/rosidl_typesupport_introspection_cpp/dwb_msgs/msg/detail/trajectory2_d__type_support.cpp.o[0m
[8.388s] [ 36%] [32mBuilding C object CMakeFiles/dwb_msgs__rosidl_typesupport_introspection_c.dir/rosidl_typesupport_introspection_c/dwb_msgs/msg/detail/trajectory_score__type_support.c.o[0m
[8.396s] [ 37%] [32mBuilding CXX object CMakeFiles/dwb_msgs__rosidl_typesupport_c.dir/rosidl_typesupport_c/dwb_msgs/srv/debug_local_plan__type_support.cpp.o[0m
[8.553s] [ 38%] [32mBuilding C object CMakeFiles/dwb_msgs__rosidl_typesupport_introspection_c.dir/rosidl_typesupport_introspection_c/dwb_msgs/srv/detail/debug_local_plan__type_support.c.o[0m
[8.584s] [ 40%] [32mBuilding CXX object CMakeFiles/dwb_msgs__rosidl_typesupport_c.dir/rosidl_typesupport_c/dwb_msgs/srv/generate_trajectory__type_support.cpp.o[0m
[8.643s] [ 41%] [32mBuilding CXX object CMakeFiles/dwb_msgs__rosidl_typesupport_fastrtps_cpp.dir/rosidl_typesupport_fastrtps_cpp/dwb_msgs/msg/detail/dds_fastrtps/trajectory2_d__type_support.cpp.o[0m
[8.713s] [ 42%] [32mBuilding C object CMakeFiles/dwb_msgs__rosidl_typesupport_introspection_c.dir/rosidl_typesupport_introspection_c/dwb_msgs/srv/detail/generate_trajectory__type_support.c.o[0m
[8.790s] [ 43%] [32mBuilding CXX object CMakeFiles/dwb_msgs__rosidl_typesupport_c.dir/rosidl_typesupport_c/dwb_msgs/srv/generate_twists__type_support.cpp.o[0m
[8.866s] [ 44%] [32mBuilding C object CMakeFiles/dwb_msgs__rosidl_typesupport_introspection_c.dir/rosidl_typesupport_introspection_c/dwb_msgs/srv/detail/generate_twists__type_support.c.o[0m
[8.925s] [ 45%] [32mBuilding CXX object CMakeFiles/dwb_msgs__rosidl_typesupport_c.dir/rosidl_typesupport_c/dwb_msgs/srv/get_critic_score__type_support.cpp.o[0m
[9.009s] [ 46%] [32mBuilding CXX object CMakeFiles/dwb_msgs__rosidl_typesupport_cpp.dir/rosidl_typesupport_cpp/dwb_msgs/msg/trajectory_score__type_support.cpp.o[0m
[9.040s] [ 47%] [32mBuilding CXX object CMakeFiles/dwb_msgs__rosidl_typesupport_c.dir/rosidl_typesupport_c/dwb_msgs/srv/score_trajectory__type_support.cpp.o[0m
[9.067s] [ 48%] [32mBuilding C object CMakeFiles/dwb_msgs__rosidl_typesupport_introspection_c.dir/rosidl_typesupport_introspection_c/dwb_msgs/srv/detail/get_critic_score__type_support.c.o[0m
[9.205s] [ 49%] [32m[1mLinking CXX shared library libdwb_msgs__rosidl_typesupport_c.so[0m
[9.244s] [ 50%] [32mBuilding C object CMakeFiles/dwb_msgs__rosidl_typesupport_introspection_c.dir/rosidl_typesupport_introspection_c/dwb_msgs/srv/detail/score_trajectory__type_support.c.o[0m
[9.335s] [ 51%] [32mBuilding CXX object CMakeFiles/dwb_msgs__rosidl_typesupport_fastrtps_cpp.dir/rosidl_typesupport_fastrtps_cpp/dwb_msgs/msg/detail/dds_fastrtps/trajectory_score__type_support.cpp.o[0m
[9.452s] [ 53%] [32mBuilding CXX object CMakeFiles/dwb_msgs__rosidl_typesupport_fastrtps_c.dir/rosidl_typesupport_fastrtps_c/dwb_msgs/msg/detail/local_plan_evaluation__type_support_c.cpp.o[0m
[9.453s] [ 53%] [32m[1mLinking C shared library libdwb_msgs__rosidl_typesupport_introspection_c.so[0m
[9.510s] [ 53%] Built target dwb_msgs__rosidl_typesupport_c
[9.569s] [ 54%] [32mBuilding CXX object CMakeFiles/dwb_msgs__rosidl_typesupport_cpp.dir/rosidl_typesupport_cpp/dwb_msgs/srv/debug_local_plan__type_support.cpp.o[0m
[9.633s] [ 54%] Built target dwb_msgs__rosidl_typesupport_introspection_c
[9.665s] [ 55%] [32mBuilding CXX object CMakeFiles/dwb_msgs__rosidl_typesupport_cpp.dir/rosidl_typesupport_cpp/dwb_msgs/srv/generate_trajectory__type_support.cpp.o[0m
[9.745s] [ 56%] [32mBuilding CXX object CMakeFiles/dwb_msgs__rosidl_typesupport_introspection_cpp.dir/rosidl_typesupport_introspection_cpp/dwb_msgs/msg/detail/trajectory_score__type_support.cpp.o[0m
[10.049s] [ 57%] [32mBuilding CXX object CMakeFiles/dwb_msgs__rosidl_typesupport_introspection_cpp.dir/rosidl_typesupport_introspection_cpp/dwb_msgs/srv/detail/debug_local_plan__type_support.cpp.o[0m
[10.064s] [ 58%] [32mBuilding CXX object CMakeFiles/dwb_msgs__rosidl_typesupport_cpp.dir/rosidl_typesupport_cpp/dwb_msgs/srv/generate_twists__type_support.cpp.o[0m
[10.245s] [ 60%] [32mBuilding CXX object CMakeFiles/dwb_msgs__rosidl_typesupport_fastrtps_cpp.dir/rosidl_typesupport_fastrtps_cpp/dwb_msgs/srv/detail/dds_fastrtps/debug_local_plan__type_support.cpp.o[0m
[10.564s] [ 61%] [32mBuilding CXX object CMakeFiles/dwb_msgs__rosidl_typesupport_cpp.dir/rosidl_typesupport_cpp/dwb_msgs/srv/get_critic_score__type_support.cpp.o[0m
[10.632s] [ 62%] [32mBuilding CXX object CMakeFiles/dwb_msgs__rosidl_typesupport_fastrtps_c.dir/rosidl_typesupport_fastrtps_c/dwb_msgs/msg/detail/trajectory2_d__type_support_c.cpp.o[0m
[10.796s] [ 63%] [32mBuilding CXX object CMakeFiles/dwb_msgs__rosidl_typesupport_cpp.dir/rosidl_typesupport_cpp/dwb_msgs/srv/score_trajectory__type_support.cpp.o[0m
[10.947s] [ 64%] [32mBuilding CXX object CMakeFiles/dwb_msgs__rosidl_typesupport_fastrtps_c.dir/rosidl_typesupport_fastrtps_c/dwb_msgs/msg/detail/trajectory_score__type_support_c.cpp.o[0m
[11.200s] [ 65%] [32mBuilding CXX object CMakeFiles/dwb_msgs__rosidl_typesupport_fastrtps_cpp.dir/rosidl_typesupport_fastrtps_cpp/dwb_msgs/srv/detail/dds_fastrtps/generate_trajectory__type_support.cpp.o[0m
[11.444s] [ 66%] [32mBuilding CXX object CMakeFiles/dwb_msgs__rosidl_typesupport_introspection_cpp.dir/rosidl_typesupport_introspection_cpp/dwb_msgs/srv/detail/generate_trajectory__type_support.cpp.o[0m
[11.580s] [ 67%] [32m[1mLinking CXX shared library libdwb_msgs__rosidl_typesupport_cpp.so[0m
[11.585s] [ 68%] [32mBuilding CXX object CMakeFiles/dwb_msgs__rosidl_typesupport_introspection_cpp.dir/rosidl_typesupport_introspection_cpp/dwb_msgs/srv/detail/generate_twists__type_support.cpp.o[0m
[11.668s] [ 69%] [32mBuilding CXX object CMakeFiles/dwb_msgs__rosidl_typesupport_introspection_cpp.dir/rosidl_typesupport_introspection_cpp/dwb_msgs/srv/detail/get_critic_score__type_support.cpp.o[0m
[11.708s] [ 70%] [32mBuilding CXX object CMakeFiles/dwb_msgs__rosidl_typesupport_fastrtps_c.dir/rosidl_typesupport_fastrtps_c/dwb_msgs/srv/detail/debug_local_plan__type_support_c.cpp.o[0m
[11.714s] [ 71%] [32mBuilding CXX object CMakeFiles/dwb_msgs__rosidl_typesupport_fastrtps_cpp.dir/rosidl_typesupport_fastrtps_cpp/dwb_msgs/srv/detail/dds_fastrtps/generate_twists__type_support.cpp.o[0m
[11.745s] [ 71%] Built target dwb_msgs__rosidl_typesupport_cpp
[11.797s] [ 72%] [32mBuilding CXX object CMakeFiles/dwb_msgs__rosidl_typesupport_fastrtps_cpp.dir/rosidl_typesupport_fastrtps_cpp/dwb_msgs/srv/detail/dds_fastrtps/get_critic_score__type_support.cpp.o[0m
[12.254s] [ 73%] [32mBuilding CXX object CMakeFiles/dwb_msgs__rosidl_typesupport_fastrtps_c.dir/rosidl_typesupport_fastrtps_c/dwb_msgs/srv/detail/generate_trajectory__type_support_c.cpp.o[0m
[12.817s] [ 74%] [32mBuilding CXX object CMakeFiles/dwb_msgs__rosidl_typesupport_fastrtps_cpp.dir/rosidl_typesupport_fastrtps_cpp/dwb_msgs/srv/detail/dds_fastrtps/score_trajectory__type_support.cpp.o[0m
[13.007s] [ 75%] [32mBuilding CXX object CMakeFiles/dwb_msgs__rosidl_typesupport_introspection_cpp.dir/rosidl_typesupport_introspection_cpp/dwb_msgs/srv/detail/score_trajectory__type_support.cpp.o[0m
[13.063s] [ 76%] [32mBuilding CXX object CMakeFiles/dwb_msgs__rosidl_typesupport_fastrtps_c.dir/rosidl_typesupport_fastrtps_c/dwb_msgs/srv/detail/generate_twists__type_support_c.cpp.o[0m
[13.164s] [ 77%] [32mBuilding CXX object CMakeFiles/dwb_msgs__rosidl_typesupport_fastrtps_c.dir/rosidl_typesupport_fastrtps_c/dwb_msgs/srv/detail/get_critic_score__type_support_c.cpp.o[0m
[13.253s] [ 78%] [32mBuilding CXX object CMakeFiles/dwb_msgs__rosidl_typesupport_fastrtps_c.dir/rosidl_typesupport_fastrtps_c/dwb_msgs/srv/detail/score_trajectory__type_support_c.cpp.o[0m
[14.130s] [ 80%] [32m[1mLinking CXX shared library libdwb_msgs__rosidl_typesupport_introspection_cpp.so[0m
[14.273s] [ 81%] [32m[1mLinking CXX shared library libdwb_msgs__rosidl_typesupport_fastrtps_cpp.so[0m
[14.446s] [ 82%] [32m[1mLinking CXX shared library libdwb_msgs__rosidl_typesupport_fastrtps_c.so[0m
[14.482s] [ 82%] Built target dwb_msgs__rosidl_typesupport_introspection_cpp
[14.607s] [ 82%] Built target dwb_msgs__rosidl_typesupport_fastrtps_cpp
[14.769s] [ 82%] Built target dwb_msgs__rosidl_typesupport_fastrtps_c
[14.894s] [ 82%] Built target dwb_msgs
[15.008s] [ 83%] [34m[1mGenerating Python code for ROS interfaces[0m
[18.037s] [ 83%] Built target dwb_msgs__py
[18.073s] [ 84%] [32mBuilding C object CMakeFiles/dwb_msgs__rosidl_generator_py.dir/rosidl_generator_py/dwb_msgs/msg/_trajectory2_d_s.c.o[0m
[18.083s] [ 85%] [32mBuilding C object CMakeFiles/dwb_msgs__rosidl_generator_py.dir/rosidl_generator_py/dwb_msgs/msg/_critic_score_s.c.o[0m
[18.106s] [ 87%] [32mBuilding C object CMakeFiles/dwb_msgs__rosidl_generator_py.dir/rosidl_generator_py/dwb_msgs/msg/_local_plan_evaluation_s.c.o[0m
[18.107s] [ 88%] [32mBuilding C object CMakeFiles/dwb_msgs__rosidl_generator_py.dir/rosidl_generator_py/dwb_msgs/msg/_trajectory_score_s.c.o[0m
[18.109s] [ 88%] [32mBuilding C object CMakeFiles/dwb_msgs__rosidl_generator_py.dir/rosidl_generator_py/dwb_msgs/srv/_debug_local_plan_s.c.o[0m
[18.145s] [ 89%] [32mBuilding C object CMakeFiles/dwb_msgs__rosidl_generator_py.dir/rosidl_generator_py/dwb_msgs/srv/_generate_trajectory_s.c.o[0m
[18.241s] [ 90%] [32mBuilding C object CMakeFiles/dwb_msgs__rosidl_generator_py.dir/rosidl_generator_py/dwb_msgs/srv/_generate_twists_s.c.o[0m
[18.284s] [ 91%] [32mBuilding C object CMakeFiles/dwb_msgs__rosidl_generator_py.dir/rosidl_generator_py/dwb_msgs/srv/_get_critic_score_s.c.o[0m
[18.315s] [ 92%] [32mBuilding C object CMakeFiles/dwb_msgs__rosidl_generator_py.dir/rosidl_generator_py/dwb_msgs/srv/_score_trajectory_s.c.o[0m
[18.595s] [ 93%] [32m[1mLinking C shared library rosidl_generator_py/dwb_msgs/libdwb_msgs__rosidl_generator_py.so[0m
[18.672s] [ 93%] Built target dwb_msgs__rosidl_generator_py
[18.731s] [ 94%] [32mBuilding C object CMakeFiles/dwb_msgs__rosidl_typesupport_c__pyext.dir/rosidl_generator_py/dwb_msgs/_dwb_msgs_s.ep.rosidl_typesupport_c.c.o[0m
[18.758s] [ 96%] [32mBuilding C object CMakeFiles/dwb_msgs__rosidl_typesupport_introspection_c__pyext.dir/rosidl_generator_py/dwb_msgs/_dwb_msgs_s.ep.rosidl_typesupport_introspection_c.c.o[0m
[18.760s] [ 96%] [32mBuilding C object CMakeFiles/dwb_msgs__rosidl_typesupport_fastrtps_c__pyext.dir/rosidl_generator_py/dwb_msgs/_dwb_msgs_s.ep.rosidl_typesupport_fastrtps_c.c.o[0m
[19.020s] [ 97%] [32m[1mLinking C shared library rosidl_generator_py/dwb_msgs/dwb_msgs_s__rosidl_typesupport_c.cpython-310-x86_64-linux-gnu.so[0m
[19.044s] [ 98%] [32m[1mLinking C shared library rosidl_generator_py/dwb_msgs/dwb_msgs_s__rosidl_typesupport_introspection_c.cpython-310-x86_64-linux-gnu.so[0m
[19.109s] [ 98%] Built target dwb_msgs__rosidl_typesupport_c__pyext
[19.189s] [ 98%] Built target dwb_msgs__rosidl_typesupport_introspection_c__pyext
[19.231s] [100%] [32m[1mLinking C shared library rosidl_generator_py/dwb_msgs/dwb_msgs_s__rosidl_typesupport_fastrtps_c.cpython-310-x86_64-linux-gnu.so[0m
[19.340s] [100%] Built target dwb_msgs__rosidl_typesupport_fastrtps_c__pyext
[19.412s] Invoked command in '/root/nav2-ws/build/dwb_msgs' returned '0': AMENT_PREFIX_PATH=/root/nav2-ws/install/nav_2d_msgs:${AMENT_PREFIX_PATH} CMAKE_PREFIX_PATH=/root/nav2-ws/install/nav_2d_msgs:/opt/ros/humble LD_LIBRARY_PATH=/root/nav2-ws/install/nav_2d_msgs/lib:${LD_LIBRARY_PATH} PYTHONPATH=/root/nav2-ws/install/nav_2d_msgs/local/lib/python3.10/dist-packages:${PYTHONPATH} /usr/bin/cmake --build /root/nav2-ws/build/dwb_msgs -- -j8 -l8
[20.793s] Invoking command in '/root/nav2-ws/build/dwb_msgs': AMENT_PREFIX_PATH=/root/nav2-ws/install/nav_2d_msgs:${AMENT_PREFIX_PATH} CMAKE_PREFIX_PATH=/root/nav2-ws/install/nav_2d_msgs:/opt/ros/humble LD_LIBRARY_PATH=/root/nav2-ws/install/nav_2d_msgs/lib:${LD_LIBRARY_PATH} PYTHONPATH=/root/nav2-ws/install/nav_2d_msgs/local/lib/python3.10/dist-packages:${PYTHONPATH} /usr/bin/cmake --install /root/nav2-ws/build/dwb_msgs
[20.809s] -- Install configuration: ""
[20.812s] -- Execute custom install script
[20.814s] -- Symlinking: /root/nav2-ws/install/dwb_msgs/share/ament_index/resource_index/rosidl_interfaces/dwb_msgs
[20.833s] -- Symlinking: /root/nav2-ws/install/dwb_msgs/include/dwb_msgs/dwb_msgs/msg/critic_score.h
[20.848s] -- Symlinking: /root/nav2-ws/install/dwb_msgs/include/dwb_msgs/dwb_msgs/msg/detail/critic_score__functions.h
[20.877s] -- Symlinking: /root/nav2-ws/install/dwb_msgs/include/dwb_msgs/dwb_msgs/msg/detail/critic_score__struct.h
[20.909s] -- Symlinking: /root/nav2-ws/install/dwb_msgs/include/dwb_msgs/dwb_msgs/msg/detail/critic_score__type_support.h
[20.928s] -- Symlinking: /root/nav2-ws/install/dwb_msgs/include/dwb_msgs/dwb_msgs/msg/detail/local_plan_evaluation__functions.h
[20.945s] -- Symlinking: /root/nav2-ws/install/dwb_msgs/include/dwb_msgs/dwb_msgs/msg/detail/local_plan_evaluation__struct.h
[20.959s] -- Symlinking: /root/nav2-ws/install/dwb_msgs/include/dwb_msgs/dwb_msgs/msg/detail/local_plan_evaluation__type_support.h
[20.991s] -- Symlinking: /root/nav2-ws/install/dwb_msgs/include/dwb_msgs/dwb_msgs/msg/detail/trajectory2_d__functions.h
[21.024s] -- Symlinking: /root/nav2-ws/install/dwb_msgs/include/dwb_msgs/dwb_msgs/msg/detail/trajectory2_d__struct.h
[21.065s] -- Symlinking: /root/nav2-ws/install/dwb_msgs/include/dwb_msgs/dwb_msgs/msg/detail/trajectory2_d__type_support.h
[21.117s] -- Symlinking: /root/nav2-ws/install/dwb_msgs/include/dwb_msgs/dwb_msgs/msg/detail/trajectory_score__functions.h
[21.140s] -- Symlinking: /root/nav2-ws/install/dwb_msgs/include/dwb_msgs/dwb_msgs/msg/detail/trajectory_score__struct.h
[21.177s] -- Symlinking: /root/nav2-ws/install/dwb_msgs/include/dwb_msgs/dwb_msgs/msg/detail/trajectory_score__type_support.h
[21.209s] -- Symlinking: /root/nav2-ws/install/dwb_msgs/include/dwb_msgs/dwb_msgs/msg/local_plan_evaluation.h
[21.222s] -- Symlinking: /root/nav2-ws/install/dwb_msgs/include/dwb_msgs/dwb_msgs/msg/rosidl_generator_c__visibility_control.h
[21.245s] -- Symlinking: /root/nav2-ws/install/dwb_msgs/include/dwb_msgs/dwb_msgs/msg/trajectory2_d.h
[21.300s] -- Symlinking: /root/nav2-ws/install/dwb_msgs/include/dwb_msgs/dwb_msgs/msg/trajectory_score.h
[21.315s] -- Symlinking: /root/nav2-ws/install/dwb_msgs/include/dwb_msgs/dwb_msgs/srv/debug_local_plan.h
[21.331s] -- Symlinking: /root/nav2-ws/install/dwb_msgs/include/dwb_msgs/dwb_msgs/srv/detail/debug_local_plan__functions.h
[21.348s] -- Symlinking: /root/nav2-ws/install/dwb_msgs/include/dwb_msgs/dwb_msgs/srv/detail/debug_local_plan__struct.h
[21.372s] -- Symlinking: /root/nav2-ws/install/dwb_msgs/include/dwb_msgs/dwb_msgs/srv/detail/debug_local_plan__type_support.h
[21.391s] -- Symlinking: /root/nav2-ws/install/dwb_msgs/include/dwb_msgs/dwb_msgs/srv/detail/generate_trajectory__functions.h
[21.409s] -- Symlinking: /root/nav2-ws/install/dwb_msgs/include/dwb_msgs/dwb_msgs/srv/detail/generate_trajectory__struct.h
[21.426s] -- Symlinking: /root/nav2-ws/install/dwb_msgs/include/dwb_msgs/dwb_msgs/srv/detail/generate_trajectory__type_support.h
[21.438s] -- Symlinking: /root/nav2-ws/install/dwb_msgs/include/dwb_msgs/dwb_msgs/srv/detail/generate_twists__functions.h
[21.451s] -- Symlinking: /root/nav2-ws/install/dwb_msgs/include/dwb_msgs/dwb_msgs/srv/detail/generate_twists__struct.h
[21.464s] -- Symlinking: /root/nav2-ws/install/dwb_msgs/include/dwb_msgs/dwb_msgs/srv/detail/generate_twists__type_support.h
[21.478s] -- Symlinking: /root/nav2-ws/install/dwb_msgs/include/dwb_msgs/dwb_msgs/srv/detail/get_critic_score__functions.h
[21.492s] -- Symlinking: /root/nav2-ws/install/dwb_msgs/include/dwb_msgs/dwb_msgs/srv/detail/get_critic_score__struct.h
[21.506s] -- Symlinking: /root/nav2-ws/install/dwb_msgs/include/dwb_msgs/dwb_msgs/srv/detail/get_critic_score__type_support.h
[21.520s] -- Symlinking: /root/nav2-ws/install/dwb_msgs/include/dwb_msgs/dwb_msgs/srv/detail/score_trajectory__functions.h
[21.536s] -- Symlinking: /root/nav2-ws/install/dwb_msgs/include/dwb_msgs/dwb_msgs/srv/detail/score_trajectory__struct.h
[21.551s] -- Symlinking: /root/nav2-ws/install/dwb_msgs/include/dwb_msgs/dwb_msgs/srv/detail/score_trajectory__type_support.h
[21.566s] -- Symlinking: /root/nav2-ws/install/dwb_msgs/include/dwb_msgs/dwb_msgs/srv/generate_trajectory.h
[21.580s] -- Symlinking: /root/nav2-ws/install/dwb_msgs/include/dwb_msgs/dwb_msgs/srv/generate_twists.h
[21.593s] -- Symlinking: /root/nav2-ws/install/dwb_msgs/include/dwb_msgs/dwb_msgs/srv/get_critic_score.h
[21.606s] -- Symlinking: /root/nav2-ws/install/dwb_msgs/include/dwb_msgs/dwb_msgs/srv/score_trajectory.h
[21.619s] -- Symlinking: /root/nav2-ws/install/dwb_msgs/share/dwb_msgs/environment/library_path.sh
[21.632s] -- Symlinking: /root/nav2-ws/install/dwb_msgs/share/dwb_msgs/environment/library_path.dsv
[21.646s] -- Symlinking: /root/nav2-ws/install/dwb_msgs/include/dwb_msgs/dwb_msgs/msg/detail/critic_score__rosidl_typesupport_fastrtps_c.h
[21.659s] -- Symlinking: /root/nav2-ws/install/dwb_msgs/include/dwb_msgs/dwb_msgs/msg/detail/local_plan_evaluation__rosidl_typesupport_fastrtps_c.h
[21.676s] -- Symlinking: /root/nav2-ws/install/dwb_msgs/include/dwb_msgs/dwb_msgs/msg/detail/trajectory2_d__rosidl_typesupport_fastrtps_c.h
[21.691s] -- Symlinking: /root/nav2-ws/install/dwb_msgs/include/dwb_msgs/dwb_msgs/msg/detail/trajectory_score__rosidl_typesupport_fastrtps_c.h
[21.708s] -- Symlinking: /root/nav2-ws/install/dwb_msgs/include/dwb_msgs/dwb_msgs/msg/rosidl_typesupport_fastrtps_c__visibility_control.h
[21.724s] -- Symlinking: /root/nav2-ws/install/dwb_msgs/include/dwb_msgs/dwb_msgs/srv/detail/debug_local_plan__rosidl_typesupport_fastrtps_c.h
[21.744s] -- Symlinking: /root/nav2-ws/install/dwb_msgs/include/dwb_msgs/dwb_msgs/srv/detail/generate_trajectory__rosidl_typesupport_fastrtps_c.h
[21.765s] -- Symlinking: /root/nav2-ws/install/dwb_msgs/include/dwb_msgs/dwb_msgs/srv/detail/generate_twists__rosidl_typesupport_fastrtps_c.h
[21.777s] -- Symlinking: /root/nav2-ws/install/dwb_msgs/include/dwb_msgs/dwb_msgs/srv/detail/get_critic_score__rosidl_typesupport_fastrtps_c.h
[21.791s] -- Symlinking: /root/nav2-ws/install/dwb_msgs/include/dwb_msgs/dwb_msgs/srv/detail/score_trajectory__rosidl_typesupport_fastrtps_c.h
[21.827s] -- Symlinking: /root/nav2-ws/install/dwb_msgs/include/dwb_msgs/dwb_msgs/msg/critic_score.hpp
[21.867s] -- Symlinking: /root/nav2-ws/install/dwb_msgs/include/dwb_msgs/dwb_msgs/msg/detail/critic_score__builder.hpp
[21.879s] -- Symlinking: /root/nav2-ws/install/dwb_msgs/include/dwb_msgs/dwb_msgs/msg/detail/critic_score__struct.hpp
[21.907s] -- Symlinking: /root/nav2-ws/install/dwb_msgs/include/dwb_msgs/dwb_msgs/msg/detail/critic_score__traits.hpp
[21.932s] -- Symlinking: /root/nav2-ws/install/dwb_msgs/include/dwb_msgs/dwb_msgs/msg/detail/local_plan_evaluation__builder.hpp
[21.946s] -- Symlinking: /root/nav2-ws/install/dwb_msgs/include/dwb_msgs/dwb_msgs/msg/detail/local_plan_evaluation__struct.hpp
[21.959s] -- Symlinking: /root/nav2-ws/install/dwb_msgs/include/dwb_msgs/dwb_msgs/msg/detail/local_plan_evaluation__traits.hpp
[21.976s] -- Symlinking: /root/nav2-ws/install/dwb_msgs/include/dwb_msgs/dwb_msgs/msg/detail/trajectory2_d__builder.hpp
[21.990s] -- Symlinking: /root/nav2-ws/install/dwb_msgs/include/dwb_msgs/dwb_msgs/msg/detail/trajectory2_d__struct.hpp
[22.003s] -- Symlinking: /root/nav2-ws/install/dwb_msgs/include/dwb_msgs/dwb_msgs/msg/detail/trajectory2_d__traits.hpp
[22.026s] -- Symlinking: /root/nav2-ws/install/dwb_msgs/include/dwb_msgs/dwb_msgs/msg/detail/trajectory_score__builder.hpp
[22.045s] -- Symlinking: /root/nav2-ws/install/dwb_msgs/include/dwb_msgs/dwb_msgs/msg/detail/trajectory_score__struct.hpp
[22.081s] -- Symlinking: /root/nav2-ws/install/dwb_msgs/include/dwb_msgs/dwb_msgs/msg/detail/trajectory_score__traits.hpp
[22.126s] -- Symlinking: /root/nav2-ws/install/dwb_msgs/include/dwb_msgs/dwb_msgs/msg/local_plan_evaluation.hpp
[22.146s] -- Symlinking: /root/nav2-ws/install/dwb_msgs/include/dwb_msgs/dwb_msgs/msg/trajectory2_d.hpp
[22.171s] -- Symlinking: /root/nav2-ws/install/dwb_msgs/include/dwb_msgs/dwb_msgs/msg/trajectory_score.hpp
[22.201s] -- Symlinking: /root/nav2-ws/install/dwb_msgs/include/dwb_msgs/dwb_msgs/srv/debug_local_plan.hpp
[22.215s] -- Symlinking: /root/nav2-ws/install/dwb_msgs/include/dwb_msgs/dwb_msgs/srv/detail/debug_local_plan__builder.hpp
[22.229s] -- Symlinking: /root/nav2-ws/install/dwb_msgs/include/dwb_msgs/dwb_msgs/srv/detail/debug_local_plan__struct.hpp
[22.245s] -- Symlinking: /root/nav2-ws/install/dwb_msgs/include/dwb_msgs/dwb_msgs/srv/detail/debug_local_plan__traits.hpp
[22.261s] -- Symlinking: /root/nav2-ws/install/dwb_msgs/include/dwb_msgs/dwb_msgs/srv/detail/generate_trajectory__builder.hpp
[22.275s] -- Symlinking: /root/nav2-ws/install/dwb_msgs/include/dwb_msgs/dwb_msgs/srv/detail/generate_trajectory__struct.hpp
[22.302s] -- Symlinking: /root/nav2-ws/install/dwb_msgs/include/dwb_msgs/dwb_msgs/srv/detail/generate_trajectory__traits.hpp
[22.326s] -- Symlinking: /root/nav2-ws/install/dwb_msgs/include/dwb_msgs/dwb_msgs/srv/detail/generate_twists__builder.hpp
[22.354s] -- Symlinking: /root/nav2-ws/install/dwb_msgs/include/dwb_msgs/dwb_msgs/srv/detail/generate_twists__struct.hpp
[22.394s] -- Symlinking: /root/nav2-ws/install/dwb_msgs/include/dwb_msgs/dwb_msgs/srv/detail/generate_twists__traits.hpp
[22.428s] -- Symlinking: /root/nav2-ws/install/dwb_msgs/include/dwb_msgs/dwb_msgs/srv/detail/get_critic_score__builder.hpp
[22.452s] -- Symlinking: /root/nav2-ws/install/dwb_msgs/include/dwb_msgs/dwb_msgs/srv/detail/get_critic_score__struct.hpp
[22.467s] -- Symlinking: /root/nav2-ws/install/dwb_msgs/include/dwb_msgs/dwb_msgs/srv/detail/get_critic_score__traits.hpp
[22.481s] -- Symlinking: /root/nav2-ws/install/dwb_msgs/include/dwb_msgs/dwb_msgs/srv/detail/score_trajectory__builder.hpp
[22.494s] -- Symlinking: /root/nav2-ws/install/dwb_msgs/include/dwb_msgs/dwb_msgs/srv/detail/score_trajectory__struct.hpp
[22.519s] -- Symlinking: /root/nav2-ws/install/dwb_msgs/include/dwb_msgs/dwb_msgs/srv/detail/score_trajectory__traits.hpp
[22.532s] -- Symlinking: /root/nav2-ws/install/dwb_msgs/include/dwb_msgs/dwb_msgs/srv/generate_trajectory.hpp
[22.575s] -- Symlinking: /root/nav2-ws/install/dwb_msgs/include/dwb_msgs/dwb_msgs/srv/generate_twists.hpp
[22.611s] -- Symlinking: /root/nav2-ws/install/dwb_msgs/include/dwb_msgs/dwb_msgs/srv/get_critic_score.hpp
[22.630s] -- Symlinking: /root/nav2-ws/install/dwb_msgs/include/dwb_msgs/dwb_msgs/srv/score_trajectory.hpp
[22.657s] -- Symlinking: /root/nav2-ws/install/dwb_msgs/include/dwb_msgs/dwb_msgs/msg/detail/critic_score__rosidl_typesupport_fastrtps_cpp.hpp
[22.670s] -- Symlinking: /root/nav2-ws/install/dwb_msgs/include/dwb_msgs/dwb_msgs/msg/detail/local_plan_evaluation__rosidl_typesupport_fastrtps_cpp.hpp
[22.684s] -- Symlinking: /root/nav2-ws/install/dwb_msgs/include/dwb_msgs/dwb_msgs/msg/detail/trajectory2_d__rosidl_typesupport_fastrtps_cpp.hpp
[22.699s] -- Symlinking: /root/nav2-ws/install/dwb_msgs/include/dwb_msgs/dwb_msgs/msg/detail/trajectory_score__rosidl_typesupport_fastrtps_cpp.hpp
[22.716s] -- Symlinking: /root/nav2-ws/install/dwb_msgs/include/dwb_msgs/dwb_msgs/msg/rosidl_typesupport_fastrtps_cpp__visibility_control.h
[22.730s] -- Symlinking: /root/nav2-ws/install/dwb_msgs/include/dwb_msgs/dwb_msgs/srv/detail/debug_local_plan__rosidl_typesupport_fastrtps_cpp.hpp
[22.744s] -- Symlinking: /root/nav2-ws/install/dwb_msgs/include/dwb_msgs/dwb_msgs/srv/detail/generate_trajectory__rosidl_typesupport_fastrtps_cpp.hpp
[22.757s] -- Symlinking: /root/nav2-ws/install/dwb_msgs/include/dwb_msgs/dwb_msgs/srv/detail/generate_twists__rosidl_typesupport_fastrtps_cpp.hpp
[22.771s] -- Symlinking: /root/nav2-ws/install/dwb_msgs/include/dwb_msgs/dwb_msgs/srv/detail/get_critic_score__rosidl_typesupport_fastrtps_cpp.hpp
[22.784s] -- Symlinking: /root/nav2-ws/install/dwb_msgs/include/dwb_msgs/dwb_msgs/srv/detail/score_trajectory__rosidl_typesupport_fastrtps_cpp.hpp
[22.798s] -- Symlinking: /root/nav2-ws/install/dwb_msgs/include/dwb_msgs/dwb_msgs/msg/detail/critic_score__rosidl_typesupport_introspection_c.h
[22.811s] -- Symlinking: /root/nav2-ws/install/dwb_msgs/include/dwb_msgs/dwb_msgs/msg/detail/local_plan_evaluation__rosidl_typesupport_introspection_c.h
[22.826s] -- Symlinking: /root/nav2-ws/install/dwb_msgs/include/dwb_msgs/dwb_msgs/msg/detail/trajectory2_d__rosidl_typesupport_introspection_c.h
[22.841s] -- Symlinking: /root/nav2-ws/install/dwb_msgs/include/dwb_msgs/dwb_msgs/msg/detail/trajectory_score__rosidl_typesupport_introspection_c.h
[22.868s] -- Symlinking: /root/nav2-ws/install/dwb_msgs/include/dwb_msgs/dwb_msgs/msg/rosidl_typesupport_introspection_c__visibility_control.h
[22.881s] -- Symlinking: /root/nav2-ws/install/dwb_msgs/include/dwb_msgs/dwb_msgs/srv/detail/debug_local_plan__rosidl_typesupport_introspection_c.h
[22.895s] -- Symlinking: /root/nav2-ws/install/dwb_msgs/include/dwb_msgs/dwb_msgs/srv/detail/generate_trajectory__rosidl_typesupport_introspection_c.h
[22.909s] -- Symlinking: /root/nav2-ws/install/dwb_msgs/include/dwb_msgs/dwb_msgs/srv/detail/generate_twists__rosidl_typesupport_introspection_c.h
[22.922s] -- Symlinking: /root/nav2-ws/install/dwb_msgs/include/dwb_msgs/dwb_msgs/srv/detail/get_critic_score__rosidl_typesupport_introspection_c.h
[22.935s] -- Symlinking: /root/nav2-ws/install/dwb_msgs/include/dwb_msgs/dwb_msgs/srv/detail/score_trajectory__rosidl_typesupport_introspection_c.h
[22.950s] -- Symlinking: /root/nav2-ws/install/dwb_msgs/include/dwb_msgs/dwb_msgs/msg/detail/critic_score__rosidl_typesupport_introspection_cpp.hpp
[22.963s] -- Symlinking: /root/nav2-ws/install/dwb_msgs/include/dwb_msgs/dwb_msgs/msg/detail/local_plan_evaluation__rosidl_typesupport_introspection_cpp.hpp
[22.977s] -- Symlinking: /root/nav2-ws/install/dwb_msgs/include/dwb_msgs/dwb_msgs/msg/detail/trajectory2_d__rosidl_typesupport_introspection_cpp.hpp
[22.991s] -- Symlinking: /root/nav2-ws/install/dwb_msgs/include/dwb_msgs/dwb_msgs/msg/detail/trajectory_score__rosidl_typesupport_introspection_cpp.hpp
[23.005s] -- Symlinking: /root/nav2-ws/install/dwb_msgs/include/dwb_msgs/dwb_msgs/srv/detail/debug_local_plan__rosidl_typesupport_introspection_cpp.hpp
[23.020s] -- Symlinking: /root/nav2-ws/install/dwb_msgs/include/dwb_msgs/dwb_msgs/srv/detail/generate_trajectory__rosidl_typesupport_introspection_cpp.hpp
[23.034s] -- Symlinking: /root/nav2-ws/install/dwb_msgs/include/dwb_msgs/dwb_msgs/srv/detail/generate_twists__rosidl_typesupport_introspection_cpp.hpp
[23.050s] -- Symlinking: /root/nav2-ws/install/dwb_msgs/include/dwb_msgs/dwb_msgs/srv/detail/get_critic_score__rosidl_typesupport_introspection_cpp.hpp
[23.064s] -- Symlinking: /root/nav2-ws/install/dwb_msgs/include/dwb_msgs/dwb_msgs/srv/detail/score_trajectory__rosidl_typesupport_introspection_cpp.hpp
[23.077s] -- Symlinking: /root/nav2-ws/install/dwb_msgs/share/dwb_msgs/environment/pythonpath.sh
[23.093s] -- Symlinking: /root/nav2-ws/install/dwb_msgs/share/dwb_msgs/environment/pythonpath.dsv
[23.117s] -- Symlinking: /root/nav2-ws/install/dwb_msgs/local/lib/python3.10/dist-packages/dwb_msgs-1.1.15-py3.10.egg-info/PKG-INFO
[23.131s] -- Symlinking: /root/nav2-ws/install/dwb_msgs/local/lib/python3.10/dist-packages/dwb_msgs-1.1.15-py3.10.egg-info/SOURCES.txt
[23.148s] -- Symlinking: /root/nav2-ws/install/dwb_msgs/local/lib/python3.10/dist-packages/dwb_msgs-1.1.15-py3.10.egg-info/dependency_links.txt
[23.161s] -- Symlinking: /root/nav2-ws/install/dwb_msgs/local/lib/python3.10/dist-packages/dwb_msgs-1.1.15-py3.10.egg-info/top_level.txt
[23.179s] -- Symlinking: /root/nav2-ws/install/dwb_msgs/local/lib/python3.10/dist-packages/dwb_msgs/__init__.py
[23.204s] -- Symlinking: /root/nav2-ws/install/dwb_msgs/local/lib/python3.10/dist-packages/dwb_msgs/_dwb_msgs_s.ep.rosidl_typesupport_c.c
[23.225s] -- Symlinking: /root/nav2-ws/install/dwb_msgs/local/lib/python3.10/dist-packages/dwb_msgs/_dwb_msgs_s.ep.rosidl_typesupport_fastrtps_c.c
[23.267s] -- Symlinking: /root/nav2-ws/install/dwb_msgs/local/lib/python3.10/dist-packages/dwb_msgs/_dwb_msgs_s.ep.rosidl_typesupport_introspection_c.c
[23.301s] -- Symlinking: /root/nav2-ws/install/dwb_msgs/local/lib/python3.10/dist-packages/dwb_msgs/dwb_msgs_s__rosidl_typesupport_c.cpython-310-x86_64-linux-gnu.so
[23.334s] -- Symlinking: /root/nav2-ws/install/dwb_msgs/local/lib/python3.10/dist-packages/dwb_msgs/dwb_msgs_s__rosidl_typesupport_fastrtps_c.cpython-310-x86_64-linux-gnu.so
[23.387s] -- Symlinking: /root/nav2-ws/install/dwb_msgs/local/lib/python3.10/dist-packages/dwb_msgs/dwb_msgs_s__rosidl_typesupport_introspection_c.cpython-310-x86_64-linux-gnu.so
[23.420s] -- Symlinking: /root/nav2-ws/install/dwb_msgs/local/lib/python3.10/dist-packages/dwb_msgs/libdwb_msgs__rosidl_generator_py.so
[23.438s] -- Symlinking: /root/nav2-ws/install/dwb_msgs/local/lib/python3.10/dist-packages/dwb_msgs/msg/__init__.py
[23.472s] -- Symlinking: /root/nav2-ws/install/dwb_msgs/local/lib/python3.10/dist-packages/dwb_msgs/msg/_critic_score.py
[23.497s] -- Symlinking: /root/nav2-ws/install/dwb_msgs/local/lib/python3.10/dist-packages/dwb_msgs/msg/_critic_score_s.c
[23.514s] -- Symlinking: /root/nav2-ws/install/dwb_msgs/local/lib/python3.10/dist-packages/dwb_msgs/msg/_local_plan_evaluation.py
[23.533s] -- Symlinking: /root/nav2-ws/install/dwb_msgs/local/lib/python3.10/dist-packages/dwb_msgs/msg/_local_plan_evaluation_s.c
[23.551s] -- Symlinking: /root/nav2-ws/install/dwb_msgs/local/lib/python3.10/dist-packages/dwb_msgs/msg/_trajectory2_d.py
[23.575s] -- Symlinking: /root/nav2-ws/install/dwb_msgs/local/lib/python3.10/dist-packages/dwb_msgs/msg/_trajectory2_d_s.c
[23.600s] -- Symlinking: /root/nav2-ws/install/dwb_msgs/local/lib/python3.10/dist-packages/dwb_msgs/msg/_trajectory_score.py
[23.612s] -- Symlinking: /root/nav2-ws/install/dwb_msgs/local/lib/python3.10/dist-packages/dwb_msgs/msg/_trajectory_score_s.c
[23.626s] -- Symlinking: /root/nav2-ws/install/dwb_msgs/local/lib/python3.10/dist-packages/dwb_msgs/srv/__init__.py
[23.638s] -- Symlinking: /root/nav2-ws/install/dwb_msgs/local/lib/python3.10/dist-packages/dwb_msgs/srv/_debug_local_plan.py
[23.663s] -- Symlinking: /root/nav2-ws/install/dwb_msgs/local/lib/python3.10/dist-packages/dwb_msgs/srv/_debug_local_plan_s.c
[23.677s] -- Symlinking: /root/nav2-ws/install/dwb_msgs/local/lib/python3.10/dist-packages/dwb_msgs/srv/_generate_trajectory.py
[23.690s] -- Symlinking: /root/nav2-ws/install/dwb_msgs/local/lib/python3.10/dist-packages/dwb_msgs/srv/_generate_trajectory_s.c
[23.702s] -- Symlinking: /root/nav2-ws/install/dwb_msgs/local/lib/python3.10/dist-packages/dwb_msgs/srv/_generate_twists.py
[23.716s] -- Symlinking: /root/nav2-ws/install/dwb_msgs/local/lib/python3.10/dist-packages/dwb_msgs/srv/_generate_twists_s.c
[23.738s] -- Symlinking: /root/nav2-ws/install/dwb_msgs/local/lib/python3.10/dist-packages/dwb_msgs/srv/_get_critic_score.py
[23.750s] -- Symlinking: /root/nav2-ws/install/dwb_msgs/local/lib/python3.10/dist-packages/dwb_msgs/srv/_get_critic_score_s.c
[23.763s] -- Symlinking: /root/nav2-ws/install/dwb_msgs/local/lib/python3.10/dist-packages/dwb_msgs/srv/_score_trajectory.py
[23.776s] -- Symlinking: /root/nav2-ws/install/dwb_msgs/local/lib/python3.10/dist-packages/dwb_msgs/srv/_score_trajectory_s.c
[23.789s] -- Up-to-date symlink: /root/nav2-ws/install/dwb_msgs/local/lib/python3.10/dist-packages/dwb_msgs/dwb_msgs_s__rosidl_typesupport_fastrtps_c.cpython-310-x86_64-linux-gnu.so
[23.790s] -- Up-to-date symlink: /root/nav2-ws/install/dwb_msgs/local/lib/python3.10/dist-packages/dwb_msgs/dwb_msgs_s__rosidl_typesupport_introspection_c.cpython-310-x86_64-linux-gnu.so
[23.790s] -- Up-to-date symlink: /root/nav2-ws/install/dwb_msgs/local/lib/python3.10/dist-packages/dwb_msgs/dwb_msgs_s__rosidl_typesupport_c.cpython-310-x86_64-linux-gnu.so
[23.790s] -- Symlinking: /root/nav2-ws/install/dwb_msgs/share/dwb_msgs/msg/CriticScore.idl
[23.804s] -- Symlinking: /root/nav2-ws/install/dwb_msgs/share/dwb_msgs/msg/LocalPlanEvaluation.idl
[23.816s] -- Symlinking: /root/nav2-ws/install/dwb_msgs/share/dwb_msgs/msg/Trajectory2D.idl
[23.829s] -- Symlinking: /root/nav2-ws/install/dwb_msgs/share/dwb_msgs/msg/TrajectoryScore.idl
[23.843s] -- Symlinking: /root/nav2-ws/install/dwb_msgs/share/dwb_msgs/srv/DebugLocalPlan.idl
[23.856s] -- Symlinking: /root/nav2-ws/install/dwb_msgs/share/dwb_msgs/srv/GenerateTrajectory.idl
[23.870s] -- Symlinking: /root/nav2-ws/install/dwb_msgs/share/dwb_msgs/srv/GenerateTwists.idl
[23.882s] -- Symlinking: /root/nav2-ws/install/dwb_msgs/share/dwb_msgs/srv/GetCriticScore.idl
[23.898s] -- Symlinking: /root/nav2-ws/install/dwb_msgs/share/dwb_msgs/srv/ScoreTrajectory.idl
[23.911s] -- Symlinking: /root/nav2-ws/install/dwb_msgs/share/dwb_msgs/msg/CriticScore.msg
[23.925s] -- Symlinking: /root/nav2-ws/install/dwb_msgs/share/dwb_msgs/msg/LocalPlanEvaluation.msg
[23.937s] -- Symlinking: /root/nav2-ws/install/dwb_msgs/share/dwb_msgs/msg/Trajectory2D.msg
[23.954s] -- Symlinking: /root/nav2-ws/install/dwb_msgs/share/dwb_msgs/msg/TrajectoryScore.msg
[23.969s] -- Symlinking: /root/nav2-ws/install/dwb_msgs/share/dwb_msgs/srv/DebugLocalPlan.srv
[23.982s] -- Symlinking: /root/nav2-ws/install/dwb_msgs/share/dwb_msgs/srv/DebugLocalPlan_Request.msg
[24.004s] -- Symlinking: /root/nav2-ws/install/dwb_msgs/share/dwb_msgs/srv/DebugLocalPlan_Response.msg
[24.020s] -- Symlinking: /root/nav2-ws/install/dwb_msgs/share/dwb_msgs/srv/GenerateTrajectory.srv
[24.033s] -- Symlinking: /root/nav2-ws/install/dwb_msgs/share/dwb_msgs/srv/GenerateTrajectory_Request.msg
[24.077s] -- Symlinking: /root/nav2-ws/install/dwb_msgs/share/dwb_msgs/srv/GenerateTrajectory_Response.msg
[24.107s] -- Symlinking: /root/nav2-ws/install/dwb_msgs/share/dwb_msgs/srv/GenerateTwists.srv
[24.131s] -- Symlinking: /root/nav2-ws/install/dwb_msgs/share/dwb_msgs/srv/GenerateTwists_Request.msg
[24.164s] -- Symlinking: /root/nav2-ws/install/dwb_msgs/share/dwb_msgs/srv/GenerateTwists_Response.msg
[24.188s] -- Symlinking: /root/nav2-ws/install/dwb_msgs/share/dwb_msgs/srv/GetCriticScore.srv
[24.215s] -- Symlinking: /root/nav2-ws/install/dwb_msgs/share/dwb_msgs/srv/GetCriticScore_Request.msg
[24.256s] -- Symlinking: /root/nav2-ws/install/dwb_msgs/share/dwb_msgs/srv/GetCriticScore_Response.msg
[24.297s] -- Symlinking: /root/nav2-ws/install/dwb_msgs/share/dwb_msgs/srv/ScoreTrajectory.srv
[24.320s] -- Symlinking: /root/nav2-ws/install/dwb_msgs/share/dwb_msgs/srv/ScoreTrajectory_Request.msg
[24.367s] -- Symlinking: /root/nav2-ws/install/dwb_msgs/share/dwb_msgs/srv/ScoreTrajectory_Response.msg
[24.389s] -- Symlinking: /root/nav2-ws/install/dwb_msgs/share/ament_index/resource_index/package_run_dependencies/dwb_msgs
[24.408s] -- Symlinking: /root/nav2-ws/install/dwb_msgs/share/ament_index/resource_index/parent_prefix_path/dwb_msgs
[24.447s] -- Symlinking: /root/nav2-ws/install/dwb_msgs/share/dwb_msgs/environment/ament_prefix_path.sh
[24.477s] -- Symlinking: /root/nav2-ws/install/dwb_msgs/share/dwb_msgs/environment/ament_prefix_path.dsv
[24.516s] -- Symlinking: /root/nav2-ws/install/dwb_msgs/share/dwb_msgs/environment/path.sh
[24.531s] -- Symlinking: /root/nav2-ws/install/dwb_msgs/share/dwb_msgs/environment/path.dsv
[24.544s] -- Symlinking: /root/nav2-ws/install/dwb_msgs/share/dwb_msgs/local_setup.bash
[24.564s] -- Symlinking: /root/nav2-ws/install/dwb_msgs/share/dwb_msgs/local_setup.sh
[24.591s] -- Symlinking: /root/nav2-ws/install/dwb_msgs/share/dwb_msgs/local_setup.zsh
[24.620s] -- Symlinking: /root/nav2-ws/install/dwb_msgs/share/dwb_msgs/local_setup.dsv
[24.664s] -- Symlinking: /root/nav2-ws/install/dwb_msgs/share/dwb_msgs/package.dsv
[24.688s] -- Symlinking: /root/nav2-ws/install/dwb_msgs/share/ament_index/resource_index/packages/dwb_msgs
[24.732s] -- Symlinking: /root/nav2-ws/install/dwb_msgs/share/dwb_msgs/cmake/rosidl_cmake-extras.cmake
[24.777s] -- Symlinking: /root/nav2-ws/install/dwb_msgs/share/dwb_msgs/cmake/ament_cmake_export_dependencies-extras.cmake
[24.796s] -- Symlinking: /root/nav2-ws/install/dwb_msgs/share/dwb_msgs/cmake/ament_cmake_export_include_directories-extras.cmake
[24.819s] -- Symlinking: /root/nav2-ws/install/dwb_msgs/share/dwb_msgs/cmake/ament_cmake_export_libraries-extras.cmake
[24.845s] -- Symlinking: /root/nav2-ws/install/dwb_msgs/share/dwb_msgs/cmake/ament_cmake_export_targets-extras.cmake
[24.874s] -- Symlinking: /root/nav2-ws/install/dwb_msgs/share/dwb_msgs/cmake/rosidl_cmake_export_typesupport_targets-extras.cmake
[24.908s] -- Symlinking: /root/nav2-ws/install/dwb_msgs/share/dwb_msgs/cmake/rosidl_cmake_export_typesupport_libraries-extras.cmake
[24.940s] -- Symlinking: /root/nav2-ws/install/dwb_msgs/share/dwb_msgs/cmake/dwb_msgsConfig.cmake
[24.972s] -- Symlinking: /root/nav2-ws/install/dwb_msgs/share/dwb_msgs/cmake/dwb_msgsConfig-version.cmake
[25.006s] -- Symlinking: /root/nav2-ws/install/dwb_msgs/share/dwb_msgs/package.xml
[25.034s] -- Installing: /root/nav2-ws/install/dwb_msgs/lib/libdwb_msgs__rosidl_generator_c.so
[25.040s] -- Set runtime path of "/root/nav2-ws/install/dwb_msgs/lib/libdwb_msgs__rosidl_generator_c.so" to ""
[25.041s] -- Installing: /root/nav2-ws/install/dwb_msgs/lib/libdwb_msgs__rosidl_typesupport_fastrtps_c.so
[25.047s] -- Set runtime path of "/root/nav2-ws/install/dwb_msgs/lib/libdwb_msgs__rosidl_typesupport_fastrtps_c.so" to ""
[25.048s] -- Installing: /root/nav2-ws/install/dwb_msgs/lib/libdwb_msgs__rosidl_typesupport_fastrtps_cpp.so
[25.061s] -- Set runtime path of "/root/nav2-ws/install/dwb_msgs/lib/libdwb_msgs__rosidl_typesupport_fastrtps_cpp.so" to ""
[25.062s] -- Installing: /root/nav2-ws/install/dwb_msgs/lib/libdwb_msgs__rosidl_typesupport_introspection_c.so
[25.068s] -- Set runtime path of "/root/nav2-ws/install/dwb_msgs/lib/libdwb_msgs__rosidl_typesupport_introspection_c.so" to ""
[25.068s] -- Installing: /root/nav2-ws/install/dwb_msgs/lib/libdwb_msgs__rosidl_typesupport_c.so
[25.073s] -- Set runtime path of "/root/nav2-ws/install/dwb_msgs/lib/libdwb_msgs__rosidl_typesupport_c.so" to ""
[25.073s] -- Installing: /root/nav2-ws/install/dwb_msgs/lib/libdwb_msgs__rosidl_typesupport_introspection_cpp.so
[25.088s] -- Set runtime path of "/root/nav2-ws/install/dwb_msgs/lib/libdwb_msgs__rosidl_typesupport_introspection_cpp.so" to ""
[25.088s] -- Installing: /root/nav2-ws/install/dwb_msgs/lib/libdwb_msgs__rosidl_typesupport_cpp.so
[25.088s] -- Set runtime path of "/root/nav2-ws/install/dwb_msgs/lib/libdwb_msgs__rosidl_typesupport_cpp.so" to ""
[25.183s] Listing '/root/nav2-ws/install/dwb_msgs/local/lib/python3.10/dist-packages/dwb_msgs'...
[25.183s] Compiling '/root/nav2-ws/install/dwb_msgs/local/lib/python3.10/dist-packages/dwb_msgs/__init__.py'...
[25.183s] Listing '/root/nav2-ws/install/dwb_msgs/local/lib/python3.10/dist-packages/dwb_msgs/msg'...
[25.183s] Compiling '/root/nav2-ws/install/dwb_msgs/local/lib/python3.10/dist-packages/dwb_msgs/msg/__init__.py'...
[25.184s] Compiling '/root/nav2-ws/install/dwb_msgs/local/lib/python3.10/dist-packages/dwb_msgs/msg/_critic_score.py'...
[25.184s] Compiling '/root/nav2-ws/install/dwb_msgs/local/lib/python3.10/dist-packages/dwb_msgs/msg/_local_plan_evaluation.py'...
[25.184s] Compiling '/root/nav2-ws/install/dwb_msgs/local/lib/python3.10/dist-packages/dwb_msgs/msg/_trajectory2_d.py'...
[25.184s] Compiling '/root/nav2-ws/install/dwb_msgs/local/lib/python3.10/dist-packages/dwb_msgs/msg/_trajectory_score.py'...
[25.184s] Listing '/root/nav2-ws/install/dwb_msgs/local/lib/python3.10/dist-packages/dwb_msgs/srv'...
[25.184s] Compiling '/root/nav2-ws/install/dwb_msgs/local/lib/python3.10/dist-packages/dwb_msgs/srv/__init__.py'...
[25.184s] Compiling '/root/nav2-ws/install/dwb_msgs/local/lib/python3.10/dist-packages/dwb_msgs/srv/_debug_local_plan.py'...
[25.184s] Compiling '/root/nav2-ws/install/dwb_msgs/local/lib/python3.10/dist-packages/dwb_msgs/srv/_generate_trajectory.py'...
[25.185s] Compiling '/root/nav2-ws/install/dwb_msgs/local/lib/python3.10/dist-packages/dwb_msgs/srv/_generate_twists.py'...
[25.185s] Compiling '/root/nav2-ws/install/dwb_msgs/local/lib/python3.10/dist-packages/dwb_msgs/srv/_get_critic_score.py'...
[25.185s] Compiling '/root/nav2-ws/install/dwb_msgs/local/lib/python3.10/dist-packages/dwb_msgs/srv/_score_trajectory.py'...
[25.189s] -- Installing: /root/nav2-ws/install/dwb_msgs/lib/libdwb_msgs__rosidl_generator_py.so
[25.190s] -- Set runtime path of "/root/nav2-ws/install/dwb_msgs/lib/libdwb_msgs__rosidl_generator_py.so" to ""
[25.190s] -- Installing: /root/nav2-ws/install/dwb_msgs/share/dwb_msgs/cmake/export_dwb_msgs__rosidl_generator_cExport.cmake
[25.190s] -- Installing: /root/nav2-ws/install/dwb_msgs/share/dwb_msgs/cmake/export_dwb_msgs__rosidl_generator_cExport-noconfig.cmake
[25.191s] -- Installing: /root/nav2-ws/install/dwb_msgs/share/dwb_msgs/cmake/export_dwb_msgs__rosidl_typesupport_fastrtps_cExport.cmake
[25.191s] -- Installing: /root/nav2-ws/install/dwb_msgs/share/dwb_msgs/cmake/export_dwb_msgs__rosidl_typesupport_fastrtps_cExport-noconfig.cmake
[25.191s] -- Installing: /root/nav2-ws/install/dwb_msgs/share/dwb_msgs/cmake/export_dwb_msgs__rosidl_generator_cppExport.cmake
[25.191s] -- Installing: /root/nav2-ws/install/dwb_msgs/share/dwb_msgs/cmake/export_dwb_msgs__rosidl_typesupport_fastrtps_cppExport.cmake
[25.191s] -- Installing: /root/nav2-ws/install/dwb_msgs/share/dwb_msgs/cmake/export_dwb_msgs__rosidl_typesupport_fastrtps_cppExport-noconfig.cmake
[25.192s] -- Installing: /root/nav2-ws/install/dwb_msgs/share/dwb_msgs/cmake/dwb_msgs__rosidl_typesupport_introspection_cExport.cmake
[25.192s] -- Installing: /root/nav2-ws/install/dwb_msgs/share/dwb_msgs/cmake/dwb_msgs__rosidl_typesupport_introspection_cExport-noconfig.cmake
[25.192s] -- Installing: /root/nav2-ws/install/dwb_msgs/share/dwb_msgs/cmake/dwb_msgs__rosidl_typesupport_cExport.cmake
[25.192s] -- Installing: /root/nav2-ws/install/dwb_msgs/share/dwb_msgs/cmake/dwb_msgs__rosidl_typesupport_cExport-noconfig.cmake
[25.192s] -- Installing: /root/nav2-ws/install/dwb_msgs/share/dwb_msgs/cmake/dwb_msgs__rosidl_typesupport_introspection_cppExport.cmake
[25.193s] -- Installing: /root/nav2-ws/install/dwb_msgs/share/dwb_msgs/cmake/dwb_msgs__rosidl_typesupport_introspection_cppExport-noconfig.cmake
[25.193s] -- Installing: /root/nav2-ws/install/dwb_msgs/share/dwb_msgs/cmake/dwb_msgs__rosidl_typesupport_cppExport.cmake
[25.193s] -- Installing: /root/nav2-ws/install/dwb_msgs/share/dwb_msgs/cmake/dwb_msgs__rosidl_typesupport_cppExport-noconfig.cmake
[25.193s] -- Installing: /root/nav2-ws/install/dwb_msgs/share/dwb_msgs/cmake/export_dwb_msgs__rosidl_generator_pyExport.cmake
[25.193s] -- Installing: /root/nav2-ws/install/dwb_msgs/share/dwb_msgs/cmake/export_dwb_msgs__rosidl_generator_pyExport-noconfig.cmake
[25.197s] Invoked command in '/root/nav2-ws/build/dwb_msgs' returned '0': AMENT_PREFIX_PATH=/root/nav2-ws/install/nav_2d_msgs:${AMENT_PREFIX_PATH} CMAKE_PREFIX_PATH=/root/nav2-ws/install/nav_2d_msgs:/opt/ros/humble LD_LIBRARY_PATH=/root/nav2-ws/install/nav_2d_msgs/lib:${LD_LIBRARY_PATH} PYTHONPATH=/root/nav2-ws/install/nav_2d_msgs/local/lib/python3.10/dist-packages:${PYTHONPATH} /usr/bin/cmake --install /root/nav2-ws/build/dwb_msgs
