-- The C compiler identification is GNU 11.4.0
-- The CXX compiler identification is GNU 11.4.0
-- Detecting C compiler ABI info
-- Detecting C compiler ABI info - done
-- Check for working C compiler: /usr/bin/cc - skipped
-- Detecting C compile features
-- Detecting C compile features - done
-- Detecting CXX compiler ABI info
-- Detecting CXX compiler ABI info - done
-- Check for working CXX compiler: /usr/bin/c++ - skipped
-- Detecting CXX compile features
-- Detecting CXX compile features - done
[31mCMake Error at CMakeLists.txt:4 (find_package):
  By not providing "Findgeometry_msgs.cmake" in CMAKE_MODULE_PATH this
  project has asked CMake to find a package configuration file provided by
  "geometry_msgs", but CMake did not find one.

  Could not find a package configuration file provided by "geometry_msgs"
  with any of the following names:

    geometry_msgsConfig.cmake
    geometry_msgs-config.cmake

  Add the installation prefix of "geometry_msgs" to CMAKE_PREFIX_PATH or set
  "geometry_msgs_DIR" to a directory containing one of the above files.  If
  "geometry_msgs" provides a separate development package or SDK, be sure it
  has been installed.

[0m
-- Configuring incomplete, errors occurred!
See also "/root/nav2-ws/build/nav_2d_msgs/CMakeFiles/CMakeOutput.log".
