-- The C compiler identification is GNU 11.4.0
-- The CXX compiler identification is GNU 11.4.0
-- Detecting C compiler ABI info
-- Detecting C compiler ABI info - done
-- Check for working C compiler: /usr/bin/cc - skipped
-- Detecting C compile features
-- Detecting C compile features - done
-- Detecting CXX compiler ABI info
-- Detecting CXX compiler ABI info - done
-- Check for working CXX compiler: /usr/bin/c++ - skipped
-- Detecting CXX compile features
-- Detecting CXX compile features - done
-- Found ament_cmake: 1.3.9 (/opt/ros/humble/share/ament_cmake/cmake)
-- Found Python3: /usr/bin/python3 (found version "3.10.12") found components: Interpreter 
-- Override CMake install command with custom implementation using symlinks instead of copying resources
-- Found nav2_core: 1.1.15 (/root/nav2-ws/install/nav2_core/share/nav2_core/cmake)
-- Found rosidl_generator_c: 3.1.5 (/opt/ros/humble/share/rosidl_generator_c/cmake)
-- Found rosidl_adapter: 3.1.5 (/opt/ros/humble/share/rosidl_adapter/cmake)
-- Found rosidl_generator_cpp: 3.1.5 (/opt/ros/humble/share/rosidl_generator_cpp/cmake)
-- Using all available rosidl_typesupport_c: rosidl_typesupport_fastrtps_c;rosidl_typesupport_introspection_c
-- Using all available rosidl_typesupport_cpp: rosidl_typesupport_fastrtps_cpp;rosidl_typesupport_introspection_cpp
-- Found rmw_implementation_cmake: 6.1.2 (/opt/ros/humble/share/rmw_implementation_cmake/cmake)
-- Found rmw_fastrtps_cpp: 6.2.6 (/opt/ros/humble/share/rmw_fastrtps_cpp/cmake)
-- Found OpenSSL: /usr/lib/x86_64-linux-gnu/libcrypto.so (found version "3.0.2")  
-- Found FastRTPS: /opt/ros/humble/include  
-- Using RMW implementation 'rmw_fastrtps_cpp' as default
-- Looking for pthread.h
-- Looking for pthread.h - found
-- Performing Test CMAKE_HAVE_LIBC_PTHREAD
-- Performing Test CMAKE_HAVE_LIBC_PTHREAD - Success
-- Found Threads: TRUE  
-- Found Eigen3: TRUE (found version "3.4.0") 
-- Ensuring Eigen3 include directory is part of orocos-kdl CMake target
-- Found nav2_common: 1.1.15 (/root/nav2-ws/install/nav2_common/share/nav2_common/cmake)
-- Found nav_2d_utils: 1.1.15 (/root/nav2-ws/install/nav_2d_utils/share/nav_2d_utils/cmake)
-- Setting build type to Release as none was specified.
-- Found ament_lint_auto: 0.12.11 (/opt/ros/humble/share/ament_lint_auto/cmake)
-- Found gtest sources under '/opt/ros/humble/src/gtest_vendor': C++ tests using 'Google Test' will be built
-- Found gtest sources under '/opt/ros/humble/src/gtest_vendor': C++ tests using 'Google Test' will be built
-- Added test 'cppcheck' to perform static code analysis on C / C++ code
-- Configured cppcheck include dirs: /root/nav2-ws/src/navigation2/nav2_controller/include
-- Configured cppcheck exclude dirs and/or files: 
-- Added test 'cpplint' to check C / C++ code against the Google style
-- Configured cpplint exclude dirs and/or files: 
-- Added test 'lint_cmake' to check CMake code style
-- Added test 'uncrustify' to check C / C++ code style
-- Configured uncrustify additional arguments: 
-- Added test 'xmllint' to check XML markup files
-- Configuring done
-- Generating done
-- Build files have been written to: /root/nav2-ws/build/nav2_controller
[  4%] [32mBuilding CXX object CMakeFiles/controller_server_core.dir/src/controller_server.cpp.o[0m
[  9%] [32m[1mLinking CXX shared library libcontroller_server_core.so[0m
[  9%] Built target controller_server_core
[ 13%] [32mBuilding CXX object gtest/CMakeFiles/gtest.dir/src/gtest-all.cc.o[0m
[ 18%] [32m[1mLinking CXX static library libgtest.a[0m
[ 18%] Built target gtest
[ 22%] [32mBuilding CXX object CMakeFiles/controller_server.dir/src/main.cpp.o[0m
[ 27%] [32m[1mLinking CXX executable controller_server[0m
[ 27%] Built target controller_server
[ 31%] [32mBuilding CXX object gtest/CMakeFiles/gtest_main.dir/src/gtest_main.cc.o[0m
[ 36%] [32m[1mLinking CXX static library libgtest_main.a[0m
[ 36%] Built target gtest_main
[ 40%] [32mBuilding CXX object CMakeFiles/simple_goal_checker.dir/plugins/simple_goal_checker.cpp.o[0m
[ 45%] [32m[1mLinking CXX shared library libsimple_goal_checker.so[0m
[ 45%] Built target simple_goal_checker
[ 50%] [32mBuilding CXX object test/CMakeFiles/test_dynamic_parameters.dir/test_dynamic_parameters.cpp.o[0m
[ 54%] [32m[1mLinking CXX executable test_dynamic_parameters[0m
[ 54%] Built target test_dynamic_parameters
[ 59%] [32mBuilding CXX object CMakeFiles/stopped_goal_checker.dir/plugins/stopped_goal_checker.cpp.o[0m
[ 63%] [32m[1mLinking CXX shared library libstopped_goal_checker.so[0m
[ 63%] Built target stopped_goal_checker
[ 68%] [32mBuilding CXX object CMakeFiles/simple_progress_checker.dir/plugins/simple_progress_checker.cpp.o[0m
[ 72%] [32m[1mLinking CXX shared library libsimple_progress_checker.so[0m
[ 72%] Built target simple_progress_checker
[ 77%] [32mBuilding CXX object plugins/test/CMakeFiles/gctest.dir/goal_checker.cpp.o[0m
[ 81%] [32m[1mLinking CXX executable gctest[0m
[ 81%] Built target gctest
[ 86%] [32mBuilding CXX object CMakeFiles/pose_progress_checker.dir/plugins/pose_progress_checker.cpp.o[0m
[ 90%] [32m[1mLinking CXX shared library libpose_progress_checker.so[0m
[ 90%] Built target pose_progress_checker
[ 95%] [32mBuilding CXX object plugins/test/CMakeFiles/pctest.dir/progress_checker.cpp.o[0m
[100%] [32m[1mLinking CXX executable pctest[0m
[100%] Built target pctest
-- Install configuration: "Release"
-- Execute custom install script
-- Symlinking: /root/nav2-ws/install/nav2_controller/lib/libsimple_progress_checker.so
-- Symlinking: /root/nav2-ws/install/nav2_controller/lib/libpose_progress_checker.so
-- Symlinking: /root/nav2-ws/install/nav2_controller/lib/libsimple_goal_checker.so
-- Symlinking: /root/nav2-ws/install/nav2_controller/lib/libstopped_goal_checker.so
-- Symlinking: /root/nav2-ws/install/nav2_controller/lib/libcontroller_server_core.so
-- Symlinking: /root/nav2-ws/install/nav2_controller/lib/nav2_controller/controller_server
-- Symlinking: /root/nav2-ws/install/nav2_controller/include//nav2_controller/controller_server.hpp
-- Symlinking: /root/nav2-ws/install/nav2_controller/include//nav2_controller/plugins/pose_progress_checker.hpp
-- Symlinking: /root/nav2-ws/install/nav2_controller/include//nav2_controller/plugins/simple_goal_checker.hpp
-- Symlinking: /root/nav2-ws/install/nav2_controller/include//nav2_controller/plugins/simple_progress_checker.hpp
-- Symlinking: /root/nav2-ws/install/nav2_controller/include//nav2_controller/plugins/stopped_goal_checker.hpp
-- Symlinking: /root/nav2-ws/install/nav2_controller/share/nav2_controller/environment/library_path.sh
-- Symlinking: /root/nav2-ws/install/nav2_controller/share/nav2_controller/environment/library_path.dsv
-- Symlinking: /root/nav2-ws/install/nav2_controller/share/nav2_controller//plugins.xml
-- Symlinking: /root/nav2-ws/install/nav2_controller/share/ament_index/resource_index/package_run_dependencies/nav2_controller
-- Symlinking: /root/nav2-ws/install/nav2_controller/share/ament_index/resource_index/parent_prefix_path/nav2_controller
-- Symlinking: /root/nav2-ws/install/nav2_controller/share/nav2_controller/environment/ament_prefix_path.sh
-- Symlinking: /root/nav2-ws/install/nav2_controller/share/nav2_controller/environment/ament_prefix_path.dsv
-- Symlinking: /root/nav2-ws/install/nav2_controller/share/nav2_controller/environment/path.sh
-- Symlinking: /root/nav2-ws/install/nav2_controller/share/nav2_controller/environment/path.dsv
-- Symlinking: /root/nav2-ws/install/nav2_controller/share/nav2_controller/local_setup.bash
-- Symlinking: /root/nav2-ws/install/nav2_controller/share/nav2_controller/local_setup.sh
-- Symlinking: /root/nav2-ws/install/nav2_controller/share/nav2_controller/local_setup.zsh
-- Symlinking: /root/nav2-ws/install/nav2_controller/share/nav2_controller/local_setup.dsv
-- Symlinking: /root/nav2-ws/install/nav2_controller/share/nav2_controller/package.dsv
-- Symlinking: /root/nav2-ws/install/nav2_controller/share/ament_index/resource_index/packages/nav2_controller
-- Symlinking: /root/nav2-ws/install/nav2_controller/share/ament_index/resource_index/nav2_core__pluginlib__plugin/nav2_controller
-- Symlinking: /root/nav2-ws/install/nav2_controller/share/ament_index/resource_index/rclcpp_components/nav2_controller
-- Symlinking: /root/nav2-ws/install/nav2_controller/share/nav2_controller/cmake/ament_cmake_export_include_directories-extras.cmake
-- Symlinking: /root/nav2-ws/install/nav2_controller/share/nav2_controller/cmake/ament_cmake_export_libraries-extras.cmake
-- Symlinking: /root/nav2-ws/install/nav2_controller/share/nav2_controller/cmake/ament_cmake_export_dependencies-extras.cmake
-- Symlinking: /root/nav2-ws/install/nav2_controller/share/nav2_controller/cmake/nav2_controllerConfig.cmake
-- Symlinking: /root/nav2-ws/install/nav2_controller/share/nav2_controller/cmake/nav2_controllerConfig-version.cmake
-- Symlinking: /root/nav2-ws/install/nav2_controller/share/nav2_controller/package.xml
