[0.447s] Invoking command in '/root/nav2-ws/build/nav2_controller': AMENT_PREFIX_PATH=/root/nav2-ws/install/nav2_core:/root/nav2-ws/install/nav2_costmap_2d:/root/nav2-ws/install/nav_2d_utils:/root/nav2-ws/install/nav2_map_server:/root/nav2-ws/install/nav2_lifecycle_manager:/root/nav2-ws/install/nav2_util:/root/nav2-ws/install/nav2_voxel_grid:/root/nav2-ws/install/nav2_msgs:/root/nav2-ws/install/nav_2d_msgs:/root/nav2-ws/install/nav2_common:${AMENT_PREFIX_PATH} CMAKE_PREFIX_PATH=/root/nav2-ws/install/nav2_core:/root/nav2-ws/install/nav2_costmap_2d:/root/nav2-ws/install/nav_2d_utils:/root/nav2-ws/install/nav2_map_server:/root/nav2-ws/install/nav2_lifecycle_manager:/root/nav2-ws/install/nav2_util:/root/nav2-ws/install/nav2_voxel_grid:/root/nav2-ws/install/nav2_msgs:/root/nav2-ws/install/nav_2d_msgs:/root/nav2-ws/install/nav2_common:/opt/ros/humble LD_LIBRARY_PATH=/root/nav2-ws/install/nav2_costmap_2d/lib:/root/nav2-ws/install/nav_2d_utils/lib:/root/nav2-ws/install/nav2_map_server/lib:/root/nav2-ws/install/nav2_lifecycle_manager/lib:/root/nav2-ws/install/nav2_util/lib:/root/nav2-ws/install/nav2_voxel_grid/lib:/root/nav2-ws/install/nav2_msgs/lib:/root/nav2-ws/install/nav_2d_msgs/lib:${LD_LIBRARY_PATH} PYTHONPATH=/root/nav2-ws/install/nav2_msgs/local/lib/python3.10/dist-packages:/root/nav2-ws/install/nav_2d_msgs/local/lib/python3.10/dist-packages:/root/nav2-ws/install/nav2_common/local/lib/python3.10/dist-packages:${PYTHONPATH} /usr/bin/cmake /root/nav2-ws/src/navigation2/nav2_controller -DAMENT_CMAKE_SYMLINK_INSTALL=1 -DCMAKE_INSTALL_PREFIX=/root/nav2-ws/install/nav2_controller
[19.321s] -- The C compiler identification is GNU 11.4.0
[19.321s] -- The CXX compiler identification is GNU 11.4.0
[19.321s] -- Detecting C compiler ABI info
[19.321s] -- Detecting C compiler ABI info - done
[19.321s] -- Check for working C compiler: /usr/bin/cc - skipped
[19.321s] -- Detecting C compile features
[19.322s] -- Detecting C compile features - done
[19.322s] -- Detecting CXX compiler ABI info
[19.322s] -- Detecting CXX compiler ABI info - done
[19.322s] -- Check for working CXX compiler: /usr/bin/c++ - skipped
[19.322s] -- Detecting CXX compile features
[19.322s] -- Detecting CXX compile features - done
[19.322s] -- Found ament_cmake: 1.3.9 (/opt/ros/humble/share/ament_cmake/cmake)
[19.322s] -- Found Python3: /usr/bin/python3 (found version "3.10.12") found components: Interpreter 
[19.322s] -- Override CMake install command with custom implementation using symlinks instead of copying resources
[19.322s] -- Found nav2_core: 1.1.15 (/root/nav2-ws/install/nav2_core/share/nav2_core/cmake)
[19.323s] -- Found rosidl_generator_c: 3.1.5 (/opt/ros/humble/share/rosidl_generator_c/cmake)
[19.323s] -- Found rosidl_adapter: 3.1.5 (/opt/ros/humble/share/rosidl_adapter/cmake)
[19.323s] -- Found rosidl_generator_cpp: 3.1.5 (/opt/ros/humble/share/rosidl_generator_cpp/cmake)
[19.323s] -- Using all available rosidl_typesupport_c: rosidl_typesupport_fastrtps_c;rosidl_typesupport_introspection_c
[19.323s] -- Using all available rosidl_typesupport_cpp: rosidl_typesupport_fastrtps_cpp;rosidl_typesupport_introspection_cpp
[19.323s] -- Found rmw_implementation_cmake: 6.1.2 (/opt/ros/humble/share/rmw_implementation_cmake/cmake)
[19.323s] -- Found rmw_fastrtps_cpp: 6.2.6 (/opt/ros/humble/share/rmw_fastrtps_cpp/cmake)
[19.323s] -- Found OpenSSL: /usr/lib/x86_64-linux-gnu/libcrypto.so (found version "3.0.2")  
[19.323s] -- Found FastRTPS: /opt/ros/humble/include  
[19.324s] -- Using RMW implementation 'rmw_fastrtps_cpp' as default
[19.324s] -- Looking for pthread.h
[19.324s] -- Looking for pthread.h - found
[19.324s] -- Performing Test CMAKE_HAVE_LIBC_PTHREAD
[19.324s] -- Performing Test CMAKE_HAVE_LIBC_PTHREAD - Success
[19.324s] -- Found Threads: TRUE  
[19.324s] -- Found Eigen3: TRUE (found version "3.4.0") 
[19.324s] -- Ensuring Eigen3 include directory is part of orocos-kdl CMake target
[19.324s] -- Found nav2_common: 1.1.15 (/root/nav2-ws/install/nav2_common/share/nav2_common/cmake)
[19.324s] -- Found nav_2d_utils: 1.1.15 (/root/nav2-ws/install/nav_2d_utils/share/nav_2d_utils/cmake)
[19.325s] -- Setting build type to Release as none was specified.
[49.667s] -- Found ament_lint_auto: 0.12.11 (/opt/ros/humble/share/ament_lint_auto/cmake)
[49.847s] -- Found gtest sources under '/opt/ros/humble/src/gtest_vendor': C++ tests using 'Google Test' will be built
[56.820s] -- Found gtest sources under '/opt/ros/humble/src/gtest_vendor': C++ tests using 'Google Test' will be built
[63.728s] -- Added test 'cppcheck' to perform static code analysis on C / C++ code
[63.731s] -- Configured cppcheck include dirs: /root/nav2-ws/src/navigation2/nav2_controller/include
[63.734s] -- Configured cppcheck exclude dirs and/or files: 
[63.737s] -- Added test 'cpplint' to check C / C++ code against the Google style
[63.740s] -- Configured cpplint exclude dirs and/or files: 
[63.747s] -- Added test 'lint_cmake' to check CMake code style
[63.763s] -- Added test 'uncrustify' to check C / C++ code style
[63.772s] -- Configured uncrustify additional arguments: 
[63.773s] -- Added test 'xmllint' to check XML markup files
[63.774s] -- Configuring done
[64.526s] -- Generating done
[64.526s] -- Build files have been written to: /root/nav2-ws/build/nav2_controller
[64.550s] Invoked command in '/root/nav2-ws/build/nav2_controller' returned '0': AMENT_PREFIX_PATH=/root/nav2-ws/install/nav2_core:/root/nav2-ws/install/nav2_costmap_2d:/root/nav2-ws/install/nav_2d_utils:/root/nav2-ws/install/nav2_map_server:/root/nav2-ws/install/nav2_lifecycle_manager:/root/nav2-ws/install/nav2_util:/root/nav2-ws/install/nav2_voxel_grid:/root/nav2-ws/install/nav2_msgs:/root/nav2-ws/install/nav_2d_msgs:/root/nav2-ws/install/nav2_common:${AMENT_PREFIX_PATH} CMAKE_PREFIX_PATH=/root/nav2-ws/install/nav2_core:/root/nav2-ws/install/nav2_costmap_2d:/root/nav2-ws/install/nav_2d_utils:/root/nav2-ws/install/nav2_map_server:/root/nav2-ws/install/nav2_lifecycle_manager:/root/nav2-ws/install/nav2_util:/root/nav2-ws/install/nav2_voxel_grid:/root/nav2-ws/install/nav2_msgs:/root/nav2-ws/install/nav_2d_msgs:/root/nav2-ws/install/nav2_common:/opt/ros/humble LD_LIBRARY_PATH=/root/nav2-ws/install/nav2_costmap_2d/lib:/root/nav2-ws/install/nav_2d_utils/lib:/root/nav2-ws/install/nav2_map_server/lib:/root/nav2-ws/install/nav2_lifecycle_manager/lib:/root/nav2-ws/install/nav2_util/lib:/root/nav2-ws/install/nav2_voxel_grid/lib:/root/nav2-ws/install/nav2_msgs/lib:/root/nav2-ws/install/nav_2d_msgs/lib:${LD_LIBRARY_PATH} PYTHONPATH=/root/nav2-ws/install/nav2_msgs/local/lib/python3.10/dist-packages:/root/nav2-ws/install/nav_2d_msgs/local/lib/python3.10/dist-packages:/root/nav2-ws/install/nav2_common/local/lib/python3.10/dist-packages:${PYTHONPATH} /usr/bin/cmake /root/nav2-ws/src/navigation2/nav2_controller -DAMENT_CMAKE_SYMLINK_INSTALL=1 -DCMAKE_INSTALL_PREFIX=/root/nav2-ws/install/nav2_controller
[64.551s] Invoking command in '/root/nav2-ws/build/nav2_controller': AMENT_PREFIX_PATH=/root/nav2-ws/install/nav2_core:/root/nav2-ws/install/nav2_costmap_2d:/root/nav2-ws/install/nav_2d_utils:/root/nav2-ws/install/nav2_map_server:/root/nav2-ws/install/nav2_lifecycle_manager:/root/nav2-ws/install/nav2_util:/root/nav2-ws/install/nav2_voxel_grid:/root/nav2-ws/install/nav2_msgs:/root/nav2-ws/install/nav_2d_msgs:/root/nav2-ws/install/nav2_common:${AMENT_PREFIX_PATH} CMAKE_PREFIX_PATH=/root/nav2-ws/install/nav2_core:/root/nav2-ws/install/nav2_costmap_2d:/root/nav2-ws/install/nav_2d_utils:/root/nav2-ws/install/nav2_map_server:/root/nav2-ws/install/nav2_lifecycle_manager:/root/nav2-ws/install/nav2_util:/root/nav2-ws/install/nav2_voxel_grid:/root/nav2-ws/install/nav2_msgs:/root/nav2-ws/install/nav_2d_msgs:/root/nav2-ws/install/nav2_common:/opt/ros/humble LD_LIBRARY_PATH=/root/nav2-ws/install/nav2_costmap_2d/lib:/root/nav2-ws/install/nav_2d_utils/lib:/root/nav2-ws/install/nav2_map_server/lib:/root/nav2-ws/install/nav2_lifecycle_manager/lib:/root/nav2-ws/install/nav2_util/lib:/root/nav2-ws/install/nav2_voxel_grid/lib:/root/nav2-ws/install/nav2_msgs/lib:/root/nav2-ws/install/nav_2d_msgs/lib:${LD_LIBRARY_PATH} PYTHONPATH=/root/nav2-ws/install/nav2_msgs/local/lib/python3.10/dist-packages:/root/nav2-ws/install/nav_2d_msgs/local/lib/python3.10/dist-packages:/root/nav2-ws/install/nav2_common/local/lib/python3.10/dist-packages:${PYTHONPATH} /usr/bin/cmake --build /root/nav2-ws/build/nav2_controller -- -j8 -l8
[65.826s] [  4%] [32mBuilding CXX object CMakeFiles/controller_server_core.dir/src/controller_server.cpp.o[0m
[115.018s] [  9%] [32m[1mLinking CXX shared library libcontroller_server_core.so[0m
[116.848s] [  9%] Built target controller_server_core
[116.883s] [ 13%] [32mBuilding CXX object gtest/CMakeFiles/gtest.dir/src/gtest-all.cc.o[0m
[131.857s] [ 18%] [32m[1mLinking CXX static library libgtest.a[0m
[131.936s] [ 18%] Built target gtest
[131.978s] [ 22%] [32mBuilding CXX object CMakeFiles/controller_server.dir/src/main.cpp.o[0m
[148.478s] [ 27%] [32m[1mLinking CXX executable controller_server[0m
[149.489s] [ 27%] Built target controller_server
[149.546s] [ 31%] [32mBuilding CXX object gtest/CMakeFiles/gtest_main.dir/src/gtest_main.cc.o[0m
[151.582s] [ 36%] [32m[1mLinking CXX static library libgtest_main.a[0m
[151.657s] [ 36%] Built target gtest_main
[151.697s] [ 40%] [32mBuilding CXX object CMakeFiles/simple_goal_checker.dir/plugins/simple_goal_checker.cpp.o[0m
[162.835s] [ 45%] [32m[1mLinking CXX shared library libsimple_goal_checker.so[0m
[163.512s] [ 45%] Built target simple_goal_checker
[163.556s] [ 50%] [32mBuilding CXX object test/CMakeFiles/test_dynamic_parameters.dir/test_dynamic_parameters.cpp.o[0m
[184.814s] [ 54%] [32m[1mLinking CXX executable test_dynamic_parameters[0m
[185.927s] [ 54%] Built target test_dynamic_parameters
[185.970s] [ 59%] [32mBuilding CXX object CMakeFiles/stopped_goal_checker.dir/plugins/stopped_goal_checker.cpp.o[0m
[196.798s] [ 63%] [32m[1mLinking CXX shared library libstopped_goal_checker.so[0m
[197.290s] [ 63%] Built target stopped_goal_checker
[197.326s] [ 68%] [32mBuilding CXX object CMakeFiles/simple_progress_checker.dir/plugins/simple_progress_checker.cpp.o[0m
[203.999s] [ 72%] [32m[1mLinking CXX shared library libsimple_progress_checker.so[0m
[204.527s] [ 72%] Built target simple_progress_checker
[204.567s] [ 77%] [32mBuilding CXX object plugins/test/CMakeFiles/gctest.dir/goal_checker.cpp.o[0m
[217.158s] [ 81%] [32m[1mLinking CXX executable gctest[0m
[217.822s] [ 81%] Built target gctest
[217.861s] [ 86%] [32mBuilding CXX object CMakeFiles/pose_progress_checker.dir/plugins/pose_progress_checker.cpp.o[0m
[225.068s] [ 90%] [32m[1mLinking CXX shared library libpose_progress_checker.so[0m
[225.709s] [ 90%] Built target pose_progress_checker
[225.750s] [ 95%] [32mBuilding CXX object plugins/test/CMakeFiles/pctest.dir/progress_checker.cpp.o[0m
[236.391s] [100%] [32m[1mLinking CXX executable pctest[0m
[237.062s] [100%] Built target pctest
[237.107s] Invoked command in '/root/nav2-ws/build/nav2_controller' returned '0': AMENT_PREFIX_PATH=/root/nav2-ws/install/nav2_core:/root/nav2-ws/install/nav2_costmap_2d:/root/nav2-ws/install/nav_2d_utils:/root/nav2-ws/install/nav2_map_server:/root/nav2-ws/install/nav2_lifecycle_manager:/root/nav2-ws/install/nav2_util:/root/nav2-ws/install/nav2_voxel_grid:/root/nav2-ws/install/nav2_msgs:/root/nav2-ws/install/nav_2d_msgs:/root/nav2-ws/install/nav2_common:${AMENT_PREFIX_PATH} CMAKE_PREFIX_PATH=/root/nav2-ws/install/nav2_core:/root/nav2-ws/install/nav2_costmap_2d:/root/nav2-ws/install/nav_2d_utils:/root/nav2-ws/install/nav2_map_server:/root/nav2-ws/install/nav2_lifecycle_manager:/root/nav2-ws/install/nav2_util:/root/nav2-ws/install/nav2_voxel_grid:/root/nav2-ws/install/nav2_msgs:/root/nav2-ws/install/nav_2d_msgs:/root/nav2-ws/install/nav2_common:/opt/ros/humble LD_LIBRARY_PATH=/root/nav2-ws/install/nav2_costmap_2d/lib:/root/nav2-ws/install/nav_2d_utils/lib:/root/nav2-ws/install/nav2_map_server/lib:/root/nav2-ws/install/nav2_lifecycle_manager/lib:/root/nav2-ws/install/nav2_util/lib:/root/nav2-ws/install/nav2_voxel_grid/lib:/root/nav2-ws/install/nav2_msgs/lib:/root/nav2-ws/install/nav_2d_msgs/lib:${LD_LIBRARY_PATH} PYTHONPATH=/root/nav2-ws/install/nav2_msgs/local/lib/python3.10/dist-packages:/root/nav2-ws/install/nav_2d_msgs/local/lib/python3.10/dist-packages:/root/nav2-ws/install/nav2_common/local/lib/python3.10/dist-packages:${PYTHONPATH} /usr/bin/cmake --build /root/nav2-ws/build/nav2_controller -- -j8 -l8
[237.337s] Invoking command in '/root/nav2-ws/build/nav2_controller': AMENT_PREFIX_PATH=/root/nav2-ws/install/nav2_core:/root/nav2-ws/install/nav2_costmap_2d:/root/nav2-ws/install/nav_2d_utils:/root/nav2-ws/install/nav2_map_server:/root/nav2-ws/install/nav2_lifecycle_manager:/root/nav2-ws/install/nav2_util:/root/nav2-ws/install/nav2_voxel_grid:/root/nav2-ws/install/nav2_msgs:/root/nav2-ws/install/nav_2d_msgs:/root/nav2-ws/install/nav2_common:${AMENT_PREFIX_PATH} CMAKE_PREFIX_PATH=/root/nav2-ws/install/nav2_core:/root/nav2-ws/install/nav2_costmap_2d:/root/nav2-ws/install/nav_2d_utils:/root/nav2-ws/install/nav2_map_server:/root/nav2-ws/install/nav2_lifecycle_manager:/root/nav2-ws/install/nav2_util:/root/nav2-ws/install/nav2_voxel_grid:/root/nav2-ws/install/nav2_msgs:/root/nav2-ws/install/nav_2d_msgs:/root/nav2-ws/install/nav2_common:/opt/ros/humble LD_LIBRARY_PATH=/root/nav2-ws/install/nav2_costmap_2d/lib:/root/nav2-ws/install/nav_2d_utils/lib:/root/nav2-ws/install/nav2_map_server/lib:/root/nav2-ws/install/nav2_lifecycle_manager/lib:/root/nav2-ws/install/nav2_util/lib:/root/nav2-ws/install/nav2_voxel_grid/lib:/root/nav2-ws/install/nav2_msgs/lib:/root/nav2-ws/install/nav_2d_msgs/lib:${LD_LIBRARY_PATH} PYTHONPATH=/root/nav2-ws/install/nav2_msgs/local/lib/python3.10/dist-packages:/root/nav2-ws/install/nav_2d_msgs/local/lib/python3.10/dist-packages:/root/nav2-ws/install/nav2_common/local/lib/python3.10/dist-packages:${PYTHONPATH} /usr/bin/cmake --install /root/nav2-ws/build/nav2_controller
[239.521s] -- Install configuration: "Release"
[239.521s] -- Execute custom install script
[239.521s] -- Symlinking: /root/nav2-ws/install/nav2_controller/lib/libsimple_progress_checker.so
[239.521s] -- Symlinking: /root/nav2-ws/install/nav2_controller/lib/libpose_progress_checker.so
[239.521s] -- Symlinking: /root/nav2-ws/install/nav2_controller/lib/libsimple_goal_checker.so
[239.521s] -- Symlinking: /root/nav2-ws/install/nav2_controller/lib/libstopped_goal_checker.so
[239.521s] -- Symlinking: /root/nav2-ws/install/nav2_controller/lib/libcontroller_server_core.so
[239.521s] -- Symlinking: /root/nav2-ws/install/nav2_controller/lib/nav2_controller/controller_server
[239.522s] -- Symlinking: /root/nav2-ws/install/nav2_controller/include//nav2_controller/controller_server.hpp
[239.522s] -- Symlinking: /root/nav2-ws/install/nav2_controller/include//nav2_controller/plugins/pose_progress_checker.hpp
[239.522s] -- Symlinking: /root/nav2-ws/install/nav2_controller/include//nav2_controller/plugins/simple_goal_checker.hpp
[239.522s] -- Symlinking: /root/nav2-ws/install/nav2_controller/include//nav2_controller/plugins/simple_progress_checker.hpp
[239.522s] -- Symlinking: /root/nav2-ws/install/nav2_controller/include//nav2_controller/plugins/stopped_goal_checker.hpp
[239.522s] -- Symlinking: /root/nav2-ws/install/nav2_controller/share/nav2_controller/environment/library_path.sh
[239.522s] -- Symlinking: /root/nav2-ws/install/nav2_controller/share/nav2_controller/environment/library_path.dsv
[239.522s] -- Symlinking: /root/nav2-ws/install/nav2_controller/share/nav2_controller//plugins.xml
[239.522s] -- Symlinking: /root/nav2-ws/install/nav2_controller/share/ament_index/resource_index/package_run_dependencies/nav2_controller
[239.523s] -- Symlinking: /root/nav2-ws/install/nav2_controller/share/ament_index/resource_index/parent_prefix_path/nav2_controller
[239.523s] -- Symlinking: /root/nav2-ws/install/nav2_controller/share/nav2_controller/environment/ament_prefix_path.sh
[239.523s] -- Symlinking: /root/nav2-ws/install/nav2_controller/share/nav2_controller/environment/ament_prefix_path.dsv
[239.523s] -- Symlinking: /root/nav2-ws/install/nav2_controller/share/nav2_controller/environment/path.sh
[239.523s] -- Symlinking: /root/nav2-ws/install/nav2_controller/share/nav2_controller/environment/path.dsv
[239.523s] -- Symlinking: /root/nav2-ws/install/nav2_controller/share/nav2_controller/local_setup.bash
[239.523s] -- Symlinking: /root/nav2-ws/install/nav2_controller/share/nav2_controller/local_setup.sh
[239.523s] -- Symlinking: /root/nav2-ws/install/nav2_controller/share/nav2_controller/local_setup.zsh
[239.523s] -- Symlinking: /root/nav2-ws/install/nav2_controller/share/nav2_controller/local_setup.dsv
[239.523s] -- Symlinking: /root/nav2-ws/install/nav2_controller/share/nav2_controller/package.dsv
[239.523s] -- Symlinking: /root/nav2-ws/install/nav2_controller/share/ament_index/resource_index/packages/nav2_controller
[239.524s] -- Symlinking: /root/nav2-ws/install/nav2_controller/share/ament_index/resource_index/nav2_core__pluginlib__plugin/nav2_controller
[239.524s] -- Symlinking: /root/nav2-ws/install/nav2_controller/share/ament_index/resource_index/rclcpp_components/nav2_controller
[239.524s] -- Symlinking: /root/nav2-ws/install/nav2_controller/share/nav2_controller/cmake/ament_cmake_export_include_directories-extras.cmake
[239.524s] -- Symlinking: /root/nav2-ws/install/nav2_controller/share/nav2_controller/cmake/ament_cmake_export_libraries-extras.cmake
[239.524s] -- Symlinking: /root/nav2-ws/install/nav2_controller/share/nav2_controller/cmake/ament_cmake_export_dependencies-extras.cmake
[239.524s] -- Symlinking: /root/nav2-ws/install/nav2_controller/share/nav2_controller/cmake/nav2_controllerConfig.cmake
[239.524s] -- Symlinking: /root/nav2-ws/install/nav2_controller/share/nav2_controller/cmake/nav2_controllerConfig-version.cmake
[239.524s] -- Symlinking: /root/nav2-ws/install/nav2_controller/share/nav2_controller/package.xml
[239.550s] Invoked command in '/root/nav2-ws/build/nav2_controller' returned '0': AMENT_PREFIX_PATH=/root/nav2-ws/install/nav2_core:/root/nav2-ws/install/nav2_costmap_2d:/root/nav2-ws/install/nav_2d_utils:/root/nav2-ws/install/nav2_map_server:/root/nav2-ws/install/nav2_lifecycle_manager:/root/nav2-ws/install/nav2_util:/root/nav2-ws/install/nav2_voxel_grid:/root/nav2-ws/install/nav2_msgs:/root/nav2-ws/install/nav_2d_msgs:/root/nav2-ws/install/nav2_common:${AMENT_PREFIX_PATH} CMAKE_PREFIX_PATH=/root/nav2-ws/install/nav2_core:/root/nav2-ws/install/nav2_costmap_2d:/root/nav2-ws/install/nav_2d_utils:/root/nav2-ws/install/nav2_map_server:/root/nav2-ws/install/nav2_lifecycle_manager:/root/nav2-ws/install/nav2_util:/root/nav2-ws/install/nav2_voxel_grid:/root/nav2-ws/install/nav2_msgs:/root/nav2-ws/install/nav_2d_msgs:/root/nav2-ws/install/nav2_common:/opt/ros/humble LD_LIBRARY_PATH=/root/nav2-ws/install/nav2_costmap_2d/lib:/root/nav2-ws/install/nav_2d_utils/lib:/root/nav2-ws/install/nav2_map_server/lib:/root/nav2-ws/install/nav2_lifecycle_manager/lib:/root/nav2-ws/install/nav2_util/lib:/root/nav2-ws/install/nav2_voxel_grid/lib:/root/nav2-ws/install/nav2_msgs/lib:/root/nav2-ws/install/nav_2d_msgs/lib:${LD_LIBRARY_PATH} PYTHONPATH=/root/nav2-ws/install/nav2_msgs/local/lib/python3.10/dist-packages:/root/nav2-ws/install/nav_2d_msgs/local/lib/python3.10/dist-packages:/root/nav2-ws/install/nav2_common/local/lib/python3.10/dist-packages:${PYTHONPATH} /usr/bin/cmake --install /root/nav2-ws/build/nav2_controller
