[0.073s] Invoking command in '/root/nav2-ws/build/dwb_critics': AMENT_PREFIX_PATH=/root/nav2-ws/install/dwb_core:/root/nav2-ws/install/nav2_core:/root/nav2-ws/install/costmap_queue:/root/nav2-ws/install/nav2_costmap_2d:/root/nav2-ws/install/nav_2d_utils:/root/nav2-ws/install/nav2_map_server:/root/nav2-ws/install/nav2_lifecycle_manager:/root/nav2-ws/install/nav2_util:/root/nav2-ws/install/nav2_voxel_grid:/root/nav2-ws/install/nav2_msgs:/root/nav2-ws/install/dwb_msgs:/root/nav2-ws/install/nav_2d_msgs:/root/nav2-ws/install/nav2_common:${AMENT_PREFIX_PATH} CMAKE_PREFIX_PATH=/root/nav2-ws/install/dwb_core:/root/nav2-ws/install/nav2_core:/root/nav2-ws/install/costmap_queue:/root/nav2-ws/install/nav2_costmap_2d:/root/nav2-ws/install/nav_2d_utils:/root/nav2-ws/install/nav2_map_server:/root/nav2-ws/install/nav2_lifecycle_manager:/root/nav2-ws/install/nav2_util:/root/nav2-ws/install/nav2_voxel_grid:/root/nav2-ws/install/nav2_msgs:/root/nav2-ws/install/dwb_msgs:/root/nav2-ws/install/nav_2d_msgs:/root/nav2-ws/install/nav2_common:/opt/ros/humble LD_LIBRARY_PATH=/root/nav2-ws/install/dwb_core/lib:/root/nav2-ws/install/costmap_queue/lib:/root/nav2-ws/install/nav2_costmap_2d/lib:/root/nav2-ws/install/nav_2d_utils/lib:/root/nav2-ws/install/nav2_map_server/lib:/root/nav2-ws/install/nav2_lifecycle_manager/lib:/root/nav2-ws/install/nav2_util/lib:/root/nav2-ws/install/nav2_voxel_grid/lib:/root/nav2-ws/install/nav2_msgs/lib:/root/nav2-ws/install/dwb_msgs/lib:/root/nav2-ws/install/nav_2d_msgs/lib:${LD_LIBRARY_PATH} PYTHONPATH=/root/nav2-ws/install/nav2_msgs/local/lib/python3.10/dist-packages:/root/nav2-ws/install/dwb_msgs/local/lib/python3.10/dist-packages:/root/nav2-ws/install/nav_2d_msgs/local/lib/python3.10/dist-packages:/root/nav2-ws/install/nav2_common/local/lib/python3.10/dist-packages:${PYTHONPATH} /usr/bin/cmake /root/nav2-ws/src/navigation2/nav2_dwb_controller/dwb_critics -DAMENT_CMAKE_SYMLINK_INSTALL=1 -DCMAKE_INSTALL_PREFIX=/root/nav2-ws/install/dwb_critics
[8.850s] -- The C compiler identification is GNU 11.4.0
[8.852s] -- The CXX compiler identification is GNU 11.4.0
[8.853s] -- Detecting C compiler ABI info
[8.855s] -- Detecting C compiler ABI info - done
[8.856s] -- Check for working C compiler: /usr/bin/cc - skipped
[8.857s] -- Detecting C compile features
[8.859s] -- Detecting C compile features - done
[8.861s] -- Detecting CXX compiler ABI info
[8.862s] -- Detecting CXX compiler ABI info - done
[8.864s] -- Check for working CXX compiler: /usr/bin/c++ - skipped
[8.865s] -- Detecting CXX compile features
[8.866s] -- Detecting CXX compile features - done
[8.868s] -- Found ament_cmake: 1.3.9 (/opt/ros/humble/share/ament_cmake/cmake)
[8.869s] -- Found Python3: /usr/bin/python3 (found version "3.10.12") found components: Interpreter 
[8.871s] -- Override CMake install command with custom implementation using symlinks instead of copying resources
[8.872s] -- Found nav2_common: 1.1.15 (/root/nav2-ws/install/nav2_common/share/nav2_common/cmake)
[8.893s] -- Found angles: 1.15.0 (/opt/ros/humble/share/angles/cmake)
[8.897s] -- Found nav2_costmap_2d: 1.1.15 (/root/nav2-ws/install/nav2_costmap_2d/share/nav2_costmap_2d/cmake)
[8.899s] -- Found rosidl_generator_c: 3.1.5 (/opt/ros/humble/share/rosidl_generator_c/cmake)
[8.901s] -- Found rosidl_adapter: 3.1.5 (/opt/ros/humble/share/rosidl_adapter/cmake)
[8.903s] -- Found rosidl_generator_cpp: 3.1.5 (/opt/ros/humble/share/rosidl_generator_cpp/cmake)
[8.906s] -- Using all available rosidl_typesupport_c: rosidl_typesupport_fastrtps_c;rosidl_typesupport_introspection_c
[8.908s] -- Using all available rosidl_typesupport_cpp: rosidl_typesupport_fastrtps_cpp;rosidl_typesupport_introspection_cpp
[8.910s] -- Found rmw_implementation_cmake: 6.1.2 (/opt/ros/humble/share/rmw_implementation_cmake/cmake)
[8.912s] -- Found rmw_fastrtps_cpp: 6.2.6 (/opt/ros/humble/share/rmw_fastrtps_cpp/cmake)
[8.914s] -- Found OpenSSL: /usr/lib/x86_64-linux-gnu/libcrypto.so (found version "3.0.2")  
[8.917s] -- Found FastRTPS: /opt/ros/humble/include  
[8.918s] -- Using RMW implementation 'rmw_fastrtps_cpp' as default
[8.919s] -- Looking for pthread.h
[8.921s] -- Looking for pthread.h - found
[8.926s] -- Performing Test CMAKE_HAVE_LIBC_PTHREAD
[8.927s] -- Performing Test CMAKE_HAVE_LIBC_PTHREAD - Success
[8.928s] -- Found Threads: TRUE  
[8.930s] -- Found Eigen3: TRUE (found version "3.4.0") 
[8.931s] -- Ensuring Eigen3 include directory is part of orocos-kdl CMake target
[8.933s] -- Found costmap_queue: 1.1.15 (/root/nav2-ws/install/costmap_queue/share/costmap_queue/cmake)
[8.934s] -- Found dwb_core: 1.1.15 (/root/nav2-ws/install/dwb_core/share/dwb_core/cmake)
[12.888s] -- Setting build type to Release as none was specified.
[23.951s] -- Found ament_lint_auto: 0.12.11 (/opt/ros/humble/share/ament_lint_auto/cmake)
[24.148s] -- Found gtest sources under '/opt/ros/humble/src/gtest_vendor': C++ tests using 'Google Test' will be built
[24.185s] -- Added test 'cppcheck' to perform static code analysis on C / C++ code
[24.186s] -- Configured cppcheck include dirs: /root/nav2-ws/src/navigation2/nav2_dwb_controller/dwb_critics/include
[24.187s] -- Configured cppcheck exclude dirs and/or files: 
[24.192s] -- Added test 'cpplint' to check C / C++ code against the Google style
[24.192s] -- Configured cpplint exclude dirs and/or files: 
[24.195s] -- Added test 'lint_cmake' to check CMake code style
[24.200s] -- Added test 'uncrustify' to check C / C++ code style
[24.201s] -- Configured uncrustify additional arguments: 
[24.204s] -- Added test 'xmllint' to check XML markup files
[24.231s] -- Configuring done
[24.833s] -- Generating done
[24.858s] -- Build files have been written to: /root/nav2-ws/build/dwb_critics
[24.904s] Invoked command in '/root/nav2-ws/build/dwb_critics' returned '0': AMENT_PREFIX_PATH=/root/nav2-ws/install/dwb_core:/root/nav2-ws/install/nav2_core:/root/nav2-ws/install/costmap_queue:/root/nav2-ws/install/nav2_costmap_2d:/root/nav2-ws/install/nav_2d_utils:/root/nav2-ws/install/nav2_map_server:/root/nav2-ws/install/nav2_lifecycle_manager:/root/nav2-ws/install/nav2_util:/root/nav2-ws/install/nav2_voxel_grid:/root/nav2-ws/install/nav2_msgs:/root/nav2-ws/install/dwb_msgs:/root/nav2-ws/install/nav_2d_msgs:/root/nav2-ws/install/nav2_common:${AMENT_PREFIX_PATH} CMAKE_PREFIX_PATH=/root/nav2-ws/install/dwb_core:/root/nav2-ws/install/nav2_core:/root/nav2-ws/install/costmap_queue:/root/nav2-ws/install/nav2_costmap_2d:/root/nav2-ws/install/nav_2d_utils:/root/nav2-ws/install/nav2_map_server:/root/nav2-ws/install/nav2_lifecycle_manager:/root/nav2-ws/install/nav2_util:/root/nav2-ws/install/nav2_voxel_grid:/root/nav2-ws/install/nav2_msgs:/root/nav2-ws/install/dwb_msgs:/root/nav2-ws/install/nav_2d_msgs:/root/nav2-ws/install/nav2_common:/opt/ros/humble LD_LIBRARY_PATH=/root/nav2-ws/install/dwb_core/lib:/root/nav2-ws/install/costmap_queue/lib:/root/nav2-ws/install/nav2_costmap_2d/lib:/root/nav2-ws/install/nav_2d_utils/lib:/root/nav2-ws/install/nav2_map_server/lib:/root/nav2-ws/install/nav2_lifecycle_manager/lib:/root/nav2-ws/install/nav2_util/lib:/root/nav2-ws/install/nav2_voxel_grid/lib:/root/nav2-ws/install/nav2_msgs/lib:/root/nav2-ws/install/dwb_msgs/lib:/root/nav2-ws/install/nav_2d_msgs/lib:${LD_LIBRARY_PATH} PYTHONPATH=/root/nav2-ws/install/nav2_msgs/local/lib/python3.10/dist-packages:/root/nav2-ws/install/dwb_msgs/local/lib/python3.10/dist-packages:/root/nav2-ws/install/nav_2d_msgs/local/lib/python3.10/dist-packages:/root/nav2-ws/install/nav2_common/local/lib/python3.10/dist-packages:${PYTHONPATH} /usr/bin/cmake /root/nav2-ws/src/navigation2/nav2_dwb_controller/dwb_critics -DAMENT_CMAKE_SYMLINK_INSTALL=1 -DCMAKE_INSTALL_PREFIX=/root/nav2-ws/install/dwb_critics
[24.904s] Invoking command in '/root/nav2-ws/build/dwb_critics': AMENT_PREFIX_PATH=/root/nav2-ws/install/dwb_core:/root/nav2-ws/install/nav2_core:/root/nav2-ws/install/costmap_queue:/root/nav2-ws/install/nav2_costmap_2d:/root/nav2-ws/install/nav_2d_utils:/root/nav2-ws/install/nav2_map_server:/root/nav2-ws/install/nav2_lifecycle_manager:/root/nav2-ws/install/nav2_util:/root/nav2-ws/install/nav2_voxel_grid:/root/nav2-ws/install/nav2_msgs:/root/nav2-ws/install/dwb_msgs:/root/nav2-ws/install/nav_2d_msgs:/root/nav2-ws/install/nav2_common:${AMENT_PREFIX_PATH} CMAKE_PREFIX_PATH=/root/nav2-ws/install/dwb_core:/root/nav2-ws/install/nav2_core:/root/nav2-ws/install/costmap_queue:/root/nav2-ws/install/nav2_costmap_2d:/root/nav2-ws/install/nav_2d_utils:/root/nav2-ws/install/nav2_map_server:/root/nav2-ws/install/nav2_lifecycle_manager:/root/nav2-ws/install/nav2_util:/root/nav2-ws/install/nav2_voxel_grid:/root/nav2-ws/install/nav2_msgs:/root/nav2-ws/install/dwb_msgs:/root/nav2-ws/install/nav_2d_msgs:/root/nav2-ws/install/nav2_common:/opt/ros/humble LD_LIBRARY_PATH=/root/nav2-ws/install/dwb_core/lib:/root/nav2-ws/install/costmap_queue/lib:/root/nav2-ws/install/nav2_costmap_2d/lib:/root/nav2-ws/install/nav_2d_utils/lib:/root/nav2-ws/install/nav2_map_server/lib:/root/nav2-ws/install/nav2_lifecycle_manager/lib:/root/nav2-ws/install/nav2_util/lib:/root/nav2-ws/install/nav2_voxel_grid/lib:/root/nav2-ws/install/nav2_msgs/lib:/root/nav2-ws/install/dwb_msgs/lib:/root/nav2-ws/install/nav_2d_msgs/lib:${LD_LIBRARY_PATH} PYTHONPATH=/root/nav2-ws/install/nav2_msgs/local/lib/python3.10/dist-packages:/root/nav2-ws/install/dwb_msgs/local/lib/python3.10/dist-packages:/root/nav2-ws/install/nav_2d_msgs/local/lib/python3.10/dist-packages:/root/nav2-ws/install/nav2_common/local/lib/python3.10/dist-packages:${PYTHONPATH} /usr/bin/cmake --build /root/nav2-ws/build/dwb_critics -- -j8 -l8
[39.945s] [  3%] [32mBuilding CXX object CMakeFiles/dwb_critics.dir/src/alignment_util.cpp.o[0m
[39.946s] [  7%] [32mBuilding CXX object CMakeFiles/dwb_critics.dir/src/path_align.cpp.o[0m
[39.946s] [ 11%] [32mBuilding CXX object CMakeFiles/dwb_critics.dir/src/base_obstacle.cpp.o[0m
[49.306s] [ 14%] [32mBuilding CXX object CMakeFiles/dwb_critics.dir/src/obstacle_footprint.cpp.o[0m
[60.206s] [ 18%] [32mBuilding CXX object CMakeFiles/dwb_critics.dir/src/oscillation.cpp.o[0m
[71.975s] [ 22%] [32mBuilding CXX object CMakeFiles/dwb_critics.dir/src/prefer_forward.cpp.o[0m
[83.993s] [ 25%] [32mBuilding CXX object CMakeFiles/dwb_critics.dir/src/rotate_to_goal.cpp.o[0m
[94.776s] [ 29%] [32mBuilding CXX object CMakeFiles/dwb_critics.dir/src/twirling.cpp.o[0m
[104.166s] [ 33%] [32mBuilding CXX object CMakeFiles/dwb_critics.dir/src/goal_align.cpp.o[0m
[114.003s] [ 37%] [32mBuilding CXX object CMakeFiles/dwb_critics.dir/src/path_dist.cpp.o[0m
[123.827s] [ 40%] [32mBuilding CXX object CMakeFiles/dwb_critics.dir/src/goal_dist.cpp.o[0m
[134.498s] [ 44%] [32mBuilding CXX object CMakeFiles/dwb_critics.dir/src/map_grid.cpp.o[0m
[146.048s] [ 48%] [32m[1mLinking CXX shared library libdwb_critics.so[0m
[146.993s] [ 48%] Built target dwb_critics
[147.032s] [ 51%] [32mBuilding CXX object gtest/CMakeFiles/gtest.dir/src/gtest-all.cc.o[0m
[162.338s] [ 55%] [32m[1mLinking CXX static library libgtest.a[0m
[162.414s] [ 55%] Built target gtest
[162.454s] [ 59%] [32mBuilding CXX object gtest/CMakeFiles/gtest_main.dir/src/gtest_main.cc.o[0m
[164.445s] [ 62%] [32m[1mLinking CXX static library libgtest_main.a[0m
[164.521s] [ 62%] Built target gtest_main
[164.577s] [ 66%] [32mBuilding CXX object test/CMakeFiles/prefer_forward_tests.dir/prefer_forward_test.cpp.o[0m
[178.663s] [ 70%] [32m[1mLinking CXX executable prefer_forward_tests[0m
[179.248s] [ 70%] Built target prefer_forward_tests
[179.284s] [ 74%] [32mBuilding CXX object test/CMakeFiles/twirling_tests.dir/twirling_test.cpp.o[0m
[191.587s] [ 77%] [32m[1mLinking CXX executable twirling_tests[0m
[192.709s] [ 77%] Built target twirling_tests
[192.758s] [ 81%] [32mBuilding CXX object test/CMakeFiles/alignment_util_tests.dir/alignment_util_test.cpp.o[0m
[201.631s] [ 85%] [32m[1mLinking CXX executable alignment_util_tests[0m
[202.335s] [ 85%] Built target alignment_util_tests
[202.379s] [ 88%] [32mBuilding CXX object test/CMakeFiles/obstacle_footprint_tests.dir/obstacle_footprint_test.cpp.o[0m
[216.091s] [ 92%] [32m[1mLinking CXX executable obstacle_footprint_tests[0m
[216.835s] [ 92%] Built target obstacle_footprint_tests
[216.877s] [ 96%] [32mBuilding CXX object test/CMakeFiles/base_obstacle_tests.dir/base_obstacle_test.cpp.o[0m
[230.024s] [100%] [32m[1mLinking CXX executable base_obstacle_tests[0m
[230.939s] [100%] Built target base_obstacle_tests
[230.959s] Invoked command in '/root/nav2-ws/build/dwb_critics' returned '0': AMENT_PREFIX_PATH=/root/nav2-ws/install/dwb_core:/root/nav2-ws/install/nav2_core:/root/nav2-ws/install/costmap_queue:/root/nav2-ws/install/nav2_costmap_2d:/root/nav2-ws/install/nav_2d_utils:/root/nav2-ws/install/nav2_map_server:/root/nav2-ws/install/nav2_lifecycle_manager:/root/nav2-ws/install/nav2_util:/root/nav2-ws/install/nav2_voxel_grid:/root/nav2-ws/install/nav2_msgs:/root/nav2-ws/install/dwb_msgs:/root/nav2-ws/install/nav_2d_msgs:/root/nav2-ws/install/nav2_common:${AMENT_PREFIX_PATH} CMAKE_PREFIX_PATH=/root/nav2-ws/install/dwb_core:/root/nav2-ws/install/nav2_core:/root/nav2-ws/install/costmap_queue:/root/nav2-ws/install/nav2_costmap_2d:/root/nav2-ws/install/nav_2d_utils:/root/nav2-ws/install/nav2_map_server:/root/nav2-ws/install/nav2_lifecycle_manager:/root/nav2-ws/install/nav2_util:/root/nav2-ws/install/nav2_voxel_grid:/root/nav2-ws/install/nav2_msgs:/root/nav2-ws/install/dwb_msgs:/root/nav2-ws/install/nav_2d_msgs:/root/nav2-ws/install/nav2_common:/opt/ros/humble LD_LIBRARY_PATH=/root/nav2-ws/install/dwb_core/lib:/root/nav2-ws/install/costmap_queue/lib:/root/nav2-ws/install/nav2_costmap_2d/lib:/root/nav2-ws/install/nav_2d_utils/lib:/root/nav2-ws/install/nav2_map_server/lib:/root/nav2-ws/install/nav2_lifecycle_manager/lib:/root/nav2-ws/install/nav2_util/lib:/root/nav2-ws/install/nav2_voxel_grid/lib:/root/nav2-ws/install/nav2_msgs/lib:/root/nav2-ws/install/dwb_msgs/lib:/root/nav2-ws/install/nav_2d_msgs/lib:${LD_LIBRARY_PATH} PYTHONPATH=/root/nav2-ws/install/nav2_msgs/local/lib/python3.10/dist-packages:/root/nav2-ws/install/dwb_msgs/local/lib/python3.10/dist-packages:/root/nav2-ws/install/nav_2d_msgs/local/lib/python3.10/dist-packages:/root/nav2-ws/install/nav2_common/local/lib/python3.10/dist-packages:${PYTHONPATH} /usr/bin/cmake --build /root/nav2-ws/build/dwb_critics -- -j8 -l8
[231.079s] Invoking command in '/root/nav2-ws/build/dwb_critics': AMENT_PREFIX_PATH=/root/nav2-ws/install/dwb_core:/root/nav2-ws/install/nav2_core:/root/nav2-ws/install/costmap_queue:/root/nav2-ws/install/nav2_costmap_2d:/root/nav2-ws/install/nav_2d_utils:/root/nav2-ws/install/nav2_map_server:/root/nav2-ws/install/nav2_lifecycle_manager:/root/nav2-ws/install/nav2_util:/root/nav2-ws/install/nav2_voxel_grid:/root/nav2-ws/install/nav2_msgs:/root/nav2-ws/install/dwb_msgs:/root/nav2-ws/install/nav_2d_msgs:/root/nav2-ws/install/nav2_common:${AMENT_PREFIX_PATH} CMAKE_PREFIX_PATH=/root/nav2-ws/install/dwb_core:/root/nav2-ws/install/nav2_core:/root/nav2-ws/install/costmap_queue:/root/nav2-ws/install/nav2_costmap_2d:/root/nav2-ws/install/nav_2d_utils:/root/nav2-ws/install/nav2_map_server:/root/nav2-ws/install/nav2_lifecycle_manager:/root/nav2-ws/install/nav2_util:/root/nav2-ws/install/nav2_voxel_grid:/root/nav2-ws/install/nav2_msgs:/root/nav2-ws/install/dwb_msgs:/root/nav2-ws/install/nav_2d_msgs:/root/nav2-ws/install/nav2_common:/opt/ros/humble LD_LIBRARY_PATH=/root/nav2-ws/install/dwb_core/lib:/root/nav2-ws/install/costmap_queue/lib:/root/nav2-ws/install/nav2_costmap_2d/lib:/root/nav2-ws/install/nav_2d_utils/lib:/root/nav2-ws/install/nav2_map_server/lib:/root/nav2-ws/install/nav2_lifecycle_manager/lib:/root/nav2-ws/install/nav2_util/lib:/root/nav2-ws/install/nav2_voxel_grid/lib:/root/nav2-ws/install/nav2_msgs/lib:/root/nav2-ws/install/dwb_msgs/lib:/root/nav2-ws/install/nav_2d_msgs/lib:${LD_LIBRARY_PATH} PYTHONPATH=/root/nav2-ws/install/nav2_msgs/local/lib/python3.10/dist-packages:/root/nav2-ws/install/dwb_msgs/local/lib/python3.10/dist-packages:/root/nav2-ws/install/nav_2d_msgs/local/lib/python3.10/dist-packages:/root/nav2-ws/install/nav2_common/local/lib/python3.10/dist-packages:${PYTHONPATH} /usr/bin/cmake --install /root/nav2-ws/build/dwb_critics
[272.323s] -- Install configuration: "Release"
[272.324s] -- Execute custom install script
[272.324s] -- Symlinking: /root/nav2-ws/install/dwb_critics/lib/libdwb_critics.so
[272.324s] -- Symlinking: /root/nav2-ws/install/dwb_critics/include//dwb_critics/alignment_util.hpp
[272.324s] -- Symlinking: /root/nav2-ws/install/dwb_critics/include//dwb_critics/base_obstacle.hpp
[272.324s] -- Symlinking: /root/nav2-ws/install/dwb_critics/include//dwb_critics/goal_align.hpp
[272.324s] -- Symlinking: /root/nav2-ws/install/dwb_critics/include//dwb_critics/goal_dist.hpp
[272.324s] -- Symlinking: /root/nav2-ws/install/dwb_critics/include//dwb_critics/line_iterator.hpp
[272.324s] -- Symlinking: /root/nav2-ws/install/dwb_critics/include//dwb_critics/map_grid.hpp
[272.324s] -- Symlinking: /root/nav2-ws/install/dwb_critics/include//dwb_critics/obstacle_footprint.hpp
[272.325s] -- Symlinking: /root/nav2-ws/install/dwb_critics/include//dwb_critics/oscillation.hpp
[272.325s] -- Symlinking: /root/nav2-ws/install/dwb_critics/include//dwb_critics/path_align.hpp
[272.325s] -- Symlinking: /root/nav2-ws/install/dwb_critics/include//dwb_critics/path_dist.hpp
[272.325s] -- Symlinking: /root/nav2-ws/install/dwb_critics/include//dwb_critics/prefer_forward.hpp
[272.325s] -- Symlinking: /root/nav2-ws/install/dwb_critics/include//dwb_critics/rotate_to_goal.hpp
[272.337s] -- Symlinking: /root/nav2-ws/install/dwb_critics/include//dwb_critics/twirling.hpp
[272.338s] -- Symlinking: /root/nav2-ws/install/dwb_critics/share/dwb_critics/default_critics.xml
[272.338s] -- Symlinking: /root/nav2-ws/install/dwb_critics/share/dwb_critics/environment/library_path.sh
[272.338s] -- Symlinking: /root/nav2-ws/install/dwb_critics/share/dwb_critics/environment/library_path.dsv
[272.338s] -- Up-to-date symlink: /root/nav2-ws/install/dwb_critics/share/dwb_critics//default_critics.xml
[272.338s] -- Symlinking: /root/nav2-ws/install/dwb_critics/share/ament_index/resource_index/package_run_dependencies/dwb_critics
[272.338s] -- Symlinking: /root/nav2-ws/install/dwb_critics/share/ament_index/resource_index/parent_prefix_path/dwb_critics
[272.338s] -- Symlinking: /root/nav2-ws/install/dwb_critics/share/dwb_critics/environment/ament_prefix_path.sh
[272.338s] -- Symlinking: /root/nav2-ws/install/dwb_critics/share/dwb_critics/environment/ament_prefix_path.dsv
[272.338s] -- Symlinking: /root/nav2-ws/install/dwb_critics/share/dwb_critics/environment/path.sh
[272.339s] -- Symlinking: /root/nav2-ws/install/dwb_critics/share/dwb_critics/environment/path.dsv
[272.339s] -- Symlinking: /root/nav2-ws/install/dwb_critics/share/dwb_critics/local_setup.bash
[272.339s] -- Symlinking: /root/nav2-ws/install/dwb_critics/share/dwb_critics/local_setup.sh
[272.339s] -- Symlinking: /root/nav2-ws/install/dwb_critics/share/dwb_critics/local_setup.zsh
[272.339s] -- Symlinking: /root/nav2-ws/install/dwb_critics/share/dwb_critics/local_setup.dsv
[272.339s] -- Symlinking: /root/nav2-ws/install/dwb_critics/share/dwb_critics/package.dsv
[272.339s] -- Symlinking: /root/nav2-ws/install/dwb_critics/share/ament_index/resource_index/packages/dwb_critics
[272.339s] -- Symlinking: /root/nav2-ws/install/dwb_critics/share/ament_index/resource_index/dwb_core__pluginlib__plugin/dwb_critics
[272.339s] -- Symlinking: /root/nav2-ws/install/dwb_critics/share/dwb_critics/cmake/ament_cmake_export_include_directories-extras.cmake
[272.339s] -- Symlinking: /root/nav2-ws/install/dwb_critics/share/dwb_critics/cmake/ament_cmake_export_libraries-extras.cmake
[272.340s] -- Symlinking: /root/nav2-ws/install/dwb_critics/share/dwb_critics/cmake/ament_cmake_export_dependencies-extras.cmake
[272.340s] -- Symlinking: /root/nav2-ws/install/dwb_critics/share/dwb_critics/cmake/dwb_criticsConfig.cmake
[272.340s] -- Symlinking: /root/nav2-ws/install/dwb_critics/share/dwb_critics/cmake/dwb_criticsConfig-version.cmake
[272.340s] -- Symlinking: /root/nav2-ws/install/dwb_critics/share/dwb_critics/package.xml
[272.442s] Invoked command in '/root/nav2-ws/build/dwb_critics' returned '0': AMENT_PREFIX_PATH=/root/nav2-ws/install/dwb_core:/root/nav2-ws/install/nav2_core:/root/nav2-ws/install/costmap_queue:/root/nav2-ws/install/nav2_costmap_2d:/root/nav2-ws/install/nav_2d_utils:/root/nav2-ws/install/nav2_map_server:/root/nav2-ws/install/nav2_lifecycle_manager:/root/nav2-ws/install/nav2_util:/root/nav2-ws/install/nav2_voxel_grid:/root/nav2-ws/install/nav2_msgs:/root/nav2-ws/install/dwb_msgs:/root/nav2-ws/install/nav_2d_msgs:/root/nav2-ws/install/nav2_common:${AMENT_PREFIX_PATH} CMAKE_PREFIX_PATH=/root/nav2-ws/install/dwb_core:/root/nav2-ws/install/nav2_core:/root/nav2-ws/install/costmap_queue:/root/nav2-ws/install/nav2_costmap_2d:/root/nav2-ws/install/nav_2d_utils:/root/nav2-ws/install/nav2_map_server:/root/nav2-ws/install/nav2_lifecycle_manager:/root/nav2-ws/install/nav2_util:/root/nav2-ws/install/nav2_voxel_grid:/root/nav2-ws/install/nav2_msgs:/root/nav2-ws/install/dwb_msgs:/root/nav2-ws/install/nav_2d_msgs:/root/nav2-ws/install/nav2_common:/opt/ros/humble LD_LIBRARY_PATH=/root/nav2-ws/install/dwb_core/lib:/root/nav2-ws/install/costmap_queue/lib:/root/nav2-ws/install/nav2_costmap_2d/lib:/root/nav2-ws/install/nav_2d_utils/lib:/root/nav2-ws/install/nav2_map_server/lib:/root/nav2-ws/install/nav2_lifecycle_manager/lib:/root/nav2-ws/install/nav2_util/lib:/root/nav2-ws/install/nav2_voxel_grid/lib:/root/nav2-ws/install/nav2_msgs/lib:/root/nav2-ws/install/dwb_msgs/lib:/root/nav2-ws/install/nav_2d_msgs/lib:${LD_LIBRARY_PATH} PYTHONPATH=/root/nav2-ws/install/nav2_msgs/local/lib/python3.10/dist-packages:/root/nav2-ws/install/dwb_msgs/local/lib/python3.10/dist-packages:/root/nav2-ws/install/nav_2d_msgs/local/lib/python3.10/dist-packages:/root/nav2-ws/install/nav2_common/local/lib/python3.10/dist-packages:${PYTHONPATH} /usr/bin/cmake --install /root/nav2-ws/build/dwb_critics
