[0.445s] Invoking command in '/root/nav2-ws/build/nav2_graceful_controller': AMENT_PREFIX_PATH=/root/nav2-ws/install/nav2_controller:/root/nav2-ws/install/nav2_core:/root/nav2-ws/install/nav2_costmap_2d:/root/nav2-ws/install/nav_2d_utils:/root/nav2-ws/install/nav2_map_server:/root/nav2-ws/install/nav2_lifecycle_manager:/root/nav2-ws/install/nav2_util:/root/nav2-ws/install/nav2_voxel_grid:/root/nav2-ws/install/nav2_msgs:/root/nav2-ws/install/nav_2d_msgs:/root/nav2-ws/install/nav2_common:${AMENT_PREFIX_PATH} CMAKE_PREFIX_PATH=/root/nav2-ws/install/nav2_controller:/root/nav2-ws/install/nav2_core:/root/nav2-ws/install/nav2_costmap_2d:/root/nav2-ws/install/nav_2d_utils:/root/nav2-ws/install/nav2_map_server:/root/nav2-ws/install/nav2_lifecycle_manager:/root/nav2-ws/install/nav2_util:/root/nav2-ws/install/nav2_voxel_grid:/root/nav2-ws/install/nav2_msgs:/root/nav2-ws/install/nav_2d_msgs:/root/nav2-ws/install/nav2_common:/opt/ros/humble LD_LIBRARY_PATH=/root/nav2-ws/install/nav2_controller/lib:/root/nav2-ws/install/nav2_costmap_2d/lib:/root/nav2-ws/install/nav_2d_utils/lib:/root/nav2-ws/install/nav2_map_server/lib:/root/nav2-ws/install/nav2_lifecycle_manager/lib:/root/nav2-ws/install/nav2_util/lib:/root/nav2-ws/install/nav2_voxel_grid/lib:/root/nav2-ws/install/nav2_msgs/lib:/root/nav2-ws/install/nav_2d_msgs/lib:${LD_LIBRARY_PATH} PYTHONPATH=/root/nav2-ws/install/nav2_msgs/local/lib/python3.10/dist-packages:/root/nav2-ws/install/nav_2d_msgs/local/lib/python3.10/dist-packages:/root/nav2-ws/install/nav2_common/local/lib/python3.10/dist-packages:${PYTHONPATH} /usr/bin/cmake /root/nav2-ws/src/navigation2/nav2_graceful_controller -DAMENT_CMAKE_SYMLINK_INSTALL=1 -DCMAKE_INSTALL_PREFIX=/root/nav2-ws/install/nav2_graceful_controller
[1.412s] -- The C compiler identification is GNU 11.4.0
[1.418s] -- The CXX compiler identification is GNU 11.4.0
[1.421s] -- Detecting C compiler ABI info
[1.795s] -- Detecting C compiler ABI info - done
[1.811s] -- Check for working C compiler: /usr/bin/cc - skipped
[1.811s] -- Detecting C compile features
[1.812s] -- Detecting C compile features - done
[1.827s] -- Detecting CXX compiler ABI info
[2.458s] -- Detecting CXX compiler ABI info - done
[2.483s] -- Check for working CXX compiler: /usr/bin/c++ - skipped
[2.483s] -- Detecting CXX compile features
[2.484s] -- Detecting CXX compile features - done
[2.520s] -- Found ament_cmake: 1.3.9 (/opt/ros/humble/share/ament_cmake/cmake)
[3.221s] -- Found Python3: /usr/bin/python3 (found version "3.10.12") found components: Interpreter 
[3.615s] -- Override CMake install command with custom implementation using symlinks instead of copying resources
[3.778s] -- Found nav2_common: 1.1.15 (/root/nav2-ws/install/nav2_common/share/nav2_common/cmake)
[3.781s] -- Found nav2_core: 1.1.15 (/root/nav2-ws/install/nav2_core/share/nav2_core/cmake)
[4.017s] -- Found rosidl_generator_c: 3.1.5 (/opt/ros/humble/share/rosidl_generator_c/cmake)
[4.056s] -- Found rosidl_adapter: 3.1.5 (/opt/ros/humble/share/rosidl_adapter/cmake)
[4.112s] -- Found rosidl_generator_cpp: 3.1.5 (/opt/ros/humble/share/rosidl_generator_cpp/cmake)
[4.159s] -- Using all available rosidl_typesupport_c: rosidl_typesupport_fastrtps_c;rosidl_typesupport_introspection_c
[4.268s] -- Using all available rosidl_typesupport_cpp: rosidl_typesupport_fastrtps_cpp;rosidl_typesupport_introspection_cpp
[4.602s] -- Found rmw_implementation_cmake: 6.1.2 (/opt/ros/humble/share/rmw_implementation_cmake/cmake)
[4.622s] -- Found rmw_fastrtps_cpp: 6.2.6 (/opt/ros/humble/share/rmw_fastrtps_cpp/cmake)
[5.317s] -- Found OpenSSL: /usr/lib/x86_64-linux-gnu/libcrypto.so (found version "3.0.2")  
[5.444s] -- Found FastRTPS: /opt/ros/humble/include  
[5.665s] -- Using RMW implementation 'rmw_fastrtps_cpp' as default
[5.732s] -- Looking for pthread.h
[6.266s] -- Looking for pthread.h - found
[6.268s] -- Performing Test CMAKE_HAVE_LIBC_PTHREAD
[6.791s] -- Performing Test CMAKE_HAVE_LIBC_PTHREAD - Success
[6.793s] -- Found Threads: TRUE  
[10.240s] -- Found Eigen3: TRUE (found version "3.4.0") 
[10.240s] -- Ensuring Eigen3 include directory is part of orocos-kdl CMake target
[14.713s] -- Found nav_2d_utils: 1.1.15 (/root/nav2-ws/install/nav_2d_utils/share/nav_2d_utils/cmake)
[16.213s] -- Setting build type to Release as none was specified.
[32.943s] -- Found ament_lint_auto: 0.12.11 (/opt/ros/humble/share/ament_lint_auto/cmake)
[36.697s] -- Found gtest sources under '/opt/ros/humble/src/gtest_vendor': C++ tests using 'Google Test' will be built
[52.234s] -- Added test 'cppcheck' to perform static code analysis on C / C++ code
[52.236s] -- Configured cppcheck include dirs: /root/nav2-ws/src/navigation2/nav2_graceful_controller/include
[52.237s] -- Configured cppcheck exclude dirs and/or files: 
[52.240s] -- Added test 'cpplint' to check C / C++ code against the Google style
[52.241s] -- Configured cpplint exclude dirs and/or files: 
[52.245s] -- Added test 'lint_cmake' to check CMake code style
[52.251s] -- Added test 'uncrustify' to check C / C++ code style
[52.256s] -- Configured uncrustify additional arguments: 
[52.268s] -- Added test 'xmllint' to check XML markup files
[52.268s] -- Configuring done
[52.599s] -- Generating done
[52.616s] -- Build files have been written to: /root/nav2-ws/build/nav2_graceful_controller
[52.695s] Invoked command in '/root/nav2-ws/build/nav2_graceful_controller' returned '0': AMENT_PREFIX_PATH=/root/nav2-ws/install/nav2_controller:/root/nav2-ws/install/nav2_core:/root/nav2-ws/install/nav2_costmap_2d:/root/nav2-ws/install/nav_2d_utils:/root/nav2-ws/install/nav2_map_server:/root/nav2-ws/install/nav2_lifecycle_manager:/root/nav2-ws/install/nav2_util:/root/nav2-ws/install/nav2_voxel_grid:/root/nav2-ws/install/nav2_msgs:/root/nav2-ws/install/nav_2d_msgs:/root/nav2-ws/install/nav2_common:${AMENT_PREFIX_PATH} CMAKE_PREFIX_PATH=/root/nav2-ws/install/nav2_controller:/root/nav2-ws/install/nav2_core:/root/nav2-ws/install/nav2_costmap_2d:/root/nav2-ws/install/nav_2d_utils:/root/nav2-ws/install/nav2_map_server:/root/nav2-ws/install/nav2_lifecycle_manager:/root/nav2-ws/install/nav2_util:/root/nav2-ws/install/nav2_voxel_grid:/root/nav2-ws/install/nav2_msgs:/root/nav2-ws/install/nav_2d_msgs:/root/nav2-ws/install/nav2_common:/opt/ros/humble LD_LIBRARY_PATH=/root/nav2-ws/install/nav2_controller/lib:/root/nav2-ws/install/nav2_costmap_2d/lib:/root/nav2-ws/install/nav_2d_utils/lib:/root/nav2-ws/install/nav2_map_server/lib:/root/nav2-ws/install/nav2_lifecycle_manager/lib:/root/nav2-ws/install/nav2_util/lib:/root/nav2-ws/install/nav2_voxel_grid/lib:/root/nav2-ws/install/nav2_msgs/lib:/root/nav2-ws/install/nav_2d_msgs/lib:${LD_LIBRARY_PATH} PYTHONPATH=/root/nav2-ws/install/nav2_msgs/local/lib/python3.10/dist-packages:/root/nav2-ws/install/nav_2d_msgs/local/lib/python3.10/dist-packages:/root/nav2-ws/install/nav2_common/local/lib/python3.10/dist-packages:${PYTHONPATH} /usr/bin/cmake /root/nav2-ws/src/navigation2/nav2_graceful_controller -DAMENT_CMAKE_SYMLINK_INSTALL=1 -DCMAKE_INSTALL_PREFIX=/root/nav2-ws/install/nav2_graceful_controller
[52.702s] Invoking command in '/root/nav2-ws/build/nav2_graceful_controller': AMENT_PREFIX_PATH=/root/nav2-ws/install/nav2_controller:/root/nav2-ws/install/nav2_core:/root/nav2-ws/install/nav2_costmap_2d:/root/nav2-ws/install/nav_2d_utils:/root/nav2-ws/install/nav2_map_server:/root/nav2-ws/install/nav2_lifecycle_manager:/root/nav2-ws/install/nav2_util:/root/nav2-ws/install/nav2_voxel_grid:/root/nav2-ws/install/nav2_msgs:/root/nav2-ws/install/nav_2d_msgs:/root/nav2-ws/install/nav2_common:${AMENT_PREFIX_PATH} CMAKE_PREFIX_PATH=/root/nav2-ws/install/nav2_controller:/root/nav2-ws/install/nav2_core:/root/nav2-ws/install/nav2_costmap_2d:/root/nav2-ws/install/nav_2d_utils:/root/nav2-ws/install/nav2_map_server:/root/nav2-ws/install/nav2_lifecycle_manager:/root/nav2-ws/install/nav2_util:/root/nav2-ws/install/nav2_voxel_grid:/root/nav2-ws/install/nav2_msgs:/root/nav2-ws/install/nav_2d_msgs:/root/nav2-ws/install/nav2_common:/opt/ros/humble LD_LIBRARY_PATH=/root/nav2-ws/install/nav2_controller/lib:/root/nav2-ws/install/nav2_costmap_2d/lib:/root/nav2-ws/install/nav_2d_utils/lib:/root/nav2-ws/install/nav2_map_server/lib:/root/nav2-ws/install/nav2_lifecycle_manager/lib:/root/nav2-ws/install/nav2_util/lib:/root/nav2-ws/install/nav2_voxel_grid/lib:/root/nav2-ws/install/nav2_msgs/lib:/root/nav2-ws/install/nav_2d_msgs/lib:${LD_LIBRARY_PATH} PYTHONPATH=/root/nav2-ws/install/nav2_msgs/local/lib/python3.10/dist-packages:/root/nav2-ws/install/nav_2d_msgs/local/lib/python3.10/dist-packages:/root/nav2-ws/install/nav2_common/local/lib/python3.10/dist-packages:${PYTHONPATH} /usr/bin/cmake --build /root/nav2-ws/build/nav2_graceful_controller -- -j8 -l8
[52.798s] [  6%] [32mBuilding CXX object CMakeFiles/smooth_control_law.dir/src/smooth_control_law.cpp.o[0m
[59.078s] [ 13%] [32m[1mLinking CXX shared library libsmooth_control_law.so[0m
[85.922s] [ 13%] Built target smooth_control_law
[85.971s] [ 20%] [32mBuilding CXX object gtest/CMakeFiles/gtest_main.dir/src/gtest_main.cc.o[0m
[85.975s] [ 26%] [32mBuilding CXX object gtest/CMakeFiles/gtest.dir/src/gtest-all.cc.o[0m
[88.486s] [ 33%] [32m[1mLinking CXX static library libgtest_main.a[0m
[88.739s] [ 33%] Built target gtest_main
[88.926s] [ 40%] [32mBuilding CXX object CMakeFiles/nav2_graceful_controller.dir/src/graceful_controller.cpp.o[0m
[88.939s] [ 46%] [32mBuilding CXX object CMakeFiles/nav2_graceful_controller.dir/src/parameter_handler.cpp.o[0m
[124.697s] [ 53%] [32m[1mLinking CXX static library libgtest.a[0m
[125.012s] [ 53%] Built target gtest
[139.289s] [ 60%] [32mBuilding CXX object CMakeFiles/nav2_graceful_controller.dir/src/utils.cpp.o[0m
[141.006s] [ 66%] [32mBuilding CXX object CMakeFiles/nav2_graceful_controller.dir/src/path_handler.cpp.o[0m
[150.248s] [ 73%] [32m[1mLinking CXX shared library libnav2_graceful_controller.so[0m
[150.803s] [ 73%] Built target nav2_graceful_controller
[150.830s] [ 80%] [32mBuilding CXX object test/CMakeFiles/test_egopolar.dir/test_egopolar.cpp.o[0m
[156.505s] [ 86%] [32m[1mLinking CXX executable test_egopolar[0m
[156.704s] [ 86%] Built target test_egopolar
[156.731s] [ 93%] [32mBuilding CXX object test/CMakeFiles/test_graceful_controller.dir/test_graceful_controller.cpp.o[0m
[169.800s] [100%] [32m[1mLinking CXX executable test_graceful_controller[0m
[170.527s] [100%] Built target test_graceful_controller
[170.542s] Invoked command in '/root/nav2-ws/build/nav2_graceful_controller' returned '0': AMENT_PREFIX_PATH=/root/nav2-ws/install/nav2_controller:/root/nav2-ws/install/nav2_core:/root/nav2-ws/install/nav2_costmap_2d:/root/nav2-ws/install/nav_2d_utils:/root/nav2-ws/install/nav2_map_server:/root/nav2-ws/install/nav2_lifecycle_manager:/root/nav2-ws/install/nav2_util:/root/nav2-ws/install/nav2_voxel_grid:/root/nav2-ws/install/nav2_msgs:/root/nav2-ws/install/nav_2d_msgs:/root/nav2-ws/install/nav2_common:${AMENT_PREFIX_PATH} CMAKE_PREFIX_PATH=/root/nav2-ws/install/nav2_controller:/root/nav2-ws/install/nav2_core:/root/nav2-ws/install/nav2_costmap_2d:/root/nav2-ws/install/nav_2d_utils:/root/nav2-ws/install/nav2_map_server:/root/nav2-ws/install/nav2_lifecycle_manager:/root/nav2-ws/install/nav2_util:/root/nav2-ws/install/nav2_voxel_grid:/root/nav2-ws/install/nav2_msgs:/root/nav2-ws/install/nav_2d_msgs:/root/nav2-ws/install/nav2_common:/opt/ros/humble LD_LIBRARY_PATH=/root/nav2-ws/install/nav2_controller/lib:/root/nav2-ws/install/nav2_costmap_2d/lib:/root/nav2-ws/install/nav_2d_utils/lib:/root/nav2-ws/install/nav2_map_server/lib:/root/nav2-ws/install/nav2_lifecycle_manager/lib:/root/nav2-ws/install/nav2_util/lib:/root/nav2-ws/install/nav2_voxel_grid/lib:/root/nav2-ws/install/nav2_msgs/lib:/root/nav2-ws/install/nav_2d_msgs/lib:${LD_LIBRARY_PATH} PYTHONPATH=/root/nav2-ws/install/nav2_msgs/local/lib/python3.10/dist-packages:/root/nav2-ws/install/nav_2d_msgs/local/lib/python3.10/dist-packages:/root/nav2-ws/install/nav2_common/local/lib/python3.10/dist-packages:${PYTHONPATH} /usr/bin/cmake --build /root/nav2-ws/build/nav2_graceful_controller -- -j8 -l8
[170.587s] Invoking command in '/root/nav2-ws/build/nav2_graceful_controller': AMENT_PREFIX_PATH=/root/nav2-ws/install/nav2_controller:/root/nav2-ws/install/nav2_core:/root/nav2-ws/install/nav2_costmap_2d:/root/nav2-ws/install/nav_2d_utils:/root/nav2-ws/install/nav2_map_server:/root/nav2-ws/install/nav2_lifecycle_manager:/root/nav2-ws/install/nav2_util:/root/nav2-ws/install/nav2_voxel_grid:/root/nav2-ws/install/nav2_msgs:/root/nav2-ws/install/nav_2d_msgs:/root/nav2-ws/install/nav2_common:${AMENT_PREFIX_PATH} CMAKE_PREFIX_PATH=/root/nav2-ws/install/nav2_controller:/root/nav2-ws/install/nav2_core:/root/nav2-ws/install/nav2_costmap_2d:/root/nav2-ws/install/nav_2d_utils:/root/nav2-ws/install/nav2_map_server:/root/nav2-ws/install/nav2_lifecycle_manager:/root/nav2-ws/install/nav2_util:/root/nav2-ws/install/nav2_voxel_grid:/root/nav2-ws/install/nav2_msgs:/root/nav2-ws/install/nav_2d_msgs:/root/nav2-ws/install/nav2_common:/opt/ros/humble LD_LIBRARY_PATH=/root/nav2-ws/install/nav2_controller/lib:/root/nav2-ws/install/nav2_costmap_2d/lib:/root/nav2-ws/install/nav_2d_utils/lib:/root/nav2-ws/install/nav2_map_server/lib:/root/nav2-ws/install/nav2_lifecycle_manager/lib:/root/nav2-ws/install/nav2_util/lib:/root/nav2-ws/install/nav2_voxel_grid/lib:/root/nav2-ws/install/nav2_msgs/lib:/root/nav2-ws/install/nav_2d_msgs/lib:${LD_LIBRARY_PATH} PYTHONPATH=/root/nav2-ws/install/nav2_msgs/local/lib/python3.10/dist-packages:/root/nav2-ws/install/nav_2d_msgs/local/lib/python3.10/dist-packages:/root/nav2-ws/install/nav2_common/local/lib/python3.10/dist-packages:${PYTHONPATH} /usr/bin/cmake --install /root/nav2-ws/build/nav2_graceful_controller
[170.597s] -- Install configuration: "Release"
[170.598s] -- Execute custom install script
[170.598s] -- Symlinking: /root/nav2-ws/install/nav2_graceful_controller/lib/libsmooth_control_law.so
[170.609s] -- Symlinking: /root/nav2-ws/install/nav2_graceful_controller/lib/libnav2_graceful_controller.so
[170.621s] -- Symlinking: /root/nav2-ws/install/nav2_graceful_controller/include//nav2_graceful_controller/ego_polar_coords.hpp
[170.633s] -- Symlinking: /root/nav2-ws/install/nav2_graceful_controller/include//nav2_graceful_controller/graceful_controller.hpp
[170.644s] -- Symlinking: /root/nav2-ws/install/nav2_graceful_controller/include//nav2_graceful_controller/parameter_handler.hpp
[170.655s] -- Symlinking: /root/nav2-ws/install/nav2_graceful_controller/include//nav2_graceful_controller/path_handler.hpp
[170.667s] -- Symlinking: /root/nav2-ws/install/nav2_graceful_controller/include//nav2_graceful_controller/smooth_control_law.hpp
[170.678s] -- Symlinking: /root/nav2-ws/install/nav2_graceful_controller/include//nav2_graceful_controller/utils.hpp
[170.691s] -- Symlinking: /root/nav2-ws/install/nav2_graceful_controller/share/nav2_graceful_controller/environment/library_path.sh
[170.703s] -- Symlinking: /root/nav2-ws/install/nav2_graceful_controller/share/nav2_graceful_controller/environment/library_path.dsv
[170.714s] -- Symlinking: /root/nav2-ws/install/nav2_graceful_controller/share/nav2_graceful_controller//graceful_controller_plugin.xml
[170.725s] -- Symlinking: /root/nav2-ws/install/nav2_graceful_controller/share/ament_index/resource_index/package_run_dependencies/nav2_graceful_controller
[170.736s] -- Symlinking: /root/nav2-ws/install/nav2_graceful_controller/share/ament_index/resource_index/parent_prefix_path/nav2_graceful_controller
[170.747s] -- Symlinking: /root/nav2-ws/install/nav2_graceful_controller/share/nav2_graceful_controller/environment/ament_prefix_path.sh
[170.760s] -- Symlinking: /root/nav2-ws/install/nav2_graceful_controller/share/nav2_graceful_controller/environment/ament_prefix_path.dsv
[170.771s] -- Symlinking: /root/nav2-ws/install/nav2_graceful_controller/share/nav2_graceful_controller/environment/path.sh
[170.783s] -- Symlinking: /root/nav2-ws/install/nav2_graceful_controller/share/nav2_graceful_controller/environment/path.dsv
[170.796s] -- Symlinking: /root/nav2-ws/install/nav2_graceful_controller/share/nav2_graceful_controller/local_setup.bash
[170.809s] -- Symlinking: /root/nav2-ws/install/nav2_graceful_controller/share/nav2_graceful_controller/local_setup.sh
[170.820s] -- Symlinking: /root/nav2-ws/install/nav2_graceful_controller/share/nav2_graceful_controller/local_setup.zsh
[170.831s] -- Symlinking: /root/nav2-ws/install/nav2_graceful_controller/share/nav2_graceful_controller/local_setup.dsv
[170.843s] -- Symlinking: /root/nav2-ws/install/nav2_graceful_controller/share/nav2_graceful_controller/package.dsv
[170.854s] -- Symlinking: /root/nav2-ws/install/nav2_graceful_controller/share/ament_index/resource_index/packages/nav2_graceful_controller
[170.866s] -- Symlinking: /root/nav2-ws/install/nav2_graceful_controller/share/ament_index/resource_index/nav2_core__pluginlib__plugin/nav2_graceful_controller
[170.879s] -- Symlinking: /root/nav2-ws/install/nav2_graceful_controller/share/nav2_graceful_controller/cmake/ament_cmake_export_include_directories-extras.cmake
[170.890s] -- Symlinking: /root/nav2-ws/install/nav2_graceful_controller/share/nav2_graceful_controller/cmake/ament_cmake_export_libraries-extras.cmake
[170.902s] -- Symlinking: /root/nav2-ws/install/nav2_graceful_controller/share/nav2_graceful_controller/cmake/ament_cmake_export_dependencies-extras.cmake
[170.914s] -- Symlinking: /root/nav2-ws/install/nav2_graceful_controller/share/nav2_graceful_controller/cmake/nav2_graceful_controllerConfig.cmake
[170.925s] -- Symlinking: /root/nav2-ws/install/nav2_graceful_controller/share/nav2_graceful_controller/cmake/nav2_graceful_controllerConfig-version.cmake
[170.936s] -- Symlinking: /root/nav2-ws/install/nav2_graceful_controller/share/nav2_graceful_controller/package.xml
[170.949s] Invoked command in '/root/nav2-ws/build/nav2_graceful_controller' returned '0': AMENT_PREFIX_PATH=/root/nav2-ws/install/nav2_controller:/root/nav2-ws/install/nav2_core:/root/nav2-ws/install/nav2_costmap_2d:/root/nav2-ws/install/nav_2d_utils:/root/nav2-ws/install/nav2_map_server:/root/nav2-ws/install/nav2_lifecycle_manager:/root/nav2-ws/install/nav2_util:/root/nav2-ws/install/nav2_voxel_grid:/root/nav2-ws/install/nav2_msgs:/root/nav2-ws/install/nav_2d_msgs:/root/nav2-ws/install/nav2_common:${AMENT_PREFIX_PATH} CMAKE_PREFIX_PATH=/root/nav2-ws/install/nav2_controller:/root/nav2-ws/install/nav2_core:/root/nav2-ws/install/nav2_costmap_2d:/root/nav2-ws/install/nav_2d_utils:/root/nav2-ws/install/nav2_map_server:/root/nav2-ws/install/nav2_lifecycle_manager:/root/nav2-ws/install/nav2_util:/root/nav2-ws/install/nav2_voxel_grid:/root/nav2-ws/install/nav2_msgs:/root/nav2-ws/install/nav_2d_msgs:/root/nav2-ws/install/nav2_common:/opt/ros/humble LD_LIBRARY_PATH=/root/nav2-ws/install/nav2_controller/lib:/root/nav2-ws/install/nav2_costmap_2d/lib:/root/nav2-ws/install/nav_2d_utils/lib:/root/nav2-ws/install/nav2_map_server/lib:/root/nav2-ws/install/nav2_lifecycle_manager/lib:/root/nav2-ws/install/nav2_util/lib:/root/nav2-ws/install/nav2_voxel_grid/lib:/root/nav2-ws/install/nav2_msgs/lib:/root/nav2-ws/install/nav_2d_msgs/lib:${LD_LIBRARY_PATH} PYTHONPATH=/root/nav2-ws/install/nav2_msgs/local/lib/python3.10/dist-packages:/root/nav2-ws/install/nav_2d_msgs/local/lib/python3.10/dist-packages:/root/nav2-ws/install/nav2_common/local/lib/python3.10/dist-packages:${PYTHONPATH} /usr/bin/cmake --install /root/nav2-ws/build/nav2_graceful_controller
