[0.010s] Invoking command in '/root/nav2-ws/build/nav2_voxel_grid': AMENT_PREFIX_PATH=/root/nav2-ws/install/nav2_common:${AMENT_PREFIX_PATH} CMAKE_PREFIX_PATH=/root/nav2-ws/install/nav2_common:/opt/ros/humble PYTHONPATH=/root/nav2-ws/install/nav2_common/local/lib/python3.10/dist-packages:${PYTHONPATH} /usr/bin/cmake /root/nav2-ws/src/navigation2/nav2_voxel_grid -DAMENT_CMAKE_SYMLINK_INSTALL=1 -DCMAKE_INSTALL_PREFIX=/root/nav2-ws/install/nav2_voxel_grid
[0.065s] -- The C compiler identification is GNU 11.4.0
[0.118s] -- The CXX compiler identification is GNU 11.4.0
[0.126s] -- Detecting C compiler ABI info
[0.197s] -- Detecting C compiler ABI info - done
[0.205s] -- Check for working C compiler: /usr/bin/cc - skipped
[0.206s] -- Detecting C compile features
[0.206s] -- Detecting C compile features - done
[0.209s] -- Detecting CXX compiler ABI info
[0.286s] -- Detecting CXX compiler ABI info - done
[0.296s] -- Check for working CXX compiler: /usr/bin/c++ - skipped
[0.296s] -- Detecting CXX compile features
[0.296s] -- Detecting CXX compile features - done
[0.300s] -- Found ament_cmake: 1.3.9 (/opt/ros/humble/share/ament_cmake/cmake)
[0.452s] -- Found Python3: /usr/bin/python3 (found version "3.10.12") found components: Interpreter 
[0.518s] -- Override CMake install command with custom implementation using symlinks instead of copying resources
[0.560s] -- Found nav2_common: 1.1.15 (/root/nav2-ws/install/nav2_common/share/nav2_common/cmake)
[0.563s] -- Found rclcpp: 16.0.9 (/opt/ros/humble/share/rclcpp/cmake)
[0.625s] -- Found rosidl_generator_c: 3.1.5 (/opt/ros/humble/share/rosidl_generator_c/cmake)
[0.633s] -- Found rosidl_adapter: 3.1.5 (/opt/ros/humble/share/rosidl_adapter/cmake)
[0.645s] -- Found rosidl_generator_cpp: 3.1.5 (/opt/ros/humble/share/rosidl_generator_cpp/cmake)
[0.662s] -- Using all available rosidl_typesupport_c: rosidl_typesupport_fastrtps_c;rosidl_typesupport_introspection_c
[0.686s] -- Using all available rosidl_typesupport_cpp: rosidl_typesupport_fastrtps_cpp;rosidl_typesupport_introspection_cpp
[0.785s] -- Found rmw_implementation_cmake: 6.1.2 (/opt/ros/humble/share/rmw_implementation_cmake/cmake)
[0.797s] -- Found rmw_fastrtps_cpp: 6.2.6 (/opt/ros/humble/share/rmw_fastrtps_cpp/cmake)
[0.937s] -- Found OpenSSL: /usr/lib/x86_64-linux-gnu/libcrypto.so (found version "3.0.2")  
[0.976s] -- Found FastRTPS: /opt/ros/humble/include  
[1.040s] -- Using RMW implementation 'rmw_fastrtps_cpp' as default
[1.053s] -- Looking for pthread.h
[1.129s] -- Looking for pthread.h - found
[1.129s] -- Performing Test CMAKE_HAVE_LIBC_PTHREAD
[1.240s] -- Performing Test CMAKE_HAVE_LIBC_PTHREAD - Success
[1.242s] -- Found Threads: TRUE  
[1.469s] -- Setting build type to Release as none was specified.
[1.474s] -- Found ament_lint_auto: 0.12.11 (/opt/ros/humble/share/ament_lint_auto/cmake)
[1.622s] -- Found gtest sources under '/opt/ros/humble/src/gtest_vendor': C++ tests using 'Google Test' will be built
[1.663s] -- Added test 'cppcheck' to perform static code analysis on C / C++ code
[1.664s] -- Configured cppcheck include dirs: /root/nav2-ws/src/navigation2/nav2_voxel_grid/include
[1.664s] -- Configured cppcheck exclude dirs and/or files: 
[1.668s] -- Added test 'cpplint' to check C / C++ code against the Google style
[1.668s] -- Configured cpplint exclude dirs and/or files: 
[1.671s] -- Added test 'lint_cmake' to check CMake code style
[1.674s] -- Added test 'uncrustify' to check C / C++ code style
[1.674s] -- Configured uncrustify additional arguments: 
[1.677s] -- Added test 'xmllint' to check XML markup files
[1.717s] -- Configuring done
[1.755s] -- Generating done
[1.757s] -- Build files have been written to: /root/nav2-ws/build/nav2_voxel_grid
[1.773s] Invoked command in '/root/nav2-ws/build/nav2_voxel_grid' returned '0': AMENT_PREFIX_PATH=/root/nav2-ws/install/nav2_common:${AMENT_PREFIX_PATH} CMAKE_PREFIX_PATH=/root/nav2-ws/install/nav2_common:/opt/ros/humble PYTHONPATH=/root/nav2-ws/install/nav2_common/local/lib/python3.10/dist-packages:${PYTHONPATH} /usr/bin/cmake /root/nav2-ws/src/navigation2/nav2_voxel_grid -DAMENT_CMAKE_SYMLINK_INSTALL=1 -DCMAKE_INSTALL_PREFIX=/root/nav2-ws/install/nav2_voxel_grid
[1.789s] Invoking command in '/root/nav2-ws/build/nav2_voxel_grid': AMENT_PREFIX_PATH=/root/nav2-ws/install/nav2_common:${AMENT_PREFIX_PATH} CMAKE_PREFIX_PATH=/root/nav2-ws/install/nav2_common:/opt/ros/humble PYTHONPATH=/root/nav2-ws/install/nav2_common/local/lib/python3.10/dist-packages:${PYTHONPATH} /usr/bin/cmake --build /root/nav2-ws/build/nav2_voxel_grid -- -j8 -l8
[1.929s] [ 10%] [32mBuilding CXX object gtest/CMakeFiles/gtest_main.dir/src/gtest_main.cc.o[0m
[1.936s] [ 20%] [32mBuilding CXX object gtest/CMakeFiles/gtest.dir/src/gtest-all.cc.o[0m
[2.000s] [ 30%] [32mBuilding CXX object CMakeFiles/voxel_grid.dir/src/voxel_grid.cpp.o[0m
[3.994s] [ 40%] [32m[1mLinking CXX static library libgtest_main.a[0m
[4.169s] [ 40%] Built target gtest_main
[7.410s] [ 50%] [32m[1mLinking CXX shared library libvoxel_grid.so[0m
[7.539s] [ 50%] Built target voxel_grid
[13.855s] [ 60%] [32m[1mLinking CXX static library libgtest.a[0m
[14.005s] [ 60%] Built target gtest
[14.067s] [ 70%] [32mBuilding CXX object test/CMakeFiles/voxel_grid_bresenham_3d.dir/voxel_grid_bresenham_3d.cpp.o[0m
[14.112s] [ 80%] [32mBuilding CXX object test/CMakeFiles/voxel_grid_tests.dir/voxel_grid_tests.cpp.o[0m
[24.821s] [ 90%] [32m[1mLinking CXX executable voxel_grid_tests[0m
[24.823s] [100%] [32m[1mLinking CXX executable voxel_grid_bresenham_3d[0m
[25.111s] [100%] Built target voxel_grid_bresenham_3d
[25.123s] [100%] Built target voxel_grid_tests
[25.161s] Invoked command in '/root/nav2-ws/build/nav2_voxel_grid' returned '0': AMENT_PREFIX_PATH=/root/nav2-ws/install/nav2_common:${AMENT_PREFIX_PATH} CMAKE_PREFIX_PATH=/root/nav2-ws/install/nav2_common:/opt/ros/humble PYTHONPATH=/root/nav2-ws/install/nav2_common/local/lib/python3.10/dist-packages:${PYTHONPATH} /usr/bin/cmake --build /root/nav2-ws/build/nav2_voxel_grid -- -j8 -l8
[25.290s] Invoking command in '/root/nav2-ws/build/nav2_voxel_grid': AMENT_PREFIX_PATH=/root/nav2-ws/install/nav2_common:${AMENT_PREFIX_PATH} CMAKE_PREFIX_PATH=/root/nav2-ws/install/nav2_common:/opt/ros/humble PYTHONPATH=/root/nav2-ws/install/nav2_common/local/lib/python3.10/dist-packages:${PYTHONPATH} /usr/bin/cmake --install /root/nav2-ws/build/nav2_voxel_grid
[25.305s] -- Install configuration: "Release"
[25.307s] -- Execute custom install script
[25.310s] -- Symlinking: /root/nav2-ws/install/nav2_voxel_grid/lib/libvoxel_grid.so
[25.328s] -- Symlinking: /root/nav2-ws/install/nav2_voxel_grid/include/nav2_voxel_grid/voxel_grid.hpp
[25.354s] -- Symlinking: /root/nav2-ws/install/nav2_voxel_grid/share/nav2_voxel_grid/environment/library_path.sh
[25.380s] -- Symlinking: /root/nav2-ws/install/nav2_voxel_grid/share/nav2_voxel_grid/environment/library_path.dsv
[25.399s] -- Symlinking: /root/nav2-ws/install/nav2_voxel_grid/share/ament_index/resource_index/package_run_dependencies/nav2_voxel_grid
[25.424s] -- Symlinking: /root/nav2-ws/install/nav2_voxel_grid/share/ament_index/resource_index/parent_prefix_path/nav2_voxel_grid
[25.438s] -- Symlinking: /root/nav2-ws/install/nav2_voxel_grid/share/nav2_voxel_grid/environment/ament_prefix_path.sh
[25.453s] -- Symlinking: /root/nav2-ws/install/nav2_voxel_grid/share/nav2_voxel_grid/environment/ament_prefix_path.dsv
[25.466s] -- Symlinking: /root/nav2-ws/install/nav2_voxel_grid/share/nav2_voxel_grid/environment/path.sh
[25.491s] -- Symlinking: /root/nav2-ws/install/nav2_voxel_grid/share/nav2_voxel_grid/environment/path.dsv
[25.508s] -- Symlinking: /root/nav2-ws/install/nav2_voxel_grid/share/nav2_voxel_grid/local_setup.bash
[25.521s] -- Symlinking: /root/nav2-ws/install/nav2_voxel_grid/share/nav2_voxel_grid/local_setup.sh
[25.538s] -- Symlinking: /root/nav2-ws/install/nav2_voxel_grid/share/nav2_voxel_grid/local_setup.zsh
[25.552s] -- Symlinking: /root/nav2-ws/install/nav2_voxel_grid/share/nav2_voxel_grid/local_setup.dsv
[25.566s] -- Symlinking: /root/nav2-ws/install/nav2_voxel_grid/share/nav2_voxel_grid/package.dsv
[25.580s] -- Symlinking: /root/nav2-ws/install/nav2_voxel_grid/share/ament_index/resource_index/packages/nav2_voxel_grid
[25.605s] -- Symlinking: /root/nav2-ws/install/nav2_voxel_grid/share/nav2_voxel_grid/cmake/ament_cmake_export_dependencies-extras.cmake
[25.623s] -- Symlinking: /root/nav2-ws/install/nav2_voxel_grid/share/nav2_voxel_grid/cmake/ament_cmake_export_include_directories-extras.cmake
[25.639s] -- Symlinking: /root/nav2-ws/install/nav2_voxel_grid/share/nav2_voxel_grid/cmake/ament_cmake_export_libraries-extras.cmake
[25.654s] -- Symlinking: /root/nav2-ws/install/nav2_voxel_grid/share/nav2_voxel_grid/cmake/nav2_voxel_gridConfig.cmake
[25.681s] -- Symlinking: /root/nav2-ws/install/nav2_voxel_grid/share/nav2_voxel_grid/cmake/nav2_voxel_gridConfig-version.cmake
[25.699s] -- Symlinking: /root/nav2-ws/install/nav2_voxel_grid/share/nav2_voxel_grid/package.xml
[25.733s] Invoked command in '/root/nav2-ws/build/nav2_voxel_grid' returned '0': AMENT_PREFIX_PATH=/root/nav2-ws/install/nav2_common:${AMENT_PREFIX_PATH} CMAKE_PREFIX_PATH=/root/nav2-ws/install/nav2_common:/opt/ros/humble PYTHONPATH=/root/nav2-ws/install/nav2_common/local/lib/python3.10/dist-packages:${PYTHONPATH} /usr/bin/cmake --install /root/nav2-ws/build/nav2_voxel_grid
