-- The C compiler identification is GNU 11.4.0
-- The CXX compiler identification is GNU 11.4.0
-- Detecting C compiler ABI info
-- Detecting C compiler ABI info - done
-- Check for working C compiler: /usr/bin/cc - skipped
-- Detecting C compile features
-- Detecting C compile features - done
-- Detecting CXX compiler ABI info
-- Detecting CXX compiler ABI info - done
-- Check for working CXX compiler: /usr/bin/c++ - skipped
-- Detecting CXX compile features
-- Detecting CXX compile features - done
-- Found ament_cmake: 1.3.9 (/opt/ros/humble/share/ament_cmake/cmake)
-- Found Python3: /usr/bin/python3 (found version "3.10.12") found components: Interpreter 
-- Override CMake install command with custom implementation using symlinks instead of copying resources
-- Found nav2_common: 1.1.15 (/root/nav2-ws/install/nav2_common/share/nav2_common/cmake)
-- Found rclcpp: 16.0.9 (/opt/ros/humble/share/rclcpp/cmake)
-- Found rosidl_generator_c: 3.1.5 (/opt/ros/humble/share/rosidl_generator_c/cmake)
-- Found rosidl_adapter: 3.1.5 (/opt/ros/humble/share/rosidl_adapter/cmake)
-- Found rosidl_generator_cpp: 3.1.5 (/opt/ros/humble/share/rosidl_generator_cpp/cmake)
-- Using all available rosidl_typesupport_c: rosidl_typesupport_fastrtps_c;rosidl_typesupport_introspection_c
-- Using all available rosidl_typesupport_cpp: rosidl_typesupport_fastrtps_cpp;rosidl_typesupport_introspection_cpp
-- Found rmw_implementation_cmake: 6.1.2 (/opt/ros/humble/share/rmw_implementation_cmake/cmake)
-- Found rmw_fastrtps_cpp: 6.2.6 (/opt/ros/humble/share/rmw_fastrtps_cpp/cmake)
-- Found OpenSSL: /usr/lib/x86_64-linux-gnu/libcrypto.so (found version "3.0.2")  
-- Found FastRTPS: /opt/ros/humble/include  
-- Using RMW implementation 'rmw_fastrtps_cpp' as default
-- Looking for pthread.h
-- Looking for pthread.h - found
-- Performing Test CMAKE_HAVE_LIBC_PTHREAD
-- Performing Test CMAKE_HAVE_LIBC_PTHREAD - Success
-- Found Threads: TRUE  
-- Found rclcpp_components: 16.0.9 (/opt/ros/humble/share/rclcpp_components/cmake)
-- Found geometry_msgs: 4.2.4 (/opt/ros/humble/share/geometry_msgs/cmake)
-- Found nav2_util: 1.1.15 (/root/nav2-ws/install/nav2_util/share/nav2_util/cmake)
-- Found eigen3_cmake_module: 0.1.1 (/opt/ros/humble/share/eigen3_cmake_module/cmake)
-- Found Eigen3: TRUE (found version "3.4.0") 
-- Ensuring Eigen3 include directory is part of orocos-kdl CMake target
-- Setting build type to Release as none was specified.
-- Found ament_lint_auto: 0.12.11 (/opt/ros/humble/share/ament_lint_auto/cmake)
-- Found gtest sources under '/opt/ros/humble/src/gtest_vendor': C++ tests using 'Google Test' will be built
-- Added test 'cppcheck' to perform static code analysis on C / C++ code
-- Configured cppcheck include dirs: /root/nav2-ws/src/navigation2/nav2_velocity_smoother/include
-- Configured cppcheck exclude dirs and/or files: 
-- Added test 'cpplint' to check C / C++ code against the Google style
-- Configured cpplint exclude dirs and/or files: 
-- Added test 'lint_cmake' to check CMake code style
-- Added test 'uncrustify' to check C / C++ code style
-- Configured uncrustify additional arguments: 
-- Added test 'xmllint' to check XML markup files
-- Configuring done
-- Generating done
-- Build files have been written to: /root/nav2-ws/build/nav2_velocity_smoother
[ 20%] [32mBuilding CXX object CMakeFiles/velocity_smoother_core.dir/src/velocity_smoother.cpp.o[0m
[ 20%] [32mBuilding CXX object gtest/CMakeFiles/gtest_main.dir/src/gtest_main.cc.o[0m
[ 30%] [32mBuilding CXX object gtest/CMakeFiles/gtest.dir/src/gtest-all.cc.o[0m
[ 40%] [32m[1mLinking CXX static library libgtest_main.a[0m
[ 40%] Built target gtest_main
[ 50%] [32m[1mLinking CXX static library libgtest.a[0m
[ 50%] Built target gtest
[ 60%] [32m[1mLinking CXX shared library libvelocity_smoother_core.so[0m
[ 60%] Built target velocity_smoother_core
[ 70%] [32mBuilding CXX object CMakeFiles/velocity_smoother.dir/src/main.cpp.o[0m
[ 80%] [32m[1mLinking CXX executable velocity_smoother[0m
[ 80%] Built target velocity_smoother
[ 90%] [32mBuilding CXX object test/CMakeFiles/velocity_smoother_tests.dir/test_velocity_smoother.cpp.o[0m
[100%] [32m[1mLinking CXX executable velocity_smoother_tests[0m
[100%] Built target velocity_smoother_tests
-- Install configuration: "Release"
-- Execute custom install script
-- Symlinking: /root/nav2-ws/install/nav2_velocity_smoother/lib/libvelocity_smoother_core.so
-- Symlinking: /root/nav2-ws/install/nav2_velocity_smoother/lib/nav2_velocity_smoother/velocity_smoother
-- Symlinking: /root/nav2-ws/install/nav2_velocity_smoother/include//nav2_velocity_smoother/velocity_smoother.hpp
-- Symlinking: /root/nav2-ws/install/nav2_velocity_smoother/share/nav2_velocity_smoother/environment/library_path.sh
-- Symlinking: /root/nav2-ws/install/nav2_velocity_smoother/share/nav2_velocity_smoother/environment/library_path.dsv
-- Symlinking: /root/nav2-ws/install/nav2_velocity_smoother/share/ament_index/resource_index/package_run_dependencies/nav2_velocity_smoother
-- Symlinking: /root/nav2-ws/install/nav2_velocity_smoother/share/ament_index/resource_index/parent_prefix_path/nav2_velocity_smoother
-- Symlinking: /root/nav2-ws/install/nav2_velocity_smoother/share/nav2_velocity_smoother/environment/ament_prefix_path.sh
-- Symlinking: /root/nav2-ws/install/nav2_velocity_smoother/share/nav2_velocity_smoother/environment/ament_prefix_path.dsv
-- Symlinking: /root/nav2-ws/install/nav2_velocity_smoother/share/nav2_velocity_smoother/environment/path.sh
-- Symlinking: /root/nav2-ws/install/nav2_velocity_smoother/share/nav2_velocity_smoother/environment/path.dsv
-- Symlinking: /root/nav2-ws/install/nav2_velocity_smoother/share/nav2_velocity_smoother/local_setup.bash
-- Symlinking: /root/nav2-ws/install/nav2_velocity_smoother/share/nav2_velocity_smoother/local_setup.sh
-- Symlinking: /root/nav2-ws/install/nav2_velocity_smoother/share/nav2_velocity_smoother/local_setup.zsh
-- Symlinking: /root/nav2-ws/install/nav2_velocity_smoother/share/nav2_velocity_smoother/local_setup.dsv
-- Symlinking: /root/nav2-ws/install/nav2_velocity_smoother/share/nav2_velocity_smoother/package.dsv
-- Symlinking: /root/nav2-ws/install/nav2_velocity_smoother/share/ament_index/resource_index/packages/nav2_velocity_smoother
-- Symlinking: /root/nav2-ws/install/nav2_velocity_smoother/share/ament_index/resource_index/rclcpp_components/nav2_velocity_smoother
-- Symlinking: /root/nav2-ws/install/nav2_velocity_smoother/share/nav2_velocity_smoother/cmake/ament_cmake_export_include_directories-extras.cmake
-- Symlinking: /root/nav2-ws/install/nav2_velocity_smoother/share/nav2_velocity_smoother/cmake/ament_cmake_export_libraries-extras.cmake
-- Symlinking: /root/nav2-ws/install/nav2_velocity_smoother/share/nav2_velocity_smoother/cmake/ament_cmake_export_dependencies-extras.cmake
-- Symlinking: /root/nav2-ws/install/nav2_velocity_smoother/share/nav2_velocity_smoother/cmake/nav2_velocity_smootherConfig.cmake
-- Symlinking: /root/nav2-ws/install/nav2_velocity_smoother/share/nav2_velocity_smoother/cmake/nav2_velocity_smootherConfig-version.cmake
-- Symlinking: /root/nav2-ws/install/nav2_velocity_smoother/share/nav2_velocity_smoother/package.xml
