[0.079s] Invoking command in '/root/nav2-ws/build/nav2_smoother': AMENT_PREFIX_PATH=/root/nav2-ws/install/nav2_core:/root/nav2-ws/install/nav2_costmap_2d:/root/nav2-ws/install/nav_2d_utils:/root/nav2-ws/install/nav2_map_server:/root/nav2-ws/install/nav2_lifecycle_manager:/root/nav2-ws/install/nav2_util:/root/nav2-ws/install/nav2_voxel_grid:/root/nav2-ws/install/nav2_msgs:/root/nav2-ws/install/nav_2d_msgs:/root/nav2-ws/install/nav2_common:${AMENT_PREFIX_PATH} CMAKE_PREFIX_PATH=/root/nav2-ws/install/nav2_core:/root/nav2-ws/install/nav2_costmap_2d:/root/nav2-ws/install/nav_2d_utils:/root/nav2-ws/install/nav2_map_server:/root/nav2-ws/install/nav2_lifecycle_manager:/root/nav2-ws/install/nav2_util:/root/nav2-ws/install/nav2_voxel_grid:/root/nav2-ws/install/nav2_msgs:/root/nav2-ws/install/nav_2d_msgs:/root/nav2-ws/install/nav2_common:/opt/ros/humble LD_LIBRARY_PATH=/root/nav2-ws/install/nav2_costmap_2d/lib:/root/nav2-ws/install/nav_2d_utils/lib:/root/nav2-ws/install/nav2_map_server/lib:/root/nav2-ws/install/nav2_lifecycle_manager/lib:/root/nav2-ws/install/nav2_util/lib:/root/nav2-ws/install/nav2_voxel_grid/lib:/root/nav2-ws/install/nav2_msgs/lib:/root/nav2-ws/install/nav_2d_msgs/lib:${LD_LIBRARY_PATH} PYTHONPATH=/root/nav2-ws/install/nav2_msgs/local/lib/python3.10/dist-packages:/root/nav2-ws/install/nav_2d_msgs/local/lib/python3.10/dist-packages:/root/nav2-ws/install/nav2_common/local/lib/python3.10/dist-packages:${PYTHONPATH} /usr/bin/cmake /root/nav2-ws/src/navigation2/nav2_smoother -DAMENT_CMAKE_SYMLINK_INSTALL=1 -DCMAKE_INSTALL_PREFIX=/root/nav2-ws/install/nav2_smoother
[14.498s] -- The C compiler identification is GNU 11.4.0
[14.501s] -- The CXX compiler identification is GNU 11.4.0
[14.502s] -- Detecting C compiler ABI info
[14.502s] -- Detecting C compiler ABI info - done
[14.502s] -- Check for working C compiler: /usr/bin/cc - skipped
[14.502s] -- Detecting C compile features
[14.502s] -- Detecting C compile features - done
[14.502s] -- Detecting CXX compiler ABI info
[14.502s] -- Detecting CXX compiler ABI info - done
[14.502s] -- Check for working CXX compiler: /usr/bin/c++ - skipped
[14.503s] -- Detecting CXX compile features
[14.503s] -- Detecting CXX compile features - done
[14.503s] -- Found ament_cmake: 1.3.9 (/opt/ros/humble/share/ament_cmake/cmake)
[14.503s] -- Found Python3: /usr/bin/python3 (found version "3.10.12") found components: Interpreter 
[14.503s] -- Override CMake install command with custom implementation using symlinks instead of copying resources
[14.503s] -- Found nav2_core: 1.1.15 (/root/nav2-ws/install/nav2_core/share/nav2_core/cmake)
[14.503s] -- Found rosidl_generator_c: 3.1.5 (/opt/ros/humble/share/rosidl_generator_c/cmake)
[14.503s] -- Found rosidl_adapter: 3.1.5 (/opt/ros/humble/share/rosidl_adapter/cmake)
[14.504s] -- Found rosidl_generator_cpp: 3.1.5 (/opt/ros/humble/share/rosidl_generator_cpp/cmake)
[14.504s] -- Using all available rosidl_typesupport_c: rosidl_typesupport_fastrtps_c;rosidl_typesupport_introspection_c
[14.504s] -- Using all available rosidl_typesupport_cpp: rosidl_typesupport_fastrtps_cpp;rosidl_typesupport_introspection_cpp
[14.504s] -- Found rmw_implementation_cmake: 6.1.2 (/opt/ros/humble/share/rmw_implementation_cmake/cmake)
[14.504s] -- Found rmw_fastrtps_cpp: 6.2.6 (/opt/ros/humble/share/rmw_fastrtps_cpp/cmake)
[14.504s] -- Found OpenSSL: /usr/lib/x86_64-linux-gnu/libcrypto.so (found version "3.0.2")  
[14.504s] -- Found FastRTPS: /opt/ros/humble/include  
[14.504s] -- Using RMW implementation 'rmw_fastrtps_cpp' as default
[14.505s] -- Looking for pthread.h
[14.505s] -- Looking for pthread.h - found
[14.505s] -- Performing Test CMAKE_HAVE_LIBC_PTHREAD
[14.505s] -- Performing Test CMAKE_HAVE_LIBC_PTHREAD - Success
[14.505s] -- Found Threads: TRUE  
[14.505s] -- Found Eigen3: TRUE (found version "3.4.0") 
[14.505s] -- Ensuring Eigen3 include directory is part of orocos-kdl CMake target
[14.505s] -- Found nav2_common: 1.1.15 (/root/nav2-ws/install/nav2_common/share/nav2_common/cmake)
[14.505s] -- Found nav_2d_utils: 1.1.15 (/root/nav2-ws/install/nav_2d_utils/share/nav_2d_utils/cmake)
[14.506s] -- Setting build type to Release as none was specified.
[39.656s] -- Found ament_lint_auto: 0.12.11 (/opt/ros/humble/share/ament_lint_auto/cmake)
[39.884s] -- Found gtest sources under '/opt/ros/humble/src/gtest_vendor': C++ tests using 'Google Test' will be built
[61.954s] -- Added test 'cppcheck' to perform static code analysis on C / C++ code
[61.956s] -- Configured cppcheck include dirs: /root/nav2-ws/src/navigation2/nav2_smoother/include
[61.956s] -- Configured cppcheck exclude dirs and/or files: 
[61.959s] -- Added test 'cpplint' to check C / C++ code against the Google style
[61.959s] -- Configured cpplint exclude dirs and/or files: 
[61.961s] -- Added test 'lint_cmake' to check CMake code style
[61.964s] -- Added test 'uncrustify' to check C / C++ code style
[61.964s] -- Configured uncrustify additional arguments: 
[61.965s] -- Added test 'xmllint' to check XML markup files
[61.974s] -- Configuring done
[62.550s] -- Generating done
[62.550s] -- Build files have been written to: /root/nav2-ws/build/nav2_smoother
[62.590s] Invoked command in '/root/nav2-ws/build/nav2_smoother' returned '0': AMENT_PREFIX_PATH=/root/nav2-ws/install/nav2_core:/root/nav2-ws/install/nav2_costmap_2d:/root/nav2-ws/install/nav_2d_utils:/root/nav2-ws/install/nav2_map_server:/root/nav2-ws/install/nav2_lifecycle_manager:/root/nav2-ws/install/nav2_util:/root/nav2-ws/install/nav2_voxel_grid:/root/nav2-ws/install/nav2_msgs:/root/nav2-ws/install/nav_2d_msgs:/root/nav2-ws/install/nav2_common:${AMENT_PREFIX_PATH} CMAKE_PREFIX_PATH=/root/nav2-ws/install/nav2_core:/root/nav2-ws/install/nav2_costmap_2d:/root/nav2-ws/install/nav_2d_utils:/root/nav2-ws/install/nav2_map_server:/root/nav2-ws/install/nav2_lifecycle_manager:/root/nav2-ws/install/nav2_util:/root/nav2-ws/install/nav2_voxel_grid:/root/nav2-ws/install/nav2_msgs:/root/nav2-ws/install/nav_2d_msgs:/root/nav2-ws/install/nav2_common:/opt/ros/humble LD_LIBRARY_PATH=/root/nav2-ws/install/nav2_costmap_2d/lib:/root/nav2-ws/install/nav_2d_utils/lib:/root/nav2-ws/install/nav2_map_server/lib:/root/nav2-ws/install/nav2_lifecycle_manager/lib:/root/nav2-ws/install/nav2_util/lib:/root/nav2-ws/install/nav2_voxel_grid/lib:/root/nav2-ws/install/nav2_msgs/lib:/root/nav2-ws/install/nav_2d_msgs/lib:${LD_LIBRARY_PATH} PYTHONPATH=/root/nav2-ws/install/nav2_msgs/local/lib/python3.10/dist-packages:/root/nav2-ws/install/nav_2d_msgs/local/lib/python3.10/dist-packages:/root/nav2-ws/install/nav2_common/local/lib/python3.10/dist-packages:${PYTHONPATH} /usr/bin/cmake /root/nav2-ws/src/navigation2/nav2_smoother -DAMENT_CMAKE_SYMLINK_INSTALL=1 -DCMAKE_INSTALL_PREFIX=/root/nav2-ws/install/nav2_smoother
[62.590s] Invoking command in '/root/nav2-ws/build/nav2_smoother': AMENT_PREFIX_PATH=/root/nav2-ws/install/nav2_core:/root/nav2-ws/install/nav2_costmap_2d:/root/nav2-ws/install/nav_2d_utils:/root/nav2-ws/install/nav2_map_server:/root/nav2-ws/install/nav2_lifecycle_manager:/root/nav2-ws/install/nav2_util:/root/nav2-ws/install/nav2_voxel_grid:/root/nav2-ws/install/nav2_msgs:/root/nav2-ws/install/nav_2d_msgs:/root/nav2-ws/install/nav2_common:${AMENT_PREFIX_PATH} CMAKE_PREFIX_PATH=/root/nav2-ws/install/nav2_core:/root/nav2-ws/install/nav2_costmap_2d:/root/nav2-ws/install/nav_2d_utils:/root/nav2-ws/install/nav2_map_server:/root/nav2-ws/install/nav2_lifecycle_manager:/root/nav2-ws/install/nav2_util:/root/nav2-ws/install/nav2_voxel_grid:/root/nav2-ws/install/nav2_msgs:/root/nav2-ws/install/nav_2d_msgs:/root/nav2-ws/install/nav2_common:/opt/ros/humble LD_LIBRARY_PATH=/root/nav2-ws/install/nav2_costmap_2d/lib:/root/nav2-ws/install/nav_2d_utils/lib:/root/nav2-ws/install/nav2_map_server/lib:/root/nav2-ws/install/nav2_lifecycle_manager/lib:/root/nav2-ws/install/nav2_util/lib:/root/nav2-ws/install/nav2_voxel_grid/lib:/root/nav2-ws/install/nav2_msgs/lib:/root/nav2-ws/install/nav_2d_msgs/lib:${LD_LIBRARY_PATH} PYTHONPATH=/root/nav2-ws/install/nav2_msgs/local/lib/python3.10/dist-packages:/root/nav2-ws/install/nav_2d_msgs/local/lib/python3.10/dist-packages:/root/nav2-ws/install/nav2_common/local/lib/python3.10/dist-packages:${PYTHONPATH} /usr/bin/cmake --build /root/nav2-ws/build/nav2_smoother -- -j8 -l8
[62.758s] [  5%] [32mBuilding CXX object CMakeFiles/smoother_server_core.dir/src/nav2_smoother.cpp.o[0m
[94.723s] [ 11%] [32m[1mLinking CXX shared library libsmoother_server_core.so[0m
[96.062s] [ 11%] Built target smoother_server_core
[96.127s] [ 16%] [32mBuilding CXX object gtest/CMakeFiles/gtest.dir/src/gtest-all.cc.o[0m
[110.432s] [ 22%] [32m[1mLinking CXX static library libgtest.a[0m
[110.494s] [ 22%] Built target gtest
[110.531s] [ 27%] [32mBuilding CXX object CMakeFiles/smoother_server.dir/src/main.cpp.o[0m
[120.168s] [ 33%] [32m[1mLinking CXX executable smoother_server[0m
[120.842s] [ 33%] Built target smoother_server
[120.875s] [ 38%] [32mBuilding CXX object gtest/CMakeFiles/gtest_main.dir/src/gtest_main.cc.o[0m
[122.506s] [ 44%] [32m[1mLinking CXX static library libgtest_main.a[0m
[122.568s] [ 44%] Built target gtest_main
[122.610s] [ 50%] [32mBuilding CXX object CMakeFiles/savitzky_golay_smoother.dir/src/savitzky_golay_smoother.cpp.o[0m
[133.538s] [ 55%] [32m[1mLinking CXX shared library libsavitzky_golay_smoother.so[0m
[134.944s] [ 55%] Built target savitzky_golay_smoother
[135.111s] [ 61%] [32mBuilding CXX object test/CMakeFiles/test_smoother_server.dir/test_smoother_server.cpp.o[0m
[171.859s] [ 66%] [32m[1mLinking CXX executable test_smoother_server[0m
[173.572s] [ 66%] Built target test_smoother_server
[173.625s] [ 72%] [32mBuilding CXX object test/CMakeFiles/test_savitzky_golay_smoother.dir/test_savitzky_golay_smoother.cpp.o[0m
[189.364s] [ 77%] [32m[1mLinking CXX executable test_savitzky_golay_smoother[0m
[190.661s] [ 77%] Built target test_savitzky_golay_smoother
[190.710s] [ 83%] [32mBuilding CXX object CMakeFiles/simple_smoother.dir/src/simple_smoother.cpp.o[0m
[203.805s] [ 88%] [32m[1mLinking CXX shared library libsimple_smoother.so[0m
[204.745s] [ 88%] Built target simple_smoother
[204.787s] [ 94%] [32mBuilding CXX object test/CMakeFiles/test_simple_smoother.dir/test_simple_smoother.cpp.o[0m
[216.483s] [100%] [32m[1mLinking CXX executable test_simple_smoother[0m
[217.191s] [100%] Built target test_simple_smoother
[217.245s] Invoked command in '/root/nav2-ws/build/nav2_smoother' returned '0': AMENT_PREFIX_PATH=/root/nav2-ws/install/nav2_core:/root/nav2-ws/install/nav2_costmap_2d:/root/nav2-ws/install/nav_2d_utils:/root/nav2-ws/install/nav2_map_server:/root/nav2-ws/install/nav2_lifecycle_manager:/root/nav2-ws/install/nav2_util:/root/nav2-ws/install/nav2_voxel_grid:/root/nav2-ws/install/nav2_msgs:/root/nav2-ws/install/nav_2d_msgs:/root/nav2-ws/install/nav2_common:${AMENT_PREFIX_PATH} CMAKE_PREFIX_PATH=/root/nav2-ws/install/nav2_core:/root/nav2-ws/install/nav2_costmap_2d:/root/nav2-ws/install/nav_2d_utils:/root/nav2-ws/install/nav2_map_server:/root/nav2-ws/install/nav2_lifecycle_manager:/root/nav2-ws/install/nav2_util:/root/nav2-ws/install/nav2_voxel_grid:/root/nav2-ws/install/nav2_msgs:/root/nav2-ws/install/nav_2d_msgs:/root/nav2-ws/install/nav2_common:/opt/ros/humble LD_LIBRARY_PATH=/root/nav2-ws/install/nav2_costmap_2d/lib:/root/nav2-ws/install/nav_2d_utils/lib:/root/nav2-ws/install/nav2_map_server/lib:/root/nav2-ws/install/nav2_lifecycle_manager/lib:/root/nav2-ws/install/nav2_util/lib:/root/nav2-ws/install/nav2_voxel_grid/lib:/root/nav2-ws/install/nav2_msgs/lib:/root/nav2-ws/install/nav_2d_msgs/lib:${LD_LIBRARY_PATH} PYTHONPATH=/root/nav2-ws/install/nav2_msgs/local/lib/python3.10/dist-packages:/root/nav2-ws/install/nav_2d_msgs/local/lib/python3.10/dist-packages:/root/nav2-ws/install/nav2_common/local/lib/python3.10/dist-packages:${PYTHONPATH} /usr/bin/cmake --build /root/nav2-ws/build/nav2_smoother -- -j8 -l8
[217.327s] Invoking command in '/root/nav2-ws/build/nav2_smoother': AMENT_PREFIX_PATH=/root/nav2-ws/install/nav2_core:/root/nav2-ws/install/nav2_costmap_2d:/root/nav2-ws/install/nav_2d_utils:/root/nav2-ws/install/nav2_map_server:/root/nav2-ws/install/nav2_lifecycle_manager:/root/nav2-ws/install/nav2_util:/root/nav2-ws/install/nav2_voxel_grid:/root/nav2-ws/install/nav2_msgs:/root/nav2-ws/install/nav_2d_msgs:/root/nav2-ws/install/nav2_common:${AMENT_PREFIX_PATH} CMAKE_PREFIX_PATH=/root/nav2-ws/install/nav2_core:/root/nav2-ws/install/nav2_costmap_2d:/root/nav2-ws/install/nav_2d_utils:/root/nav2-ws/install/nav2_map_server:/root/nav2-ws/install/nav2_lifecycle_manager:/root/nav2-ws/install/nav2_util:/root/nav2-ws/install/nav2_voxel_grid:/root/nav2-ws/install/nav2_msgs:/root/nav2-ws/install/nav_2d_msgs:/root/nav2-ws/install/nav2_common:/opt/ros/humble LD_LIBRARY_PATH=/root/nav2-ws/install/nav2_costmap_2d/lib:/root/nav2-ws/install/nav_2d_utils/lib:/root/nav2-ws/install/nav2_map_server/lib:/root/nav2-ws/install/nav2_lifecycle_manager/lib:/root/nav2-ws/install/nav2_util/lib:/root/nav2-ws/install/nav2_voxel_grid/lib:/root/nav2-ws/install/nav2_msgs/lib:/root/nav2-ws/install/nav_2d_msgs/lib:${LD_LIBRARY_PATH} PYTHONPATH=/root/nav2-ws/install/nav2_msgs/local/lib/python3.10/dist-packages:/root/nav2-ws/install/nav_2d_msgs/local/lib/python3.10/dist-packages:/root/nav2-ws/install/nav2_common/local/lib/python3.10/dist-packages:${PYTHONPATH} /usr/bin/cmake --install /root/nav2-ws/build/nav2_smoother
[217.599s] -- Install configuration: "Release"
[217.599s] -- Execute custom install script
[217.599s] -- Symlinking: /root/nav2-ws/install/nav2_smoother/share/nav2_smoother//plugins.xml
[217.599s] -- Symlinking: /root/nav2-ws/install/nav2_smoother/lib/libsmoother_server_core.so
[217.600s] -- Symlinking: /root/nav2-ws/install/nav2_smoother/lib/libsimple_smoother.so
[217.600s] -- Symlinking: /root/nav2-ws/install/nav2_smoother/lib/libsavitzky_golay_smoother.so
[217.600s] -- Symlinking: /root/nav2-ws/install/nav2_smoother/lib/nav2_smoother/smoother_server
[217.600s] -- Symlinking: /root/nav2-ws/install/nav2_smoother/include//nav2_smoother/nav2_smoother.hpp
[217.600s] -- Symlinking: /root/nav2-ws/install/nav2_smoother/include//nav2_smoother/savitzky_golay_smoother.hpp
[217.600s] -- Symlinking: /root/nav2-ws/install/nav2_smoother/include//nav2_smoother/simple_smoother.hpp
[217.600s] -- Symlinking: /root/nav2-ws/install/nav2_smoother/include//nav2_smoother/smoother_utils.hpp
[217.600s] -- Symlinking: /root/nav2-ws/install/nav2_smoother/share/nav2_smoother/environment/library_path.sh
[217.600s] -- Symlinking: /root/nav2-ws/install/nav2_smoother/share/nav2_smoother/environment/library_path.dsv
[217.601s] -- Symlinking: /root/nav2-ws/install/nav2_smoother/share/ament_index/resource_index/package_run_dependencies/nav2_smoother
[217.601s] -- Symlinking: /root/nav2-ws/install/nav2_smoother/share/ament_index/resource_index/parent_prefix_path/nav2_smoother
[217.601s] -- Symlinking: /root/nav2-ws/install/nav2_smoother/share/nav2_smoother/environment/ament_prefix_path.sh
[217.619s] -- Symlinking: /root/nav2-ws/install/nav2_smoother/share/nav2_smoother/environment/ament_prefix_path.dsv
[217.640s] -- Symlinking: /root/nav2-ws/install/nav2_smoother/share/nav2_smoother/environment/path.sh
[217.659s] -- Symlinking: /root/nav2-ws/install/nav2_smoother/share/nav2_smoother/environment/path.dsv
[217.679s] -- Symlinking: /root/nav2-ws/install/nav2_smoother/share/nav2_smoother/local_setup.bash
[217.698s] -- Symlinking: /root/nav2-ws/install/nav2_smoother/share/nav2_smoother/local_setup.sh
[217.719s] -- Symlinking: /root/nav2-ws/install/nav2_smoother/share/nav2_smoother/local_setup.zsh
[217.734s] -- Symlinking: /root/nav2-ws/install/nav2_smoother/share/nav2_smoother/local_setup.dsv
[217.750s] -- Symlinking: /root/nav2-ws/install/nav2_smoother/share/nav2_smoother/package.dsv
[217.765s] -- Symlinking: /root/nav2-ws/install/nav2_smoother/share/ament_index/resource_index/packages/nav2_smoother
[217.781s] -- Symlinking: /root/nav2-ws/install/nav2_smoother/share/ament_index/resource_index/nav2_core__pluginlib__plugin/nav2_smoother
[217.797s] -- Symlinking: /root/nav2-ws/install/nav2_smoother/share/ament_index/resource_index/rclcpp_components/nav2_smoother
[217.812s] -- Symlinking: /root/nav2-ws/install/nav2_smoother/share/nav2_smoother/cmake/ament_cmake_export_include_directories-extras.cmake
[217.830s] -- Symlinking: /root/nav2-ws/install/nav2_smoother/share/nav2_smoother/cmake/ament_cmake_export_libraries-extras.cmake
[217.845s] -- Symlinking: /root/nav2-ws/install/nav2_smoother/share/nav2_smoother/cmake/ament_cmake_export_dependencies-extras.cmake
[217.861s] -- Symlinking: /root/nav2-ws/install/nav2_smoother/share/nav2_smoother/cmake/nav2_smootherConfig.cmake
[217.876s] -- Symlinking: /root/nav2-ws/install/nav2_smoother/share/nav2_smoother/cmake/nav2_smootherConfig-version.cmake
[217.892s] -- Symlinking: /root/nav2-ws/install/nav2_smoother/share/nav2_smoother/package.xml
[217.912s] Invoked command in '/root/nav2-ws/build/nav2_smoother' returned '0': AMENT_PREFIX_PATH=/root/nav2-ws/install/nav2_core:/root/nav2-ws/install/nav2_costmap_2d:/root/nav2-ws/install/nav_2d_utils:/root/nav2-ws/install/nav2_map_server:/root/nav2-ws/install/nav2_lifecycle_manager:/root/nav2-ws/install/nav2_util:/root/nav2-ws/install/nav2_voxel_grid:/root/nav2-ws/install/nav2_msgs:/root/nav2-ws/install/nav_2d_msgs:/root/nav2-ws/install/nav2_common:${AMENT_PREFIX_PATH} CMAKE_PREFIX_PATH=/root/nav2-ws/install/nav2_core:/root/nav2-ws/install/nav2_costmap_2d:/root/nav2-ws/install/nav_2d_utils:/root/nav2-ws/install/nav2_map_server:/root/nav2-ws/install/nav2_lifecycle_manager:/root/nav2-ws/install/nav2_util:/root/nav2-ws/install/nav2_voxel_grid:/root/nav2-ws/install/nav2_msgs:/root/nav2-ws/install/nav_2d_msgs:/root/nav2-ws/install/nav2_common:/opt/ros/humble LD_LIBRARY_PATH=/root/nav2-ws/install/nav2_costmap_2d/lib:/root/nav2-ws/install/nav_2d_utils/lib:/root/nav2-ws/install/nav2_map_server/lib:/root/nav2-ws/install/nav2_lifecycle_manager/lib:/root/nav2-ws/install/nav2_util/lib:/root/nav2-ws/install/nav2_voxel_grid/lib:/root/nav2-ws/install/nav2_msgs/lib:/root/nav2-ws/install/nav_2d_msgs/lib:${LD_LIBRARY_PATH} PYTHONPATH=/root/nav2-ws/install/nav2_msgs/local/lib/python3.10/dist-packages:/root/nav2-ws/install/nav_2d_msgs/local/lib/python3.10/dist-packages:/root/nav2-ws/install/nav2_common/local/lib/python3.10/dist-packages:${PYTHONPATH} /usr/bin/cmake --install /root/nav2-ws/build/nav2_smoother
